[0.024s] Invoking command in '/home/shivam/slam_bot/build/bumperbot_description': CMAKE_PREFIX_PATH=/opt/ros/humble /usr/bin/cmake /home/shivam/slam_bot/src/bumperbot_description -DCMAKE_INSTALL_PREFIX=/home/shivam/slam_bot/install/bumperbot_description
[0.187s] -- The C compiler identification is GNU 11.4.0
[0.480s] -- The CXX compiler identification is GNU 11.4.0
[0.687s] -- Detecting C compiler ABI info
[0.850s] -- Detecting C compiler ABI info - done
[0.859s] -- Check for working C compiler: /usr/bin/cc - skipped
[0.863s] -- Detecting C compile features
[0.863s] -- Detecting C compile features - done
[0.865s] -- Detecting CXX compiler ABI info
[1.012s] -- Detecting CXX compiler ABI info - done
[1.025s] -- Check for working CXX compiler: /usr/bin/c++ - skipped
[1.026s] -- Detecting CXX compile features
[1.026s] -- Detecting CXX compile features - done
[1.032s] -- Found ament_cmake: 1.3.8 (/opt/ros/humble/share/ament_cmake/cmake)
[1.192s] -- Found Python3: /usr/bin/python3 (found version "3.10.12") found components: Interpreter 
[1.285s] -- Found urdf: 2.6.0 (/opt/ros/humble/share/urdf/cmake)
[2.181s] -- Found ament_lint_auto: 0.12.10 (/opt/ros/humble/share/ament_lint_auto/cmake)
[2.250s] -- Added test 'copyright' to check source files copyright and LICENSE
[2.252s] -- Added test 'flake8' to check Python code syntax and style conventions
[2.253s] -- Added test 'lint_cmake' to check CMake code style
[2.254s] -- Added test 'pep257' to check Python code against some of the docstring style conventions in PEP 257
[2.255s] -- Added test 'xmllint' to check XML markup files
[2.256s] -- Configuring done
[2.259s] -- Generating done
[2.260s] -- Build files have been written to: /home/shivam/slam_bot/build/bumperbot_description
[2.265s] Invoked command in '/home/shivam/slam_bot/build/bumperbot_description' returned '0': CMAKE_PREFIX_PATH=/opt/ros/humble /usr/bin/cmake /home/shivam/slam_bot/src/bumperbot_description -DCMAKE_INSTALL_PREFIX=/home/shivam/slam_bot/install/bumperbot_description
[2.268s] Invoking command in '/home/shivam/slam_bot/build/bumperbot_description': CMAKE_PREFIX_PATH=/opt/ros/humble /usr/bin/cmake --build /home/shivam/slam_bot/build/bumperbot_description -- -j12 -l12
[2.292s] Invoked command in '/home/shivam/slam_bot/build/bumperbot_description' returned '0': CMAKE_PREFIX_PATH=/opt/ros/humble /usr/bin/cmake --build /home/shivam/slam_bot/build/bumperbot_description -- -j12 -l12
[2.306s] Invoking command in '/home/shivam/slam_bot/build/bumperbot_description': CMAKE_PREFIX_PATH=/opt/ros/humble /usr/bin/cmake --install /home/shivam/slam_bot/build/bumperbot_description
[2.310s] -- Install configuration: ""
[2.311s] -- Installing: /home/shivam/slam_bot/install/bumperbot_description/share/bumperbot_description/launch
[2.311s] -- Installing: /home/shivam/slam_bot/install/bumperbot_description/share/bumperbot_description/launch/gazebo.launch.py
[2.311s] -- Installing: /home/shivam/slam_bot/install/bumperbot_description/share/bumperbot_description/launch/display.launch.py
[2.311s] -- Installing: /home/shivam/slam_bot/install/bumperbot_description/share/bumperbot_description/meshes
[2.311s] -- Installing: /home/shivam/slam_bot/install/bumperbot_description/share/bumperbot_description/meshes/caster_front_link.STL
[2.311s] -- Installing: /home/shivam/slam_bot/install/bumperbot_description/share/bumperbot_description/meshes/imu_link.STL
[2.311s] -- Installing: /home/shivam/slam_bot/install/bumperbot_description/share/bumperbot_description/meshes/caster_rear_link.STL
[2.312s] -- Installing: /home/shivam/slam_bot/install/bumperbot_description/share/bumperbot_description/meshes/wheel_left_link.STL
[2.312s] -- Installing: /home/shivam/slam_bot/install/bumperbot_description/share/bumperbot_description/meshes/base_link.STL
[2.320s] -- Installing: /home/shivam/slam_bot/install/bumperbot_description/share/bumperbot_description/meshes/wheel_right_link.STL
[2.321s] -- Installing: /home/shivam/slam_bot/install/bumperbot_description/share/bumperbot_description/models
[2.321s] -- Installing: /home/shivam/slam_bot/install/bumperbot_description/share/bumperbot_description/models/ground_plane
[2.321s] -- Installing: /home/shivam/slam_bot/install/bumperbot_description/share/bumperbot_description/models/ground_plane/model-1_2.sdf
[2.321s] -- Installing: /home/shivam/slam_bot/install/bumperbot_description/share/bumperbot_description/models/ground_plane/model-1_4.sdf
[2.322s] -- Installing: /home/shivam/slam_bot/install/bumperbot_description/share/bumperbot_description/models/ground_plane/model.sdf
[2.322s] -- Installing: /home/shivam/slam_bot/install/bumperbot_description/share/bumperbot_description/models/ground_plane/model.config
[2.322s] -- Installing: /home/shivam/slam_bot/install/bumperbot_description/share/bumperbot_description/models/ground_plane/model-1_3.sdf
[2.322s] -- Installing: /home/shivam/slam_bot/install/bumperbot_description/share/bumperbot_description/models/sun
[2.322s] -- Installing: /home/shivam/slam_bot/install/bumperbot_description/share/bumperbot_description/models/sun/model-1_2.sdf
[2.322s] -- Installing: /home/shivam/slam_bot/install/bumperbot_description/share/bumperbot_description/models/sun/model-1_4.sdf
[2.322s] -- Installing: /home/shivam/slam_bot/install/bumperbot_description/share/bumperbot_description/models/sun/model.sdf
[2.323s] -- Installing: /home/shivam/slam_bot/install/bumperbot_description/share/bumperbot_description/models/sun/model.config
[2.323s] -- Installing: /home/shivam/slam_bot/install/bumperbot_description/share/bumperbot_description/models/sun/model-1_3.sdf
[2.323s] -- Installing: /home/shivam/slam_bot/install/bumperbot_description/share/bumperbot_description/urdf
[2.323s] -- Installing: /home/shivam/slam_bot/install/bumperbot_description/share/bumperbot_description/urdf/bumperbot_gazebo.xacro
[2.323s] -- Installing: /home/shivam/slam_bot/install/bumperbot_description/share/bumperbot_description/urdf/bumperbot_ros2_control.xacro
[2.323s] -- Installing: /home/shivam/slam_bot/install/bumperbot_description/share/bumperbot_description/urdf/bumperbot.urdf.xacro
[2.324s] -- Installing: /home/shivam/slam_bot/install/bumperbot_description/share/bumperbot_description/rviz
[2.324s] -- Installing: /home/shivam/slam_bot/install/bumperbot_description/share/bumperbot_description/rviz/display.rviz
[2.324s] -- Installing: /home/shivam/slam_bot/install/bumperbot_description/share/ament_index/resource_index/package_run_dependencies/bumperbot_description
[2.324s] -- Installing: /home/shivam/slam_bot/install/bumperbot_description/share/ament_index/resource_index/parent_prefix_path/bumperbot_description
[2.325s] -- Installing: /home/shivam/slam_bot/install/bumperbot_description/share/bumperbot_description/environment/ament_prefix_path.sh
[2.325s] -- Installing: /home/shivam/slam_bot/install/bumperbot_description/share/bumperbot_description/environment/ament_prefix_path.dsv
[2.325s] -- Installing: /home/shivam/slam_bot/install/bumperbot_description/share/bumperbot_description/environment/path.sh
[2.325s] -- Installing: /home/shivam/slam_bot/install/bumperbot_description/share/bumperbot_description/environment/path.dsv
[2.326s] -- Installing: /home/shivam/slam_bot/install/bumperbot_description/share/bumperbot_description/local_setup.bash
[2.326s] -- Installing: /home/shivam/slam_bot/install/bumperbot_description/share/bumperbot_description/local_setup.sh
[2.326s] -- Installing: /home/shivam/slam_bot/install/bumperbot_description/share/bumperbot_description/local_setup.zsh
[2.327s] -- Installing: /home/shivam/slam_bot/install/bumperbot_description/share/bumperbot_description/local_setup.dsv
[2.327s] -- Installing: /home/shivam/slam_bot/install/bumperbot_description/share/bumperbot_description/package.dsv
[2.327s] -- Installing: /home/shivam/slam_bot/install/bumperbot_description/share/ament_index/resource_index/packages/bumperbot_description
[2.327s] -- Installing: /home/shivam/slam_bot/install/bumperbot_description/share/bumperbot_description/cmake/bumperbot_descriptionConfig.cmake
[2.327s] -- Installing: /home/shivam/slam_bot/install/bumperbot_description/share/bumperbot_description/cmake/bumperbot_descriptionConfig-version.cmake
[2.327s] -- Installing: /home/shivam/slam_bot/install/bumperbot_description/share/bumperbot_description/package.xml
[2.329s] Invoked command in '/home/shivam/slam_bot/build/bumperbot_description' returned '0': CMAKE_PREFIX_PATH=/opt/ros/humble /usr/bin/cmake --install /home/shivam/slam_bot/build/bumperbot_description
