[0.022s] Invoking command in '/home/shivam/slam_bot/build/bumperbot_firmware': CMAKE_PREFIX_PATH=/opt/ros/humble /usr/bin/cmake --build /home/shivam/slam_bot/build/bumperbot_firmware -- -j12 -l12
[0.099s] [35m[1mConsolidate compiler generated dependencies of target simple_serial_receiver[0m
[0.099s] [35m[1mConsolidate compiler generated dependencies of target simple_serial_transmitter[0m
[0.106s] [35m[1mConsolidate compiler generated dependencies of target bumperbot_firmware[0m
[0.129s] [ 33%] Built target simple_serial_transmitter
[0.145s] [ 33%] Built target ament_cmake_python_copy_bumperbot_firmware
[0.147s] [ 66%] Built target simple_serial_receiver
[0.165s] [100%] Built target bumperbot_firmware
[0.563s] running egg_info
[0.569s] writing bumperbot_firmware.egg-info/PKG-INFO
[0.569s] writing dependency_links to bumperbot_firmware.egg-info/dependency_links.txt
[0.573s] writing top-level names to bumperbot_firmware.egg-info/top_level.txt
[0.573s] reading manifest file 'bumperbot_firmware.egg-info/SOURCES.txt'
[0.577s] writing manifest file 'bumperbot_firmware.egg-info/SOURCES.txt'
[0.611s] [100%] Built target ament_cmake_python_build_bumperbot_firmware_egg
[0.616s] Invoked command in '/home/shivam/slam_bot/build/bumperbot_firmware' returned '0': CMAKE_PREFIX_PATH=/opt/ros/humble /usr/bin/cmake --build /home/shivam/slam_bot/build/bumperbot_firmware -- -j12 -l12
[0.642s] Invoking command in '/home/shivam/slam_bot/build/bumperbot_firmware': CMAKE_PREFIX_PATH=/opt/ros/humble /usr/bin/cmake --install /home/shivam/slam_bot/build/bumperbot_firmware
[0.647s] -- Install configuration: ""
[0.647s] -- Up-to-date: /home/shivam/slam_bot/install/bumperbot_firmware/share/bumperbot_firmware/environment/pythonpath.sh
[0.647s] -- Up-to-date: /home/shivam/slam_bot/install/bumperbot_firmware/share/bumperbot_firmware/environment/pythonpath.dsv
[0.647s] -- Up-to-date: /home/shivam/slam_bot/install/bumperbot_firmware/local/lib/python3.10/dist-packages/bumperbot_firmware-0.0.0-py3.10.egg-info
[0.647s] -- Installing: /home/shivam/slam_bot/install/bumperbot_firmware/local/lib/python3.10/dist-packages/bumperbot_firmware-0.0.0-py3.10.egg-info/SOURCES.txt
[0.648s] -- Installing: /home/shivam/slam_bot/install/bumperbot_firmware/local/lib/python3.10/dist-packages/bumperbot_firmware-0.0.0-py3.10.egg-info/dependency_links.txt
[0.648s] -- Installing: /home/shivam/slam_bot/install/bumperbot_firmware/local/lib/python3.10/dist-packages/bumperbot_firmware-0.0.0-py3.10.egg-info/top_level.txt
[0.648s] -- Installing: /home/shivam/slam_bot/install/bumperbot_firmware/local/lib/python3.10/dist-packages/bumperbot_firmware-0.0.0-py3.10.egg-info/PKG-INFO
[0.648s] -- Up-to-date: /home/shivam/slam_bot/install/bumperbot_firmware/local/lib/python3.10/dist-packages/bumperbot_firmware
[0.648s] -- Up-to-date: /home/shivam/slam_bot/install/bumperbot_firmware/local/lib/python3.10/dist-packages/bumperbot_firmware/simple_serial_receiver.py
[0.648s] -- Up-to-date: /home/shivam/slam_bot/install/bumperbot_firmware/local/lib/python3.10/dist-packages/bumperbot_firmware/simple_serial_transmitter.py
[0.648s] -- Up-to-date: /home/shivam/slam_bot/install/bumperbot_firmware/local/lib/python3.10/dist-packages/bumperbot_firmware/__init__.py
[0.687s] Listing '/home/shivam/slam_bot/install/bumperbot_firmware/local/lib/python3.10/dist-packages/bumperbot_firmware'...
[0.687s] -- Up-to-date: /home/shivam/slam_bot/install/bumperbot_firmware/share/bumperbot_firmware/bumperbot_interface.xml
[0.688s] -- Up-to-date: /home/shivam/slam_bot/install/bumperbot_firmware/lib/libbumperbot_firmware.so
[0.688s] -- Up-to-date: /home/shivam/slam_bot/install/bumperbot_firmware/include/include
[0.688s] -- Up-to-date: /home/shivam/slam_bot/install/bumperbot_firmware/include/include/bumperbot_firmware
[0.689s] -- Up-to-date: /home/shivam/slam_bot/install/bumperbot_firmware/include/include/bumperbot_firmware/bumperbot_interface.hpp
[0.689s] -- Up-to-date: /home/shivam/slam_bot/install/bumperbot_firmware/share/bumperbot_firmware/launch
[0.689s] -- Up-to-date: /home/shivam/slam_bot/install/bumperbot_firmware/share/bumperbot_firmware/launch/hardware_interface.launch.py
[0.689s] -- Up-to-date: /home/shivam/slam_bot/install/bumperbot_firmware/lib/bumperbot_firmware/simple_serial_transmitter.py
[0.689s] -- Up-to-date: /home/shivam/slam_bot/install/bumperbot_firmware/lib/bumperbot_firmware/simple_serial_receiver.py
[0.689s] -- Up-to-date: /home/shivam/slam_bot/install/bumperbot_firmware/lib/bumperbot_firmware/simple_serial_receiver
[0.692s] -- Up-to-date: /home/shivam/slam_bot/install/bumperbot_firmware/lib/bumperbot_firmware/simple_serial_transmitter
[0.692s] -- Up-to-date: /home/shivam/slam_bot/install/bumperbot_firmware/share/bumperbot_firmware/environment/library_path.sh
[0.692s] -- Up-to-date: /home/shivam/slam_bot/install/bumperbot_firmware/share/bumperbot_firmware/environment/library_path.dsv
[0.692s] -- Up-to-date: /home/shivam/slam_bot/install/bumperbot_firmware/share/ament_index/resource_index/package_run_dependencies/bumperbot_firmware
[0.692s] -- Up-to-date: /home/shivam/slam_bot/install/bumperbot_firmware/share/ament_index/resource_index/parent_prefix_path/bumperbot_firmware
[0.692s] -- Up-to-date: /home/shivam/slam_bot/install/bumperbot_firmware/share/bumperbot_firmware/environment/ament_prefix_path.sh
[0.693s] -- Up-to-date: /home/shivam/slam_bot/install/bumperbot_firmware/share/bumperbot_firmware/environment/ament_prefix_path.dsv
[0.693s] -- Up-to-date: /home/shivam/slam_bot/install/bumperbot_firmware/share/bumperbot_firmware/environment/path.sh
[0.693s] -- Up-to-date: /home/shivam/slam_bot/install/bumperbot_firmware/share/bumperbot_firmware/environment/path.dsv
[0.693s] -- Up-to-date: /home/shivam/slam_bot/install/bumperbot_firmware/share/bumperbot_firmware/local_setup.bash
[0.693s] -- Up-to-date: /home/shivam/slam_bot/install/bumperbot_firmware/share/bumperbot_firmware/local_setup.sh
[0.693s] -- Up-to-date: /home/shivam/slam_bot/install/bumperbot_firmware/share/bumperbot_firmware/local_setup.zsh
[0.693s] -- Up-to-date: /home/shivam/slam_bot/install/bumperbot_firmware/share/bumperbot_firmware/local_setup.dsv
[0.693s] -- Installing: /home/shivam/slam_bot/install/bumperbot_firmware/share/bumperbot_firmware/package.dsv
[0.693s] -- Up-to-date: /home/shivam/slam_bot/install/bumperbot_firmware/share/ament_index/resource_index/packages/bumperbot_firmware
[0.693s] -- Up-to-date: /home/shivam/slam_bot/install/bumperbot_firmware/share/ament_index/resource_index/hardware_interface__pluginlib__plugin/bumperbot_firmware
[0.693s] -- Up-to-date: /home/shivam/slam_bot/install/bumperbot_firmware/share/bumperbot_firmware/cmake/ament_cmake_export_include_directories-extras.cmake
[0.693s] -- Up-to-date: /home/shivam/slam_bot/install/bumperbot_firmware/share/bumperbot_firmware/cmake/ament_cmake_export_libraries-extras.cmake
[0.693s] -- Up-to-date: /home/shivam/slam_bot/install/bumperbot_firmware/share/bumperbot_firmware/cmake/ament_cmake_export_dependencies-extras.cmake
[0.693s] -- Up-to-date: /home/shivam/slam_bot/install/bumperbot_firmware/share/bumperbot_firmware/cmake/bumperbot_firmwareConfig.cmake
[0.693s] -- Up-to-date: /home/shivam/slam_bot/install/bumperbot_firmware/share/bumperbot_firmware/cmake/bumperbot_firmwareConfig-version.cmake
[0.693s] -- Up-to-date: /home/shivam/slam_bot/install/bumperbot_firmware/share/bumperbot_firmware/package.xml
[0.699s] Invoked command in '/home/shivam/slam_bot/build/bumperbot_firmware' returned '0': CMAKE_PREFIX_PATH=/opt/ros/humble /usr/bin/cmake --install /home/shivam/slam_bot/build/bumperbot_firmware
