[0.049s] Invoking command in '/home/shivam/slam_bot/build/bumperbot_controller': CMAKE_PREFIX_PATH=/opt/ros/humble /usr/bin/cmake --build /home/shivam/slam_bot/build/bumperbot_controller -- -j12 -l12
[0.158s] [ 50%] Built target noisy_controller
[0.193s] [ 50%] Built target ament_cmake_python_copy_bumperbot_controller
[0.215s] [100%] Built target simple_controller
[1.016s] running egg_info
[1.017s] writing bumperbot_controller.egg-info/PKG-INFO
[1.018s] writing dependency_links to bumperbot_controller.egg-info/dependency_links.txt
[1.018s] writing top-level names to bumperbot_controller.egg-info/top_level.txt
[1.020s] reading manifest file 'bumperbot_controller.egg-info/SOURCES.txt'
[1.020s] writing manifest file 'bumperbot_controller.egg-info/SOURCES.txt'
[1.060s] [100%] Built target ament_cmake_python_build_bumperbot_controller_egg
[1.074s] Invoked command in '/home/shivam/slam_bot/build/bumperbot_controller' returned '0': CMAKE_PREFIX_PATH=/opt/ros/humble /usr/bin/cmake --build /home/shivam/slam_bot/build/bumperbot_controller -- -j12 -l12
[1.107s] Invoking command in '/home/shivam/slam_bot/build/bumperbot_controller': CMAKE_PREFIX_PATH=/opt/ros/humble /usr/bin/cmake --install /home/shivam/slam_bot/build/bumperbot_controller
[1.113s] -- Install configuration: ""
[1.114s] -- Up-to-date: /home/shivam/slam_bot/install/bumperbot_controller/share/bumperbot_controller/environment/pythonpath.sh
[1.115s] -- Up-to-date: /home/shivam/slam_bot/install/bumperbot_controller/share/bumperbot_controller/environment/pythonpath.dsv
[1.115s] -- Up-to-date: /home/shivam/slam_bot/install/bumperbot_controller/local/lib/python3.10/dist-packages/bumperbot_controller-0.0.0-py3.10.egg-info
[1.115s] -- Installing: /home/shivam/slam_bot/install/bumperbot_controller/local/lib/python3.10/dist-packages/bumperbot_controller-0.0.0-py3.10.egg-info/SOURCES.txt
[1.115s] -- Installing: /home/shivam/slam_bot/install/bumperbot_controller/local/lib/python3.10/dist-packages/bumperbot_controller-0.0.0-py3.10.egg-info/dependency_links.txt
[1.116s] -- Installing: /home/shivam/slam_bot/install/bumperbot_controller/local/lib/python3.10/dist-packages/bumperbot_controller-0.0.0-py3.10.egg-info/top_level.txt
[1.116s] -- Installing: /home/shivam/slam_bot/install/bumperbot_controller/local/lib/python3.10/dist-packages/bumperbot_controller-0.0.0-py3.10.egg-info/PKG-INFO
[1.116s] -- Up-to-date: /home/shivam/slam_bot/install/bumperbot_controller/local/lib/python3.10/dist-packages/bumperbot_controller
[1.117s] -- Up-to-date: /home/shivam/slam_bot/install/bumperbot_controller/local/lib/python3.10/dist-packages/bumperbot_controller/__init__.py
[1.117s] -- Up-to-date: /home/shivam/slam_bot/install/bumperbot_controller/local/lib/python3.10/dist-packages/bumperbot_controller/simple_controller.py
[1.117s] -- Up-to-date: /home/shivam/slam_bot/install/bumperbot_controller/local/lib/python3.10/dist-packages/bumperbot_controller/noisy_controller.py
[1.160s] Listing '/home/shivam/slam_bot/install/bumperbot_controller/local/lib/python3.10/dist-packages/bumperbot_controller'...
[1.166s] -- Up-to-date: /home/shivam/slam_bot/install/bumperbot_controller/include/include
[1.166s] -- Up-to-date: /home/shivam/slam_bot/install/bumperbot_controller/include/include/bumperbot_controller
[1.167s] -- Up-to-date: /home/shivam/slam_bot/install/bumperbot_controller/include/include/bumperbot_controller/simple_controller.hpp
[1.167s] -- Up-to-date: /home/shivam/slam_bot/install/bumperbot_controller/include/include/bumperbot_controller/noisy_controller.hpp
[1.168s] -- Up-to-date: /home/shivam/slam_bot/install/bumperbot_controller/lib/bumperbot_controller/simple_controller
[1.168s] -- Up-to-date: /home/shivam/slam_bot/install/bumperbot_controller/lib/bumperbot_controller/noisy_controller
[1.168s] -- Up-to-date: /home/shivam/slam_bot/install/bumperbot_controller/share/bumperbot_controller/launch
[1.169s] -- Up-to-date: /home/shivam/slam_bot/install/bumperbot_controller/share/bumperbot_controller/launch/controller.launch.py
[1.169s] -- Up-to-date: /home/shivam/slam_bot/install/bumperbot_controller/share/bumperbot_controller/launch/joystick_teleop.launch.py
[1.169s] -- Up-to-date: /home/shivam/slam_bot/install/bumperbot_controller/share/bumperbot_controller/config
[1.169s] -- Up-to-date: /home/shivam/slam_bot/install/bumperbot_controller/share/bumperbot_controller/config/joy_teleop.yaml
[1.169s] -- Up-to-date: /home/shivam/slam_bot/install/bumperbot_controller/share/bumperbot_controller/config/joy_config.yaml
[1.170s] -- Up-to-date: /home/shivam/slam_bot/install/bumperbot_controller/share/bumperbot_controller/config/bumperbot_controllers.yaml
[1.171s] -- Up-to-date: /home/shivam/slam_bot/install/bumperbot_controller/lib/bumperbot_controller/simple_controller.py
[1.173s] -- Up-to-date: /home/shivam/slam_bot/install/bumperbot_controller/lib/bumperbot_controller/noisy_controller.py
[1.174s] -- Up-to-date: /home/shivam/slam_bot/install/bumperbot_controller/share/ament_index/resource_index/package_run_dependencies/bumperbot_controller
[1.174s] -- Up-to-date: /home/shivam/slam_bot/install/bumperbot_controller/share/ament_index/resource_index/parent_prefix_path/bumperbot_controller
[1.174s] -- Up-to-date: /home/shivam/slam_bot/install/bumperbot_controller/share/bumperbot_controller/environment/ament_prefix_path.sh
[1.175s] -- Up-to-date: /home/shivam/slam_bot/install/bumperbot_controller/share/bumperbot_controller/environment/ament_prefix_path.dsv
[1.175s] -- Up-to-date: /home/shivam/slam_bot/install/bumperbot_controller/share/bumperbot_controller/environment/path.sh
[1.179s] -- Up-to-date: /home/shivam/slam_bot/install/bumperbot_controller/share/bumperbot_controller/environment/path.dsv
[1.179s] -- Up-to-date: /home/shivam/slam_bot/install/bumperbot_controller/share/bumperbot_controller/local_setup.bash
[1.180s] -- Up-to-date: /home/shivam/slam_bot/install/bumperbot_controller/share/bumperbot_controller/local_setup.sh
[1.180s] -- Up-to-date: /home/shivam/slam_bot/install/bumperbot_controller/share/bumperbot_controller/local_setup.zsh
[1.181s] -- Up-to-date: /home/shivam/slam_bot/install/bumperbot_controller/share/bumperbot_controller/local_setup.dsv
[1.181s] -- Installing: /home/shivam/slam_bot/install/bumperbot_controller/share/bumperbot_controller/package.dsv
[1.181s] -- Up-to-date: /home/shivam/slam_bot/install/bumperbot_controller/share/ament_index/resource_index/packages/bumperbot_controller
[1.181s] -- Up-to-date: /home/shivam/slam_bot/install/bumperbot_controller/share/bumperbot_controller/cmake/bumperbot_controllerConfig.cmake
[1.181s] -- Up-to-date: /home/shivam/slam_bot/install/bumperbot_controller/share/bumperbot_controller/cmake/bumperbot_controllerConfig-version.cmake
[1.182s] -- Up-to-date: /home/shivam/slam_bot/install/bumperbot_controller/share/bumperbot_controller/package.xml
[1.195s] Invoked command in '/home/shivam/slam_bot/build/bumperbot_controller' returned '0': CMAKE_PREFIX_PATH=/opt/ros/humble /usr/bin/cmake --install /home/shivam/slam_bot/build/bumperbot_controller
