[1.072s] Invoking command in '/home/shivam/slam_bot/src/bumperbot_py_examples': AMENT_PREFIX_PATH=/home/shivam/slam_bot/install/bumperbot_msgs:${AMENT_PREFIX_PATH} CMAKE_PREFIX_PATH=/home/shivam/slam_bot/install/bumperbot_msgs LD_LIBRARY_PATH=/home/shivam/slam_bot/install/bumperbot_msgs/lib:${LD_LIBRARY_PATH} PYTHONPATH=/home/shivam/slam_bot/build/bumperbot_py_examples/prefix_override:/home/shivam/slam_bot/install/bumperbot_py_examples/lib/python3.10/site-packages:/home/shivam/slam_bot/install/bumperbot_msgs/local/lib/python3.10/dist-packages:${PYTHONPATH} /usr/bin/python3 -W ignore:setup.py install is deprecated setup.py egg_info --egg-base ../../build/bumperbot_py_examples build --build-base /home/shivam/slam_bot/build/bumperbot_py_examples/build install --record /home/shivam/slam_bot/build/bumperbot_py_examples/install.log --single-version-externally-managed install_data
[1.393s] running egg_info
[1.393s] writing ../../build/bumperbot_py_examples/bumperbot_py_examples.egg-info/PKG-INFO
[1.393s] writing dependency_links to ../../build/bumperbot_py_examples/bumperbot_py_examples.egg-info/dependency_links.txt
[1.394s] writing entry points to ../../build/bumperbot_py_examples/bumperbot_py_examples.egg-info/entry_points.txt
[1.394s] writing requirements to ../../build/bumperbot_py_examples/bumperbot_py_examples.egg-info/requires.txt
[1.394s] writing top-level names to ../../build/bumperbot_py_examples/bumperbot_py_examples.egg-info/top_level.txt
[1.396s] reading manifest file '../../build/bumperbot_py_examples/bumperbot_py_examples.egg-info/SOURCES.txt'
[1.397s] writing manifest file '../../build/bumperbot_py_examples/bumperbot_py_examples.egg-info/SOURCES.txt'
[1.397s] running build
[1.397s] running build_py
[1.398s] running install
[1.398s] running install_lib
[1.400s] running install_data
[1.400s] running install_egg_info
[1.404s] removing '/home/shivam/slam_bot/install/bumperbot_py_examples/lib/python3.10/site-packages/bumperbot_py_examples-0.0.0-py3.10.egg-info' (and everything under it)
[1.406s] Copying ../../build/bumperbot_py_examples/bumperbot_py_examples.egg-info to /home/shivam/slam_bot/install/bumperbot_py_examples/lib/python3.10/site-packages/bumperbot_py_examples-0.0.0-py3.10.egg-info
[1.407s] running install_scripts
[1.434s] Installing simple_parameter script to /home/shivam/slam_bot/install/bumperbot_py_examples/lib/bumperbot_py_examples
[1.434s] Installing simple_publisher script to /home/shivam/slam_bot/install/bumperbot_py_examples/lib/bumperbot_py_examples
[1.434s] Installing simple_service_client script to /home/shivam/slam_bot/install/bumperbot_py_examples/lib/bumperbot_py_examples
[1.434s] Installing simple_service_server script to /home/shivam/slam_bot/install/bumperbot_py_examples/lib/bumperbot_py_examples
[1.434s] Installing simple_subscriber script to /home/shivam/slam_bot/install/bumperbot_py_examples/lib/bumperbot_py_examples
[1.434s] Installing simple_tf_kinematics script to /home/shivam/slam_bot/install/bumperbot_py_examples/lib/bumperbot_py_examples
[1.435s] Installing simple_turtlesim_kinematics script to /home/shivam/slam_bot/install/bumperbot_py_examples/lib/bumperbot_py_examples
[1.435s] writing list of installed files to '/home/shivam/slam_bot/build/bumperbot_py_examples/install.log'
[1.473s] Invoked command in '/home/shivam/slam_bot/src/bumperbot_py_examples' returned '0': AMENT_PREFIX_PATH=/home/shivam/slam_bot/install/bumperbot_msgs:${AMENT_PREFIX_PATH} CMAKE_PREFIX_PATH=/home/shivam/slam_bot/install/bumperbot_msgs LD_LIBRARY_PATH=/home/shivam/slam_bot/install/bumperbot_msgs/lib:${LD_LIBRARY_PATH} PYTHONPATH=/home/shivam/slam_bot/build/bumperbot_py_examples/prefix_override:/home/shivam/slam_bot/install/bumperbot_py_examples/lib/python3.10/site-packages:/home/shivam/slam_bot/install/bumperbot_msgs/local/lib/python3.10/dist-packages:${PYTHONPATH} /usr/bin/python3 -W ignore:setup.py install is deprecated setup.py egg_info --egg-base ../../build/bumperbot_py_examples build --build-base /home/shivam/slam_bot/build/bumperbot_py_examples/build install --record /home/shivam/slam_bot/build/bumperbot_py_examples/install.log --single-version-externally-managed install_data
