[0.072s] Invoking command in '/home/shivam/slam_bot/build/bumperbot_localization': CMAKE_PREFIX_PATH=/opt/ros/humble WSLENV=ELECTRON_RUN_AS_NODE/w: /usr/bin/cmake --build /home/shivam/slam_bot/build/bumperbot_localization -- -j12 -l12
[0.378s] [  0%] Built target ament_cmake_python_copy_bumperbot_localization
[0.698s] [ 50%] Built target kalman_filter
[0.698s] [100%] Built target imu_republisher
[0.928s] running egg_info
[0.929s] writing bumperbot_localization.egg-info/PKG-INFO
[0.930s] writing dependency_links to bumperbot_localization.egg-info/dependency_links.txt
[0.930s] writing top-level names to bumperbot_localization.egg-info/top_level.txt
[0.935s] reading manifest file 'bumperbot_localization.egg-info/SOURCES.txt'
[0.937s] writing manifest file 'bumperbot_localization.egg-info/SOURCES.txt'
[0.986s] [100%] Built target ament_cmake_python_build_bumperbot_localization_egg
[1.002s] Invoked command in '/home/shivam/slam_bot/build/bumperbot_localization' returned '0': CMAKE_PREFIX_PATH=/opt/ros/humble WSLENV=ELECTRON_RUN_AS_NODE/w: /usr/bin/cmake --build /home/shivam/slam_bot/build/bumperbot_localization -- -j12 -l12
[1.037s] Invoking command in '/home/shivam/slam_bot/build/bumperbot_localization': CMAKE_PREFIX_PATH=/opt/ros/humble WSLENV=ELECTRON_RUN_AS_NODE/w: /usr/bin/cmake --install /home/shivam/slam_bot/build/bumperbot_localization
[1.048s] -- Install configuration: ""
[1.048s] -- Up-to-date: /home/shivam/slam_bot/install/bumperbot_localization/share/bumperbot_localization/environment/pythonpath.sh
[1.048s] -- Up-to-date: /home/shivam/slam_bot/install/bumperbot_localization/share/bumperbot_localization/environment/pythonpath.dsv
[1.048s] -- Up-to-date: /home/shivam/slam_bot/install/bumperbot_localization/local/lib/python3.10/dist-packages/bumperbot_localization-0.0.0-py3.10.egg-info
[1.050s] -- Installing: /home/shivam/slam_bot/install/bumperbot_localization/local/lib/python3.10/dist-packages/bumperbot_localization-0.0.0-py3.10.egg-info/SOURCES.txt
[1.050s] -- Installing: /home/shivam/slam_bot/install/bumperbot_localization/local/lib/python3.10/dist-packages/bumperbot_localization-0.0.0-py3.10.egg-info/dependency_links.txt
[1.050s] -- Installing: /home/shivam/slam_bot/install/bumperbot_localization/local/lib/python3.10/dist-packages/bumperbot_localization-0.0.0-py3.10.egg-info/top_level.txt
[1.050s] -- Installing: /home/shivam/slam_bot/install/bumperbot_localization/local/lib/python3.10/dist-packages/bumperbot_localization-0.0.0-py3.10.egg-info/PKG-INFO
[1.050s] -- Up-to-date: /home/shivam/slam_bot/install/bumperbot_localization/local/lib/python3.10/dist-packages/bumperbot_localization
[1.050s] -- Installing: /home/shivam/slam_bot/install/bumperbot_localization/local/lib/python3.10/dist-packages/bumperbot_localization/kalman_filter.py
[1.051s] -- Up-to-date: /home/shivam/slam_bot/install/bumperbot_localization/local/lib/python3.10/dist-packages/bumperbot_localization/__init__.py
[1.051s] -- Installing: /home/shivam/slam_bot/install/bumperbot_localization/local/lib/python3.10/dist-packages/bumperbot_localization/imu_republisher.py
[1.105s] Listing '/home/shivam/slam_bot/install/bumperbot_localization/local/lib/python3.10/dist-packages/bumperbot_localization'...
[1.106s] Compiling '/home/shivam/slam_bot/install/bumperbot_localization/local/lib/python3.10/dist-packages/bumperbot_localization/imu_republisher.py'...
[1.106s] Compiling '/home/shivam/slam_bot/install/bumperbot_localization/local/lib/python3.10/dist-packages/bumperbot_localization/kalman_filter.py'...
[1.116s] -- Up-to-date: /home/shivam/slam_bot/install/bumperbot_localization/include/include
[1.116s] -- Up-to-date: /home/shivam/slam_bot/install/bumperbot_localization/include/include/bumperbot_localization
[1.130s] -- Up-to-date: /home/shivam/slam_bot/install/bumperbot_localization/include/include/bumperbot_localization/kalman_filter.hpp
[1.131s] -- Up-to-date: /home/shivam/slam_bot/install/bumperbot_localization/lib/bumperbot_localization/kalman_filter
[1.131s] -- Up-to-date: /home/shivam/slam_bot/install/bumperbot_localization/lib/bumperbot_localization/imu_republisher
[1.132s] -- Up-to-date: /home/shivam/slam_bot/install/bumperbot_localization/share/bumperbot_localization/launch
[1.132s] -- Up-to-date: /home/shivam/slam_bot/install/bumperbot_localization/share/bumperbot_localization/launch/local_localization.launch.py
[1.133s] -- Up-to-date: /home/shivam/slam_bot/install/bumperbot_localization/share/bumperbot_localization/config
[1.134s] -- Up-to-date: /home/shivam/slam_bot/install/bumperbot_localization/share/bumperbot_localization/config/ekf.yaml
[1.135s] -- Installing: /home/shivam/slam_bot/install/bumperbot_localization/lib/bumperbot_localization/kalman_filter.py
[1.136s] -- Installing: /home/shivam/slam_bot/install/bumperbot_localization/lib/bumperbot_localization/imu_republisher.py
[1.136s] -- Up-to-date: /home/shivam/slam_bot/install/bumperbot_localization/share/ament_index/resource_index/package_run_dependencies/bumperbot_localization
[1.136s] -- Up-to-date: /home/shivam/slam_bot/install/bumperbot_localization/share/ament_index/resource_index/parent_prefix_path/bumperbot_localization
[1.136s] -- Up-to-date: /home/shivam/slam_bot/install/bumperbot_localization/share/bumperbot_localization/environment/ament_prefix_path.sh
[1.136s] -- Up-to-date: /home/shivam/slam_bot/install/bumperbot_localization/share/bumperbot_localization/environment/ament_prefix_path.dsv
[1.136s] -- Up-to-date: /home/shivam/slam_bot/install/bumperbot_localization/share/bumperbot_localization/environment/path.sh
[1.137s] -- Up-to-date: /home/shivam/slam_bot/install/bumperbot_localization/share/bumperbot_localization/environment/path.dsv
[1.137s] -- Up-to-date: /home/shivam/slam_bot/install/bumperbot_localization/share/bumperbot_localization/local_setup.bash
[1.137s] -- Up-to-date: /home/shivam/slam_bot/install/bumperbot_localization/share/bumperbot_localization/local_setup.sh
[1.138s] -- Up-to-date: /home/shivam/slam_bot/install/bumperbot_localization/share/bumperbot_localization/local_setup.zsh
[1.138s] -- Up-to-date: /home/shivam/slam_bot/install/bumperbot_localization/share/bumperbot_localization/local_setup.dsv
[1.138s] -- Installing: /home/shivam/slam_bot/install/bumperbot_localization/share/bumperbot_localization/package.dsv
[1.138s] -- Up-to-date: /home/shivam/slam_bot/install/bumperbot_localization/share/ament_index/resource_index/packages/bumperbot_localization
[1.138s] -- Up-to-date: /home/shivam/slam_bot/install/bumperbot_localization/share/bumperbot_localization/cmake/bumperbot_localizationConfig.cmake
[1.138s] -- Up-to-date: /home/shivam/slam_bot/install/bumperbot_localization/share/bumperbot_localization/cmake/bumperbot_localizationConfig-version.cmake
[1.138s] -- Up-to-date: /home/shivam/slam_bot/install/bumperbot_localization/share/bumperbot_localization/package.xml
[1.175s] Invoked command in '/home/shivam/slam_bot/build/bumperbot_localization' returned '0': CMAKE_PREFIX_PATH=/opt/ros/humble WSLENV=ELECTRON_RUN_AS_NODE/w: /usr/bin/cmake --install /home/shivam/slam_bot/build/bumperbot_localization
