[0.030s] Invoking command in '/home/shivam/slam_bot/build/bumperbot_localization': CMAKE_PREFIX_PATH=/opt/ros/humble /usr/bin/cmake /home/shivam/slam_bot/src/bumperbot_localization -DCMAKE_INSTALL_PREFIX=/home/shivam/slam_bot/install/bumperbot_localization
[0.178s] -- The C compiler identification is GNU 11.4.0
[0.473s] -- The CXX compiler identification is GNU 11.4.0
[0.713s] -- Detecting C compiler ABI info
[0.900s] -- Detecting C compiler ABI info - done
[0.904s] -- Check for working C compiler: /usr/bin/cc - skipped
[0.905s] -- Detecting C compile features
[0.905s] -- Detecting C compile features - done
[0.909s] -- Detecting CXX compiler ABI info
[1.112s] -- Detecting CXX compiler ABI info - done
[1.123s] -- Check for working CXX compiler: /usr/bin/c++ - skipped
[1.123s] -- Detecting CXX compile features
[1.123s] -- Detecting CXX compile features - done
[1.124s] -- Found ament_cmake: 1.3.8 (/opt/ros/humble/share/ament_cmake/cmake)
[1.235s] -- Found Python3: /usr/bin/python3 (found version "3.10.12") found components: Interpreter 
[1.296s] -- Found rclcpp: 16.0.8 (/opt/ros/humble/share/rclcpp/cmake)
[1.424s] -- Found rosidl_generator_c: 3.1.5 (/opt/ros/humble/share/rosidl_generator_c/cmake)
[1.430s] -- Found rosidl_adapter: 3.1.5 (/opt/ros/humble/share/rosidl_adapter/cmake)
[1.440s] -- Found rosidl_generator_cpp: 3.1.5 (/opt/ros/humble/share/rosidl_generator_cpp/cmake)
[1.456s] -- Using all available rosidl_typesupport_c: rosidl_typesupport_fastrtps_c;rosidl_typesupport_introspection_c
[1.473s] -- Using all available rosidl_typesupport_cpp: rosidl_typesupport_fastrtps_cpp;rosidl_typesupport_introspection_cpp
[1.537s] -- Found rmw_implementation_cmake: 6.1.1 (/opt/ros/humble/share/rmw_implementation_cmake/cmake)
[1.540s] -- Found rmw_fastrtps_cpp: 6.2.6 (/opt/ros/humble/share/rmw_fastrtps_cpp/cmake)
[2.133s] -- Found OpenSSL: /usr/lib/x86_64-linux-gnu/libcrypto.so (found version "3.0.2")  
[2.761s] -- Found FastRTPS: /opt/ros/humble/include  
[5.272s] -- Using RMW implementation 'rmw_fastrtps_cpp' as default
[5.277s] -- Looking for pthread.h
[5.389s] -- Looking for pthread.h - found
[5.389s] -- Performing Test CMAKE_HAVE_LIBC_PTHREAD
[5.491s] -- Performing Test CMAKE_HAVE_LIBC_PTHREAD - Success
[5.492s] -- Found Threads: TRUE  
[5.609s] -- Found rclpy: 3.3.12 (/opt/ros/humble/share/rclpy/cmake)
[5.611s] -- Found nav_msgs: 4.2.3 (/opt/ros/humble/share/nav_msgs/cmake)
[5.706s] -- Found sensor_msgs: 4.2.3 (/opt/ros/humble/share/sensor_msgs/cmake)
[5.877s] -- Configuring done
[5.887s] -- Generating done
[5.888s] -- Build files have been written to: /home/shivam/slam_bot/build/bumperbot_localization
[5.898s] Invoked command in '/home/shivam/slam_bot/build/bumperbot_localization' returned '0': CMAKE_PREFIX_PATH=/opt/ros/humble /usr/bin/cmake /home/shivam/slam_bot/src/bumperbot_localization -DCMAKE_INSTALL_PREFIX=/home/shivam/slam_bot/install/bumperbot_localization
[5.899s] Invoking command in '/home/shivam/slam_bot/build/bumperbot_localization': CMAKE_PREFIX_PATH=/opt/ros/humble /usr/bin/cmake --build /home/shivam/slam_bot/build/bumperbot_localization -- -j12 -l12
[5.927s] [ 25%] [32mBuilding CXX object CMakeFiles/imu_republisher.dir/src/imu_republisher.cpp.o[0m
[5.928s] [ 50%] [32mBuilding CXX object CMakeFiles/kalman_filter.dir/src/kalman_filter.cpp.o[0m
[5.933s] [ 50%] Built target ament_cmake_python_copy_bumperbot_localization
[6.126s] running egg_info
[6.127s] creating bumperbot_localization.egg-info
[6.127s] writing bumperbot_localization.egg-info/PKG-INFO
[6.127s] writing dependency_links to bumperbot_localization.egg-info/dependency_links.txt
[6.127s] writing top-level names to bumperbot_localization.egg-info/top_level.txt
[6.128s] writing manifest file 'bumperbot_localization.egg-info/SOURCES.txt'
[6.130s] reading manifest file 'bumperbot_localization.egg-info/SOURCES.txt'
[6.130s] writing manifest file 'bumperbot_localization.egg-info/SOURCES.txt'
[6.157s] [ 50%] Built target ament_cmake_python_build_bumperbot_localization_egg
[14.846s] [ 75%] [32m[1mLinking CXX executable imu_republisher[0m
[15.821s] [ 75%] Built target imu_republisher
[17.932s] [100%] [32m[1mLinking CXX executable kalman_filter[0m
[18.629s] [100%] Built target kalman_filter
[18.636s] Invoked command in '/home/shivam/slam_bot/build/bumperbot_localization' returned '0': CMAKE_PREFIX_PATH=/opt/ros/humble /usr/bin/cmake --build /home/shivam/slam_bot/build/bumperbot_localization -- -j12 -l12
[18.662s] Invoking command in '/home/shivam/slam_bot/build/bumperbot_localization': CMAKE_PREFIX_PATH=/opt/ros/humble /usr/bin/cmake --install /home/shivam/slam_bot/build/bumperbot_localization
[18.666s] -- Install configuration: ""
[18.667s] -- Installing: /home/shivam/slam_bot/install/bumperbot_localization/share/bumperbot_localization/environment/pythonpath.sh
[18.667s] -- Installing: /home/shivam/slam_bot/install/bumperbot_localization/share/bumperbot_localization/environment/pythonpath.dsv
[18.667s] -- Installing: /home/shivam/slam_bot/install/bumperbot_localization/local/lib/python3.10/dist-packages/bumperbot_localization-0.0.0-py3.10.egg-info
[18.668s] -- Installing: /home/shivam/slam_bot/install/bumperbot_localization/local/lib/python3.10/dist-packages/bumperbot_localization-0.0.0-py3.10.egg-info/SOURCES.txt
[18.668s] -- Installing: /home/shivam/slam_bot/install/bumperbot_localization/local/lib/python3.10/dist-packages/bumperbot_localization-0.0.0-py3.10.egg-info/dependency_links.txt
[18.668s] -- Installing: /home/shivam/slam_bot/install/bumperbot_localization/local/lib/python3.10/dist-packages/bumperbot_localization-0.0.0-py3.10.egg-info/top_level.txt
[18.668s] -- Installing: /home/shivam/slam_bot/install/bumperbot_localization/local/lib/python3.10/dist-packages/bumperbot_localization-0.0.0-py3.10.egg-info/PKG-INFO
[18.668s] -- Installing: /home/shivam/slam_bot/install/bumperbot_localization/local/lib/python3.10/dist-packages/bumperbot_localization
[18.669s] -- Installing: /home/shivam/slam_bot/install/bumperbot_localization/local/lib/python3.10/dist-packages/bumperbot_localization/kalman_filter.py
[18.669s] -- Installing: /home/shivam/slam_bot/install/bumperbot_localization/local/lib/python3.10/dist-packages/bumperbot_localization/__init__.py
[18.669s] -- Installing: /home/shivam/slam_bot/install/bumperbot_localization/local/lib/python3.10/dist-packages/bumperbot_localization/imu_republisher.py
[18.703s] Listing '/home/shivam/slam_bot/install/bumperbot_localization/local/lib/python3.10/dist-packages/bumperbot_localization'...
[18.703s] Compiling '/home/shivam/slam_bot/install/bumperbot_localization/local/lib/python3.10/dist-packages/bumperbot_localization/__init__.py'...
[18.704s] Compiling '/home/shivam/slam_bot/install/bumperbot_localization/local/lib/python3.10/dist-packages/bumperbot_localization/imu_republisher.py'...
[18.704s] Compiling '/home/shivam/slam_bot/install/bumperbot_localization/local/lib/python3.10/dist-packages/bumperbot_localization/kalman_filter.py'...
[18.709s] -- Installing: /home/shivam/slam_bot/install/bumperbot_localization/include/include
[18.709s] -- Installing: /home/shivam/slam_bot/install/bumperbot_localization/include/include/bumperbot_localization
[18.709s] -- Installing: /home/shivam/slam_bot/install/bumperbot_localization/include/include/bumperbot_localization/kalman_filter.hpp
[18.709s] -- Installing: /home/shivam/slam_bot/install/bumperbot_localization/lib/bumperbot_localization/kalman_filter
[18.713s] -- Set runtime path of "/home/shivam/slam_bot/install/bumperbot_localization/lib/bumperbot_localization/kalman_filter" to ""
[18.713s] -- Installing: /home/shivam/slam_bot/install/bumperbot_localization/lib/bumperbot_localization/imu_republisher
[18.716s] -- Set runtime path of "/home/shivam/slam_bot/install/bumperbot_localization/lib/bumperbot_localization/imu_republisher" to ""
[18.716s] -- Installing: /home/shivam/slam_bot/install/bumperbot_localization/share/bumperbot_localization/launch
[18.716s] -- Installing: /home/shivam/slam_bot/install/bumperbot_localization/share/bumperbot_localization/launch/local_localization.launch.py
[18.716s] -- Installing: /home/shivam/slam_bot/install/bumperbot_localization/share/bumperbot_localization/config
[18.717s] -- Installing: /home/shivam/slam_bot/install/bumperbot_localization/share/bumperbot_localization/config/ekf.yaml
[18.717s] -- Installing: /home/shivam/slam_bot/install/bumperbot_localization/lib/bumperbot_localization/kalman_filter.py
[18.717s] -- Installing: /home/shivam/slam_bot/install/bumperbot_localization/lib/bumperbot_localization/imu_republisher.py
[18.717s] -- Installing: /home/shivam/slam_bot/install/bumperbot_localization/share/ament_index/resource_index/package_run_dependencies/bumperbot_localization
[18.717s] -- Installing: /home/shivam/slam_bot/install/bumperbot_localization/share/ament_index/resource_index/parent_prefix_path/bumperbot_localization
[18.718s] -- Installing: /home/shivam/slam_bot/install/bumperbot_localization/share/bumperbot_localization/environment/ament_prefix_path.sh
[18.718s] -- Installing: /home/shivam/slam_bot/install/bumperbot_localization/share/bumperbot_localization/environment/ament_prefix_path.dsv
[18.718s] -- Installing: /home/shivam/slam_bot/install/bumperbot_localization/share/bumperbot_localization/environment/path.sh
[18.719s] -- Installing: /home/shivam/slam_bot/install/bumperbot_localization/share/bumperbot_localization/environment/path.dsv
[18.719s] -- Installing: /home/shivam/slam_bot/install/bumperbot_localization/share/bumperbot_localization/local_setup.bash
[18.719s] -- Installing: /home/shivam/slam_bot/install/bumperbot_localization/share/bumperbot_localization/local_setup.sh
[18.719s] -- Installing: /home/shivam/slam_bot/install/bumperbot_localization/share/bumperbot_localization/local_setup.zsh
[18.719s] -- Installing: /home/shivam/slam_bot/install/bumperbot_localization/share/bumperbot_localization/local_setup.dsv
[18.719s] -- Installing: /home/shivam/slam_bot/install/bumperbot_localization/share/bumperbot_localization/package.dsv
[18.719s] -- Installing: /home/shivam/slam_bot/install/bumperbot_localization/share/ament_index/resource_index/packages/bumperbot_localization
[18.720s] -- Installing: /home/shivam/slam_bot/install/bumperbot_localization/share/bumperbot_localization/cmake/bumperbot_localizationConfig.cmake
[18.720s] -- Installing: /home/shivam/slam_bot/install/bumperbot_localization/share/bumperbot_localization/cmake/bumperbot_localizationConfig-version.cmake
[18.720s] -- Installing: /home/shivam/slam_bot/install/bumperbot_localization/share/bumperbot_localization/package.xml
[18.721s] Invoked command in '/home/shivam/slam_bot/build/bumperbot_localization' returned '0': CMAKE_PREFIX_PATH=/opt/ros/humble /usr/bin/cmake --install /home/shivam/slam_bot/build/bumperbot_localization
