[0.033s] Invoking command in '/home/shivam/slam_bot/build/bumperbot_msgs': CMAKE_PREFIX_PATH=/opt/ros/humble /usr/bin/cmake /home/shivam/slam_bot/src/bumperbot_msgs -DCMAKE_INSTALL_PREFIX=/home/shivam/slam_bot/install/bumperbot_msgs
[0.199s] -- The C compiler identification is GNU 11.4.0
[0.549s] -- The CXX compiler identification is GNU 11.4.0
[0.735s] -- Detecting C compiler ABI info
[0.877s] -- Detecting C compiler ABI info - done
[0.884s] -- Check for working C compiler: /usr/bin/cc - skipped
[0.884s] -- Detecting C compile features
[0.884s] -- Detecting C compile features - done
[0.886s] -- Detecting CXX compiler ABI info
[1.042s] -- Detecting CXX compiler ABI info - done
[1.048s] -- Check for working CXX compiler: /usr/bin/c++ - skipped
[1.049s] -- Detecting CXX compile features
[1.049s] -- Detecting CXX compile features - done
[1.051s] -- Found ament_cmake: 1.3.8 (/opt/ros/humble/share/ament_cmake/cmake)
[1.207s] -- Found Python3: /usr/bin/python3 (found version "3.10.12") found components: Interpreter 
[1.302s] -- Found geometry_msgs: 4.2.3 (/opt/ros/humble/share/geometry_msgs/cmake)
[1.451s] -- Found rosidl_generator_c: 3.1.5 (/opt/ros/humble/share/rosidl_generator_c/cmake)
[1.456s] -- Found rosidl_adapter: 3.1.5 (/opt/ros/humble/share/rosidl_adapter/cmake)
[1.466s] -- Found rosidl_generator_cpp: 3.1.5 (/opt/ros/humble/share/rosidl_generator_cpp/cmake)
[1.482s] -- Using all available rosidl_typesupport_c: rosidl_typesupport_fastrtps_c;rosidl_typesupport_introspection_c
[1.499s] -- Using all available rosidl_typesupport_cpp: rosidl_typesupport_fastrtps_cpp;rosidl_typesupport_introspection_cpp
[1.598s] -- Found rosidl_default_generators: 1.2.0 (/opt/ros/humble/share/rosidl_default_generators/cmake)
[1.815s] -- Found ament_cmake_ros: 0.10.0 (/opt/ros/humble/share/ament_cmake_ros/cmake)
[2.128s] -- Using all available rosidl_typesupport_c: rosidl_typesupport_fastrtps_c;rosidl_typesupport_introspection_c
[2.243s] -- Using all available rosidl_typesupport_cpp: rosidl_typesupport_fastrtps_cpp;rosidl_typesupport_introspection_cpp
[2.341s] -- Found PythonInterp: /usr/bin/python3 (found suitable version "3.10.12", minimum required is "3.6") 
[2.343s] -- Found python_cmake_module: 0.10.0 (/opt/ros/humble/share/python_cmake_module/cmake)
[2.683s] -- Found PythonLibs: /usr/lib/x86_64-linux-gnu/libpython3.10.so (found suitable version "3.10.12", minimum required is "3.5") 
[2.683s] -- Using PYTHON_EXECUTABLE: /usr/bin/python3
[2.683s] -- Using PYTHON_INCLUDE_DIRS: /usr/include/python3.10
[2.683s] -- Using PYTHON_LIBRARIES: /usr/lib/x86_64-linux-gnu/libpython3.10.so
[2.697s] -- Found PythonExtra: .so  
[2.780s] -- Configuring done
[2.811s] -- Generating done
[2.813s] -- Build files have been written to: /home/shivam/slam_bot/build/bumperbot_msgs
[2.822s] Invoked command in '/home/shivam/slam_bot/build/bumperbot_msgs' returned '0': CMAKE_PREFIX_PATH=/opt/ros/humble /usr/bin/cmake /home/shivam/slam_bot/src/bumperbot_msgs -DCMAKE_INSTALL_PREFIX=/home/shivam/slam_bot/install/bumperbot_msgs
[2.824s] Invoking command in '/home/shivam/slam_bot/build/bumperbot_msgs': CMAKE_PREFIX_PATH=/opt/ros/humble /usr/bin/cmake --build /home/shivam/slam_bot/build/bumperbot_msgs -- -j12 -l12
[2.847s] [  2%] [34m[1mGenerating C code for ROS interfaces[0m
[2.856s] [  5%] [34m[1mGenerating C++ code for ROS interfaces[0m
[2.858s] [  5%] Built target ament_cmake_python_copy_bumperbot_msgs
[3.041s] running egg_info
[3.042s] creating bumperbot_msgs.egg-info
[3.042s] writing bumperbot_msgs.egg-info/PKG-INFO
[3.042s] writing dependency_links to bumperbot_msgs.egg-info/dependency_links.txt
[3.042s] writing top-level names to bumperbot_msgs.egg-info/top_level.txt
[3.042s] writing manifest file 'bumperbot_msgs.egg-info/SOURCES.txt'
[3.045s] reading manifest file 'bumperbot_msgs.egg-info/SOURCES.txt'
[3.046s] writing manifest file 'bumperbot_msgs.egg-info/SOURCES.txt'
[3.072s] [  5%] Built target ament_cmake_python_build_bumperbot_msgs_egg
[3.134s] [  5%] Built target bumperbot_msgs__cpp
[3.141s] [  7%] [34m[1mGenerating C++ type support dispatch for ROS interfaces[0m
[3.141s] [ 10%] [34m[1mGenerating C++ introspection for ROS interfaces[0m
[3.141s] [ 12%] [34m[1mGenerating C++ type support for eProsima Fast-RTPS[0m
[3.155s] [ 15%] [32mBuilding C object CMakeFiles/bumperbot_msgs__rosidl_generator_c.dir/rosidl_generator_c/bumperbot_msgs/srv/detail/add_two_ints__functions.c.o[0m
[3.156s] [ 17%] [32mBuilding C object CMakeFiles/bumperbot_msgs__rosidl_generator_c.dir/rosidl_generator_c/bumperbot_msgs/srv/detail/get_transform__functions.c.o[0m
[3.226s] [ 20%] [32m[1mLinking C shared library libbumperbot_msgs__rosidl_generator_c.so[0m
[3.306s] [ 20%] Built target bumperbot_msgs__rosidl_generator_c
[3.313s] [ 23%] [34m[1mGenerating C type support for eProsima Fast-RTPS[0m
[3.314s] [ 28%] [34m[1mGenerating C type support dispatch for ROS interfaces[0m
[3.314s] [ 28%] [34m[1mGenerating C introspection for ROS interfaces[0m
[3.404s] [ 30%] [32mBuilding CXX object CMakeFiles/bumperbot_msgs__rosidl_typesupport_introspection_cpp.dir/rosidl_typesupport_introspection_cpp/bumperbot_msgs/srv/detail/add_two_ints__type_support.cpp.o[0m
[3.405s] [ 33%] [32mBuilding CXX object CMakeFiles/bumperbot_msgs__rosidl_typesupport_introspection_cpp.dir/rosidl_typesupport_introspection_cpp/bumperbot_msgs/srv/detail/get_transform__type_support.cpp.o[0m
[3.437s] [ 35%] [32mBuilding CXX object CMakeFiles/bumperbot_msgs__rosidl_typesupport_fastrtps_cpp.dir/rosidl_typesupport_fastrtps_cpp/bumperbot_msgs/srv/detail/dds_fastrtps/get_transform__type_support.cpp.o[0m
[3.438s] [ 41%] [32mBuilding CXX object CMakeFiles/bumperbot_msgs__rosidl_typesupport_cpp.dir/rosidl_typesupport_cpp/bumperbot_msgs/srv/add_two_ints__type_support.cpp.o[0m
[3.438s] [ 41%] [32mBuilding CXX object CMakeFiles/bumperbot_msgs__rosidl_typesupport_fastrtps_cpp.dir/rosidl_typesupport_fastrtps_cpp/bumperbot_msgs/srv/detail/dds_fastrtps/add_two_ints__type_support.cpp.o[0m
[3.438s] [ 43%] [32mBuilding CXX object CMakeFiles/bumperbot_msgs__rosidl_typesupport_cpp.dir/rosidl_typesupport_cpp/bumperbot_msgs/srv/get_transform__type_support.cpp.o[0m
[3.672s] [ 46%] [32mBuilding CXX object CMakeFiles/bumperbot_msgs__rosidl_typesupport_c.dir/rosidl_typesupport_c/bumperbot_msgs/srv/get_transform__type_support.cpp.o[0m
[3.675s] [ 48%] [32mBuilding CXX object CMakeFiles/bumperbot_msgs__rosidl_typesupport_c.dir/rosidl_typesupport_c/bumperbot_msgs/srv/add_two_ints__type_support.cpp.o[0m
[3.723s] [ 51%] [32m[1mLinking CXX shared library libbumperbot_msgs__rosidl_typesupport_c.so[0m
[3.728s] [ 53%] [32mBuilding CXX object CMakeFiles/bumperbot_msgs__rosidl_typesupport_fastrtps_c.dir/rosidl_typesupport_fastrtps_c/bumperbot_msgs/srv/detail/add_two_ints__type_support_c.cpp.o[0m
[3.730s] [ 56%] [32mBuilding CXX object CMakeFiles/bumperbot_msgs__rosidl_typesupport_fastrtps_c.dir/rosidl_typesupport_fastrtps_c/bumperbot_msgs/srv/detail/get_transform__type_support_c.cpp.o[0m
[3.731s] [ 58%] [32mBuilding C object CMakeFiles/bumperbot_msgs__rosidl_typesupport_introspection_c.dir/rosidl_typesupport_introspection_c/bumperbot_msgs/srv/detail/add_two_ints__type_support.c.o[0m
[3.732s] [ 61%] [32mBuilding C object CMakeFiles/bumperbot_msgs__rosidl_typesupport_introspection_c.dir/rosidl_typesupport_introspection_c/bumperbot_msgs/srv/detail/get_transform__type_support.c.o[0m
[3.777s] [ 64%] [32m[1mLinking C shared library libbumperbot_msgs__rosidl_typesupport_introspection_c.so[0m
[3.795s] [ 66%] [32m[1mLinking CXX shared library libbumperbot_msgs__rosidl_typesupport_cpp.so[0m
[3.832s] [ 66%] Built target bumperbot_msgs__rosidl_typesupport_c
[3.875s] [ 66%] Built target bumperbot_msgs__rosidl_typesupport_introspection_c
[3.901s] [ 66%] Built target bumperbot_msgs__rosidl_typesupport_cpp
[3.936s] [ 69%] [32m[1mLinking CXX shared library libbumperbot_msgs__rosidl_typesupport_introspection_cpp.so[0m
[3.971s] [ 71%] [32m[1mLinking CXX shared library libbumperbot_msgs__rosidl_typesupport_fastrtps_cpp.so[0m
[4.052s] [ 71%] Built target bumperbot_msgs__rosidl_typesupport_introspection_cpp
[4.073s] [ 74%] [32m[1mLinking CXX shared library libbumperbot_msgs__rosidl_typesupport_fastrtps_c.so[0m
[4.081s] [ 74%] Built target bumperbot_msgs__rosidl_typesupport_fastrtps_cpp
[4.182s] [ 74%] Built target bumperbot_msgs__rosidl_typesupport_fastrtps_c
[4.194s] [ 74%] Built target bumperbot_msgs
[4.206s] [ 76%] [34m[1mGenerating Python code for ROS interfaces[0m
[4.567s] [ 76%] Built target bumperbot_msgs__py
[4.578s] [ 82%] [32mBuilding C object CMakeFiles/bumperbot_msgs__rosidl_generator_py.dir/rosidl_generator_py/bumperbot_msgs/srv/_get_transform_s.c.o[0m
[4.578s] [ 82%] [32mBuilding C object CMakeFiles/bumperbot_msgs__rosidl_generator_py.dir/rosidl_generator_py/bumperbot_msgs/srv/_add_two_ints_s.c.o[0m
[4.680s] [ 84%] [32m[1mLinking C shared library rosidl_generator_py/bumperbot_msgs/libbumperbot_msgs__rosidl_generator_py.so[0m
[4.757s] [ 84%] Built target bumperbot_msgs__rosidl_generator_py
[4.770s] [ 89%] [32mBuilding C object CMakeFiles/bumperbot_msgs__rosidl_typesupport_fastrtps_c__pyext.dir/rosidl_generator_py/bumperbot_msgs/_bumperbot_msgs_s.ep.rosidl_typesupport_fastrtps_c.c.o[0m
[4.770s] [ 89%] [32mBuilding C object CMakeFiles/bumperbot_msgs__rosidl_typesupport_introspection_c__pyext.dir/rosidl_generator_py/bumperbot_msgs/_bumperbot_msgs_s.ep.rosidl_typesupport_introspection_c.c.o[0m
[4.774s] [ 92%] [32mBuilding C object CMakeFiles/bumperbot_msgs__rosidl_typesupport_c__pyext.dir/rosidl_generator_py/bumperbot_msgs/_bumperbot_msgs_s.ep.rosidl_typesupport_c.c.o[0m
[4.853s] [ 94%] [32m[1mLinking C shared library rosidl_generator_py/bumperbot_msgs/bumperbot_msgs_s__rosidl_typesupport_c.cpython-310-x86_64-linux-gnu.so[0m
[4.864s] [ 97%] [32m[1mLinking C shared library rosidl_generator_py/bumperbot_msgs/bumperbot_msgs_s__rosidl_typesupport_introspection_c.cpython-310-x86_64-linux-gnu.so[0m
[4.878s] [100%] [32m[1mLinking C shared library rosidl_generator_py/bumperbot_msgs/bumperbot_msgs_s__rosidl_typesupport_fastrtps_c.cpython-310-x86_64-linux-gnu.so[0m
[4.938s] [100%] Built target bumperbot_msgs__rosidl_typesupport_c__pyext
[4.953s] [100%] Built target bumperbot_msgs__rosidl_typesupport_introspection_c__pyext
[4.964s] [100%] Built target bumperbot_msgs__rosidl_typesupport_fastrtps_c__pyext
[4.972s] Invoked command in '/home/shivam/slam_bot/build/bumperbot_msgs' returned '0': CMAKE_PREFIX_PATH=/opt/ros/humble /usr/bin/cmake --build /home/shivam/slam_bot/build/bumperbot_msgs -- -j12 -l12
[5.013s] Invoking command in '/home/shivam/slam_bot/build/bumperbot_msgs': CMAKE_PREFIX_PATH=/opt/ros/humble /usr/bin/cmake --install /home/shivam/slam_bot/build/bumperbot_msgs
[5.017s] -- Install configuration: ""
[5.018s] -- Installing: /home/shivam/slam_bot/install/bumperbot_msgs/share/ament_index/resource_index/rosidl_interfaces/bumperbot_msgs
[5.018s] -- Installing: /home/shivam/slam_bot/install/bumperbot_msgs/include/bumperbot_msgs/bumperbot_msgs
[5.018s] -- Installing: /home/shivam/slam_bot/install/bumperbot_msgs/include/bumperbot_msgs/bumperbot_msgs/srv
[5.019s] -- Installing: /home/shivam/slam_bot/install/bumperbot_msgs/include/bumperbot_msgs/bumperbot_msgs/srv/detail
[5.019s] -- Installing: /home/shivam/slam_bot/install/bumperbot_msgs/include/bumperbot_msgs/bumperbot_msgs/srv/detail/get_transform__struct.h
[5.019s] -- Installing: /home/shivam/slam_bot/install/bumperbot_msgs/include/bumperbot_msgs/bumperbot_msgs/srv/detail/add_two_ints__struct.h
[5.019s] -- Installing: /home/shivam/slam_bot/install/bumperbot_msgs/include/bumperbot_msgs/bumperbot_msgs/srv/detail/get_transform__functions.c
[5.019s] -- Installing: /home/shivam/slam_bot/install/bumperbot_msgs/include/bumperbot_msgs/bumperbot_msgs/srv/detail/get_transform__functions.h
[5.019s] -- Installing: /home/shivam/slam_bot/install/bumperbot_msgs/include/bumperbot_msgs/bumperbot_msgs/srv/detail/add_two_ints__functions.c
[5.019s] -- Installing: /home/shivam/slam_bot/install/bumperbot_msgs/include/bumperbot_msgs/bumperbot_msgs/srv/detail/add_two_ints__functions.h
[5.019s] -- Installing: /home/shivam/slam_bot/install/bumperbot_msgs/include/bumperbot_msgs/bumperbot_msgs/srv/detail/add_two_ints__type_support.h
[5.020s] -- Installing: /home/shivam/slam_bot/install/bumperbot_msgs/include/bumperbot_msgs/bumperbot_msgs/srv/detail/get_transform__type_support.h
[5.020s] -- Installing: /home/shivam/slam_bot/install/bumperbot_msgs/include/bumperbot_msgs/bumperbot_msgs/srv/get_transform.h
[5.020s] -- Installing: /home/shivam/slam_bot/install/bumperbot_msgs/include/bumperbot_msgs/bumperbot_msgs/srv/add_two_ints.h
[5.020s] -- Installing: /home/shivam/slam_bot/install/bumperbot_msgs/include/bumperbot_msgs/bumperbot_msgs/msg
[5.021s] -- Installing: /home/shivam/slam_bot/install/bumperbot_msgs/include/bumperbot_msgs/bumperbot_msgs/msg/rosidl_generator_c__visibility_control.h
[5.021s] -- Installing: /home/shivam/slam_bot/install/bumperbot_msgs/share/bumperbot_msgs/environment/library_path.sh
[5.021s] -- Installing: /home/shivam/slam_bot/install/bumperbot_msgs/share/bumperbot_msgs/environment/library_path.dsv
[5.021s] -- Installing: /home/shivam/slam_bot/install/bumperbot_msgs/lib/libbumperbot_msgs__rosidl_generator_c.so
[5.021s] -- Set runtime path of "/home/shivam/slam_bot/install/bumperbot_msgs/lib/libbumperbot_msgs__rosidl_generator_c.so" to ""
[5.022s] -- Up-to-date: /home/shivam/slam_bot/install/bumperbot_msgs/include/bumperbot_msgs/bumperbot_msgs
[5.022s] -- Up-to-date: /home/shivam/slam_bot/install/bumperbot_msgs/include/bumperbot_msgs/bumperbot_msgs/srv
[5.022s] -- Up-to-date: /home/shivam/slam_bot/install/bumperbot_msgs/include/bumperbot_msgs/bumperbot_msgs/srv/detail
[5.023s] -- Installing: /home/shivam/slam_bot/install/bumperbot_msgs/include/bumperbot_msgs/bumperbot_msgs/srv/detail/get_transform__rosidl_typesupport_fastrtps_c.h
[5.023s] -- Installing: /home/shivam/slam_bot/install/bumperbot_msgs/include/bumperbot_msgs/bumperbot_msgs/srv/detail/add_two_ints__rosidl_typesupport_fastrtps_c.h
[5.023s] -- Up-to-date: /home/shivam/slam_bot/install/bumperbot_msgs/include/bumperbot_msgs/bumperbot_msgs/msg
[5.023s] -- Installing: /home/shivam/slam_bot/install/bumperbot_msgs/include/bumperbot_msgs/bumperbot_msgs/msg/rosidl_typesupport_fastrtps_c__visibility_control.h
[5.023s] -- Installing: /home/shivam/slam_bot/install/bumperbot_msgs/lib/libbumperbot_msgs__rosidl_typesupport_fastrtps_c.so
[5.023s] -- Set runtime path of "/home/shivam/slam_bot/install/bumperbot_msgs/lib/libbumperbot_msgs__rosidl_typesupport_fastrtps_c.so" to ""
[5.023s] -- Up-to-date: /home/shivam/slam_bot/install/bumperbot_msgs/include/bumperbot_msgs/bumperbot_msgs
[5.023s] -- Up-to-date: /home/shivam/slam_bot/install/bumperbot_msgs/include/bumperbot_msgs/bumperbot_msgs/srv
[5.023s] -- Installing: /home/shivam/slam_bot/install/bumperbot_msgs/include/bumperbot_msgs/bumperbot_msgs/srv/get_transform.hpp
[5.023s] -- Up-to-date: /home/shivam/slam_bot/install/bumperbot_msgs/include/bumperbot_msgs/bumperbot_msgs/srv/detail
[5.024s] -- Installing: /home/shivam/slam_bot/install/bumperbot_msgs/include/bumperbot_msgs/bumperbot_msgs/srv/detail/get_transform__struct.hpp
[5.024s] -- Installing: /home/shivam/slam_bot/install/bumperbot_msgs/include/bumperbot_msgs/bumperbot_msgs/srv/detail/add_two_ints__builder.hpp
[5.024s] -- Installing: /home/shivam/slam_bot/install/bumperbot_msgs/include/bumperbot_msgs/bumperbot_msgs/srv/detail/add_two_ints__traits.hpp
[5.024s] -- Installing: /home/shivam/slam_bot/install/bumperbot_msgs/include/bumperbot_msgs/bumperbot_msgs/srv/detail/get_transform__traits.hpp
[5.024s] -- Installing: /home/shivam/slam_bot/install/bumperbot_msgs/include/bumperbot_msgs/bumperbot_msgs/srv/detail/get_transform__builder.hpp
[5.024s] -- Installing: /home/shivam/slam_bot/install/bumperbot_msgs/include/bumperbot_msgs/bumperbot_msgs/srv/detail/add_two_ints__struct.hpp
[5.024s] -- Installing: /home/shivam/slam_bot/install/bumperbot_msgs/include/bumperbot_msgs/bumperbot_msgs/srv/add_two_ints.hpp
[5.024s] -- Up-to-date: /home/shivam/slam_bot/install/bumperbot_msgs/include/bumperbot_msgs/bumperbot_msgs
[5.024s] -- Up-to-date: /home/shivam/slam_bot/install/bumperbot_msgs/include/bumperbot_msgs/bumperbot_msgs/srv
[5.024s] -- Up-to-date: /home/shivam/slam_bot/install/bumperbot_msgs/include/bumperbot_msgs/bumperbot_msgs/srv/detail
[5.024s] -- Installing: /home/shivam/slam_bot/install/bumperbot_msgs/include/bumperbot_msgs/bumperbot_msgs/srv/detail/dds_fastrtps
[5.024s] -- Installing: /home/shivam/slam_bot/install/bumperbot_msgs/include/bumperbot_msgs/bumperbot_msgs/srv/detail/get_transform__rosidl_typesupport_fastrtps_cpp.hpp
[5.024s] -- Installing: /home/shivam/slam_bot/install/bumperbot_msgs/include/bumperbot_msgs/bumperbot_msgs/srv/detail/add_two_ints__rosidl_typesupport_fastrtps_cpp.hpp
[5.024s] -- Up-to-date: /home/shivam/slam_bot/install/bumperbot_msgs/include/bumperbot_msgs/bumperbot_msgs/msg
[5.024s] -- Installing: /home/shivam/slam_bot/install/bumperbot_msgs/include/bumperbot_msgs/bumperbot_msgs/msg/rosidl_typesupport_fastrtps_cpp__visibility_control.h
[5.024s] -- Installing: /home/shivam/slam_bot/install/bumperbot_msgs/lib/libbumperbot_msgs__rosidl_typesupport_fastrtps_cpp.so
[5.024s] -- Set runtime path of "/home/shivam/slam_bot/install/bumperbot_msgs/lib/libbumperbot_msgs__rosidl_typesupport_fastrtps_cpp.so" to ""
[5.025s] -- Up-to-date: /home/shivam/slam_bot/install/bumperbot_msgs/include/bumperbot_msgs/bumperbot_msgs
[5.025s] -- Up-to-date: /home/shivam/slam_bot/install/bumperbot_msgs/include/bumperbot_msgs/bumperbot_msgs/srv
[5.025s] -- Up-to-date: /home/shivam/slam_bot/install/bumperbot_msgs/include/bumperbot_msgs/bumperbot_msgs/srv/detail
[5.025s] -- Installing: /home/shivam/slam_bot/install/bumperbot_msgs/include/bumperbot_msgs/bumperbot_msgs/srv/detail/get_transform__type_support.c
[5.025s] -- Installing: /home/shivam/slam_bot/install/bumperbot_msgs/include/bumperbot_msgs/bumperbot_msgs/srv/detail/add_two_ints__type_support.c
[5.025s] -- Installing: /home/shivam/slam_bot/install/bumperbot_msgs/include/bumperbot_msgs/bumperbot_msgs/srv/detail/add_two_ints__rosidl_typesupport_introspection_c.h
[5.025s] -- Installing: /home/shivam/slam_bot/install/bumperbot_msgs/include/bumperbot_msgs/bumperbot_msgs/srv/detail/get_transform__rosidl_typesupport_introspection_c.h
[5.025s] -- Up-to-date: /home/shivam/slam_bot/install/bumperbot_msgs/include/bumperbot_msgs/bumperbot_msgs/msg
[5.026s] -- Installing: /home/shivam/slam_bot/install/bumperbot_msgs/include/bumperbot_msgs/bumperbot_msgs/msg/rosidl_typesupport_introspection_c__visibility_control.h
[5.026s] -- Installing: /home/shivam/slam_bot/install/bumperbot_msgs/lib/libbumperbot_msgs__rosidl_typesupport_introspection_c.so
[5.026s] -- Set runtime path of "/home/shivam/slam_bot/install/bumperbot_msgs/lib/libbumperbot_msgs__rosidl_typesupport_introspection_c.so" to ""
[5.026s] -- Installing: /home/shivam/slam_bot/install/bumperbot_msgs/lib/libbumperbot_msgs__rosidl_typesupport_c.so
[5.026s] -- Set runtime path of "/home/shivam/slam_bot/install/bumperbot_msgs/lib/libbumperbot_msgs__rosidl_typesupport_c.so" to ""
[5.026s] -- Up-to-date: /home/shivam/slam_bot/install/bumperbot_msgs/include/bumperbot_msgs/bumperbot_msgs
[5.027s] -- Up-to-date: /home/shivam/slam_bot/install/bumperbot_msgs/include/bumperbot_msgs/bumperbot_msgs/srv
[5.027s] -- Up-to-date: /home/shivam/slam_bot/install/bumperbot_msgs/include/bumperbot_msgs/bumperbot_msgs/srv/detail
[5.027s] -- Installing: /home/shivam/slam_bot/install/bumperbot_msgs/include/bumperbot_msgs/bumperbot_msgs/srv/detail/get_transform__type_support.cpp
[5.027s] -- Installing: /home/shivam/slam_bot/install/bumperbot_msgs/include/bumperbot_msgs/bumperbot_msgs/srv/detail/get_transform__rosidl_typesupport_introspection_cpp.hpp
[5.027s] -- Installing: /home/shivam/slam_bot/install/bumperbot_msgs/include/bumperbot_msgs/bumperbot_msgs/srv/detail/add_two_ints__type_support.cpp
[5.027s] -- Installing: /home/shivam/slam_bot/install/bumperbot_msgs/include/bumperbot_msgs/bumperbot_msgs/srv/detail/add_two_ints__rosidl_typesupport_introspection_cpp.hpp
[5.027s] -- Installing: /home/shivam/slam_bot/install/bumperbot_msgs/lib/libbumperbot_msgs__rosidl_typesupport_introspection_cpp.so
[5.027s] -- Set runtime path of "/home/shivam/slam_bot/install/bumperbot_msgs/lib/libbumperbot_msgs__rosidl_typesupport_introspection_cpp.so" to ""
[5.027s] -- Installing: /home/shivam/slam_bot/install/bumperbot_msgs/lib/libbumperbot_msgs__rosidl_typesupport_cpp.so
[5.027s] -- Set runtime path of "/home/shivam/slam_bot/install/bumperbot_msgs/lib/libbumperbot_msgs__rosidl_typesupport_cpp.so" to ""
[5.027s] -- Installing: /home/shivam/slam_bot/install/bumperbot_msgs/share/bumperbot_msgs/environment/pythonpath.sh
[5.027s] -- Installing: /home/shivam/slam_bot/install/bumperbot_msgs/share/bumperbot_msgs/environment/pythonpath.dsv
[5.027s] -- Installing: /home/shivam/slam_bot/install/bumperbot_msgs/local/lib/python3.10/dist-packages/bumperbot_msgs-0.0.0-py3.10.egg-info
[5.027s] -- Installing: /home/shivam/slam_bot/install/bumperbot_msgs/local/lib/python3.10/dist-packages/bumperbot_msgs-0.0.0-py3.10.egg-info/SOURCES.txt
[5.027s] -- Installing: /home/shivam/slam_bot/install/bumperbot_msgs/local/lib/python3.10/dist-packages/bumperbot_msgs-0.0.0-py3.10.egg-info/dependency_links.txt
[5.027s] -- Installing: /home/shivam/slam_bot/install/bumperbot_msgs/local/lib/python3.10/dist-packages/bumperbot_msgs-0.0.0-py3.10.egg-info/top_level.txt
[5.027s] -- Installing: /home/shivam/slam_bot/install/bumperbot_msgs/local/lib/python3.10/dist-packages/bumperbot_msgs-0.0.0-py3.10.egg-info/PKG-INFO
[5.027s] -- Installing: /home/shivam/slam_bot/install/bumperbot_msgs/local/lib/python3.10/dist-packages/bumperbot_msgs
[5.027s] -- Installing: /home/shivam/slam_bot/install/bumperbot_msgs/local/lib/python3.10/dist-packages/bumperbot_msgs/__init__.py
[5.027s] -- Installing: /home/shivam/slam_bot/install/bumperbot_msgs/local/lib/python3.10/dist-packages/bumperbot_msgs/_bumperbot_msgs_s.ep.rosidl_typesupport_introspection_c.c
[5.027s] -- Installing: /home/shivam/slam_bot/install/bumperbot_msgs/local/lib/python3.10/dist-packages/bumperbot_msgs/_bumperbot_msgs_s.ep.rosidl_typesupport_c.c
[5.027s] -- Installing: /home/shivam/slam_bot/install/bumperbot_msgs/local/lib/python3.10/dist-packages/bumperbot_msgs/srv
[5.027s] -- Installing: /home/shivam/slam_bot/install/bumperbot_msgs/local/lib/python3.10/dist-packages/bumperbot_msgs/srv/_get_transform_s.c
[5.027s] -- Installing: /home/shivam/slam_bot/install/bumperbot_msgs/local/lib/python3.10/dist-packages/bumperbot_msgs/srv/_add_two_ints_s.c
[5.027s] -- Installing: /home/shivam/slam_bot/install/bumperbot_msgs/local/lib/python3.10/dist-packages/bumperbot_msgs/srv/__init__.py
[5.027s] -- Installing: /home/shivam/slam_bot/install/bumperbot_msgs/local/lib/python3.10/dist-packages/bumperbot_msgs/srv/_get_transform.py
[5.028s] -- Installing: /home/shivam/slam_bot/install/bumperbot_msgs/local/lib/python3.10/dist-packages/bumperbot_msgs/srv/_add_two_ints.py
[5.028s] -- Installing: /home/shivam/slam_bot/install/bumperbot_msgs/local/lib/python3.10/dist-packages/bumperbot_msgs/bumperbot_msgs_s__rosidl_typesupport_introspection_c.cpython-310-x86_64-linux-gnu.so
[5.028s] -- Installing: /home/shivam/slam_bot/install/bumperbot_msgs/local/lib/python3.10/dist-packages/bumperbot_msgs/bumperbot_msgs_s__rosidl_typesupport_c.cpython-310-x86_64-linux-gnu.so
[5.028s] -- Installing: /home/shivam/slam_bot/install/bumperbot_msgs/local/lib/python3.10/dist-packages/bumperbot_msgs/libbumperbot_msgs__rosidl_generator_py.so
[5.028s] -- Installing: /home/shivam/slam_bot/install/bumperbot_msgs/local/lib/python3.10/dist-packages/bumperbot_msgs/_bumperbot_msgs_s.ep.rosidl_typesupport_fastrtps_c.c
[5.028s] -- Installing: /home/shivam/slam_bot/install/bumperbot_msgs/local/lib/python3.10/dist-packages/bumperbot_msgs/bumperbot_msgs_s__rosidl_typesupport_fastrtps_c.cpython-310-x86_64-linux-gnu.so
[5.054s] Listing '/home/shivam/slam_bot/install/bumperbot_msgs/local/lib/python3.10/dist-packages/bumperbot_msgs'...
[5.054s] Compiling '/home/shivam/slam_bot/install/bumperbot_msgs/local/lib/python3.10/dist-packages/bumperbot_msgs/__init__.py'...
[5.054s] Listing '/home/shivam/slam_bot/install/bumperbot_msgs/local/lib/python3.10/dist-packages/bumperbot_msgs/srv'...
[5.054s] Compiling '/home/shivam/slam_bot/install/bumperbot_msgs/local/lib/python3.10/dist-packages/bumperbot_msgs/srv/__init__.py'...
[5.054s] Compiling '/home/shivam/slam_bot/install/bumperbot_msgs/local/lib/python3.10/dist-packages/bumperbot_msgs/srv/_add_two_ints.py'...
[5.054s] Compiling '/home/shivam/slam_bot/install/bumperbot_msgs/local/lib/python3.10/dist-packages/bumperbot_msgs/srv/_get_transform.py'...
[5.058s] -- Installing: /home/shivam/slam_bot/install/bumperbot_msgs/local/lib/python3.10/dist-packages/bumperbot_msgs/bumperbot_msgs_s__rosidl_typesupport_fastrtps_c.cpython-310-x86_64-linux-gnu.so
[5.058s] -- Set runtime path of "/home/shivam/slam_bot/install/bumperbot_msgs/local/lib/python3.10/dist-packages/bumperbot_msgs/bumperbot_msgs_s__rosidl_typesupport_fastrtps_c.cpython-310-x86_64-linux-gnu.so" to ""
[5.058s] -- Installing: /home/shivam/slam_bot/install/bumperbot_msgs/local/lib/python3.10/dist-packages/bumperbot_msgs/bumperbot_msgs_s__rosidl_typesupport_introspection_c.cpython-310-x86_64-linux-gnu.so
[5.058s] -- Set runtime path of "/home/shivam/slam_bot/install/bumperbot_msgs/local/lib/python3.10/dist-packages/bumperbot_msgs/bumperbot_msgs_s__rosidl_typesupport_introspection_c.cpython-310-x86_64-linux-gnu.so" to ""
[5.059s] -- Installing: /home/shivam/slam_bot/install/bumperbot_msgs/local/lib/python3.10/dist-packages/bumperbot_msgs/bumperbot_msgs_s__rosidl_typesupport_c.cpython-310-x86_64-linux-gnu.so
[5.059s] -- Set runtime path of "/home/shivam/slam_bot/install/bumperbot_msgs/local/lib/python3.10/dist-packages/bumperbot_msgs/bumperbot_msgs_s__rosidl_typesupport_c.cpython-310-x86_64-linux-gnu.so" to ""
[5.059s] -- Installing: /home/shivam/slam_bot/install/bumperbot_msgs/lib/libbumperbot_msgs__rosidl_generator_py.so
[5.059s] -- Set runtime path of "/home/shivam/slam_bot/install/bumperbot_msgs/lib/libbumperbot_msgs__rosidl_generator_py.so" to ""
[5.059s] -- Installing: /home/shivam/slam_bot/install/bumperbot_msgs/share/bumperbot_msgs/srv/AddTwoInts.idl
[5.059s] -- Installing: /home/shivam/slam_bot/install/bumperbot_msgs/share/bumperbot_msgs/srv/GetTransform.idl
[5.059s] -- Installing: /home/shivam/slam_bot/install/bumperbot_msgs/share/bumperbot_msgs/srv/AddTwoInts.srv
[5.060s] -- Installing: /home/shivam/slam_bot/install/bumperbot_msgs/share/bumperbot_msgs/srv/AddTwoInts_Request.msg
[5.060s] -- Installing: /home/shivam/slam_bot/install/bumperbot_msgs/share/bumperbot_msgs/srv/AddTwoInts_Response.msg
[5.060s] -- Installing: /home/shivam/slam_bot/install/bumperbot_msgs/share/bumperbot_msgs/srv/GetTransform.srv
[5.060s] -- Installing: /home/shivam/slam_bot/install/bumperbot_msgs/share/bumperbot_msgs/srv/GetTransform_Request.msg
[5.060s] -- Installing: /home/shivam/slam_bot/install/bumperbot_msgs/share/bumperbot_msgs/srv/GetTransform_Response.msg
[5.060s] -- Installing: /home/shivam/slam_bot/install/bumperbot_msgs/share/ament_index/resource_index/package_run_dependencies/bumperbot_msgs
[5.061s] -- Installing: /home/shivam/slam_bot/install/bumperbot_msgs/share/ament_index/resource_index/parent_prefix_path/bumperbot_msgs
[5.061s] -- Installing: /home/shivam/slam_bot/install/bumperbot_msgs/share/bumperbot_msgs/environment/ament_prefix_path.sh
[5.061s] -- Installing: /home/shivam/slam_bot/install/bumperbot_msgs/share/bumperbot_msgs/environment/ament_prefix_path.dsv
[5.061s] -- Installing: /home/shivam/slam_bot/install/bumperbot_msgs/share/bumperbot_msgs/environment/path.sh
[5.061s] -- Installing: /home/shivam/slam_bot/install/bumperbot_msgs/share/bumperbot_msgs/environment/path.dsv
[5.061s] -- Installing: /home/shivam/slam_bot/install/bumperbot_msgs/share/bumperbot_msgs/local_setup.bash
[5.061s] -- Installing: /home/shivam/slam_bot/install/bumperbot_msgs/share/bumperbot_msgs/local_setup.sh
[5.061s] -- Installing: /home/shivam/slam_bot/install/bumperbot_msgs/share/bumperbot_msgs/local_setup.zsh
[5.061s] -- Installing: /home/shivam/slam_bot/install/bumperbot_msgs/share/bumperbot_msgs/local_setup.dsv
[5.062s] -- Installing: /home/shivam/slam_bot/install/bumperbot_msgs/share/bumperbot_msgs/package.dsv
[5.062s] -- Installing: /home/shivam/slam_bot/install/bumperbot_msgs/share/ament_index/resource_index/packages/bumperbot_msgs
[5.062s] -- Installing: /home/shivam/slam_bot/install/bumperbot_msgs/share/bumperbot_msgs/cmake/export_bumperbot_msgs__rosidl_generator_cExport.cmake
[5.062s] -- Installing: /home/shivam/slam_bot/install/bumperbot_msgs/share/bumperbot_msgs/cmake/export_bumperbot_msgs__rosidl_generator_cExport-noconfig.cmake
[5.062s] -- Installing: /home/shivam/slam_bot/install/bumperbot_msgs/share/bumperbot_msgs/cmake/export_bumperbot_msgs__rosidl_typesupport_fastrtps_cExport.cmake
[5.062s] -- Installing: /home/shivam/slam_bot/install/bumperbot_msgs/share/bumperbot_msgs/cmake/export_bumperbot_msgs__rosidl_typesupport_fastrtps_cExport-noconfig.cmake
[5.062s] -- Installing: /home/shivam/slam_bot/install/bumperbot_msgs/share/bumperbot_msgs/cmake/export_bumperbot_msgs__rosidl_generator_cppExport.cmake
[5.063s] -- Installing: /home/shivam/slam_bot/install/bumperbot_msgs/share/bumperbot_msgs/cmake/export_bumperbot_msgs__rosidl_typesupport_fastrtps_cppExport.cmake
[5.063s] -- Installing: /home/shivam/slam_bot/install/bumperbot_msgs/share/bumperbot_msgs/cmake/export_bumperbot_msgs__rosidl_typesupport_fastrtps_cppExport-noconfig.cmake
[5.063s] -- Installing: /home/shivam/slam_bot/install/bumperbot_msgs/share/bumperbot_msgs/cmake/bumperbot_msgs__rosidl_typesupport_introspection_cExport.cmake
[5.063s] -- Installing: /home/shivam/slam_bot/install/bumperbot_msgs/share/bumperbot_msgs/cmake/bumperbot_msgs__rosidl_typesupport_introspection_cExport-noconfig.cmake
[5.063s] -- Installing: /home/shivam/slam_bot/install/bumperbot_msgs/share/bumperbot_msgs/cmake/bumperbot_msgs__rosidl_typesupport_cExport.cmake
[5.063s] -- Installing: /home/shivam/slam_bot/install/bumperbot_msgs/share/bumperbot_msgs/cmake/bumperbot_msgs__rosidl_typesupport_cExport-noconfig.cmake
[5.064s] -- Installing: /home/shivam/slam_bot/install/bumperbot_msgs/share/bumperbot_msgs/cmake/bumperbot_msgs__rosidl_typesupport_introspection_cppExport.cmake
[5.064s] -- Installing: /home/shivam/slam_bot/install/bumperbot_msgs/share/bumperbot_msgs/cmake/bumperbot_msgs__rosidl_typesupport_introspection_cppExport-noconfig.cmake
[5.064s] -- Installing: /home/shivam/slam_bot/install/bumperbot_msgs/share/bumperbot_msgs/cmake/bumperbot_msgs__rosidl_typesupport_cppExport.cmake
[5.064s] -- Installing: /home/shivam/slam_bot/install/bumperbot_msgs/share/bumperbot_msgs/cmake/bumperbot_msgs__rosidl_typesupport_cppExport-noconfig.cmake
[5.064s] -- Installing: /home/shivam/slam_bot/install/bumperbot_msgs/share/bumperbot_msgs/cmake/export_bumperbot_msgs__rosidl_generator_pyExport.cmake
[5.065s] -- Installing: /home/shivam/slam_bot/install/bumperbot_msgs/share/bumperbot_msgs/cmake/export_bumperbot_msgs__rosidl_generator_pyExport-noconfig.cmake
[5.065s] -- Installing: /home/shivam/slam_bot/install/bumperbot_msgs/share/bumperbot_msgs/cmake/rosidl_cmake-extras.cmake
[5.065s] -- Installing: /home/shivam/slam_bot/install/bumperbot_msgs/share/bumperbot_msgs/cmake/ament_cmake_export_dependencies-extras.cmake
[5.066s] -- Installing: /home/shivam/slam_bot/install/bumperbot_msgs/share/bumperbot_msgs/cmake/ament_cmake_export_include_directories-extras.cmake
[5.066s] -- Installing: /home/shivam/slam_bot/install/bumperbot_msgs/share/bumperbot_msgs/cmake/ament_cmake_export_libraries-extras.cmake
[5.067s] -- Installing: /home/shivam/slam_bot/install/bumperbot_msgs/share/bumperbot_msgs/cmake/ament_cmake_export_targets-extras.cmake
[5.067s] -- Installing: /home/shivam/slam_bot/install/bumperbot_msgs/share/bumperbot_msgs/cmake/rosidl_cmake_export_typesupport_targets-extras.cmake
[5.067s] -- Installing: /home/shivam/slam_bot/install/bumperbot_msgs/share/bumperbot_msgs/cmake/rosidl_cmake_export_typesupport_libraries-extras.cmake
[5.067s] -- Installing: /home/shivam/slam_bot/install/bumperbot_msgs/share/bumperbot_msgs/cmake/bumperbot_msgsConfig.cmake
[5.067s] -- Installing: /home/shivam/slam_bot/install/bumperbot_msgs/share/bumperbot_msgs/cmake/bumperbot_msgsConfig-version.cmake
[5.067s] -- Installing: /home/shivam/slam_bot/install/bumperbot_msgs/share/bumperbot_msgs/package.xml
[5.068s] Invoked command in '/home/shivam/slam_bot/build/bumperbot_msgs' returned '0': CMAKE_PREFIX_PATH=/opt/ros/humble /usr/bin/cmake --install /home/shivam/slam_bot/build/bumperbot_msgs
