[0.729s] Invoking command in '/home/shivam/slam_bot/src/bumperbot_py_examples': AMENT_PREFIX_PATH=/home/shivam/slam_bot/install/bumperbot_msgs:${AMENT_PREFIX_PATH} CMAKE_PREFIX_PATH=/home/shivam/slam_bot/install/bumperbot_msgs LD_LIBRARY_PATH=/home/shivam/slam_bot/install/bumperbot_msgs/lib:${LD_LIBRARY_PATH} PYTHONPATH=/home/shivam/slam_bot/build/bumperbot_py_examples/prefix_override:/home/shivam/slam_bot/install/bumperbot_py_examples/lib/python3.10/site-packages:/home/shivam/slam_bot/install/bumperbot_msgs/local/lib/python3.10/dist-packages:${PYTHONPATH} /usr/bin/python3 -W ignore:setup.py install is deprecated setup.py egg_info --egg-base ../../build/bumperbot_py_examples build --build-base /home/shivam/slam_bot/build/bumperbot_py_examples/build install --record /home/shivam/slam_bot/build/bumperbot_py_examples/install.log --single-version-externally-managed install_data
[0.901s] running egg_info
[0.902s] creating ../../build/bumperbot_py_examples/bumperbot_py_examples.egg-info
[0.902s] writing ../../build/bumperbot_py_examples/bumperbot_py_examples.egg-info/PKG-INFO
[0.903s] writing dependency_links to ../../build/bumperbot_py_examples/bumperbot_py_examples.egg-info/dependency_links.txt
[0.903s] writing entry points to ../../build/bumperbot_py_examples/bumperbot_py_examples.egg-info/entry_points.txt
[0.903s] writing requirements to ../../build/bumperbot_py_examples/bumperbot_py_examples.egg-info/requires.txt
[0.904s] writing top-level names to ../../build/bumperbot_py_examples/bumperbot_py_examples.egg-info/top_level.txt
[0.904s] writing manifest file '../../build/bumperbot_py_examples/bumperbot_py_examples.egg-info/SOURCES.txt'
[0.906s] reading manifest file '../../build/bumperbot_py_examples/bumperbot_py_examples.egg-info/SOURCES.txt'
[0.907s] writing manifest file '../../build/bumperbot_py_examples/bumperbot_py_examples.egg-info/SOURCES.txt'
[0.908s] running build
[0.908s] running build_py
[0.908s] creating /home/shivam/slam_bot/build/bumperbot_py_examples/build
[0.908s] creating /home/shivam/slam_bot/build/bumperbot_py_examples/build/lib
[0.908s] creating /home/shivam/slam_bot/build/bumperbot_py_examples/build/lib/bumperbot_py_examples
[0.909s] copying bumperbot_py_examples/simple_turtlesim_kinematics.py -> /home/shivam/slam_bot/build/bumperbot_py_examples/build/lib/bumperbot_py_examples
[0.909s] copying bumperbot_py_examples/simple_subscriber.py -> /home/shivam/slam_bot/build/bumperbot_py_examples/build/lib/bumperbot_py_examples
[0.909s] copying bumperbot_py_examples/simple_publisher.py -> /home/shivam/slam_bot/build/bumperbot_py_examples/build/lib/bumperbot_py_examples
[0.909s] copying bumperbot_py_examples/simple_service_client.py -> /home/shivam/slam_bot/build/bumperbot_py_examples/build/lib/bumperbot_py_examples
[0.909s] copying bumperbot_py_examples/simple_parameter.py -> /home/shivam/slam_bot/build/bumperbot_py_examples/build/lib/bumperbot_py_examples
[0.909s] copying bumperbot_py_examples/__init__.py -> /home/shivam/slam_bot/build/bumperbot_py_examples/build/lib/bumperbot_py_examples
[0.909s] copying bumperbot_py_examples/simple_service_server.py -> /home/shivam/slam_bot/build/bumperbot_py_examples/build/lib/bumperbot_py_examples
[0.910s] copying bumperbot_py_examples/simple_tf_kinematics.py -> /home/shivam/slam_bot/build/bumperbot_py_examples/build/lib/bumperbot_py_examples
[0.910s] running install
[0.910s] running install_lib
[0.911s] creating /home/shivam/slam_bot/install/bumperbot_py_examples/lib/python3.10/site-packages/bumperbot_py_examples
[0.911s] copying /home/shivam/slam_bot/build/bumperbot_py_examples/build/lib/bumperbot_py_examples/simple_turtlesim_kinematics.py -> /home/shivam/slam_bot/install/bumperbot_py_examples/lib/python3.10/site-packages/bumperbot_py_examples
[0.912s] copying /home/shivam/slam_bot/build/bumperbot_py_examples/build/lib/bumperbot_py_examples/simple_subscriber.py -> /home/shivam/slam_bot/install/bumperbot_py_examples/lib/python3.10/site-packages/bumperbot_py_examples
[0.912s] copying /home/shivam/slam_bot/build/bumperbot_py_examples/build/lib/bumperbot_py_examples/simple_publisher.py -> /home/shivam/slam_bot/install/bumperbot_py_examples/lib/python3.10/site-packages/bumperbot_py_examples
[0.912s] copying /home/shivam/slam_bot/build/bumperbot_py_examples/build/lib/bumperbot_py_examples/simple_service_client.py -> /home/shivam/slam_bot/install/bumperbot_py_examples/lib/python3.10/site-packages/bumperbot_py_examples
[0.912s] copying /home/shivam/slam_bot/build/bumperbot_py_examples/build/lib/bumperbot_py_examples/simple_parameter.py -> /home/shivam/slam_bot/install/bumperbot_py_examples/lib/python3.10/site-packages/bumperbot_py_examples
[0.912s] copying /home/shivam/slam_bot/build/bumperbot_py_examples/build/lib/bumperbot_py_examples/__init__.py -> /home/shivam/slam_bot/install/bumperbot_py_examples/lib/python3.10/site-packages/bumperbot_py_examples
[0.913s] copying /home/shivam/slam_bot/build/bumperbot_py_examples/build/lib/bumperbot_py_examples/simple_service_server.py -> /home/shivam/slam_bot/install/bumperbot_py_examples/lib/python3.10/site-packages/bumperbot_py_examples
[0.913s] copying /home/shivam/slam_bot/build/bumperbot_py_examples/build/lib/bumperbot_py_examples/simple_tf_kinematics.py -> /home/shivam/slam_bot/install/bumperbot_py_examples/lib/python3.10/site-packages/bumperbot_py_examples
[0.913s] byte-compiling /home/shivam/slam_bot/install/bumperbot_py_examples/lib/python3.10/site-packages/bumperbot_py_examples/simple_turtlesim_kinematics.py to simple_turtlesim_kinematics.cpython-310.pyc
[0.914s] byte-compiling /home/shivam/slam_bot/install/bumperbot_py_examples/lib/python3.10/site-packages/bumperbot_py_examples/simple_subscriber.py to simple_subscriber.cpython-310.pyc
[0.914s] byte-compiling /home/shivam/slam_bot/install/bumperbot_py_examples/lib/python3.10/site-packages/bumperbot_py_examples/simple_publisher.py to simple_publisher.cpython-310.pyc
[0.914s] byte-compiling /home/shivam/slam_bot/install/bumperbot_py_examples/lib/python3.10/site-packages/bumperbot_py_examples/simple_service_client.py to simple_service_client.cpython-310.pyc
[0.914s] byte-compiling /home/shivam/slam_bot/install/bumperbot_py_examples/lib/python3.10/site-packages/bumperbot_py_examples/simple_parameter.py to simple_parameter.cpython-310.pyc
[0.915s] byte-compiling /home/shivam/slam_bot/install/bumperbot_py_examples/lib/python3.10/site-packages/bumperbot_py_examples/__init__.py to __init__.cpython-310.pyc
[0.915s] byte-compiling /home/shivam/slam_bot/install/bumperbot_py_examples/lib/python3.10/site-packages/bumperbot_py_examples/simple_service_server.py to simple_service_server.cpython-310.pyc
[0.915s] byte-compiling /home/shivam/slam_bot/install/bumperbot_py_examples/lib/python3.10/site-packages/bumperbot_py_examples/simple_tf_kinematics.py to simple_tf_kinematics.cpython-310.pyc
[0.915s] running install_data
[0.916s] creating /home/shivam/slam_bot/install/bumperbot_py_examples/share/ament_index
[0.916s] creating /home/shivam/slam_bot/install/bumperbot_py_examples/share/ament_index/resource_index
[0.916s] creating /home/shivam/slam_bot/install/bumperbot_py_examples/share/ament_index/resource_index/packages
[0.916s] copying resource/bumperbot_py_examples -> /home/shivam/slam_bot/install/bumperbot_py_examples/share/ament_index/resource_index/packages
[0.916s] copying package.xml -> /home/shivam/slam_bot/install/bumperbot_py_examples/share/bumperbot_py_examples
[0.916s] running install_egg_info
[0.918s] Copying ../../build/bumperbot_py_examples/bumperbot_py_examples.egg-info to /home/shivam/slam_bot/install/bumperbot_py_examples/lib/python3.10/site-packages/bumperbot_py_examples-0.0.0-py3.10.egg-info
[0.919s] running install_scripts
[0.936s] Installing simple_parameter script to /home/shivam/slam_bot/install/bumperbot_py_examples/lib/bumperbot_py_examples
[0.937s] Installing simple_publisher script to /home/shivam/slam_bot/install/bumperbot_py_examples/lib/bumperbot_py_examples
[0.937s] Installing simple_service_client script to /home/shivam/slam_bot/install/bumperbot_py_examples/lib/bumperbot_py_examples
[0.937s] Installing simple_service_server script to /home/shivam/slam_bot/install/bumperbot_py_examples/lib/bumperbot_py_examples
[0.937s] Installing simple_subscriber script to /home/shivam/slam_bot/install/bumperbot_py_examples/lib/bumperbot_py_examples
[0.937s] Installing simple_tf_kinematics script to /home/shivam/slam_bot/install/bumperbot_py_examples/lib/bumperbot_py_examples
[0.937s] Installing simple_turtlesim_kinematics script to /home/shivam/slam_bot/install/bumperbot_py_examples/lib/bumperbot_py_examples
[0.937s] writing list of installed files to '/home/shivam/slam_bot/build/bumperbot_py_examples/install.log'
[0.964s] Invoked command in '/home/shivam/slam_bot/src/bumperbot_py_examples' returned '0': AMENT_PREFIX_PATH=/home/shivam/slam_bot/install/bumperbot_msgs:${AMENT_PREFIX_PATH} CMAKE_PREFIX_PATH=/home/shivam/slam_bot/install/bumperbot_msgs LD_LIBRARY_PATH=/home/shivam/slam_bot/install/bumperbot_msgs/lib:${LD_LIBRARY_PATH} PYTHONPATH=/home/shivam/slam_bot/build/bumperbot_py_examples/prefix_override:/home/shivam/slam_bot/install/bumperbot_py_examples/lib/python3.10/site-packages:/home/shivam/slam_bot/install/bumperbot_msgs/local/lib/python3.10/dist-packages:${PYTHONPATH} /usr/bin/python3 -W ignore:setup.py install is deprecated setup.py egg_info --egg-base ../../build/bumperbot_py_examples build --build-base /home/shivam/slam_bot/build/bumperbot_py_examples/build install --record /home/shivam/slam_bot/build/bumperbot_py_examples/install.log --single-version-externally-managed install_data
