[0.190s] DEBUG:colcon:Command line arguments: ['/usr/bin/colcon', 'build']
[0.191s] DEBUG:colcon:Parsed command line arguments: Namespace(log_base=None, log_level=None, verb_name='build', build_base='build', install_base='install', merge_install=False, symlink_install=False, test_result_base=None, continue_on_error=False, executor='parallel', parallel_workers=12, event_handlers=None, ignore_user_meta=False, metas=['./colcon.meta'], base_paths=['.'], packages_ignore=None, packages_ignore_regex=None, paths=None, packages_up_to=None, packages_up_to_regex=None, packages_above=None, packages_above_and_dependencies=None, packages_above_depth=None, packages_select_by_dep=None, packages_skip_by_dep=None, packages_skip_up_to=None, packages_select_build_failed=False, packages_skip_build_finished=False, packages_select_test_failures=False, packages_skip_test_passed=False, packages_select=None, packages_skip=None, packages_select_regex=None, packages_skip_regex=None, packages_start=None, packages_end=None, allow_overriding=[], cmake_args=None, cmake_target=None, cmake_target_skip_unavailable=False, cmake_clean_cache=False, cmake_clean_first=False, cmake_force_configure=False, ament_cmake_args=None, catkin_cmake_args=None, catkin_skip_building_tests=False, verb_parser=<colcon_defaults.argument_parser.defaults.DefaultArgumentsDecorator object at 0x7f8a9435cb20>, verb_extension=<colcon_core.verb.build.BuildVerb object at 0x7f8a9435c520>, main=<bound method BuildVerb.main of <colcon_core.verb.build.BuildVerb object at 0x7f8a9435c520>>)
[0.285s] Level 1:colcon.colcon_core.package_discovery:discover_packages(colcon_meta) check parameters
[0.286s] Level 1:colcon.colcon_core.package_discovery:discover_packages(recursive) check parameters
[0.286s] Level 1:colcon.colcon_core.package_discovery:discover_packages(ignore) check parameters
[0.286s] Level 1:colcon.colcon_core.package_discovery:discover_packages(path) check parameters
[0.286s] Level 1:colcon.colcon_core.package_discovery:discover_packages(colcon_meta) discover
[0.286s] Level 1:colcon.colcon_core.package_discovery:discover_packages(recursive) discover
[0.286s] INFO:colcon.colcon_core.package_discovery:Crawling recursively for packages in '/home/shivam/slam_bot'
[0.286s] Level 1:colcon.colcon_core.package_identification:_identify(.) by extensions ['ignore', 'ignore_ament_install']
[0.286s] Level 1:colcon.colcon_core.package_identification:_identify(.) by extension 'ignore'
[0.286s] Level 1:colcon.colcon_core.package_identification:_identify(.) by extension 'ignore_ament_install'
[0.286s] Level 1:colcon.colcon_core.package_identification:_identify(.) by extensions ['colcon_pkg']
[0.286s] Level 1:colcon.colcon_core.package_identification:_identify(.) by extension 'colcon_pkg'
[0.286s] Level 1:colcon.colcon_core.package_identification:_identify(.) by extensions ['colcon_meta']
[0.286s] Level 1:colcon.colcon_core.package_identification:_identify(.) by extension 'colcon_meta'
[0.286s] Level 1:colcon.colcon_core.package_identification:_identify(.) by extensions ['ros']
[0.286s] Level 1:colcon.colcon_core.package_identification:_identify(.) by extension 'ros'
[0.292s] Level 1:colcon.colcon_core.package_identification:_identify(.) by extensions ['cmake', 'python']
[0.293s] Level 1:colcon.colcon_core.package_identification:_identify(.) by extension 'cmake'
[0.293s] Level 1:colcon.colcon_core.package_identification:_identify(.) by extension 'python'
[0.293s] Level 1:colcon.colcon_core.package_identification:_identify(.) by extensions ['python_setup_py']
[0.293s] Level 1:colcon.colcon_core.package_identification:_identify(.) by extension 'python_setup_py'
[0.293s] Level 1:colcon.colcon_core.package_identification:_identify(build) by extensions ['ignore', 'ignore_ament_install']
[0.293s] Level 1:colcon.colcon_core.package_identification:_identify(build) by extension 'ignore'
[0.293s] Level 1:colcon.colcon_core.package_identification:_identify(build) ignored
[0.293s] Level 1:colcon.colcon_core.package_identification:_identify(install) by extensions ['ignore', 'ignore_ament_install']
[0.293s] Level 1:colcon.colcon_core.package_identification:_identify(install) by extension 'ignore'
[0.293s] Level 1:colcon.colcon_core.package_identification:_identify(install) ignored
[0.294s] Level 1:colcon.colcon_core.package_identification:_identify(log) by extensions ['ignore', 'ignore_ament_install']
[0.294s] Level 1:colcon.colcon_core.package_identification:_identify(log) by extension 'ignore'
[0.294s] Level 1:colcon.colcon_core.package_identification:_identify(log) ignored
[0.294s] Level 1:colcon.colcon_core.package_identification:_identify(src) by extensions ['ignore', 'ignore_ament_install']
[0.294s] Level 1:colcon.colcon_core.package_identification:_identify(src) by extension 'ignore'
[0.294s] Level 1:colcon.colcon_core.package_identification:_identify(src) by extension 'ignore_ament_install'
[0.294s] Level 1:colcon.colcon_core.package_identification:_identify(src) by extensions ['colcon_pkg']
[0.294s] Level 1:colcon.colcon_core.package_identification:_identify(src) by extension 'colcon_pkg'
[0.294s] Level 1:colcon.colcon_core.package_identification:_identify(src) by extensions ['colcon_meta']
[0.294s] Level 1:colcon.colcon_core.package_identification:_identify(src) by extension 'colcon_meta'
[0.294s] Level 1:colcon.colcon_core.package_identification:_identify(src) by extensions ['ros']
[0.294s] Level 1:colcon.colcon_core.package_identification:_identify(src) by extension 'ros'
[0.294s] Level 1:colcon.colcon_core.package_identification:_identify(src) by extensions ['cmake', 'python']
[0.294s] Level 1:colcon.colcon_core.package_identification:_identify(src) by extension 'cmake'
[0.294s] Level 1:colcon.colcon_core.package_identification:_identify(src) by extension 'python'
[0.294s] Level 1:colcon.colcon_core.package_identification:_identify(src) by extensions ['python_setup_py']
[0.294s] Level 1:colcon.colcon_core.package_identification:_identify(src) by extension 'python_setup_py'
[0.294s] Level 1:colcon.colcon_core.package_identification:_identify(src/bumperbot_bringup) by extensions ['ignore', 'ignore_ament_install']
[0.294s] Level 1:colcon.colcon_core.package_identification:_identify(src/bumperbot_bringup) by extension 'ignore'
[0.294s] Level 1:colcon.colcon_core.package_identification:_identify(src/bumperbot_bringup) by extension 'ignore_ament_install'
[0.294s] Level 1:colcon.colcon_core.package_identification:_identify(src/bumperbot_bringup) by extensions ['colcon_pkg']
[0.294s] Level 1:colcon.colcon_core.package_identification:_identify(src/bumperbot_bringup) by extension 'colcon_pkg'
[0.294s] Level 1:colcon.colcon_core.package_identification:_identify(src/bumperbot_bringup) by extensions ['colcon_meta']
[0.294s] Level 1:colcon.colcon_core.package_identification:_identify(src/bumperbot_bringup) by extension 'colcon_meta'
[0.294s] Level 1:colcon.colcon_core.package_identification:_identify(src/bumperbot_bringup) by extensions ['ros']
[0.294s] Level 1:colcon.colcon_core.package_identification:_identify(src/bumperbot_bringup) by extension 'ros'
[0.296s] DEBUG:colcon.colcon_core.package_identification:Package 'src/bumperbot_bringup' with type 'ros.ament_cmake' and name 'bumperbot_bringup'
[0.296s] Level 1:colcon.colcon_core.package_identification:_identify(src/bumperbot_controller) by extensions ['ignore', 'ignore_ament_install']
[0.296s] Level 1:colcon.colcon_core.package_identification:_identify(src/bumperbot_controller) by extension 'ignore'
[0.296s] Level 1:colcon.colcon_core.package_identification:_identify(src/bumperbot_controller) by extension 'ignore_ament_install'
[0.296s] Level 1:colcon.colcon_core.package_identification:_identify(src/bumperbot_controller) by extensions ['colcon_pkg']
[0.296s] Level 1:colcon.colcon_core.package_identification:_identify(src/bumperbot_controller) by extension 'colcon_pkg'
[0.296s] Level 1:colcon.colcon_core.package_identification:_identify(src/bumperbot_controller) by extensions ['colcon_meta']
[0.296s] Level 1:colcon.colcon_core.package_identification:_identify(src/bumperbot_controller) by extension 'colcon_meta'
[0.296s] Level 1:colcon.colcon_core.package_identification:_identify(src/bumperbot_controller) by extensions ['ros']
[0.296s] Level 1:colcon.colcon_core.package_identification:_identify(src/bumperbot_controller) by extension 'ros'
[0.297s] DEBUG:colcon.colcon_core.package_identification:Package 'src/bumperbot_controller' with type 'ros.ament_cmake' and name 'bumperbot_controller'
[0.297s] Level 1:colcon.colcon_core.package_identification:_identify(src/bumperbot_description) by extensions ['ignore', 'ignore_ament_install']
[0.297s] Level 1:colcon.colcon_core.package_identification:_identify(src/bumperbot_description) by extension 'ignore'
[0.297s] Level 1:colcon.colcon_core.package_identification:_identify(src/bumperbot_description) by extension 'ignore_ament_install'
[0.297s] Level 1:colcon.colcon_core.package_identification:_identify(src/bumperbot_description) by extensions ['colcon_pkg']
[0.297s] Level 1:colcon.colcon_core.package_identification:_identify(src/bumperbot_description) by extension 'colcon_pkg'
[0.297s] Level 1:colcon.colcon_core.package_identification:_identify(src/bumperbot_description) by extensions ['colcon_meta']
[0.297s] Level 1:colcon.colcon_core.package_identification:_identify(src/bumperbot_description) by extension 'colcon_meta'
[0.297s] Level 1:colcon.colcon_core.package_identification:_identify(src/bumperbot_description) by extensions ['ros']
[0.297s] Level 1:colcon.colcon_core.package_identification:_identify(src/bumperbot_description) by extension 'ros'
[0.297s] DEBUG:colcon.colcon_core.package_identification:Package 'src/bumperbot_description' with type 'ros.ament_cmake' and name 'bumperbot_description'
[0.297s] Level 1:colcon.colcon_core.package_identification:_identify(src/bumperbot_firmware) by extensions ['ignore', 'ignore_ament_install']
[0.297s] Level 1:colcon.colcon_core.package_identification:_identify(src/bumperbot_firmware) by extension 'ignore'
[0.297s] Level 1:colcon.colcon_core.package_identification:_identify(src/bumperbot_firmware) by extension 'ignore_ament_install'
[0.297s] Level 1:colcon.colcon_core.package_identification:_identify(src/bumperbot_firmware) by extensions ['colcon_pkg']
[0.297s] Level 1:colcon.colcon_core.package_identification:_identify(src/bumperbot_firmware) by extension 'colcon_pkg'
[0.298s] Level 1:colcon.colcon_core.package_identification:_identify(src/bumperbot_firmware) by extensions ['colcon_meta']
[0.298s] Level 1:colcon.colcon_core.package_identification:_identify(src/bumperbot_firmware) by extension 'colcon_meta'
[0.298s] Level 1:colcon.colcon_core.package_identification:_identify(src/bumperbot_firmware) by extensions ['ros']
[0.298s] Level 1:colcon.colcon_core.package_identification:_identify(src/bumperbot_firmware) by extension 'ros'
[0.298s] DEBUG:colcon.colcon_core.package_identification:Package 'src/bumperbot_firmware' with type 'ros.ament_cmake' and name 'bumperbot_firmware'
[0.298s] Level 1:colcon.colcon_core.package_identification:_identify(src/bumperbot_localization) by extensions ['ignore', 'ignore_ament_install']
[0.298s] Level 1:colcon.colcon_core.package_identification:_identify(src/bumperbot_localization) by extension 'ignore'
[0.298s] Level 1:colcon.colcon_core.package_identification:_identify(src/bumperbot_localization) by extension 'ignore_ament_install'
[0.298s] Level 1:colcon.colcon_core.package_identification:_identify(src/bumperbot_localization) by extensions ['colcon_pkg']
[0.298s] Level 1:colcon.colcon_core.package_identification:_identify(src/bumperbot_localization) by extension 'colcon_pkg'
[0.298s] Level 1:colcon.colcon_core.package_identification:_identify(src/bumperbot_localization) by extensions ['colcon_meta']
[0.298s] Level 1:colcon.colcon_core.package_identification:_identify(src/bumperbot_localization) by extension 'colcon_meta'
[0.298s] Level 1:colcon.colcon_core.package_identification:_identify(src/bumperbot_localization) by extensions ['ros']
[0.298s] Level 1:colcon.colcon_core.package_identification:_identify(src/bumperbot_localization) by extension 'ros'
[0.299s] DEBUG:colcon.colcon_core.package_identification:Package 'src/bumperbot_localization' with type 'ros.ament_cmake' and name 'bumperbot_localization'
[0.299s] Level 1:colcon.colcon_core.package_identification:_identify(src/bumperbot_msgs) by extensions ['ignore', 'ignore_ament_install']
[0.299s] Level 1:colcon.colcon_core.package_identification:_identify(src/bumperbot_msgs) by extension 'ignore'
[0.299s] Level 1:colcon.colcon_core.package_identification:_identify(src/bumperbot_msgs) by extension 'ignore_ament_install'
[0.299s] Level 1:colcon.colcon_core.package_identification:_identify(src/bumperbot_msgs) by extensions ['colcon_pkg']
[0.299s] Level 1:colcon.colcon_core.package_identification:_identify(src/bumperbot_msgs) by extension 'colcon_pkg'
[0.299s] Level 1:colcon.colcon_core.package_identification:_identify(src/bumperbot_msgs) by extensions ['colcon_meta']
[0.299s] Level 1:colcon.colcon_core.package_identification:_identify(src/bumperbot_msgs) by extension 'colcon_meta'
[0.299s] Level 1:colcon.colcon_core.package_identification:_identify(src/bumperbot_msgs) by extensions ['ros']
[0.299s] Level 1:colcon.colcon_core.package_identification:_identify(src/bumperbot_msgs) by extension 'ros'
[0.299s] DEBUG:colcon.colcon_core.package_identification:Package 'src/bumperbot_msgs' with type 'ros.ament_cmake' and name 'bumperbot_msgs'
[0.299s] Level 1:colcon.colcon_core.package_identification:_identify(src/bumperbot_py_examples) by extensions ['ignore', 'ignore_ament_install']
[0.299s] Level 1:colcon.colcon_core.package_identification:_identify(src/bumperbot_py_examples) by extension 'ignore'
[0.299s] Level 1:colcon.colcon_core.package_identification:_identify(src/bumperbot_py_examples) by extension 'ignore_ament_install'
[0.299s] Level 1:colcon.colcon_core.package_identification:_identify(src/bumperbot_py_examples) by extensions ['colcon_pkg']
[0.300s] Level 1:colcon.colcon_core.package_identification:_identify(src/bumperbot_py_examples) by extension 'colcon_pkg'
[0.300s] Level 1:colcon.colcon_core.package_identification:_identify(src/bumperbot_py_examples) by extensions ['colcon_meta']
[0.300s] Level 1:colcon.colcon_core.package_identification:_identify(src/bumperbot_py_examples) by extension 'colcon_meta'
[0.300s] Level 1:colcon.colcon_core.package_identification:_identify(src/bumperbot_py_examples) by extensions ['ros']
[0.300s] Level 1:colcon.colcon_core.package_identification:_identify(src/bumperbot_py_examples) by extension 'ros'
[0.300s] DEBUG:colcon.colcon_core.package_identification:Package 'src/bumperbot_py_examples' with type 'ros.ament_python' and name 'bumperbot_py_examples'
[0.300s] Level 1:colcon.colcon_core.package_discovery:discover_packages(recursive) using defaults
[0.300s] Level 1:colcon.colcon_core.package_discovery:discover_packages(ignore) discover
[0.300s] Level 1:colcon.colcon_core.package_discovery:discover_packages(ignore) using defaults
[0.300s] Level 1:colcon.colcon_core.package_discovery:discover_packages(path) discover
[0.300s] Level 1:colcon.colcon_core.package_discovery:discover_packages(path) using defaults
[0.327s] Level 1:colcon.colcon_core.package_discovery:discover_packages(prefix_path) check parameters
[0.327s] Level 1:colcon.colcon_core.package_discovery:discover_packages(prefix_path) discover
[0.329s] DEBUG:colcon.colcon_installed_package_information.package_discovery:Found 382 installed packages in /opt/ros/humble
[0.331s] Level 1:colcon.colcon_core.package_discovery:discover_packages(prefix_path) using defaults
[0.358s] Level 5:colcon.colcon_core.verb:set package 'bumperbot_bringup' build argument 'cmake_args' from command line to 'None'
[0.358s] Level 5:colcon.colcon_core.verb:set package 'bumperbot_bringup' build argument 'cmake_target' from command line to 'None'
[0.358s] Level 5:colcon.colcon_core.verb:set package 'bumperbot_bringup' build argument 'cmake_target_skip_unavailable' from command line to 'False'
[0.358s] Level 5:colcon.colcon_core.verb:set package 'bumperbot_bringup' build argument 'cmake_clean_cache' from command line to 'False'
[0.358s] Level 5:colcon.colcon_core.verb:set package 'bumperbot_bringup' build argument 'cmake_clean_first' from command line to 'False'
[0.358s] Level 5:colcon.colcon_core.verb:set package 'bumperbot_bringup' build argument 'cmake_force_configure' from command line to 'False'
[0.358s] Level 5:colcon.colcon_core.verb:set package 'bumperbot_bringup' build argument 'ament_cmake_args' from command line to 'None'
[0.358s] Level 5:colcon.colcon_core.verb:set package 'bumperbot_bringup' build argument 'catkin_cmake_args' from command line to 'None'
[0.358s] Level 5:colcon.colcon_core.verb:set package 'bumperbot_bringup' build argument 'catkin_skip_building_tests' from command line to 'False'
[0.359s] DEBUG:colcon.colcon_core.verb:Building package 'bumperbot_bringup' with the following arguments: {'ament_cmake_args': None, 'build_base': '/home/shivam/slam_bot/build/bumperbot_bringup', 'catkin_cmake_args': None, 'catkin_skip_building_tests': False, 'cmake_args': None, 'cmake_clean_cache': False, 'cmake_clean_first': False, 'cmake_force_configure': False, 'cmake_target': None, 'cmake_target_skip_unavailable': False, 'install_base': '/home/shivam/slam_bot/install/bumperbot_bringup', 'merge_install': False, 'path': '/home/shivam/slam_bot/src/bumperbot_bringup', 'symlink_install': False, 'test_result_base': None}
[0.359s] Level 5:colcon.colcon_core.verb:set package 'bumperbot_controller' build argument 'cmake_args' from command line to 'None'
[0.359s] Level 5:colcon.colcon_core.verb:set package 'bumperbot_controller' build argument 'cmake_target' from command line to 'None'
[0.359s] Level 5:colcon.colcon_core.verb:set package 'bumperbot_controller' build argument 'cmake_target_skip_unavailable' from command line to 'False'
[0.359s] Level 5:colcon.colcon_core.verb:set package 'bumperbot_controller' build argument 'cmake_clean_cache' from command line to 'False'
[0.359s] Level 5:colcon.colcon_core.verb:set package 'bumperbot_controller' build argument 'cmake_clean_first' from command line to 'False'
[0.359s] Level 5:colcon.colcon_core.verb:set package 'bumperbot_controller' build argument 'cmake_force_configure' from command line to 'False'
[0.359s] Level 5:colcon.colcon_core.verb:set package 'bumperbot_controller' build argument 'ament_cmake_args' from command line to 'None'
[0.359s] Level 5:colcon.colcon_core.verb:set package 'bumperbot_controller' build argument 'catkin_cmake_args' from command line to 'None'
[0.359s] Level 5:colcon.colcon_core.verb:set package 'bumperbot_controller' build argument 'catkin_skip_building_tests' from command line to 'False'
[0.359s] DEBUG:colcon.colcon_core.verb:Building package 'bumperbot_controller' with the following arguments: {'ament_cmake_args': None, 'build_base': '/home/shivam/slam_bot/build/bumperbot_controller', 'catkin_cmake_args': None, 'catkin_skip_building_tests': False, 'cmake_args': None, 'cmake_clean_cache': False, 'cmake_clean_first': False, 'cmake_force_configure': False, 'cmake_target': None, 'cmake_target_skip_unavailable': False, 'install_base': '/home/shivam/slam_bot/install/bumperbot_controller', 'merge_install': False, 'path': '/home/shivam/slam_bot/src/bumperbot_controller', 'symlink_install': False, 'test_result_base': None}
[0.359s] Level 5:colcon.colcon_core.verb:set package 'bumperbot_description' build argument 'cmake_args' from command line to 'None'
[0.359s] Level 5:colcon.colcon_core.verb:set package 'bumperbot_description' build argument 'cmake_target' from command line to 'None'
[0.359s] Level 5:colcon.colcon_core.verb:set package 'bumperbot_description' build argument 'cmake_target_skip_unavailable' from command line to 'False'
[0.359s] Level 5:colcon.colcon_core.verb:set package 'bumperbot_description' build argument 'cmake_clean_cache' from command line to 'False'
[0.359s] Level 5:colcon.colcon_core.verb:set package 'bumperbot_description' build argument 'cmake_clean_first' from command line to 'False'
[0.359s] Level 5:colcon.colcon_core.verb:set package 'bumperbot_description' build argument 'cmake_force_configure' from command line to 'False'
[0.359s] Level 5:colcon.colcon_core.verb:set package 'bumperbot_description' build argument 'ament_cmake_args' from command line to 'None'
[0.359s] Level 5:colcon.colcon_core.verb:set package 'bumperbot_description' build argument 'catkin_cmake_args' from command line to 'None'
[0.359s] Level 5:colcon.colcon_core.verb:set package 'bumperbot_description' build argument 'catkin_skip_building_tests' from command line to 'False'
[0.359s] DEBUG:colcon.colcon_core.verb:Building package 'bumperbot_description' with the following arguments: {'ament_cmake_args': None, 'build_base': '/home/shivam/slam_bot/build/bumperbot_description', 'catkin_cmake_args': None, 'catkin_skip_building_tests': False, 'cmake_args': None, 'cmake_clean_cache': False, 'cmake_clean_first': False, 'cmake_force_configure': False, 'cmake_target': None, 'cmake_target_skip_unavailable': False, 'install_base': '/home/shivam/slam_bot/install/bumperbot_description', 'merge_install': False, 'path': '/home/shivam/slam_bot/src/bumperbot_description', 'symlink_install': False, 'test_result_base': None}
[0.359s] Level 5:colcon.colcon_core.verb:set package 'bumperbot_firmware' build argument 'cmake_args' from command line to 'None'
[0.359s] Level 5:colcon.colcon_core.verb:set package 'bumperbot_firmware' build argument 'cmake_target' from command line to 'None'
[0.359s] Level 5:colcon.colcon_core.verb:set package 'bumperbot_firmware' build argument 'cmake_target_skip_unavailable' from command line to 'False'
[0.359s] Level 5:colcon.colcon_core.verb:set package 'bumperbot_firmware' build argument 'cmake_clean_cache' from command line to 'False'
[0.359s] Level 5:colcon.colcon_core.verb:set package 'bumperbot_firmware' build argument 'cmake_clean_first' from command line to 'False'
[0.359s] Level 5:colcon.colcon_core.verb:set package 'bumperbot_firmware' build argument 'cmake_force_configure' from command line to 'False'
[0.359s] Level 5:colcon.colcon_core.verb:set package 'bumperbot_firmware' build argument 'ament_cmake_args' from command line to 'None'
[0.359s] Level 5:colcon.colcon_core.verb:set package 'bumperbot_firmware' build argument 'catkin_cmake_args' from command line to 'None'
[0.360s] Level 5:colcon.colcon_core.verb:set package 'bumperbot_firmware' build argument 'catkin_skip_building_tests' from command line to 'False'
[0.360s] DEBUG:colcon.colcon_core.verb:Building package 'bumperbot_firmware' with the following arguments: {'ament_cmake_args': None, 'build_base': '/home/shivam/slam_bot/build/bumperbot_firmware', 'catkin_cmake_args': None, 'catkin_skip_building_tests': False, 'cmake_args': None, 'cmake_clean_cache': False, 'cmake_clean_first': False, 'cmake_force_configure': False, 'cmake_target': None, 'cmake_target_skip_unavailable': False, 'install_base': '/home/shivam/slam_bot/install/bumperbot_firmware', 'merge_install': False, 'path': '/home/shivam/slam_bot/src/bumperbot_firmware', 'symlink_install': False, 'test_result_base': None}
[0.360s] Level 5:colcon.colcon_core.verb:set package 'bumperbot_localization' build argument 'cmake_args' from command line to 'None'
[0.360s] Level 5:colcon.colcon_core.verb:set package 'bumperbot_localization' build argument 'cmake_target' from command line to 'None'
[0.360s] Level 5:colcon.colcon_core.verb:set package 'bumperbot_localization' build argument 'cmake_target_skip_unavailable' from command line to 'False'
[0.360s] Level 5:colcon.colcon_core.verb:set package 'bumperbot_localization' build argument 'cmake_clean_cache' from command line to 'False'
[0.360s] Level 5:colcon.colcon_core.verb:set package 'bumperbot_localization' build argument 'cmake_clean_first' from command line to 'False'
[0.360s] Level 5:colcon.colcon_core.verb:set package 'bumperbot_localization' build argument 'cmake_force_configure' from command line to 'False'
[0.360s] Level 5:colcon.colcon_core.verb:set package 'bumperbot_localization' build argument 'ament_cmake_args' from command line to 'None'
[0.360s] Level 5:colcon.colcon_core.verb:set package 'bumperbot_localization' build argument 'catkin_cmake_args' from command line to 'None'
[0.360s] Level 5:colcon.colcon_core.verb:set package 'bumperbot_localization' build argument 'catkin_skip_building_tests' from command line to 'False'
[0.360s] DEBUG:colcon.colcon_core.verb:Building package 'bumperbot_localization' with the following arguments: {'ament_cmake_args': None, 'build_base': '/home/shivam/slam_bot/build/bumperbot_localization', 'catkin_cmake_args': None, 'catkin_skip_building_tests': False, 'cmake_args': None, 'cmake_clean_cache': False, 'cmake_clean_first': False, 'cmake_force_configure': False, 'cmake_target': None, 'cmake_target_skip_unavailable': False, 'install_base': '/home/shivam/slam_bot/install/bumperbot_localization', 'merge_install': False, 'path': '/home/shivam/slam_bot/src/bumperbot_localization', 'symlink_install': False, 'test_result_base': None}
[0.360s] Level 5:colcon.colcon_core.verb:set package 'bumperbot_msgs' build argument 'cmake_args' from command line to 'None'
[0.360s] Level 5:colcon.colcon_core.verb:set package 'bumperbot_msgs' build argument 'cmake_target' from command line to 'None'
[0.360s] Level 5:colcon.colcon_core.verb:set package 'bumperbot_msgs' build argument 'cmake_target_skip_unavailable' from command line to 'False'
[0.360s] Level 5:colcon.colcon_core.verb:set package 'bumperbot_msgs' build argument 'cmake_clean_cache' from command line to 'False'
[0.360s] Level 5:colcon.colcon_core.verb:set package 'bumperbot_msgs' build argument 'cmake_clean_first' from command line to 'False'
[0.360s] Level 5:colcon.colcon_core.verb:set package 'bumperbot_msgs' build argument 'cmake_force_configure' from command line to 'False'
[0.360s] Level 5:colcon.colcon_core.verb:set package 'bumperbot_msgs' build argument 'ament_cmake_args' from command line to 'None'
[0.360s] Level 5:colcon.colcon_core.verb:set package 'bumperbot_msgs' build argument 'catkin_cmake_args' from command line to 'None'
[0.360s] Level 5:colcon.colcon_core.verb:set package 'bumperbot_msgs' build argument 'catkin_skip_building_tests' from command line to 'False'
[0.360s] DEBUG:colcon.colcon_core.verb:Building package 'bumperbot_msgs' with the following arguments: {'ament_cmake_args': None, 'build_base': '/home/shivam/slam_bot/build/bumperbot_msgs', 'catkin_cmake_args': None, 'catkin_skip_building_tests': False, 'cmake_args': None, 'cmake_clean_cache': False, 'cmake_clean_first': False, 'cmake_force_configure': False, 'cmake_target': None, 'cmake_target_skip_unavailable': False, 'install_base': '/home/shivam/slam_bot/install/bumperbot_msgs', 'merge_install': False, 'path': '/home/shivam/slam_bot/src/bumperbot_msgs', 'symlink_install': False, 'test_result_base': None}
[0.360s] Level 5:colcon.colcon_core.verb:set package 'bumperbot_py_examples' build argument 'cmake_args' from command line to 'None'
[0.360s] Level 5:colcon.colcon_core.verb:set package 'bumperbot_py_examples' build argument 'cmake_target' from command line to 'None'
[0.360s] Level 5:colcon.colcon_core.verb:set package 'bumperbot_py_examples' build argument 'cmake_target_skip_unavailable' from command line to 'False'
[0.360s] Level 5:colcon.colcon_core.verb:set package 'bumperbot_py_examples' build argument 'cmake_clean_cache' from command line to 'False'
[0.360s] Level 5:colcon.colcon_core.verb:set package 'bumperbot_py_examples' build argument 'cmake_clean_first' from command line to 'False'
[0.360s] Level 5:colcon.colcon_core.verb:set package 'bumperbot_py_examples' build argument 'cmake_force_configure' from command line to 'False'
[0.360s] Level 5:colcon.colcon_core.verb:set package 'bumperbot_py_examples' build argument 'ament_cmake_args' from command line to 'None'
[0.360s] Level 5:colcon.colcon_core.verb:set package 'bumperbot_py_examples' build argument 'catkin_cmake_args' from command line to 'None'
[0.360s] Level 5:colcon.colcon_core.verb:set package 'bumperbot_py_examples' build argument 'catkin_skip_building_tests' from command line to 'False'
[0.360s] DEBUG:colcon.colcon_core.verb:Building package 'bumperbot_py_examples' with the following arguments: {'ament_cmake_args': None, 'build_base': '/home/shivam/slam_bot/build/bumperbot_py_examples', 'catkin_cmake_args': None, 'catkin_skip_building_tests': False, 'cmake_args': None, 'cmake_clean_cache': False, 'cmake_clean_first': False, 'cmake_force_configure': False, 'cmake_target': None, 'cmake_target_skip_unavailable': False, 'install_base': '/home/shivam/slam_bot/install/bumperbot_py_examples', 'merge_install': False, 'path': '/home/shivam/slam_bot/src/bumperbot_py_examples', 'symlink_install': False, 'test_result_base': None}
[0.360s] INFO:colcon.colcon_core.executor:Executing jobs using 'parallel' executor
[0.361s] DEBUG:colcon.colcon_parallel_executor.executor.parallel:run_until_complete
[0.361s] INFO:colcon.colcon_ros.task.ament_cmake.build:Building ROS package in '/home/shivam/slam_bot/src/bumperbot_msgs' with build type 'ament_cmake'
[0.362s] INFO:colcon.colcon_cmake.task.cmake.build:Building CMake package in '/home/shivam/slam_bot/src/bumperbot_msgs'
[0.363s] INFO:colcon.colcon_core.plugin_system:Skipping extension 'colcon_core.shell.bat': Not used on non-Windows systems
[0.363s] INFO:colcon.colcon_core.shell:Skip shell extension 'powershell' for command environment: Not usable outside of PowerShell
[0.363s] DEBUG:colcon.colcon_core.shell:Skip shell extension 'dsv' for command environment
[0.365s] INFO:colcon.colcon_ros.task.ament_cmake.build:Building ROS package in '/home/shivam/slam_bot/src/bumperbot_bringup' with build type 'ament_cmake'
[0.365s] INFO:colcon.colcon_cmake.task.cmake.build:Building CMake package in '/home/shivam/slam_bot/src/bumperbot_bringup'
[0.365s] INFO:colcon.colcon_core.shell:Skip shell extension 'powershell' for command environment: Not usable outside of PowerShell
[0.365s] DEBUG:colcon.colcon_core.shell:Skip shell extension 'dsv' for command environment
[0.367s] INFO:colcon.colcon_ros.task.ament_cmake.build:Building ROS package in '/home/shivam/slam_bot/src/bumperbot_controller' with build type 'ament_cmake'
[0.368s] INFO:colcon.colcon_cmake.task.cmake.build:Building CMake package in '/home/shivam/slam_bot/src/bumperbot_controller'
[0.368s] INFO:colcon.colcon_core.shell:Skip shell extension 'powershell' for command environment: Not usable outside of PowerShell
[0.368s] DEBUG:colcon.colcon_core.shell:Skip shell extension 'dsv' for command environment
[0.369s] INFO:colcon.colcon_ros.task.ament_cmake.build:Building ROS package in '/home/shivam/slam_bot/src/bumperbot_description' with build type 'ament_cmake'
[0.370s] INFO:colcon.colcon_cmake.task.cmake.build:Building CMake package in '/home/shivam/slam_bot/src/bumperbot_description'
[0.370s] INFO:colcon.colcon_core.shell:Skip shell extension 'powershell' for command environment: Not usable outside of PowerShell
[0.370s] DEBUG:colcon.colcon_core.shell:Skip shell extension 'dsv' for command environment
[0.372s] INFO:colcon.colcon_ros.task.ament_cmake.build:Building ROS package in '/home/shivam/slam_bot/src/bumperbot_firmware' with build type 'ament_cmake'
[0.372s] INFO:colcon.colcon_cmake.task.cmake.build:Building CMake package in '/home/shivam/slam_bot/src/bumperbot_firmware'
[0.372s] INFO:colcon.colcon_core.shell:Skip shell extension 'powershell' for command environment: Not usable outside of PowerShell
[0.372s] DEBUG:colcon.colcon_core.shell:Skip shell extension 'dsv' for command environment
[0.374s] INFO:colcon.colcon_ros.task.ament_cmake.build:Building ROS package in '/home/shivam/slam_bot/src/bumperbot_localization' with build type 'ament_cmake'
[0.374s] INFO:colcon.colcon_cmake.task.cmake.build:Building CMake package in '/home/shivam/slam_bot/src/bumperbot_localization'
[0.374s] INFO:colcon.colcon_core.shell:Skip shell extension 'powershell' for command environment: Not usable outside of PowerShell
[0.374s] DEBUG:colcon.colcon_core.shell:Skip shell extension 'dsv' for command environment
[0.379s] DEBUG:colcon.colcon_core.event_handler.log_command:Invoking command in '/home/shivam/slam_bot/build/bumperbot_msgs': CMAKE_PREFIX_PATH=/opt/ros/humble /usr/bin/cmake --build /home/shivam/slam_bot/build/bumperbot_msgs -- -j12 -l12
[0.384s] DEBUG:colcon.colcon_core.event_handler.log_command:Invoking command in '/home/shivam/slam_bot/build/bumperbot_bringup': CMAKE_PREFIX_PATH=/opt/ros/humble /usr/bin/cmake --build /home/shivam/slam_bot/build/bumperbot_bringup -- -j12 -l12
[0.384s] DEBUG:colcon.colcon_core.event_handler.log_command:Invoking command in '/home/shivam/slam_bot/build/bumperbot_controller': CMAKE_PREFIX_PATH=/opt/ros/humble /usr/bin/cmake --build /home/shivam/slam_bot/build/bumperbot_controller -- -j12 -l12
[0.388s] DEBUG:colcon.colcon_core.event_handler.log_command:Invoking command in '/home/shivam/slam_bot/build/bumperbot_description': CMAKE_PREFIX_PATH=/opt/ros/humble /usr/bin/cmake --build /home/shivam/slam_bot/build/bumperbot_description -- -j12 -l12
[0.394s] DEBUG:colcon.colcon_core.event_handler.log_command:Invoking command in '/home/shivam/slam_bot/build/bumperbot_firmware': CMAKE_PREFIX_PATH=/opt/ros/humble /usr/bin/cmake --build /home/shivam/slam_bot/build/bumperbot_firmware -- -j12 -l12
[0.426s] DEBUG:colcon.colcon_core.event_handler.log_command:Invoking command in '/home/shivam/slam_bot/build/bumperbot_localization': CMAKE_PREFIX_PATH=/opt/ros/humble /usr/bin/cmake --build /home/shivam/slam_bot/build/bumperbot_localization -- -j12 -l12
[0.443s] DEBUG:colcon.colcon_core.event_handler.log_command:Invoked command in '/home/shivam/slam_bot/build/bumperbot_bringup' returned '0': CMAKE_PREFIX_PATH=/opt/ros/humble /usr/bin/cmake --build /home/shivam/slam_bot/build/bumperbot_bringup -- -j12 -l12
[0.470s] DEBUG:colcon.colcon_core.event_handler.log_command:Invoked command in '/home/shivam/slam_bot/build/bumperbot_description' returned '0': CMAKE_PREFIX_PATH=/opt/ros/humble /usr/bin/cmake --build /home/shivam/slam_bot/build/bumperbot_description -- -j12 -l12
[0.543s] DEBUG:colcon.colcon_core.event_handler.log_command:Invoking command in '/home/shivam/slam_bot/build/bumperbot_bringup': CMAKE_PREFIX_PATH=/opt/ros/humble /usr/bin/cmake --install /home/shivam/slam_bot/build/bumperbot_bringup
[0.553s] DEBUG:colcon.colcon_core.event_handler.log_command:Invoking command in '/home/shivam/slam_bot/build/bumperbot_description': CMAKE_PREFIX_PATH=/opt/ros/humble /usr/bin/cmake --install /home/shivam/slam_bot/build/bumperbot_description
[0.586s] Level 1:colcon.colcon_core.environment:create_environment_scripts_only(bumperbot_description)
[0.586s] DEBUG:colcon.colcon_core.event_handler.log_command:Invoked command in '/home/shivam/slam_bot/build/bumperbot_description' returned '0': CMAKE_PREFIX_PATH=/opt/ros/humble /usr/bin/cmake --install /home/shivam/slam_bot/build/bumperbot_description
[0.590s] Level 1:colcon.colcon_core.environment:checking '/home/shivam/slam_bot/install/bumperbot_description' for CMake module files
[0.591s] Level 1:colcon.colcon_core.environment:checking '/home/shivam/slam_bot/install/bumperbot_description' for CMake config files
[0.591s] Level 1:colcon.colcon_core.shell:create_environment_hook('bumperbot_description', 'cmake_prefix_path')
[0.591s] INFO:colcon.colcon_core.shell:Creating environment hook '/home/shivam/slam_bot/install/bumperbot_description/share/bumperbot_description/hook/cmake_prefix_path.ps1'
[0.592s] INFO:colcon.colcon_core.shell:Creating environment descriptor '/home/shivam/slam_bot/install/bumperbot_description/share/bumperbot_description/hook/cmake_prefix_path.dsv'
[0.592s] INFO:colcon.colcon_core.shell:Creating environment hook '/home/shivam/slam_bot/install/bumperbot_description/share/bumperbot_description/hook/cmake_prefix_path.sh'
[0.593s] Level 1:colcon.colcon_core.environment:checking '/home/shivam/slam_bot/install/bumperbot_description/bin'
[0.593s] Level 1:colcon.colcon_core.environment:checking '/home/shivam/slam_bot/install/bumperbot_description/lib/pkgconfig/bumperbot_description.pc'
[0.600s] Level 1:colcon.colcon_core.environment:checking '/home/shivam/slam_bot/install/bumperbot_description/lib/python3.10/site-packages'
[0.600s] Level 1:colcon.colcon_core.environment:checking '/home/shivam/slam_bot/install/bumperbot_description/bin'
[0.600s] INFO:colcon.colcon_core.shell:Creating package script '/home/shivam/slam_bot/install/bumperbot_description/share/bumperbot_description/package.ps1'
[0.601s] INFO:colcon.colcon_core.shell:Creating package descriptor '/home/shivam/slam_bot/install/bumperbot_description/share/bumperbot_description/package.dsv'
[0.602s] INFO:colcon.colcon_core.shell:Creating package script '/home/shivam/slam_bot/install/bumperbot_description/share/bumperbot_description/package.sh'
[0.607s] INFO:colcon.colcon_core.shell:Creating package script '/home/shivam/slam_bot/install/bumperbot_description/share/bumperbot_description/package.bash'
[0.608s] INFO:colcon.colcon_core.shell:Creating package script '/home/shivam/slam_bot/install/bumperbot_description/share/bumperbot_description/package.zsh'
[0.611s] Level 1:colcon.colcon_core.environment:create_file_with_runtime_dependencies(/home/shivam/slam_bot/install/bumperbot_description/share/colcon-core/packages/bumperbot_description)
[0.616s] Level 1:colcon.colcon_core.environment:create_environment_scripts_only(bumperbot_bringup)
[0.616s] DEBUG:colcon.colcon_core.event_handler.log_command:Invoked command in '/home/shivam/slam_bot/build/bumperbot_bringup' returned '0': CMAKE_PREFIX_PATH=/opt/ros/humble /usr/bin/cmake --install /home/shivam/slam_bot/build/bumperbot_bringup
[0.616s] Level 1:colcon.colcon_core.environment:checking '/home/shivam/slam_bot/install/bumperbot_bringup' for CMake module files
[0.617s] Level 1:colcon.colcon_core.environment:checking '/home/shivam/slam_bot/install/bumperbot_bringup' for CMake config files
[0.617s] Level 1:colcon.colcon_core.shell:create_environment_hook('bumperbot_bringup', 'cmake_prefix_path')
[0.617s] INFO:colcon.colcon_core.shell:Creating environment hook '/home/shivam/slam_bot/install/bumperbot_bringup/share/bumperbot_bringup/hook/cmake_prefix_path.ps1'
[0.617s] INFO:colcon.colcon_core.shell:Creating environment descriptor '/home/shivam/slam_bot/install/bumperbot_bringup/share/bumperbot_bringup/hook/cmake_prefix_path.dsv'
[0.618s] INFO:colcon.colcon_core.shell:Creating environment hook '/home/shivam/slam_bot/install/bumperbot_bringup/share/bumperbot_bringup/hook/cmake_prefix_path.sh'
[0.618s] Level 1:colcon.colcon_core.environment:checking '/home/shivam/slam_bot/install/bumperbot_bringup/bin'
[0.618s] Level 1:colcon.colcon_core.environment:checking '/home/shivam/slam_bot/install/bumperbot_bringup/lib/pkgconfig/bumperbot_bringup.pc'
[0.618s] Level 1:colcon.colcon_core.environment:checking '/home/shivam/slam_bot/install/bumperbot_bringup/lib/python3.10/site-packages'
[0.618s] Level 1:colcon.colcon_core.environment:checking '/home/shivam/slam_bot/install/bumperbot_bringup/bin'
[0.619s] INFO:colcon.colcon_core.shell:Creating package script '/home/shivam/slam_bot/install/bumperbot_bringup/share/bumperbot_bringup/package.ps1'
[0.619s] INFO:colcon.colcon_core.shell:Creating package descriptor '/home/shivam/slam_bot/install/bumperbot_bringup/share/bumperbot_bringup/package.dsv'
[0.619s] INFO:colcon.colcon_core.shell:Creating package script '/home/shivam/slam_bot/install/bumperbot_bringup/share/bumperbot_bringup/package.sh'
[0.625s] INFO:colcon.colcon_core.shell:Creating package script '/home/shivam/slam_bot/install/bumperbot_bringup/share/bumperbot_bringup/package.bash'
[0.626s] INFO:colcon.colcon_core.shell:Creating package script '/home/shivam/slam_bot/install/bumperbot_bringup/share/bumperbot_bringup/package.zsh'
[0.626s] Level 1:colcon.colcon_core.environment:create_file_with_runtime_dependencies(/home/shivam/slam_bot/install/bumperbot_bringup/share/colcon-core/packages/bumperbot_bringup)
[0.648s] Level 1:colcon.colcon_core.environment:create_environment_scripts_only(bumperbot_description)
[0.648s] Level 1:colcon.colcon_core.environment:checking '/home/shivam/slam_bot/install/bumperbot_description' for CMake module files
[0.648s] Level 1:colcon.colcon_core.environment:checking '/home/shivam/slam_bot/install/bumperbot_description' for CMake config files
[0.648s] Level 1:colcon.colcon_core.shell:create_environment_hook('bumperbot_description', 'cmake_prefix_path')
[0.649s] INFO:colcon.colcon_core.shell:Creating environment hook '/home/shivam/slam_bot/install/bumperbot_description/share/bumperbot_description/hook/cmake_prefix_path.ps1'
[0.649s] INFO:colcon.colcon_core.shell:Creating environment descriptor '/home/shivam/slam_bot/install/bumperbot_description/share/bumperbot_description/hook/cmake_prefix_path.dsv'
[0.649s] INFO:colcon.colcon_core.shell:Creating environment hook '/home/shivam/slam_bot/install/bumperbot_description/share/bumperbot_description/hook/cmake_prefix_path.sh'
[0.650s] Level 1:colcon.colcon_core.environment:checking '/home/shivam/slam_bot/install/bumperbot_description/bin'
[0.650s] Level 1:colcon.colcon_core.environment:checking '/home/shivam/slam_bot/install/bumperbot_description/lib/pkgconfig/bumperbot_description.pc'
[0.650s] Level 1:colcon.colcon_core.environment:checking '/home/shivam/slam_bot/install/bumperbot_description/lib/python3.10/site-packages'
[0.650s] Level 1:colcon.colcon_core.environment:checking '/home/shivam/slam_bot/install/bumperbot_description/bin'
[0.650s] INFO:colcon.colcon_core.shell:Creating package script '/home/shivam/slam_bot/install/bumperbot_description/share/bumperbot_description/package.ps1'
[0.651s] INFO:colcon.colcon_core.shell:Creating package descriptor '/home/shivam/slam_bot/install/bumperbot_description/share/bumperbot_description/package.dsv'
[0.651s] INFO:colcon.colcon_core.shell:Creating package script '/home/shivam/slam_bot/install/bumperbot_description/share/bumperbot_description/package.sh'
[0.651s] INFO:colcon.colcon_core.shell:Creating package script '/home/shivam/slam_bot/install/bumperbot_description/share/bumperbot_description/package.bash'
[0.652s] INFO:colcon.colcon_core.shell:Creating package script '/home/shivam/slam_bot/install/bumperbot_description/share/bumperbot_description/package.zsh'
[0.652s] Level 1:colcon.colcon_core.environment:create_file_with_runtime_dependencies(/home/shivam/slam_bot/install/bumperbot_description/share/colcon-core/packages/bumperbot_description)
[0.666s] Level 1:colcon.colcon_core.environment:create_environment_scripts_only(bumperbot_bringup)
[0.666s] Level 1:colcon.colcon_core.environment:checking '/home/shivam/slam_bot/install/bumperbot_bringup' for CMake module files
[0.666s] Level 1:colcon.colcon_core.environment:checking '/home/shivam/slam_bot/install/bumperbot_bringup' for CMake config files
[0.666s] Level 1:colcon.colcon_core.shell:create_environment_hook('bumperbot_bringup', 'cmake_prefix_path')
[0.667s] INFO:colcon.colcon_core.shell:Creating environment hook '/home/shivam/slam_bot/install/bumperbot_bringup/share/bumperbot_bringup/hook/cmake_prefix_path.ps1'
[0.667s] INFO:colcon.colcon_core.shell:Creating environment descriptor '/home/shivam/slam_bot/install/bumperbot_bringup/share/bumperbot_bringup/hook/cmake_prefix_path.dsv'
[0.668s] INFO:colcon.colcon_core.shell:Creating environment hook '/home/shivam/slam_bot/install/bumperbot_bringup/share/bumperbot_bringup/hook/cmake_prefix_path.sh'
[0.668s] Level 1:colcon.colcon_core.environment:checking '/home/shivam/slam_bot/install/bumperbot_bringup/bin'
[0.668s] Level 1:colcon.colcon_core.environment:checking '/home/shivam/slam_bot/install/bumperbot_bringup/lib/pkgconfig/bumperbot_bringup.pc'
[0.668s] Level 1:colcon.colcon_core.environment:checking '/home/shivam/slam_bot/install/bumperbot_bringup/lib/python3.10/site-packages'
[0.668s] Level 1:colcon.colcon_core.environment:checking '/home/shivam/slam_bot/install/bumperbot_bringup/bin'
[0.669s] INFO:colcon.colcon_core.shell:Creating package script '/home/shivam/slam_bot/install/bumperbot_bringup/share/bumperbot_bringup/package.ps1'
[0.669s] INFO:colcon.colcon_core.shell:Creating package descriptor '/home/shivam/slam_bot/install/bumperbot_bringup/share/bumperbot_bringup/package.dsv'
[0.669s] INFO:colcon.colcon_core.shell:Creating package script '/home/shivam/slam_bot/install/bumperbot_bringup/share/bumperbot_bringup/package.sh'
[0.670s] INFO:colcon.colcon_core.shell:Creating package script '/home/shivam/slam_bot/install/bumperbot_bringup/share/bumperbot_bringup/package.bash'
[0.670s] INFO:colcon.colcon_core.shell:Creating package script '/home/shivam/slam_bot/install/bumperbot_bringup/share/bumperbot_bringup/package.zsh'
[0.670s] Level 1:colcon.colcon_core.environment:create_file_with_runtime_dependencies(/home/shivam/slam_bot/install/bumperbot_bringup/share/colcon-core/packages/bumperbot_bringup)
[0.974s] DEBUG:colcon.colcon_core.event_handler.log_command:Invoked command in '/home/shivam/slam_bot/build/bumperbot_msgs' returned '0': CMAKE_PREFIX_PATH=/opt/ros/humble /usr/bin/cmake --build /home/shivam/slam_bot/build/bumperbot_msgs -- -j12 -l12
[0.982s] DEBUG:colcon.colcon_core.event_handler.log_command:Invoked command in '/home/shivam/slam_bot/build/bumperbot_controller' returned '0': CMAKE_PREFIX_PATH=/opt/ros/humble /usr/bin/cmake --build /home/shivam/slam_bot/build/bumperbot_controller -- -j12 -l12
[0.988s] DEBUG:colcon.colcon_core.event_handler.log_command:Invoked command in '/home/shivam/slam_bot/build/bumperbot_firmware' returned '0': CMAKE_PREFIX_PATH=/opt/ros/humble /usr/bin/cmake --build /home/shivam/slam_bot/build/bumperbot_firmware -- -j12 -l12
[0.999s] DEBUG:colcon.colcon_core.event_handler.log_command:Invoked command in '/home/shivam/slam_bot/build/bumperbot_localization' returned '0': CMAKE_PREFIX_PATH=/opt/ros/humble /usr/bin/cmake --build /home/shivam/slam_bot/build/bumperbot_localization -- -j12 -l12
[1.003s] DEBUG:colcon.colcon_core.event_handler.log_command:Invoking command in '/home/shivam/slam_bot/build/bumperbot_controller': CMAKE_PREFIX_PATH=/opt/ros/humble /usr/bin/cmake --install /home/shivam/slam_bot/build/bumperbot_controller
[1.014s] DEBUG:colcon.colcon_core.event_handler.log_command:Invoking command in '/home/shivam/slam_bot/build/bumperbot_firmware': CMAKE_PREFIX_PATH=/opt/ros/humble /usr/bin/cmake --install /home/shivam/slam_bot/build/bumperbot_firmware
[1.023s] DEBUG:colcon.colcon_core.event_handler.log_command:Invoking command in '/home/shivam/slam_bot/build/bumperbot_localization': CMAKE_PREFIX_PATH=/opt/ros/humble /usr/bin/cmake --install /home/shivam/slam_bot/build/bumperbot_localization
[1.054s] Level 1:colcon.colcon_core.environment:create_environment_scripts_only(bumperbot_controller)
[1.054s] DEBUG:colcon.colcon_core.event_handler.log_command:Invoked command in '/home/shivam/slam_bot/build/bumperbot_controller' returned '0': CMAKE_PREFIX_PATH=/opt/ros/humble /usr/bin/cmake --install /home/shivam/slam_bot/build/bumperbot_controller
[1.054s] Level 1:colcon.colcon_core.environment:checking '/home/shivam/slam_bot/install/bumperbot_controller' for CMake module files
[1.055s] Level 1:colcon.colcon_core.environment:checking '/home/shivam/slam_bot/install/bumperbot_controller' for CMake config files
[1.055s] Level 1:colcon.colcon_core.shell:create_environment_hook('bumperbot_controller', 'cmake_prefix_path')
[1.055s] INFO:colcon.colcon_core.shell:Creating environment hook '/home/shivam/slam_bot/install/bumperbot_controller/share/bumperbot_controller/hook/cmake_prefix_path.ps1'
[1.055s] INFO:colcon.colcon_core.shell:Creating environment descriptor '/home/shivam/slam_bot/install/bumperbot_controller/share/bumperbot_controller/hook/cmake_prefix_path.dsv'
[1.056s] INFO:colcon.colcon_core.shell:Creating environment hook '/home/shivam/slam_bot/install/bumperbot_controller/share/bumperbot_controller/hook/cmake_prefix_path.sh'
[1.056s] Level 1:colcon.colcon_core.environment:checking '/home/shivam/slam_bot/install/bumperbot_controller/lib'
[1.057s] Level 1:colcon.colcon_core.environment:checking '/home/shivam/slam_bot/install/bumperbot_controller/bin'
[1.057s] Level 1:colcon.colcon_core.environment:checking '/home/shivam/slam_bot/install/bumperbot_controller/lib/pkgconfig/bumperbot_controller.pc'
[1.057s] Level 1:colcon.colcon_core.environment:checking '/home/shivam/slam_bot/install/bumperbot_controller/lib/python3.10/site-packages'
[1.058s] Level 1:colcon.colcon_core.environment:checking '/home/shivam/slam_bot/install/bumperbot_controller/bin'
[1.058s] INFO:colcon.colcon_core.shell:Creating package script '/home/shivam/slam_bot/install/bumperbot_controller/share/bumperbot_controller/package.ps1'
[1.058s] INFO:colcon.colcon_core.shell:Creating package descriptor '/home/shivam/slam_bot/install/bumperbot_controller/share/bumperbot_controller/package.dsv'
[1.059s] INFO:colcon.colcon_core.shell:Creating package script '/home/shivam/slam_bot/install/bumperbot_controller/share/bumperbot_controller/package.sh'
[1.061s] INFO:colcon.colcon_core.shell:Creating package script '/home/shivam/slam_bot/install/bumperbot_controller/share/bumperbot_controller/package.bash'
[1.061s] INFO:colcon.colcon_core.shell:Creating package script '/home/shivam/slam_bot/install/bumperbot_controller/share/bumperbot_controller/package.zsh'
[1.062s] Level 1:colcon.colcon_core.environment:create_file_with_runtime_dependencies(/home/shivam/slam_bot/install/bumperbot_controller/share/colcon-core/packages/bumperbot_controller)
[1.069s] DEBUG:colcon.colcon_core.event_handler.log_command:Invoking command in '/home/shivam/slam_bot/build/bumperbot_msgs': CMAKE_PREFIX_PATH=/opt/ros/humble /usr/bin/cmake --install /home/shivam/slam_bot/build/bumperbot_msgs
[1.071s] Level 1:colcon.colcon_core.environment:create_environment_scripts_only(bumperbot_firmware)
[1.071s] DEBUG:colcon.colcon_core.event_handler.log_command:Invoked command in '/home/shivam/slam_bot/build/bumperbot_firmware' returned '0': CMAKE_PREFIX_PATH=/opt/ros/humble /usr/bin/cmake --install /home/shivam/slam_bot/build/bumperbot_firmware
[1.071s] Level 1:colcon.colcon_core.environment:checking '/home/shivam/slam_bot/install/bumperbot_firmware' for CMake module files
[1.073s] Level 1:colcon.colcon_core.environment:checking '/home/shivam/slam_bot/install/bumperbot_firmware' for CMake config files
[1.073s] Level 1:colcon.colcon_core.shell:create_environment_hook('bumperbot_firmware', 'cmake_prefix_path')
[1.074s] INFO:colcon.colcon_core.shell:Creating environment hook '/home/shivam/slam_bot/install/bumperbot_firmware/share/bumperbot_firmware/hook/cmake_prefix_path.ps1'
[1.075s] INFO:colcon.colcon_core.shell:Creating environment descriptor '/home/shivam/slam_bot/install/bumperbot_firmware/share/bumperbot_firmware/hook/cmake_prefix_path.dsv'
[1.076s] INFO:colcon.colcon_core.shell:Creating environment hook '/home/shivam/slam_bot/install/bumperbot_firmware/share/bumperbot_firmware/hook/cmake_prefix_path.sh'
[1.077s] Level 1:colcon.colcon_core.environment:checking '/home/shivam/slam_bot/install/bumperbot_firmware/lib'
[1.077s] Level 1:colcon.colcon_core.shell:create_environment_hook('bumperbot_firmware', 'ld_library_path_lib')
[1.078s] INFO:colcon.colcon_core.shell:Creating environment hook '/home/shivam/slam_bot/install/bumperbot_firmware/share/bumperbot_firmware/hook/ld_library_path_lib.ps1'
[1.078s] INFO:colcon.colcon_core.shell:Creating environment descriptor '/home/shivam/slam_bot/install/bumperbot_firmware/share/bumperbot_firmware/hook/ld_library_path_lib.dsv'
[1.078s] INFO:colcon.colcon_core.shell:Creating environment hook '/home/shivam/slam_bot/install/bumperbot_firmware/share/bumperbot_firmware/hook/ld_library_path_lib.sh'
[1.082s] Level 1:colcon.colcon_core.environment:checking '/home/shivam/slam_bot/install/bumperbot_firmware/bin'
[1.082s] Level 1:colcon.colcon_core.environment:checking '/home/shivam/slam_bot/install/bumperbot_firmware/lib/pkgconfig/bumperbot_firmware.pc'
[1.083s] Level 1:colcon.colcon_core.environment:checking '/home/shivam/slam_bot/install/bumperbot_firmware/lib/python3.10/site-packages'
[1.083s] Level 1:colcon.colcon_core.environment:checking '/home/shivam/slam_bot/install/bumperbot_firmware/bin'
[1.084s] INFO:colcon.colcon_core.shell:Creating package script '/home/shivam/slam_bot/install/bumperbot_firmware/share/bumperbot_firmware/package.ps1'
[1.087s] INFO:colcon.colcon_core.shell:Creating package descriptor '/home/shivam/slam_bot/install/bumperbot_firmware/share/bumperbot_firmware/package.dsv'
[1.088s] INFO:colcon.colcon_core.shell:Creating package script '/home/shivam/slam_bot/install/bumperbot_firmware/share/bumperbot_firmware/package.sh'
[1.088s] INFO:colcon.colcon_core.shell:Creating package script '/home/shivam/slam_bot/install/bumperbot_firmware/share/bumperbot_firmware/package.bash'
[1.089s] INFO:colcon.colcon_core.shell:Creating package script '/home/shivam/slam_bot/install/bumperbot_firmware/share/bumperbot_firmware/package.zsh'
[1.089s] Level 1:colcon.colcon_core.environment:create_file_with_runtime_dependencies(/home/shivam/slam_bot/install/bumperbot_firmware/share/colcon-core/packages/bumperbot_firmware)
[1.090s] Level 1:colcon.colcon_core.environment:create_environment_scripts_only(bumperbot_controller)
[1.090s] Level 1:colcon.colcon_core.environment:checking '/home/shivam/slam_bot/install/bumperbot_controller' for CMake module files
[1.091s] Level 1:colcon.colcon_core.environment:checking '/home/shivam/slam_bot/install/bumperbot_controller' for CMake config files
[1.091s] Level 1:colcon.colcon_core.shell:create_environment_hook('bumperbot_controller', 'cmake_prefix_path')
[1.091s] INFO:colcon.colcon_core.shell:Creating environment hook '/home/shivam/slam_bot/install/bumperbot_controller/share/bumperbot_controller/hook/cmake_prefix_path.ps1'
[1.091s] INFO:colcon.colcon_core.shell:Creating environment descriptor '/home/shivam/slam_bot/install/bumperbot_controller/share/bumperbot_controller/hook/cmake_prefix_path.dsv'
[1.092s] INFO:colcon.colcon_core.shell:Creating environment hook '/home/shivam/slam_bot/install/bumperbot_controller/share/bumperbot_controller/hook/cmake_prefix_path.sh'
[1.092s] Level 1:colcon.colcon_core.environment:checking '/home/shivam/slam_bot/install/bumperbot_controller/lib'
[1.092s] Level 1:colcon.colcon_core.environment:checking '/home/shivam/slam_bot/install/bumperbot_controller/bin'
[1.092s] Level 1:colcon.colcon_core.environment:checking '/home/shivam/slam_bot/install/bumperbot_controller/lib/pkgconfig/bumperbot_controller.pc'
[1.092s] Level 1:colcon.colcon_core.environment:checking '/home/shivam/slam_bot/install/bumperbot_controller/lib/python3.10/site-packages'
[1.093s] Level 1:colcon.colcon_core.environment:checking '/home/shivam/slam_bot/install/bumperbot_controller/bin'
[1.093s] INFO:colcon.colcon_core.shell:Creating package script '/home/shivam/slam_bot/install/bumperbot_controller/share/bumperbot_controller/package.ps1'
[1.093s] INFO:colcon.colcon_core.shell:Creating package descriptor '/home/shivam/slam_bot/install/bumperbot_controller/share/bumperbot_controller/package.dsv'
[1.094s] INFO:colcon.colcon_core.shell:Creating package script '/home/shivam/slam_bot/install/bumperbot_controller/share/bumperbot_controller/package.sh'
[1.094s] INFO:colcon.colcon_core.shell:Creating package script '/home/shivam/slam_bot/install/bumperbot_controller/share/bumperbot_controller/package.bash'
[1.094s] INFO:colcon.colcon_core.shell:Creating package script '/home/shivam/slam_bot/install/bumperbot_controller/share/bumperbot_controller/package.zsh'
[1.095s] Level 1:colcon.colcon_core.environment:create_file_with_runtime_dependencies(/home/shivam/slam_bot/install/bumperbot_controller/share/colcon-core/packages/bumperbot_controller)
[1.096s] Level 1:colcon.colcon_core.environment:create_environment_scripts_only(bumperbot_localization)
[1.096s] Level 1:colcon.colcon_core.environment:checking '/home/shivam/slam_bot/install/bumperbot_localization' for CMake module files
[1.096s] Level 1:colcon.colcon_core.environment:checking '/home/shivam/slam_bot/install/bumperbot_localization' for CMake config files
[1.096s] Level 1:colcon.colcon_core.shell:create_environment_hook('bumperbot_localization', 'cmake_prefix_path')
[1.097s] INFO:colcon.colcon_core.shell:Creating environment hook '/home/shivam/slam_bot/install/bumperbot_localization/share/bumperbot_localization/hook/cmake_prefix_path.ps1'
[1.097s] INFO:colcon.colcon_core.shell:Creating environment descriptor '/home/shivam/slam_bot/install/bumperbot_localization/share/bumperbot_localization/hook/cmake_prefix_path.dsv'
[1.097s] INFO:colcon.colcon_core.shell:Creating environment hook '/home/shivam/slam_bot/install/bumperbot_localization/share/bumperbot_localization/hook/cmake_prefix_path.sh'
[1.098s] Level 1:colcon.colcon_core.environment:checking '/home/shivam/slam_bot/install/bumperbot_localization/lib'
[1.098s] Level 1:colcon.colcon_core.environment:checking '/home/shivam/slam_bot/install/bumperbot_localization/bin'
[1.098s] Level 1:colcon.colcon_core.environment:checking '/home/shivam/slam_bot/install/bumperbot_localization/lib/pkgconfig/bumperbot_localization.pc'
[1.098s] Level 1:colcon.colcon_core.environment:checking '/home/shivam/slam_bot/install/bumperbot_localization/lib/python3.10/site-packages'
[1.098s] Level 1:colcon.colcon_core.environment:checking '/home/shivam/slam_bot/install/bumperbot_localization/bin'
[1.098s] INFO:colcon.colcon_core.shell:Creating package script '/home/shivam/slam_bot/install/bumperbot_localization/share/bumperbot_localization/package.ps1'
[1.099s] INFO:colcon.colcon_core.shell:Creating package descriptor '/home/shivam/slam_bot/install/bumperbot_localization/share/bumperbot_localization/package.dsv'
[1.099s] INFO:colcon.colcon_core.shell:Creating package script '/home/shivam/slam_bot/install/bumperbot_localization/share/bumperbot_localization/package.sh'
[1.100s] DEBUG:colcon.colcon_core.event_handler.log_command:Invoked command in '/home/shivam/slam_bot/build/bumperbot_localization' returned '0': CMAKE_PREFIX_PATH=/opt/ros/humble /usr/bin/cmake --install /home/shivam/slam_bot/build/bumperbot_localization
[1.100s] INFO:colcon.colcon_core.shell:Creating package script '/home/shivam/slam_bot/install/bumperbot_localization/share/bumperbot_localization/package.bash'
[1.100s] INFO:colcon.colcon_core.shell:Creating package script '/home/shivam/slam_bot/install/bumperbot_localization/share/bumperbot_localization/package.zsh'
[1.100s] Level 1:colcon.colcon_core.environment:create_file_with_runtime_dependencies(/home/shivam/slam_bot/install/bumperbot_localization/share/colcon-core/packages/bumperbot_localization)
[1.114s] Level 1:colcon.colcon_core.environment:create_environment_scripts_only(bumperbot_msgs)
[1.115s] Level 1:colcon.colcon_core.environment:checking '/home/shivam/slam_bot/install/bumperbot_msgs' for CMake module files
[1.115s] Level 1:colcon.colcon_core.environment:checking '/home/shivam/slam_bot/install/bumperbot_msgs' for CMake config files
[1.116s] Level 1:colcon.colcon_core.shell:create_environment_hook('bumperbot_msgs', 'cmake_prefix_path')
[1.116s] INFO:colcon.colcon_core.shell:Creating environment hook '/home/shivam/slam_bot/install/bumperbot_msgs/share/bumperbot_msgs/hook/cmake_prefix_path.ps1'
[1.117s] DEBUG:colcon.colcon_core.event_handler.log_command:Invoked command in '/home/shivam/slam_bot/build/bumperbot_msgs' returned '0': CMAKE_PREFIX_PATH=/opt/ros/humble /usr/bin/cmake --install /home/shivam/slam_bot/build/bumperbot_msgs
[1.117s] INFO:colcon.colcon_core.shell:Creating environment descriptor '/home/shivam/slam_bot/install/bumperbot_msgs/share/bumperbot_msgs/hook/cmake_prefix_path.dsv'
[1.118s] INFO:colcon.colcon_core.shell:Creating environment hook '/home/shivam/slam_bot/install/bumperbot_msgs/share/bumperbot_msgs/hook/cmake_prefix_path.sh'
[1.118s] Level 1:colcon.colcon_core.environment:checking '/home/shivam/slam_bot/install/bumperbot_msgs/lib'
[1.118s] Level 1:colcon.colcon_core.shell:create_environment_hook('bumperbot_msgs', 'ld_library_path_lib')
[1.119s] INFO:colcon.colcon_core.shell:Creating environment hook '/home/shivam/slam_bot/install/bumperbot_msgs/share/bumperbot_msgs/hook/ld_library_path_lib.ps1'
[1.119s] INFO:colcon.colcon_core.shell:Creating environment descriptor '/home/shivam/slam_bot/install/bumperbot_msgs/share/bumperbot_msgs/hook/ld_library_path_lib.dsv'
[1.119s] INFO:colcon.colcon_core.shell:Creating environment hook '/home/shivam/slam_bot/install/bumperbot_msgs/share/bumperbot_msgs/hook/ld_library_path_lib.sh'
[1.119s] Level 1:colcon.colcon_core.environment:checking '/home/shivam/slam_bot/install/bumperbot_msgs/bin'
[1.119s] Level 1:colcon.colcon_core.environment:checking '/home/shivam/slam_bot/install/bumperbot_msgs/lib/pkgconfig/bumperbot_msgs.pc'
[1.120s] Level 1:colcon.colcon_core.environment:checking '/home/shivam/slam_bot/install/bumperbot_msgs/lib/python3.10/site-packages'
[1.120s] Level 1:colcon.colcon_core.environment:checking '/home/shivam/slam_bot/install/bumperbot_msgs/bin'
[1.120s] INFO:colcon.colcon_core.shell:Creating package script '/home/shivam/slam_bot/install/bumperbot_msgs/share/bumperbot_msgs/package.ps1'
[1.120s] INFO:colcon.colcon_core.shell:Creating package descriptor '/home/shivam/slam_bot/install/bumperbot_msgs/share/bumperbot_msgs/package.dsv'
[1.120s] INFO:colcon.colcon_core.shell:Creating package script '/home/shivam/slam_bot/install/bumperbot_msgs/share/bumperbot_msgs/package.sh'
[1.121s] INFO:colcon.colcon_core.shell:Creating package script '/home/shivam/slam_bot/install/bumperbot_msgs/share/bumperbot_msgs/package.bash'
[1.121s] INFO:colcon.colcon_core.shell:Creating package script '/home/shivam/slam_bot/install/bumperbot_msgs/share/bumperbot_msgs/package.zsh'
[1.121s] Level 1:colcon.colcon_core.environment:create_file_with_runtime_dependencies(/home/shivam/slam_bot/install/bumperbot_msgs/share/colcon-core/packages/bumperbot_msgs)
[1.122s] Level 1:colcon.colcon_core.environment:create_environment_scripts_only(bumperbot_localization)
[1.122s] Level 1:colcon.colcon_core.environment:checking '/home/shivam/slam_bot/install/bumperbot_localization' for CMake module files
[1.123s] Level 1:colcon.colcon_core.environment:checking '/home/shivam/slam_bot/install/bumperbot_localization' for CMake config files
[1.123s] Level 1:colcon.colcon_core.shell:create_environment_hook('bumperbot_localization', 'cmake_prefix_path')
[1.123s] INFO:colcon.colcon_core.shell:Creating environment hook '/home/shivam/slam_bot/install/bumperbot_localization/share/bumperbot_localization/hook/cmake_prefix_path.ps1'
[1.123s] INFO:colcon.colcon_core.shell:Creating environment descriptor '/home/shivam/slam_bot/install/bumperbot_localization/share/bumperbot_localization/hook/cmake_prefix_path.dsv'
[1.124s] INFO:colcon.colcon_core.shell:Creating environment hook '/home/shivam/slam_bot/install/bumperbot_localization/share/bumperbot_localization/hook/cmake_prefix_path.sh'
[1.124s] Level 1:colcon.colcon_core.environment:checking '/home/shivam/slam_bot/install/bumperbot_localization/lib'
[1.124s] Level 1:colcon.colcon_core.environment:checking '/home/shivam/slam_bot/install/bumperbot_localization/bin'
[1.124s] Level 1:colcon.colcon_core.environment:checking '/home/shivam/slam_bot/install/bumperbot_localization/lib/pkgconfig/bumperbot_localization.pc'
[1.124s] Level 1:colcon.colcon_core.environment:checking '/home/shivam/slam_bot/install/bumperbot_localization/lib/python3.10/site-packages'
[1.125s] Level 1:colcon.colcon_core.environment:checking '/home/shivam/slam_bot/install/bumperbot_localization/bin'
[1.125s] INFO:colcon.colcon_core.shell:Creating package script '/home/shivam/slam_bot/install/bumperbot_localization/share/bumperbot_localization/package.ps1'
[1.125s] INFO:colcon.colcon_core.shell:Creating package descriptor '/home/shivam/slam_bot/install/bumperbot_localization/share/bumperbot_localization/package.dsv'
[1.126s] INFO:colcon.colcon_core.shell:Creating package script '/home/shivam/slam_bot/install/bumperbot_localization/share/bumperbot_localization/package.sh'
[1.126s] INFO:colcon.colcon_core.shell:Creating package script '/home/shivam/slam_bot/install/bumperbot_localization/share/bumperbot_localization/package.bash'
[1.126s] INFO:colcon.colcon_core.shell:Creating package script '/home/shivam/slam_bot/install/bumperbot_localization/share/bumperbot_localization/package.zsh'
[1.127s] Level 1:colcon.colcon_core.environment:create_file_with_runtime_dependencies(/home/shivam/slam_bot/install/bumperbot_localization/share/colcon-core/packages/bumperbot_localization)
[1.127s] Level 1:colcon.colcon_core.environment:create_environment_scripts_only(bumperbot_firmware)
[1.128s] Level 1:colcon.colcon_core.environment:checking '/home/shivam/slam_bot/install/bumperbot_firmware' for CMake module files
[1.128s] Level 1:colcon.colcon_core.environment:checking '/home/shivam/slam_bot/install/bumperbot_firmware' for CMake config files
[1.128s] Level 1:colcon.colcon_core.shell:create_environment_hook('bumperbot_firmware', 'cmake_prefix_path')
[1.129s] INFO:colcon.colcon_core.shell:Creating environment hook '/home/shivam/slam_bot/install/bumperbot_firmware/share/bumperbot_firmware/hook/cmake_prefix_path.ps1'
[1.130s] INFO:colcon.colcon_core.shell:Creating environment descriptor '/home/shivam/slam_bot/install/bumperbot_firmware/share/bumperbot_firmware/hook/cmake_prefix_path.dsv'
[1.130s] INFO:colcon.colcon_core.shell:Creating environment hook '/home/shivam/slam_bot/install/bumperbot_firmware/share/bumperbot_firmware/hook/cmake_prefix_path.sh'
[1.130s] Level 1:colcon.colcon_core.environment:checking '/home/shivam/slam_bot/install/bumperbot_firmware/lib'
[1.131s] Level 1:colcon.colcon_core.shell:create_environment_hook('bumperbot_firmware', 'ld_library_path_lib')
[1.131s] INFO:colcon.colcon_core.shell:Creating environment hook '/home/shivam/slam_bot/install/bumperbot_firmware/share/bumperbot_firmware/hook/ld_library_path_lib.ps1'
[1.132s] INFO:colcon.colcon_core.shell:Creating environment descriptor '/home/shivam/slam_bot/install/bumperbot_firmware/share/bumperbot_firmware/hook/ld_library_path_lib.dsv'
[1.132s] INFO:colcon.colcon_core.shell:Creating environment hook '/home/shivam/slam_bot/install/bumperbot_firmware/share/bumperbot_firmware/hook/ld_library_path_lib.sh'
[1.133s] Level 1:colcon.colcon_core.environment:checking '/home/shivam/slam_bot/install/bumperbot_firmware/bin'
[1.133s] Level 1:colcon.colcon_core.environment:checking '/home/shivam/slam_bot/install/bumperbot_firmware/lib/pkgconfig/bumperbot_firmware.pc'
[1.134s] Level 1:colcon.colcon_core.environment:checking '/home/shivam/slam_bot/install/bumperbot_firmware/lib/python3.10/site-packages'
[1.134s] Level 1:colcon.colcon_core.environment:checking '/home/shivam/slam_bot/install/bumperbot_firmware/bin'
[1.134s] INFO:colcon.colcon_core.shell:Creating package script '/home/shivam/slam_bot/install/bumperbot_firmware/share/bumperbot_firmware/package.ps1'
[1.135s] INFO:colcon.colcon_core.shell:Creating package descriptor '/home/shivam/slam_bot/install/bumperbot_firmware/share/bumperbot_firmware/package.dsv'
[1.135s] INFO:colcon.colcon_core.shell:Creating package script '/home/shivam/slam_bot/install/bumperbot_firmware/share/bumperbot_firmware/package.sh'
[1.136s] INFO:colcon.colcon_core.shell:Creating package script '/home/shivam/slam_bot/install/bumperbot_firmware/share/bumperbot_firmware/package.bash'
[1.136s] INFO:colcon.colcon_core.shell:Creating package script '/home/shivam/slam_bot/install/bumperbot_firmware/share/bumperbot_firmware/package.zsh'
[1.136s] Level 1:colcon.colcon_core.environment:create_file_with_runtime_dependencies(/home/shivam/slam_bot/install/bumperbot_firmware/share/colcon-core/packages/bumperbot_firmware)
[1.168s] Level 1:colcon.colcon_core.environment:create_environment_scripts_only(bumperbot_msgs)
[1.168s] Level 1:colcon.colcon_core.environment:checking '/home/shivam/slam_bot/install/bumperbot_msgs' for CMake module files
[1.168s] Level 1:colcon.colcon_core.environment:checking '/home/shivam/slam_bot/install/bumperbot_msgs' for CMake config files
[1.169s] Level 1:colcon.colcon_core.shell:create_environment_hook('bumperbot_msgs', 'cmake_prefix_path')
[1.169s] INFO:colcon.colcon_core.shell:Creating environment hook '/home/shivam/slam_bot/install/bumperbot_msgs/share/bumperbot_msgs/hook/cmake_prefix_path.ps1'
[1.169s] INFO:colcon.colcon_core.shell:Creating environment descriptor '/home/shivam/slam_bot/install/bumperbot_msgs/share/bumperbot_msgs/hook/cmake_prefix_path.dsv'
[1.169s] INFO:colcon.colcon_core.shell:Creating environment hook '/home/shivam/slam_bot/install/bumperbot_msgs/share/bumperbot_msgs/hook/cmake_prefix_path.sh'
[1.170s] Level 1:colcon.colcon_core.environment:checking '/home/shivam/slam_bot/install/bumperbot_msgs/lib'
[1.170s] Level 1:colcon.colcon_core.shell:create_environment_hook('bumperbot_msgs', 'ld_library_path_lib')
[1.170s] INFO:colcon.colcon_core.shell:Creating environment hook '/home/shivam/slam_bot/install/bumperbot_msgs/share/bumperbot_msgs/hook/ld_library_path_lib.ps1'
[1.170s] INFO:colcon.colcon_core.shell:Creating environment descriptor '/home/shivam/slam_bot/install/bumperbot_msgs/share/bumperbot_msgs/hook/ld_library_path_lib.dsv'
[1.170s] INFO:colcon.colcon_core.shell:Creating environment hook '/home/shivam/slam_bot/install/bumperbot_msgs/share/bumperbot_msgs/hook/ld_library_path_lib.sh'
[1.170s] Level 1:colcon.colcon_core.environment:checking '/home/shivam/slam_bot/install/bumperbot_msgs/bin'
[1.170s] Level 1:colcon.colcon_core.environment:checking '/home/shivam/slam_bot/install/bumperbot_msgs/lib/pkgconfig/bumperbot_msgs.pc'
[1.171s] Level 1:colcon.colcon_core.environment:checking '/home/shivam/slam_bot/install/bumperbot_msgs/lib/python3.10/site-packages'
[1.171s] Level 1:colcon.colcon_core.environment:checking '/home/shivam/slam_bot/install/bumperbot_msgs/bin'
[1.171s] INFO:colcon.colcon_core.shell:Creating package script '/home/shivam/slam_bot/install/bumperbot_msgs/share/bumperbot_msgs/package.ps1'
[1.171s] INFO:colcon.colcon_core.shell:Creating package descriptor '/home/shivam/slam_bot/install/bumperbot_msgs/share/bumperbot_msgs/package.dsv'
[1.172s] INFO:colcon.colcon_core.shell:Creating package script '/home/shivam/slam_bot/install/bumperbot_msgs/share/bumperbot_msgs/package.sh'
[1.172s] INFO:colcon.colcon_core.shell:Creating package script '/home/shivam/slam_bot/install/bumperbot_msgs/share/bumperbot_msgs/package.bash'
[1.172s] INFO:colcon.colcon_core.shell:Creating package script '/home/shivam/slam_bot/install/bumperbot_msgs/share/bumperbot_msgs/package.zsh'
[1.172s] Level 1:colcon.colcon_core.environment:create_file_with_runtime_dependencies(/home/shivam/slam_bot/install/bumperbot_msgs/share/colcon-core/packages/bumperbot_msgs)
[1.172s] INFO:colcon.colcon_ros.task.ament_python.build:Building ROS package in '/home/shivam/slam_bot/src/bumperbot_py_examples' with build type 'ament_python'
[1.173s] Level 1:colcon.colcon_core.shell:create_environment_hook('bumperbot_py_examples', 'ament_prefix_path')
[1.173s] INFO:colcon.colcon_core.shell:Creating environment hook '/home/shivam/slam_bot/install/bumperbot_py_examples/share/bumperbot_py_examples/hook/ament_prefix_path.ps1'
[1.174s] INFO:colcon.colcon_core.shell:Creating environment descriptor '/home/shivam/slam_bot/install/bumperbot_py_examples/share/bumperbot_py_examples/hook/ament_prefix_path.dsv'
[1.174s] INFO:colcon.colcon_core.shell:Creating environment hook '/home/shivam/slam_bot/install/bumperbot_py_examples/share/bumperbot_py_examples/hook/ament_prefix_path.sh'
[1.174s] INFO:colcon.colcon_core.shell:Skip shell extension 'powershell' for command environment: Not usable outside of PowerShell
[1.174s] DEBUG:colcon.colcon_core.shell:Skip shell extension 'dsv' for command environment
[1.380s] INFO:colcon.colcon_core.task.python.build:Building Python package in '/home/shivam/slam_bot/src/bumperbot_py_examples'
[1.380s] INFO:colcon.colcon_core.shell:Skip shell extension 'powershell' for command environment: Not usable outside of PowerShell
[1.380s] DEBUG:colcon.colcon_core.shell:Skip shell extension 'dsv' for command environment
[1.714s] DEBUG:colcon.colcon_core.event_handler.log_command:Invoking command in '/home/shivam/slam_bot/src/bumperbot_py_examples': AMENT_PREFIX_PATH=/home/shivam/slam_bot/install/bumperbot_msgs:${AMENT_PREFIX_PATH} CMAKE_PREFIX_PATH=/home/shivam/slam_bot/install/bumperbot_msgs LD_LIBRARY_PATH=/home/shivam/slam_bot/install/bumperbot_msgs/lib:${LD_LIBRARY_PATH} PYTHONPATH=/home/shivam/slam_bot/build/bumperbot_py_examples/prefix_override:/home/shivam/slam_bot/install/bumperbot_py_examples/lib/python3.10/site-packages:/home/shivam/slam_bot/install/bumperbot_msgs/local/lib/python3.10/dist-packages:${PYTHONPATH} /usr/bin/python3 -W ignore:setup.py install is deprecated setup.py egg_info --egg-base ../../build/bumperbot_py_examples build --build-base /home/shivam/slam_bot/build/bumperbot_py_examples/build install --record /home/shivam/slam_bot/build/bumperbot_py_examples/install.log --single-version-externally-managed install_data
[1.910s] Level 1:colcon.colcon_core.environment:checking '/home/shivam/slam_bot/install/bumperbot_py_examples' for CMake module files
[1.911s] DEBUG:colcon.colcon_core.event_handler.log_command:Invoked command in '/home/shivam/slam_bot/src/bumperbot_py_examples' returned '0': AMENT_PREFIX_PATH=/home/shivam/slam_bot/install/bumperbot_msgs:${AMENT_PREFIX_PATH} CMAKE_PREFIX_PATH=/home/shivam/slam_bot/install/bumperbot_msgs LD_LIBRARY_PATH=/home/shivam/slam_bot/install/bumperbot_msgs/lib:${LD_LIBRARY_PATH} PYTHONPATH=/home/shivam/slam_bot/build/bumperbot_py_examples/prefix_override:/home/shivam/slam_bot/install/bumperbot_py_examples/lib/python3.10/site-packages:/home/shivam/slam_bot/install/bumperbot_msgs/local/lib/python3.10/dist-packages:${PYTHONPATH} /usr/bin/python3 -W ignore:setup.py install is deprecated setup.py egg_info --egg-base ../../build/bumperbot_py_examples build --build-base /home/shivam/slam_bot/build/bumperbot_py_examples/build install --record /home/shivam/slam_bot/build/bumperbot_py_examples/install.log --single-version-externally-managed install_data
[1.911s] Level 1:colcon.colcon_core.environment:checking '/home/shivam/slam_bot/install/bumperbot_py_examples' for CMake config files
[1.911s] Level 1:colcon.colcon_core.environment:checking '/home/shivam/slam_bot/install/bumperbot_py_examples/lib'
[1.911s] Level 1:colcon.colcon_core.environment:checking '/home/shivam/slam_bot/install/bumperbot_py_examples/bin'
[1.911s] Level 1:colcon.colcon_core.environment:checking '/home/shivam/slam_bot/install/bumperbot_py_examples/lib/pkgconfig/bumperbot_py_examples.pc'
[1.912s] Level 1:colcon.colcon_core.environment:checking '/home/shivam/slam_bot/install/bumperbot_py_examples/lib/python3.10/site-packages'
[1.912s] Level 1:colcon.colcon_core.shell:create_environment_hook('bumperbot_py_examples', 'pythonpath')
[1.912s] INFO:colcon.colcon_core.shell:Creating environment hook '/home/shivam/slam_bot/install/bumperbot_py_examples/share/bumperbot_py_examples/hook/pythonpath.ps1'
[1.912s] INFO:colcon.colcon_core.shell:Creating environment descriptor '/home/shivam/slam_bot/install/bumperbot_py_examples/share/bumperbot_py_examples/hook/pythonpath.dsv'
[1.913s] INFO:colcon.colcon_core.shell:Creating environment hook '/home/shivam/slam_bot/install/bumperbot_py_examples/share/bumperbot_py_examples/hook/pythonpath.sh'
[1.913s] Level 1:colcon.colcon_core.environment:checking '/home/shivam/slam_bot/install/bumperbot_py_examples/bin'
[1.913s] Level 1:colcon.colcon_core.environment:create_environment_scripts_only(bumperbot_py_examples)
[1.913s] INFO:colcon.colcon_core.shell:Creating package script '/home/shivam/slam_bot/install/bumperbot_py_examples/share/bumperbot_py_examples/package.ps1'
[1.913s] INFO:colcon.colcon_core.shell:Creating package descriptor '/home/shivam/slam_bot/install/bumperbot_py_examples/share/bumperbot_py_examples/package.dsv'
[1.914s] INFO:colcon.colcon_core.shell:Creating package script '/home/shivam/slam_bot/install/bumperbot_py_examples/share/bumperbot_py_examples/package.sh'
[1.914s] INFO:colcon.colcon_core.shell:Creating package script '/home/shivam/slam_bot/install/bumperbot_py_examples/share/bumperbot_py_examples/package.bash'
[1.914s] INFO:colcon.colcon_core.shell:Creating package script '/home/shivam/slam_bot/install/bumperbot_py_examples/share/bumperbot_py_examples/package.zsh'
[1.914s] Level 1:colcon.colcon_core.environment:create_file_with_runtime_dependencies(/home/shivam/slam_bot/install/bumperbot_py_examples/share/colcon-core/packages/bumperbot_py_examples)
[1.915s] DEBUG:colcon.colcon_parallel_executor.executor.parallel:closing loop
[1.915s] DEBUG:colcon.colcon_parallel_executor.executor.parallel:loop closed
[1.915s] DEBUG:colcon.colcon_parallel_executor.executor.parallel:run_until_complete finished with '0'
[1.915s] DEBUG:colcon.colcon_core.event_reactor:joining thread
[1.959s] INFO:colcon.colcon_core.plugin_system:Skipping extension 'colcon_notification.desktop_notification.notify_send': Could not find 'notify-send'
[1.960s] INFO:colcon.colcon_core.plugin_system:Skipping extension 'colcon_notification.desktop_notification.terminal_notifier': Not used on non-Darwin systems
[1.960s] INFO:colcon.colcon_core.plugin_system:Skipping extension 'colcon_notification.desktop_notification.win32': Not used on non-Windows systems
[1.960s] INFO:colcon.colcon_notification.desktop_notification:Sending desktop notification using 'notify2'
[1.961s] DEBUG:colcon.colcon_notification.desktop_notification.notify2:Failed to initialize notify2: org.freedesktop.DBus.Error.ServiceUnknown: The name org.freedesktop.Notifications was not provided by any .service files
[1.961s] DEBUG:colcon.colcon_core.event_reactor:joined thread
[1.961s] INFO:colcon.colcon_core.shell:Creating prefix script '/home/shivam/slam_bot/install/local_setup.ps1'
[1.962s] INFO:colcon.colcon_core.shell:Creating prefix util module '/home/shivam/slam_bot/install/_local_setup_util_ps1.py'
[1.963s] INFO:colcon.colcon_core.shell:Creating prefix chain script '/home/shivam/slam_bot/install/setup.ps1'
[1.964s] INFO:colcon.colcon_core.shell:Creating prefix script '/home/shivam/slam_bot/install/local_setup.sh'
[1.964s] INFO:colcon.colcon_core.shell:Creating prefix util module '/home/shivam/slam_bot/install/_local_setup_util_sh.py'
[1.965s] INFO:colcon.colcon_core.shell:Creating prefix chain script '/home/shivam/slam_bot/install/setup.sh'
[1.965s] INFO:colcon.colcon_core.shell:Creating prefix script '/home/shivam/slam_bot/install/local_setup.bash'
[1.966s] INFO:colcon.colcon_core.shell:Creating prefix chain script '/home/shivam/slam_bot/install/setup.bash'
[1.966s] INFO:colcon.colcon_core.shell:Creating prefix script '/home/shivam/slam_bot/install/local_setup.zsh'
[1.967s] INFO:colcon.colcon_core.shell:Creating prefix chain script '/home/shivam/slam_bot/install/setup.zsh'
