[0.318s] DEBUG:colcon:Command line arguments: ['/usr/bin/colcon', 'build']
[0.318s] DEBUG:colcon:Parsed command line arguments: Namespace(log_base=None, log_level=None, verb_name='build', build_base='build', install_base='install', merge_install=False, symlink_install=False, test_result_base=None, continue_on_error=False, executor='parallel', parallel_workers=12, event_handlers=None, ignore_user_meta=False, metas=['./colcon.meta'], base_paths=['.'], packages_ignore=None, packages_ignore_regex=None, paths=None, packages_up_to=None, packages_up_to_regex=None, packages_above=None, packages_above_and_dependencies=None, packages_above_depth=None, packages_select_by_dep=None, packages_skip_by_dep=None, packages_skip_up_to=None, packages_select_build_failed=False, packages_skip_build_finished=False, packages_select_test_failures=False, packages_skip_test_passed=False, packages_select=None, packages_skip=None, packages_select_regex=None, packages_skip_regex=None, packages_start=None, packages_end=None, allow_overriding=[], cmake_args=None, cmake_target=None, cmake_target_skip_unavailable=False, cmake_clean_cache=False, cmake_clean_first=False, cmake_force_configure=False, ament_cmake_args=None, catkin_cmake_args=None, catkin_skip_building_tests=False, verb_parser=<colcon_defaults.argument_parser.defaults.DefaultArgumentsDecorator object at 0x7fe0b63d4b20>, verb_extension=<colcon_core.verb.build.BuildVerb object at 0x7fe0b63d4520>, main=<bound method BuildVerb.main of <colcon_core.verb.build.BuildVerb object at 0x7fe0b63d4520>>)
[0.525s] Level 1:colcon.colcon_core.package_discovery:discover_packages(colcon_meta) check parameters
[0.525s] Level 1:colcon.colcon_core.package_discovery:discover_packages(recursive) check parameters
[0.525s] Level 1:colcon.colcon_core.package_discovery:discover_packages(ignore) check parameters
[0.526s] Level 1:colcon.colcon_core.package_discovery:discover_packages(path) check parameters
[0.526s] Level 1:colcon.colcon_core.package_discovery:discover_packages(colcon_meta) discover
[0.526s] Level 1:colcon.colcon_core.package_discovery:discover_packages(recursive) discover
[0.526s] INFO:colcon.colcon_core.package_discovery:Crawling recursively for packages in '/home/shivam/slam_bot'
[0.526s] Level 1:colcon.colcon_core.package_identification:_identify(.) by extensions ['ignore', 'ignore_ament_install']
[0.527s] Level 1:colcon.colcon_core.package_identification:_identify(.) by extension 'ignore'
[0.527s] Level 1:colcon.colcon_core.package_identification:_identify(.) by extension 'ignore_ament_install'
[0.527s] Level 1:colcon.colcon_core.package_identification:_identify(.) by extensions ['colcon_pkg']
[0.527s] Level 1:colcon.colcon_core.package_identification:_identify(.) by extension 'colcon_pkg'
[0.527s] Level 1:colcon.colcon_core.package_identification:_identify(.) by extensions ['colcon_meta']
[0.527s] Level 1:colcon.colcon_core.package_identification:_identify(.) by extension 'colcon_meta'
[0.527s] Level 1:colcon.colcon_core.package_identification:_identify(.) by extensions ['ros']
[0.527s] Level 1:colcon.colcon_core.package_identification:_identify(.) by extension 'ros'
[0.547s] Level 1:colcon.colcon_core.package_identification:_identify(.) by extensions ['cmake', 'python']
[0.547s] Level 1:colcon.colcon_core.package_identification:_identify(.) by extension 'cmake'
[0.547s] Level 1:colcon.colcon_core.package_identification:_identify(.) by extension 'python'
[0.548s] Level 1:colcon.colcon_core.package_identification:_identify(.) by extensions ['python_setup_py']
[0.548s] Level 1:colcon.colcon_core.package_identification:_identify(.) by extension 'python_setup_py'
[0.548s] Level 1:colcon.colcon_core.package_identification:_identify(build) by extensions ['ignore', 'ignore_ament_install']
[0.548s] Level 1:colcon.colcon_core.package_identification:_identify(build) by extension 'ignore'
[0.548s] Level 1:colcon.colcon_core.package_identification:_identify(build) ignored
[0.548s] Level 1:colcon.colcon_core.package_identification:_identify(install) by extensions ['ignore', 'ignore_ament_install']
[0.549s] Level 1:colcon.colcon_core.package_identification:_identify(install) by extension 'ignore'
[0.549s] Level 1:colcon.colcon_core.package_identification:_identify(install) ignored
[0.549s] Level 1:colcon.colcon_core.package_identification:_identify(log) by extensions ['ignore', 'ignore_ament_install']
[0.549s] Level 1:colcon.colcon_core.package_identification:_identify(log) by extension 'ignore'
[0.549s] Level 1:colcon.colcon_core.package_identification:_identify(log) ignored
[0.549s] Level 1:colcon.colcon_core.package_identification:_identify(src) by extensions ['ignore', 'ignore_ament_install']
[0.549s] Level 1:colcon.colcon_core.package_identification:_identify(src) by extension 'ignore'
[0.550s] Level 1:colcon.colcon_core.package_identification:_identify(src) by extension 'ignore_ament_install'
[0.550s] Level 1:colcon.colcon_core.package_identification:_identify(src) by extensions ['colcon_pkg']
[0.550s] Level 1:colcon.colcon_core.package_identification:_identify(src) by extension 'colcon_pkg'
[0.550s] Level 1:colcon.colcon_core.package_identification:_identify(src) by extensions ['colcon_meta']
[0.550s] Level 1:colcon.colcon_core.package_identification:_identify(src) by extension 'colcon_meta'
[0.550s] Level 1:colcon.colcon_core.package_identification:_identify(src) by extensions ['ros']
[0.550s] Level 1:colcon.colcon_core.package_identification:_identify(src) by extension 'ros'
[0.550s] Level 1:colcon.colcon_core.package_identification:_identify(src) by extensions ['cmake', 'python']
[0.550s] Level 1:colcon.colcon_core.package_identification:_identify(src) by extension 'cmake'
[0.550s] Level 1:colcon.colcon_core.package_identification:_identify(src) by extension 'python'
[0.550s] Level 1:colcon.colcon_core.package_identification:_identify(src) by extensions ['python_setup_py']
[0.550s] Level 1:colcon.colcon_core.package_identification:_identify(src) by extension 'python_setup_py'
[0.550s] Level 1:colcon.colcon_core.package_identification:_identify(src/bumperbot_bringup) by extensions ['ignore', 'ignore_ament_install']
[0.550s] Level 1:colcon.colcon_core.package_identification:_identify(src/bumperbot_bringup) by extension 'ignore'
[0.550s] Level 1:colcon.colcon_core.package_identification:_identify(src/bumperbot_bringup) by extension 'ignore_ament_install'
[0.550s] Level 1:colcon.colcon_core.package_identification:_identify(src/bumperbot_bringup) by extensions ['colcon_pkg']
[0.550s] Level 1:colcon.colcon_core.package_identification:_identify(src/bumperbot_bringup) by extension 'colcon_pkg'
[0.551s] Level 1:colcon.colcon_core.package_identification:_identify(src/bumperbot_bringup) by extensions ['colcon_meta']
[0.551s] Level 1:colcon.colcon_core.package_identification:_identify(src/bumperbot_bringup) by extension 'colcon_meta'
[0.551s] Level 1:colcon.colcon_core.package_identification:_identify(src/bumperbot_bringup) by extensions ['ros']
[0.551s] Level 1:colcon.colcon_core.package_identification:_identify(src/bumperbot_bringup) by extension 'ros'
[0.554s] DEBUG:colcon.colcon_core.package_identification:Package 'src/bumperbot_bringup' with type 'ros.ament_cmake' and name 'bumperbot_bringup'
[0.554s] Level 1:colcon.colcon_core.package_identification:_identify(src/bumperbot_controller) by extensions ['ignore', 'ignore_ament_install']
[0.554s] Level 1:colcon.colcon_core.package_identification:_identify(src/bumperbot_controller) by extension 'ignore'
[0.554s] Level 1:colcon.colcon_core.package_identification:_identify(src/bumperbot_controller) by extension 'ignore_ament_install'
[0.554s] Level 1:colcon.colcon_core.package_identification:_identify(src/bumperbot_controller) by extensions ['colcon_pkg']
[0.554s] Level 1:colcon.colcon_core.package_identification:_identify(src/bumperbot_controller) by extension 'colcon_pkg'
[0.555s] Level 1:colcon.colcon_core.package_identification:_identify(src/bumperbot_controller) by extensions ['colcon_meta']
[0.555s] Level 1:colcon.colcon_core.package_identification:_identify(src/bumperbot_controller) by extension 'colcon_meta'
[0.555s] Level 1:colcon.colcon_core.package_identification:_identify(src/bumperbot_controller) by extensions ['ros']
[0.555s] Level 1:colcon.colcon_core.package_identification:_identify(src/bumperbot_controller) by extension 'ros'
[0.557s] DEBUG:colcon.colcon_core.package_identification:Package 'src/bumperbot_controller' with type 'ros.ament_cmake' and name 'bumperbot_controller'
[0.557s] Level 1:colcon.colcon_core.package_identification:_identify(src/bumperbot_description) by extensions ['ignore', 'ignore_ament_install']
[0.557s] Level 1:colcon.colcon_core.package_identification:_identify(src/bumperbot_description) by extension 'ignore'
[0.558s] Level 1:colcon.colcon_core.package_identification:_identify(src/bumperbot_description) by extension 'ignore_ament_install'
[0.558s] Level 1:colcon.colcon_core.package_identification:_identify(src/bumperbot_description) by extensions ['colcon_pkg']
[0.558s] Level 1:colcon.colcon_core.package_identification:_identify(src/bumperbot_description) by extension 'colcon_pkg'
[0.558s] Level 1:colcon.colcon_core.package_identification:_identify(src/bumperbot_description) by extensions ['colcon_meta']
[0.558s] Level 1:colcon.colcon_core.package_identification:_identify(src/bumperbot_description) by extension 'colcon_meta'
[0.558s] Level 1:colcon.colcon_core.package_identification:_identify(src/bumperbot_description) by extensions ['ros']
[0.558s] Level 1:colcon.colcon_core.package_identification:_identify(src/bumperbot_description) by extension 'ros'
[0.559s] DEBUG:colcon.colcon_core.package_identification:Package 'src/bumperbot_description' with type 'ros.ament_cmake' and name 'bumperbot_description'
[0.559s] Level 1:colcon.colcon_core.package_identification:_identify(src/bumperbot_firmware) by extensions ['ignore', 'ignore_ament_install']
[0.559s] Level 1:colcon.colcon_core.package_identification:_identify(src/bumperbot_firmware) by extension 'ignore'
[0.559s] Level 1:colcon.colcon_core.package_identification:_identify(src/bumperbot_firmware) by extension 'ignore_ament_install'
[0.559s] Level 1:colcon.colcon_core.package_identification:_identify(src/bumperbot_firmware) by extensions ['colcon_pkg']
[0.559s] Level 1:colcon.colcon_core.package_identification:_identify(src/bumperbot_firmware) by extension 'colcon_pkg'
[0.559s] Level 1:colcon.colcon_core.package_identification:_identify(src/bumperbot_firmware) by extensions ['colcon_meta']
[0.559s] Level 1:colcon.colcon_core.package_identification:_identify(src/bumperbot_firmware) by extension 'colcon_meta'
[0.559s] Level 1:colcon.colcon_core.package_identification:_identify(src/bumperbot_firmware) by extensions ['ros']
[0.559s] Level 1:colcon.colcon_core.package_identification:_identify(src/bumperbot_firmware) by extension 'ros'
[0.561s] DEBUG:colcon.colcon_core.package_identification:Package 'src/bumperbot_firmware' with type 'ros.ament_cmake' and name 'bumperbot_firmware'
[0.561s] Level 1:colcon.colcon_core.package_identification:_identify(src/bumperbot_localization) by extensions ['ignore', 'ignore_ament_install']
[0.561s] Level 1:colcon.colcon_core.package_identification:_identify(src/bumperbot_localization) by extension 'ignore'
[0.561s] Level 1:colcon.colcon_core.package_identification:_identify(src/bumperbot_localization) by extension 'ignore_ament_install'
[0.561s] Level 1:colcon.colcon_core.package_identification:_identify(src/bumperbot_localization) by extensions ['colcon_pkg']
[0.561s] Level 1:colcon.colcon_core.package_identification:_identify(src/bumperbot_localization) by extension 'colcon_pkg'
[0.561s] Level 1:colcon.colcon_core.package_identification:_identify(src/bumperbot_localization) by extensions ['colcon_meta']
[0.561s] Level 1:colcon.colcon_core.package_identification:_identify(src/bumperbot_localization) by extension 'colcon_meta'
[0.561s] Level 1:colcon.colcon_core.package_identification:_identify(src/bumperbot_localization) by extensions ['ros']
[0.561s] Level 1:colcon.colcon_core.package_identification:_identify(src/bumperbot_localization) by extension 'ros'
[0.563s] DEBUG:colcon.colcon_core.package_identification:Package 'src/bumperbot_localization' with type 'ros.ament_cmake' and name 'bumperbot_localization'
[0.563s] Level 1:colcon.colcon_core.package_identification:_identify(src/bumperbot_msgs) by extensions ['ignore', 'ignore_ament_install']
[0.564s] Level 1:colcon.colcon_core.package_identification:_identify(src/bumperbot_msgs) by extension 'ignore'
[0.564s] Level 1:colcon.colcon_core.package_identification:_identify(src/bumperbot_msgs) by extension 'ignore_ament_install'
[0.564s] Level 1:colcon.colcon_core.package_identification:_identify(src/bumperbot_msgs) by extensions ['colcon_pkg']
[0.564s] Level 1:colcon.colcon_core.package_identification:_identify(src/bumperbot_msgs) by extension 'colcon_pkg'
[0.564s] Level 1:colcon.colcon_core.package_identification:_identify(src/bumperbot_msgs) by extensions ['colcon_meta']
[0.564s] Level 1:colcon.colcon_core.package_identification:_identify(src/bumperbot_msgs) by extension 'colcon_meta'
[0.564s] Level 1:colcon.colcon_core.package_identification:_identify(src/bumperbot_msgs) by extensions ['ros']
[0.564s] Level 1:colcon.colcon_core.package_identification:_identify(src/bumperbot_msgs) by extension 'ros'
[0.565s] DEBUG:colcon.colcon_core.package_identification:Package 'src/bumperbot_msgs' with type 'ros.ament_cmake' and name 'bumperbot_msgs'
[0.565s] Level 1:colcon.colcon_core.package_identification:_identify(src/bumperbot_py_examples) by extensions ['ignore', 'ignore_ament_install']
[0.565s] Level 1:colcon.colcon_core.package_identification:_identify(src/bumperbot_py_examples) by extension 'ignore'
[0.565s] Level 1:colcon.colcon_core.package_identification:_identify(src/bumperbot_py_examples) by extension 'ignore_ament_install'
[0.565s] Level 1:colcon.colcon_core.package_identification:_identify(src/bumperbot_py_examples) by extensions ['colcon_pkg']
[0.565s] Level 1:colcon.colcon_core.package_identification:_identify(src/bumperbot_py_examples) by extension 'colcon_pkg'
[0.565s] Level 1:colcon.colcon_core.package_identification:_identify(src/bumperbot_py_examples) by extensions ['colcon_meta']
[0.565s] Level 1:colcon.colcon_core.package_identification:_identify(src/bumperbot_py_examples) by extension 'colcon_meta'
[0.565s] Level 1:colcon.colcon_core.package_identification:_identify(src/bumperbot_py_examples) by extensions ['ros']
[0.565s] Level 1:colcon.colcon_core.package_identification:_identify(src/bumperbot_py_examples) by extension 'ros'
[0.566s] DEBUG:colcon.colcon_core.package_identification:Package 'src/bumperbot_py_examples' with type 'ros.ament_python' and name 'bumperbot_py_examples'
[0.567s] Level 1:colcon.colcon_core.package_discovery:discover_packages(recursive) using defaults
[0.567s] Level 1:colcon.colcon_core.package_discovery:discover_packages(ignore) discover
[0.567s] Level 1:colcon.colcon_core.package_discovery:discover_packages(ignore) using defaults
[0.567s] Level 1:colcon.colcon_core.package_discovery:discover_packages(path) discover
[0.567s] Level 1:colcon.colcon_core.package_discovery:discover_packages(path) using defaults
[0.623s] Level 1:colcon.colcon_core.package_discovery:discover_packages(prefix_path) check parameters
[0.623s] Level 1:colcon.colcon_core.package_discovery:discover_packages(prefix_path) discover
[0.628s] DEBUG:colcon.colcon_installed_package_information.package_discovery:Found 382 installed packages in /opt/ros/humble
[0.630s] Level 1:colcon.colcon_core.package_discovery:discover_packages(prefix_path) using defaults
[0.713s] Level 5:colcon.colcon_core.verb:set package 'bumperbot_bringup' build argument 'cmake_args' from command line to 'None'
[0.713s] Level 5:colcon.colcon_core.verb:set package 'bumperbot_bringup' build argument 'cmake_target' from command line to 'None'
[0.714s] Level 5:colcon.colcon_core.verb:set package 'bumperbot_bringup' build argument 'cmake_target_skip_unavailable' from command line to 'False'
[0.714s] Level 5:colcon.colcon_core.verb:set package 'bumperbot_bringup' build argument 'cmake_clean_cache' from command line to 'False'
[0.714s] Level 5:colcon.colcon_core.verb:set package 'bumperbot_bringup' build argument 'cmake_clean_first' from command line to 'False'
[0.714s] Level 5:colcon.colcon_core.verb:set package 'bumperbot_bringup' build argument 'cmake_force_configure' from command line to 'False'
[0.714s] Level 5:colcon.colcon_core.verb:set package 'bumperbot_bringup' build argument 'ament_cmake_args' from command line to 'None'
[0.714s] Level 5:colcon.colcon_core.verb:set package 'bumperbot_bringup' build argument 'catkin_cmake_args' from command line to 'None'
[0.714s] Level 5:colcon.colcon_core.verb:set package 'bumperbot_bringup' build argument 'catkin_skip_building_tests' from command line to 'False'
[0.714s] DEBUG:colcon.colcon_core.verb:Building package 'bumperbot_bringup' with the following arguments: {'ament_cmake_args': None, 'build_base': '/home/shivam/slam_bot/build/bumperbot_bringup', 'catkin_cmake_args': None, 'catkin_skip_building_tests': False, 'cmake_args': None, 'cmake_clean_cache': False, 'cmake_clean_first': False, 'cmake_force_configure': False, 'cmake_target': None, 'cmake_target_skip_unavailable': False, 'install_base': '/home/shivam/slam_bot/install/bumperbot_bringup', 'merge_install': False, 'path': '/home/shivam/slam_bot/src/bumperbot_bringup', 'symlink_install': False, 'test_result_base': None}
[0.714s] Level 5:colcon.colcon_core.verb:set package 'bumperbot_controller' build argument 'cmake_args' from command line to 'None'
[0.714s] Level 5:colcon.colcon_core.verb:set package 'bumperbot_controller' build argument 'cmake_target' from command line to 'None'
[0.715s] Level 5:colcon.colcon_core.verb:set package 'bumperbot_controller' build argument 'cmake_target_skip_unavailable' from command line to 'False'
[0.715s] Level 5:colcon.colcon_core.verb:set package 'bumperbot_controller' build argument 'cmake_clean_cache' from command line to 'False'
[0.715s] Level 5:colcon.colcon_core.verb:set package 'bumperbot_controller' build argument 'cmake_clean_first' from command line to 'False'
[0.715s] Level 5:colcon.colcon_core.verb:set package 'bumperbot_controller' build argument 'cmake_force_configure' from command line to 'False'
[0.715s] Level 5:colcon.colcon_core.verb:set package 'bumperbot_controller' build argument 'ament_cmake_args' from command line to 'None'
[0.715s] Level 5:colcon.colcon_core.verb:set package 'bumperbot_controller' build argument 'catkin_cmake_args' from command line to 'None'
[0.715s] Level 5:colcon.colcon_core.verb:set package 'bumperbot_controller' build argument 'catkin_skip_building_tests' from command line to 'False'
[0.715s] DEBUG:colcon.colcon_core.verb:Building package 'bumperbot_controller' with the following arguments: {'ament_cmake_args': None, 'build_base': '/home/shivam/slam_bot/build/bumperbot_controller', 'catkin_cmake_args': None, 'catkin_skip_building_tests': False, 'cmake_args': None, 'cmake_clean_cache': False, 'cmake_clean_first': False, 'cmake_force_configure': False, 'cmake_target': None, 'cmake_target_skip_unavailable': False, 'install_base': '/home/shivam/slam_bot/install/bumperbot_controller', 'merge_install': False, 'path': '/home/shivam/slam_bot/src/bumperbot_controller', 'symlink_install': False, 'test_result_base': None}
[0.715s] Level 5:colcon.colcon_core.verb:set package 'bumperbot_description' build argument 'cmake_args' from command line to 'None'
[0.715s] Level 5:colcon.colcon_core.verb:set package 'bumperbot_description' build argument 'cmake_target' from command line to 'None'
[0.715s] Level 5:colcon.colcon_core.verb:set package 'bumperbot_description' build argument 'cmake_target_skip_unavailable' from command line to 'False'
[0.716s] Level 5:colcon.colcon_core.verb:set package 'bumperbot_description' build argument 'cmake_clean_cache' from command line to 'False'
[0.717s] Level 5:colcon.colcon_core.verb:set package 'bumperbot_description' build argument 'cmake_clean_first' from command line to 'False'
[0.717s] Level 5:colcon.colcon_core.verb:set package 'bumperbot_description' build argument 'cmake_force_configure' from command line to 'False'
[0.717s] Level 5:colcon.colcon_core.verb:set package 'bumperbot_description' build argument 'ament_cmake_args' from command line to 'None'
[0.717s] Level 5:colcon.colcon_core.verb:set package 'bumperbot_description' build argument 'catkin_cmake_args' from command line to 'None'
[0.717s] Level 5:colcon.colcon_core.verb:set package 'bumperbot_description' build argument 'catkin_skip_building_tests' from command line to 'False'
[0.717s] DEBUG:colcon.colcon_core.verb:Building package 'bumperbot_description' with the following arguments: {'ament_cmake_args': None, 'build_base': '/home/shivam/slam_bot/build/bumperbot_description', 'catkin_cmake_args': None, 'catkin_skip_building_tests': False, 'cmake_args': None, 'cmake_clean_cache': False, 'cmake_clean_first': False, 'cmake_force_configure': False, 'cmake_target': None, 'cmake_target_skip_unavailable': False, 'install_base': '/home/shivam/slam_bot/install/bumperbot_description', 'merge_install': False, 'path': '/home/shivam/slam_bot/src/bumperbot_description', 'symlink_install': False, 'test_result_base': None}
[0.718s] Level 5:colcon.colcon_core.verb:set package 'bumperbot_firmware' build argument 'cmake_args' from command line to 'None'
[0.718s] Level 5:colcon.colcon_core.verb:set package 'bumperbot_firmware' build argument 'cmake_target' from command line to 'None'
[0.718s] Level 5:colcon.colcon_core.verb:set package 'bumperbot_firmware' build argument 'cmake_target_skip_unavailable' from command line to 'False'
[0.718s] Level 5:colcon.colcon_core.verb:set package 'bumperbot_firmware' build argument 'cmake_clean_cache' from command line to 'False'
[0.718s] Level 5:colcon.colcon_core.verb:set package 'bumperbot_firmware' build argument 'cmake_clean_first' from command line to 'False'
[0.718s] Level 5:colcon.colcon_core.verb:set package 'bumperbot_firmware' build argument 'cmake_force_configure' from command line to 'False'
[0.718s] Level 5:colcon.colcon_core.verb:set package 'bumperbot_firmware' build argument 'ament_cmake_args' from command line to 'None'
[0.718s] Level 5:colcon.colcon_core.verb:set package 'bumperbot_firmware' build argument 'catkin_cmake_args' from command line to 'None'
[0.718s] Level 5:colcon.colcon_core.verb:set package 'bumperbot_firmware' build argument 'catkin_skip_building_tests' from command line to 'False'
[0.718s] DEBUG:colcon.colcon_core.verb:Building package 'bumperbot_firmware' with the following arguments: {'ament_cmake_args': None, 'build_base': '/home/shivam/slam_bot/build/bumperbot_firmware', 'catkin_cmake_args': None, 'catkin_skip_building_tests': False, 'cmake_args': None, 'cmake_clean_cache': False, 'cmake_clean_first': False, 'cmake_force_configure': False, 'cmake_target': None, 'cmake_target_skip_unavailable': False, 'install_base': '/home/shivam/slam_bot/install/bumperbot_firmware', 'merge_install': False, 'path': '/home/shivam/slam_bot/src/bumperbot_firmware', 'symlink_install': False, 'test_result_base': None}
[0.718s] Level 5:colcon.colcon_core.verb:set package 'bumperbot_localization' build argument 'cmake_args' from command line to 'None'
[0.718s] Level 5:colcon.colcon_core.verb:set package 'bumperbot_localization' build argument 'cmake_target' from command line to 'None'
[0.719s] Level 5:colcon.colcon_core.verb:set package 'bumperbot_localization' build argument 'cmake_target_skip_unavailable' from command line to 'False'
[0.719s] Level 5:colcon.colcon_core.verb:set package 'bumperbot_localization' build argument 'cmake_clean_cache' from command line to 'False'
[0.719s] Level 5:colcon.colcon_core.verb:set package 'bumperbot_localization' build argument 'cmake_clean_first' from command line to 'False'
[0.719s] Level 5:colcon.colcon_core.verb:set package 'bumperbot_localization' build argument 'cmake_force_configure' from command line to 'False'
[0.719s] Level 5:colcon.colcon_core.verb:set package 'bumperbot_localization' build argument 'ament_cmake_args' from command line to 'None'
[0.719s] Level 5:colcon.colcon_core.verb:set package 'bumperbot_localization' build argument 'catkin_cmake_args' from command line to 'None'
[0.719s] Level 5:colcon.colcon_core.verb:set package 'bumperbot_localization' build argument 'catkin_skip_building_tests' from command line to 'False'
[0.719s] DEBUG:colcon.colcon_core.verb:Building package 'bumperbot_localization' with the following arguments: {'ament_cmake_args': None, 'build_base': '/home/shivam/slam_bot/build/bumperbot_localization', 'catkin_cmake_args': None, 'catkin_skip_building_tests': False, 'cmake_args': None, 'cmake_clean_cache': False, 'cmake_clean_first': False, 'cmake_force_configure': False, 'cmake_target': None, 'cmake_target_skip_unavailable': False, 'install_base': '/home/shivam/slam_bot/install/bumperbot_localization', 'merge_install': False, 'path': '/home/shivam/slam_bot/src/bumperbot_localization', 'symlink_install': False, 'test_result_base': None}
[0.719s] Level 5:colcon.colcon_core.verb:set package 'bumperbot_msgs' build argument 'cmake_args' from command line to 'None'
[0.719s] Level 5:colcon.colcon_core.verb:set package 'bumperbot_msgs' build argument 'cmake_target' from command line to 'None'
[0.719s] Level 5:colcon.colcon_core.verb:set package 'bumperbot_msgs' build argument 'cmake_target_skip_unavailable' from command line to 'False'
[0.719s] Level 5:colcon.colcon_core.verb:set package 'bumperbot_msgs' build argument 'cmake_clean_cache' from command line to 'False'
[0.719s] Level 5:colcon.colcon_core.verb:set package 'bumperbot_msgs' build argument 'cmake_clean_first' from command line to 'False'
[0.719s] Level 5:colcon.colcon_core.verb:set package 'bumperbot_msgs' build argument 'cmake_force_configure' from command line to 'False'
[0.719s] Level 5:colcon.colcon_core.verb:set package 'bumperbot_msgs' build argument 'ament_cmake_args' from command line to 'None'
[0.719s] Level 5:colcon.colcon_core.verb:set package 'bumperbot_msgs' build argument 'catkin_cmake_args' from command line to 'None'
[0.719s] Level 5:colcon.colcon_core.verb:set package 'bumperbot_msgs' build argument 'catkin_skip_building_tests' from command line to 'False'
[0.719s] DEBUG:colcon.colcon_core.verb:Building package 'bumperbot_msgs' with the following arguments: {'ament_cmake_args': None, 'build_base': '/home/shivam/slam_bot/build/bumperbot_msgs', 'catkin_cmake_args': None, 'catkin_skip_building_tests': False, 'cmake_args': None, 'cmake_clean_cache': False, 'cmake_clean_first': False, 'cmake_force_configure': False, 'cmake_target': None, 'cmake_target_skip_unavailable': False, 'install_base': '/home/shivam/slam_bot/install/bumperbot_msgs', 'merge_install': False, 'path': '/home/shivam/slam_bot/src/bumperbot_msgs', 'symlink_install': False, 'test_result_base': None}
[0.720s] Level 5:colcon.colcon_core.verb:set package 'bumperbot_py_examples' build argument 'cmake_args' from command line to 'None'
[0.720s] Level 5:colcon.colcon_core.verb:set package 'bumperbot_py_examples' build argument 'cmake_target' from command line to 'None'
[0.720s] Level 5:colcon.colcon_core.verb:set package 'bumperbot_py_examples' build argument 'cmake_target_skip_unavailable' from command line to 'False'
[0.720s] Level 5:colcon.colcon_core.verb:set package 'bumperbot_py_examples' build argument 'cmake_clean_cache' from command line to 'False'
[0.720s] Level 5:colcon.colcon_core.verb:set package 'bumperbot_py_examples' build argument 'cmake_clean_first' from command line to 'False'
[0.720s] Level 5:colcon.colcon_core.verb:set package 'bumperbot_py_examples' build argument 'cmake_force_configure' from command line to 'False'
[0.720s] Level 5:colcon.colcon_core.verb:set package 'bumperbot_py_examples' build argument 'ament_cmake_args' from command line to 'None'
[0.720s] Level 5:colcon.colcon_core.verb:set package 'bumperbot_py_examples' build argument 'catkin_cmake_args' from command line to 'None'
[0.720s] Level 5:colcon.colcon_core.verb:set package 'bumperbot_py_examples' build argument 'catkin_skip_building_tests' from command line to 'False'
[0.720s] DEBUG:colcon.colcon_core.verb:Building package 'bumperbot_py_examples' with the following arguments: {'ament_cmake_args': None, 'build_base': '/home/shivam/slam_bot/build/bumperbot_py_examples', 'catkin_cmake_args': None, 'catkin_skip_building_tests': False, 'cmake_args': None, 'cmake_clean_cache': False, 'cmake_clean_first': False, 'cmake_force_configure': False, 'cmake_target': None, 'cmake_target_skip_unavailable': False, 'install_base': '/home/shivam/slam_bot/install/bumperbot_py_examples', 'merge_install': False, 'path': '/home/shivam/slam_bot/src/bumperbot_py_examples', 'symlink_install': False, 'test_result_base': None}
[0.720s] INFO:colcon.colcon_core.executor:Executing jobs using 'parallel' executor
[0.722s] DEBUG:colcon.colcon_parallel_executor.executor.parallel:run_until_complete
[0.724s] INFO:colcon.colcon_ros.task.ament_cmake.build:Building ROS package in '/home/shivam/slam_bot/src/bumperbot_msgs' with build type 'ament_cmake'
[0.724s] INFO:colcon.colcon_cmake.task.cmake.build:Building CMake package in '/home/shivam/slam_bot/src/bumperbot_msgs'
[0.727s] INFO:colcon.colcon_core.plugin_system:Skipping extension 'colcon_core.shell.bat': Not used on non-Windows systems
[0.727s] INFO:colcon.colcon_core.shell:Skip shell extension 'powershell' for command environment: Not usable outside of PowerShell
[0.727s] DEBUG:colcon.colcon_core.shell:Skip shell extension 'dsv' for command environment
[0.732s] INFO:colcon.colcon_ros.task.ament_cmake.build:Building ROS package in '/home/shivam/slam_bot/src/bumperbot_bringup' with build type 'ament_cmake'
[0.732s] INFO:colcon.colcon_cmake.task.cmake.build:Building CMake package in '/home/shivam/slam_bot/src/bumperbot_bringup'
[0.733s] INFO:colcon.colcon_core.shell:Skip shell extension 'powershell' for command environment: Not usable outside of PowerShell
[0.733s] DEBUG:colcon.colcon_core.shell:Skip shell extension 'dsv' for command environment
[0.738s] INFO:colcon.colcon_ros.task.ament_cmake.build:Building ROS package in '/home/shivam/slam_bot/src/bumperbot_controller' with build type 'ament_cmake'
[0.739s] INFO:colcon.colcon_cmake.task.cmake.build:Building CMake package in '/home/shivam/slam_bot/src/bumperbot_controller'
[0.739s] INFO:colcon.colcon_core.shell:Skip shell extension 'powershell' for command environment: Not usable outside of PowerShell
[0.739s] DEBUG:colcon.colcon_core.shell:Skip shell extension 'dsv' for command environment
[0.743s] INFO:colcon.colcon_ros.task.ament_cmake.build:Building ROS package in '/home/shivam/slam_bot/src/bumperbot_description' with build type 'ament_cmake'
[0.744s] INFO:colcon.colcon_cmake.task.cmake.build:Building CMake package in '/home/shivam/slam_bot/src/bumperbot_description'
[0.745s] INFO:colcon.colcon_core.shell:Skip shell extension 'powershell' for command environment: Not usable outside of PowerShell
[0.745s] DEBUG:colcon.colcon_core.shell:Skip shell extension 'dsv' for command environment
[0.748s] INFO:colcon.colcon_ros.task.ament_cmake.build:Building ROS package in '/home/shivam/slam_bot/src/bumperbot_firmware' with build type 'ament_cmake'
[0.749s] INFO:colcon.colcon_cmake.task.cmake.build:Building CMake package in '/home/shivam/slam_bot/src/bumperbot_firmware'
[0.749s] INFO:colcon.colcon_core.shell:Skip shell extension 'powershell' for command environment: Not usable outside of PowerShell
[0.749s] DEBUG:colcon.colcon_core.shell:Skip shell extension 'dsv' for command environment
[0.754s] INFO:colcon.colcon_ros.task.ament_cmake.build:Building ROS package in '/home/shivam/slam_bot/src/bumperbot_localization' with build type 'ament_cmake'
[0.755s] INFO:colcon.colcon_cmake.task.cmake.build:Building CMake package in '/home/shivam/slam_bot/src/bumperbot_localization'
[0.755s] INFO:colcon.colcon_core.shell:Skip shell extension 'powershell' for command environment: Not usable outside of PowerShell
[0.755s] DEBUG:colcon.colcon_core.shell:Skip shell extension 'dsv' for command environment
[0.770s] DEBUG:colcon.colcon_core.event_handler.log_command:Invoking command in '/home/shivam/slam_bot/build/bumperbot_msgs': CMAKE_PREFIX_PATH=/opt/ros/humble /usr/bin/cmake --build /home/shivam/slam_bot/build/bumperbot_msgs -- -j12 -l12
[0.776s] DEBUG:colcon.colcon_core.event_handler.log_command:Invoking command in '/home/shivam/slam_bot/build/bumperbot_bringup': CMAKE_PREFIX_PATH=/opt/ros/humble /usr/bin/cmake --build /home/shivam/slam_bot/build/bumperbot_bringup -- -j12 -l12
[0.788s] DEBUG:colcon.colcon_core.event_handler.log_command:Invoking command in '/home/shivam/slam_bot/build/bumperbot_controller': CMAKE_PREFIX_PATH=/opt/ros/humble /usr/bin/cmake --build /home/shivam/slam_bot/build/bumperbot_controller -- -j12 -l12
[0.792s] DEBUG:colcon.colcon_core.event_handler.log_command:Invoking command in '/home/shivam/slam_bot/build/bumperbot_description': CMAKE_PREFIX_PATH=/opt/ros/humble /usr/bin/cmake --build /home/shivam/slam_bot/build/bumperbot_description -- -j12 -l12
[0.806s] DEBUG:colcon.colcon_core.event_handler.log_command:Invoking command in '/home/shivam/slam_bot/build/bumperbot_firmware': CMAKE_PREFIX_PATH=/opt/ros/humble /usr/bin/cmake --build /home/shivam/slam_bot/build/bumperbot_firmware -- -j12 -l12
[0.829s] DEBUG:colcon.colcon_core.event_handler.log_command:Invoking command in '/home/shivam/slam_bot/build/bumperbot_localization': CMAKE_PREFIX_PATH=/opt/ros/humble /usr/bin/cmake --build /home/shivam/slam_bot/build/bumperbot_localization -- -j12 -l12
[0.870s] DEBUG:colcon.colcon_core.event_handler.log_command:Invoked command in '/home/shivam/slam_bot/build/bumperbot_bringup' returned '0': CMAKE_PREFIX_PATH=/opt/ros/humble /usr/bin/cmake --build /home/shivam/slam_bot/build/bumperbot_bringup -- -j12 -l12
[0.966s] DEBUG:colcon.colcon_core.event_handler.log_command:Invoked command in '/home/shivam/slam_bot/build/bumperbot_description' returned '0': CMAKE_PREFIX_PATH=/opt/ros/humble /usr/bin/cmake --build /home/shivam/slam_bot/build/bumperbot_description -- -j12 -l12
[1.139s] DEBUG:colcon.colcon_core.event_handler.log_command:Invoking command in '/home/shivam/slam_bot/build/bumperbot_bringup': CMAKE_PREFIX_PATH=/opt/ros/humble /usr/bin/cmake --install /home/shivam/slam_bot/build/bumperbot_bringup
[1.181s] Level 1:colcon.colcon_core.environment:create_environment_scripts_only(bumperbot_bringup)
[1.183s] DEBUG:colcon.colcon_core.event_handler.log_command:Invoking command in '/home/shivam/slam_bot/build/bumperbot_description': CMAKE_PREFIX_PATH=/opt/ros/humble /usr/bin/cmake --install /home/shivam/slam_bot/build/bumperbot_description
[1.198s] DEBUG:colcon.colcon_core.event_handler.log_command:Invoked command in '/home/shivam/slam_bot/build/bumperbot_bringup' returned '0': CMAKE_PREFIX_PATH=/opt/ros/humble /usr/bin/cmake --install /home/shivam/slam_bot/build/bumperbot_bringup
[1.209s] Level 1:colcon.colcon_core.environment:checking '/home/shivam/slam_bot/install/bumperbot_bringup' for CMake module files
[1.210s] Level 1:colcon.colcon_core.environment:checking '/home/shivam/slam_bot/install/bumperbot_bringup' for CMake config files
[1.211s] Level 1:colcon.colcon_core.shell:create_environment_hook('bumperbot_bringup', 'cmake_prefix_path')
[1.211s] INFO:colcon.colcon_core.shell:Creating environment hook '/home/shivam/slam_bot/install/bumperbot_bringup/share/bumperbot_bringup/hook/cmake_prefix_path.ps1'
[1.216s] INFO:colcon.colcon_core.shell:Creating environment descriptor '/home/shivam/slam_bot/install/bumperbot_bringup/share/bumperbot_bringup/hook/cmake_prefix_path.dsv'
[1.239s] INFO:colcon.colcon_core.shell:Creating environment hook '/home/shivam/slam_bot/install/bumperbot_bringup/share/bumperbot_bringup/hook/cmake_prefix_path.sh'
[1.241s] Level 1:colcon.colcon_core.environment:checking '/home/shivam/slam_bot/install/bumperbot_bringup/bin'
[1.241s] Level 1:colcon.colcon_core.environment:checking '/home/shivam/slam_bot/install/bumperbot_bringup/lib/pkgconfig/bumperbot_bringup.pc'
[1.241s] Level 1:colcon.colcon_core.environment:checking '/home/shivam/slam_bot/install/bumperbot_bringup/lib/python3.10/site-packages'
[1.242s] Level 1:colcon.colcon_core.environment:checking '/home/shivam/slam_bot/install/bumperbot_bringup/bin'
[1.244s] INFO:colcon.colcon_core.shell:Creating package script '/home/shivam/slam_bot/install/bumperbot_bringup/share/bumperbot_bringup/package.ps1'
[1.245s] INFO:colcon.colcon_core.shell:Creating package descriptor '/home/shivam/slam_bot/install/bumperbot_bringup/share/bumperbot_bringup/package.dsv'
[1.246s] INFO:colcon.colcon_core.shell:Creating package script '/home/shivam/slam_bot/install/bumperbot_bringup/share/bumperbot_bringup/package.sh'
[1.250s] INFO:colcon.colcon_core.shell:Creating package script '/home/shivam/slam_bot/install/bumperbot_bringup/share/bumperbot_bringup/package.bash'
[1.251s] INFO:colcon.colcon_core.shell:Creating package script '/home/shivam/slam_bot/install/bumperbot_bringup/share/bumperbot_bringup/package.zsh'
[1.252s] Level 1:colcon.colcon_core.environment:create_file_with_runtime_dependencies(/home/shivam/slam_bot/install/bumperbot_bringup/share/colcon-core/packages/bumperbot_bringup)
[1.264s] Level 1:colcon.colcon_core.environment:create_environment_scripts_only(bumperbot_description)
[1.265s] Level 1:colcon.colcon_core.environment:checking '/home/shivam/slam_bot/install/bumperbot_description' for CMake module files
[1.266s] Level 1:colcon.colcon_core.environment:checking '/home/shivam/slam_bot/install/bumperbot_description' for CMake config files
[1.266s] Level 1:colcon.colcon_core.shell:create_environment_hook('bumperbot_description', 'cmake_prefix_path')
[1.266s] INFO:colcon.colcon_core.shell:Creating environment hook '/home/shivam/slam_bot/install/bumperbot_description/share/bumperbot_description/hook/cmake_prefix_path.ps1'
[1.270s] INFO:colcon.colcon_core.shell:Creating environment descriptor '/home/shivam/slam_bot/install/bumperbot_description/share/bumperbot_description/hook/cmake_prefix_path.dsv'
[1.270s] INFO:colcon.colcon_core.shell:Creating environment hook '/home/shivam/slam_bot/install/bumperbot_description/share/bumperbot_description/hook/cmake_prefix_path.sh'
[1.271s] Level 1:colcon.colcon_core.environment:checking '/home/shivam/slam_bot/install/bumperbot_description/bin'
[1.271s] Level 1:colcon.colcon_core.environment:checking '/home/shivam/slam_bot/install/bumperbot_description/lib/pkgconfig/bumperbot_description.pc'
[1.272s] Level 1:colcon.colcon_core.environment:checking '/home/shivam/slam_bot/install/bumperbot_description/lib/python3.10/site-packages'
[1.272s] Level 1:colcon.colcon_core.environment:checking '/home/shivam/slam_bot/install/bumperbot_description/bin'
[1.273s] INFO:colcon.colcon_core.shell:Creating package script '/home/shivam/slam_bot/install/bumperbot_description/share/bumperbot_description/package.ps1'
[1.273s] INFO:colcon.colcon_core.shell:Creating package descriptor '/home/shivam/slam_bot/install/bumperbot_description/share/bumperbot_description/package.dsv'
[1.274s] INFO:colcon.colcon_core.shell:Creating package script '/home/shivam/slam_bot/install/bumperbot_description/share/bumperbot_description/package.sh'
[1.274s] INFO:colcon.colcon_core.shell:Creating package script '/home/shivam/slam_bot/install/bumperbot_description/share/bumperbot_description/package.bash'
[1.275s] DEBUG:colcon.colcon_core.event_handler.log_command:Invoked command in '/home/shivam/slam_bot/build/bumperbot_description' returned '0': CMAKE_PREFIX_PATH=/opt/ros/humble /usr/bin/cmake --install /home/shivam/slam_bot/build/bumperbot_description
[1.275s] INFO:colcon.colcon_core.shell:Creating package script '/home/shivam/slam_bot/install/bumperbot_description/share/bumperbot_description/package.zsh'
[1.276s] Level 1:colcon.colcon_core.environment:create_file_with_runtime_dependencies(/home/shivam/slam_bot/install/bumperbot_description/share/colcon-core/packages/bumperbot_description)
[1.323s] Level 1:colcon.colcon_core.environment:create_environment_scripts_only(bumperbot_bringup)
[1.323s] Level 1:colcon.colcon_core.environment:checking '/home/shivam/slam_bot/install/bumperbot_bringup' for CMake module files
[1.324s] Level 1:colcon.colcon_core.environment:checking '/home/shivam/slam_bot/install/bumperbot_bringup' for CMake config files
[1.324s] Level 1:colcon.colcon_core.shell:create_environment_hook('bumperbot_bringup', 'cmake_prefix_path')
[1.324s] INFO:colcon.colcon_core.shell:Creating environment hook '/home/shivam/slam_bot/install/bumperbot_bringup/share/bumperbot_bringup/hook/cmake_prefix_path.ps1'
[1.325s] INFO:colcon.colcon_core.shell:Creating environment descriptor '/home/shivam/slam_bot/install/bumperbot_bringup/share/bumperbot_bringup/hook/cmake_prefix_path.dsv'
[1.326s] INFO:colcon.colcon_core.shell:Creating environment hook '/home/shivam/slam_bot/install/bumperbot_bringup/share/bumperbot_bringup/hook/cmake_prefix_path.sh'
[1.326s] Level 1:colcon.colcon_core.environment:checking '/home/shivam/slam_bot/install/bumperbot_bringup/bin'
[1.326s] Level 1:colcon.colcon_core.environment:checking '/home/shivam/slam_bot/install/bumperbot_bringup/lib/pkgconfig/bumperbot_bringup.pc'
[1.327s] Level 1:colcon.colcon_core.environment:checking '/home/shivam/slam_bot/install/bumperbot_bringup/lib/python3.10/site-packages'
[1.327s] Level 1:colcon.colcon_core.environment:checking '/home/shivam/slam_bot/install/bumperbot_bringup/bin'
[1.328s] INFO:colcon.colcon_core.shell:Creating package script '/home/shivam/slam_bot/install/bumperbot_bringup/share/bumperbot_bringup/package.ps1'
[1.328s] INFO:colcon.colcon_core.shell:Creating package descriptor '/home/shivam/slam_bot/install/bumperbot_bringup/share/bumperbot_bringup/package.dsv'
[1.332s] INFO:colcon.colcon_core.shell:Creating package script '/home/shivam/slam_bot/install/bumperbot_bringup/share/bumperbot_bringup/package.sh'
[1.332s] INFO:colcon.colcon_core.shell:Creating package script '/home/shivam/slam_bot/install/bumperbot_bringup/share/bumperbot_bringup/package.bash'
[1.333s] INFO:colcon.colcon_core.shell:Creating package script '/home/shivam/slam_bot/install/bumperbot_bringup/share/bumperbot_bringup/package.zsh'
[1.334s] Level 1:colcon.colcon_core.environment:create_file_with_runtime_dependencies(/home/shivam/slam_bot/install/bumperbot_bringup/share/colcon-core/packages/bumperbot_bringup)
[1.367s] Level 1:colcon.colcon_core.environment:create_environment_scripts_only(bumperbot_description)
[1.368s] Level 1:colcon.colcon_core.environment:checking '/home/shivam/slam_bot/install/bumperbot_description' for CMake module files
[1.368s] Level 1:colcon.colcon_core.environment:checking '/home/shivam/slam_bot/install/bumperbot_description' for CMake config files
[1.369s] Level 1:colcon.colcon_core.shell:create_environment_hook('bumperbot_description', 'cmake_prefix_path')
[1.369s] INFO:colcon.colcon_core.shell:Creating environment hook '/home/shivam/slam_bot/install/bumperbot_description/share/bumperbot_description/hook/cmake_prefix_path.ps1'
[1.370s] INFO:colcon.colcon_core.shell:Creating environment descriptor '/home/shivam/slam_bot/install/bumperbot_description/share/bumperbot_description/hook/cmake_prefix_path.dsv'
[1.371s] INFO:colcon.colcon_core.shell:Creating environment hook '/home/shivam/slam_bot/install/bumperbot_description/share/bumperbot_description/hook/cmake_prefix_path.sh'
[1.379s] Level 1:colcon.colcon_core.environment:checking '/home/shivam/slam_bot/install/bumperbot_description/bin'
[1.380s] Level 1:colcon.colcon_core.environment:checking '/home/shivam/slam_bot/install/bumperbot_description/lib/pkgconfig/bumperbot_description.pc'
[1.380s] Level 1:colcon.colcon_core.environment:checking '/home/shivam/slam_bot/install/bumperbot_description/lib/python3.10/site-packages'
[1.380s] Level 1:colcon.colcon_core.environment:checking '/home/shivam/slam_bot/install/bumperbot_description/bin'
[1.381s] INFO:colcon.colcon_core.shell:Creating package script '/home/shivam/slam_bot/install/bumperbot_description/share/bumperbot_description/package.ps1'
[1.384s] INFO:colcon.colcon_core.shell:Creating package descriptor '/home/shivam/slam_bot/install/bumperbot_description/share/bumperbot_description/package.dsv'
[1.385s] INFO:colcon.colcon_core.shell:Creating package script '/home/shivam/slam_bot/install/bumperbot_description/share/bumperbot_description/package.sh'
[1.385s] INFO:colcon.colcon_core.shell:Creating package script '/home/shivam/slam_bot/install/bumperbot_description/share/bumperbot_description/package.bash'
[1.386s] INFO:colcon.colcon_core.shell:Creating package script '/home/shivam/slam_bot/install/bumperbot_description/share/bumperbot_description/package.zsh'
[1.386s] Level 1:colcon.colcon_core.environment:create_file_with_runtime_dependencies(/home/shivam/slam_bot/install/bumperbot_description/share/colcon-core/packages/bumperbot_description)
[1.810s] DEBUG:colcon.colcon_core.event_handler.log_command:Invoked command in '/home/shivam/slam_bot/build/bumperbot_msgs' returned '0': CMAKE_PREFIX_PATH=/opt/ros/humble /usr/bin/cmake --build /home/shivam/slam_bot/build/bumperbot_msgs -- -j12 -l12
[1.814s] DEBUG:colcon.colcon_core.event_handler.log_command:Invoked command in '/home/shivam/slam_bot/build/bumperbot_controller' returned '0': CMAKE_PREFIX_PATH=/opt/ros/humble /usr/bin/cmake --build /home/shivam/slam_bot/build/bumperbot_controller -- -j12 -l12
[1.825s] DEBUG:colcon.colcon_core.event_handler.log_command:Invoked command in '/home/shivam/slam_bot/build/bumperbot_firmware' returned '0': CMAKE_PREFIX_PATH=/opt/ros/humble /usr/bin/cmake --build /home/shivam/slam_bot/build/bumperbot_firmware -- -j12 -l12
[1.829s] DEBUG:colcon.colcon_core.event_handler.log_command:Invoked command in '/home/shivam/slam_bot/build/bumperbot_localization' returned '0': CMAKE_PREFIX_PATH=/opt/ros/humble /usr/bin/cmake --build /home/shivam/slam_bot/build/bumperbot_localization -- -j12 -l12
[1.847s] DEBUG:colcon.colcon_core.event_handler.log_command:Invoking command in '/home/shivam/slam_bot/build/bumperbot_controller': CMAKE_PREFIX_PATH=/opt/ros/humble /usr/bin/cmake --install /home/shivam/slam_bot/build/bumperbot_controller
[1.863s] DEBUG:colcon.colcon_core.event_handler.log_command:Invoking command in '/home/shivam/slam_bot/build/bumperbot_firmware': CMAKE_PREFIX_PATH=/opt/ros/humble /usr/bin/cmake --install /home/shivam/slam_bot/build/bumperbot_firmware
[1.868s] DEBUG:colcon.colcon_core.event_handler.log_command:Invoking command in '/home/shivam/slam_bot/build/bumperbot_localization': CMAKE_PREFIX_PATH=/opt/ros/humble /usr/bin/cmake --install /home/shivam/slam_bot/build/bumperbot_localization
[1.905s] DEBUG:colcon.colcon_core.event_handler.log_command:Invoking command in '/home/shivam/slam_bot/build/bumperbot_msgs': CMAKE_PREFIX_PATH=/opt/ros/humble /usr/bin/cmake --install /home/shivam/slam_bot/build/bumperbot_msgs
[1.916s] Level 1:colcon.colcon_core.environment:create_environment_scripts_only(bumperbot_controller)
[1.916s] Level 1:colcon.colcon_core.environment:checking '/home/shivam/slam_bot/install/bumperbot_controller' for CMake module files
[1.923s] Level 1:colcon.colcon_core.environment:checking '/home/shivam/slam_bot/install/bumperbot_controller' for CMake config files
[1.935s] DEBUG:colcon.colcon_core.event_handler.log_command:Invoked command in '/home/shivam/slam_bot/build/bumperbot_controller' returned '0': CMAKE_PREFIX_PATH=/opt/ros/humble /usr/bin/cmake --install /home/shivam/slam_bot/build/bumperbot_controller
[1.954s] Level 1:colcon.colcon_core.shell:create_environment_hook('bumperbot_controller', 'cmake_prefix_path')
[1.954s] INFO:colcon.colcon_core.shell:Creating environment hook '/home/shivam/slam_bot/install/bumperbot_controller/share/bumperbot_controller/hook/cmake_prefix_path.ps1'
[1.959s] INFO:colcon.colcon_core.shell:Creating environment descriptor '/home/shivam/slam_bot/install/bumperbot_controller/share/bumperbot_controller/hook/cmake_prefix_path.dsv'
[1.961s] INFO:colcon.colcon_core.shell:Creating environment hook '/home/shivam/slam_bot/install/bumperbot_controller/share/bumperbot_controller/hook/cmake_prefix_path.sh'
[1.969s] Level 1:colcon.colcon_core.environment:checking '/home/shivam/slam_bot/install/bumperbot_controller/lib'
[1.969s] Level 1:colcon.colcon_core.environment:checking '/home/shivam/slam_bot/install/bumperbot_controller/bin'
[1.969s] Level 1:colcon.colcon_core.environment:checking '/home/shivam/slam_bot/install/bumperbot_controller/lib/pkgconfig/bumperbot_controller.pc'
[1.970s] Level 1:colcon.colcon_core.environment:checking '/home/shivam/slam_bot/install/bumperbot_controller/lib/python3.10/site-packages'
[1.970s] Level 1:colcon.colcon_core.environment:checking '/home/shivam/slam_bot/install/bumperbot_controller/bin'
[1.970s] INFO:colcon.colcon_core.shell:Creating package script '/home/shivam/slam_bot/install/bumperbot_controller/share/bumperbot_controller/package.ps1'
[1.970s] INFO:colcon.colcon_core.shell:Creating package descriptor '/home/shivam/slam_bot/install/bumperbot_controller/share/bumperbot_controller/package.dsv'
[1.971s] INFO:colcon.colcon_core.shell:Creating package script '/home/shivam/slam_bot/install/bumperbot_controller/share/bumperbot_controller/package.sh'
[1.971s] INFO:colcon.colcon_core.shell:Creating package script '/home/shivam/slam_bot/install/bumperbot_controller/share/bumperbot_controller/package.bash'
[1.971s] INFO:colcon.colcon_core.shell:Creating package script '/home/shivam/slam_bot/install/bumperbot_controller/share/bumperbot_controller/package.zsh'
[1.972s] Level 1:colcon.colcon_core.environment:create_file_with_runtime_dependencies(/home/shivam/slam_bot/install/bumperbot_controller/share/colcon-core/packages/bumperbot_controller)
[1.974s] Level 1:colcon.colcon_core.environment:create_environment_scripts_only(bumperbot_firmware)
[1.975s] Level 1:colcon.colcon_core.environment:checking '/home/shivam/slam_bot/install/bumperbot_firmware' for CMake module files
[1.976s] DEBUG:colcon.colcon_core.event_handler.log_command:Invoked command in '/home/shivam/slam_bot/build/bumperbot_firmware' returned '0': CMAKE_PREFIX_PATH=/opt/ros/humble /usr/bin/cmake --install /home/shivam/slam_bot/build/bumperbot_firmware
[1.976s] Level 1:colcon.colcon_core.environment:checking '/home/shivam/slam_bot/install/bumperbot_firmware' for CMake config files
[1.977s] Level 1:colcon.colcon_core.shell:create_environment_hook('bumperbot_firmware', 'cmake_prefix_path')
[1.977s] INFO:colcon.colcon_core.shell:Creating environment hook '/home/shivam/slam_bot/install/bumperbot_firmware/share/bumperbot_firmware/hook/cmake_prefix_path.ps1'
[1.977s] INFO:colcon.colcon_core.shell:Creating environment descriptor '/home/shivam/slam_bot/install/bumperbot_firmware/share/bumperbot_firmware/hook/cmake_prefix_path.dsv'
[1.978s] INFO:colcon.colcon_core.shell:Creating environment hook '/home/shivam/slam_bot/install/bumperbot_firmware/share/bumperbot_firmware/hook/cmake_prefix_path.sh'
[1.978s] Level 1:colcon.colcon_core.environment:checking '/home/shivam/slam_bot/install/bumperbot_firmware/lib'
[1.978s] Level 1:colcon.colcon_core.shell:create_environment_hook('bumperbot_firmware', 'ld_library_path_lib')
[1.978s] INFO:colcon.colcon_core.shell:Creating environment hook '/home/shivam/slam_bot/install/bumperbot_firmware/share/bumperbot_firmware/hook/ld_library_path_lib.ps1'
[1.979s] INFO:colcon.colcon_core.shell:Creating environment descriptor '/home/shivam/slam_bot/install/bumperbot_firmware/share/bumperbot_firmware/hook/ld_library_path_lib.dsv'
[1.979s] INFO:colcon.colcon_core.shell:Creating environment hook '/home/shivam/slam_bot/install/bumperbot_firmware/share/bumperbot_firmware/hook/ld_library_path_lib.sh'
[1.979s] Level 1:colcon.colcon_core.environment:checking '/home/shivam/slam_bot/install/bumperbot_firmware/bin'
[1.979s] Level 1:colcon.colcon_core.environment:checking '/home/shivam/slam_bot/install/bumperbot_firmware/lib/pkgconfig/bumperbot_firmware.pc'
[1.980s] Level 1:colcon.colcon_core.environment:checking '/home/shivam/slam_bot/install/bumperbot_firmware/lib/python3.10/site-packages'
[1.980s] Level 1:colcon.colcon_core.environment:checking '/home/shivam/slam_bot/install/bumperbot_firmware/bin'
[1.980s] INFO:colcon.colcon_core.shell:Creating package script '/home/shivam/slam_bot/install/bumperbot_firmware/share/bumperbot_firmware/package.ps1'
[1.980s] INFO:colcon.colcon_core.shell:Creating package descriptor '/home/shivam/slam_bot/install/bumperbot_firmware/share/bumperbot_firmware/package.dsv'
[1.981s] INFO:colcon.colcon_core.shell:Creating package script '/home/shivam/slam_bot/install/bumperbot_firmware/share/bumperbot_firmware/package.sh'
[1.982s] INFO:colcon.colcon_core.shell:Creating package script '/home/shivam/slam_bot/install/bumperbot_firmware/share/bumperbot_firmware/package.bash'
[1.982s] INFO:colcon.colcon_core.shell:Creating package script '/home/shivam/slam_bot/install/bumperbot_firmware/share/bumperbot_firmware/package.zsh'
[1.983s] Level 1:colcon.colcon_core.environment:create_file_with_runtime_dependencies(/home/shivam/slam_bot/install/bumperbot_firmware/share/colcon-core/packages/bumperbot_firmware)
[1.985s] Level 1:colcon.colcon_core.environment:create_environment_scripts_only(bumperbot_localization)
[1.985s] Level 1:colcon.colcon_core.environment:checking '/home/shivam/slam_bot/install/bumperbot_localization' for CMake module files
[1.986s] DEBUG:colcon.colcon_core.event_handler.log_command:Invoked command in '/home/shivam/slam_bot/build/bumperbot_localization' returned '0': CMAKE_PREFIX_PATH=/opt/ros/humble /usr/bin/cmake --install /home/shivam/slam_bot/build/bumperbot_localization
[1.987s] Level 1:colcon.colcon_core.environment:checking '/home/shivam/slam_bot/install/bumperbot_localization' for CMake config files
[1.988s] Level 1:colcon.colcon_core.shell:create_environment_hook('bumperbot_localization', 'cmake_prefix_path')
[1.988s] INFO:colcon.colcon_core.shell:Creating environment hook '/home/shivam/slam_bot/install/bumperbot_localization/share/bumperbot_localization/hook/cmake_prefix_path.ps1'
[1.988s] INFO:colcon.colcon_core.shell:Creating environment descriptor '/home/shivam/slam_bot/install/bumperbot_localization/share/bumperbot_localization/hook/cmake_prefix_path.dsv'
[1.989s] INFO:colcon.colcon_core.shell:Creating environment hook '/home/shivam/slam_bot/install/bumperbot_localization/share/bumperbot_localization/hook/cmake_prefix_path.sh'
[1.989s] Level 1:colcon.colcon_core.environment:checking '/home/shivam/slam_bot/install/bumperbot_localization/lib'
[1.989s] Level 1:colcon.colcon_core.environment:checking '/home/shivam/slam_bot/install/bumperbot_localization/bin'
[1.989s] Level 1:colcon.colcon_core.environment:checking '/home/shivam/slam_bot/install/bumperbot_localization/lib/pkgconfig/bumperbot_localization.pc'
[1.990s] Level 1:colcon.colcon_core.environment:checking '/home/shivam/slam_bot/install/bumperbot_localization/lib/python3.10/site-packages'
[1.990s] Level 1:colcon.colcon_core.environment:checking '/home/shivam/slam_bot/install/bumperbot_localization/bin'
[1.990s] INFO:colcon.colcon_core.shell:Creating package script '/home/shivam/slam_bot/install/bumperbot_localization/share/bumperbot_localization/package.ps1'
[1.991s] INFO:colcon.colcon_core.shell:Creating package descriptor '/home/shivam/slam_bot/install/bumperbot_localization/share/bumperbot_localization/package.dsv'
[1.991s] INFO:colcon.colcon_core.shell:Creating package script '/home/shivam/slam_bot/install/bumperbot_localization/share/bumperbot_localization/package.sh'
[1.991s] INFO:colcon.colcon_core.shell:Creating package script '/home/shivam/slam_bot/install/bumperbot_localization/share/bumperbot_localization/package.bash'
[1.992s] INFO:colcon.colcon_core.shell:Creating package script '/home/shivam/slam_bot/install/bumperbot_localization/share/bumperbot_localization/package.zsh'
[1.992s] Level 1:colcon.colcon_core.environment:create_file_with_runtime_dependencies(/home/shivam/slam_bot/install/bumperbot_localization/share/colcon-core/packages/bumperbot_localization)
[1.994s] Level 1:colcon.colcon_core.environment:create_environment_scripts_only(bumperbot_msgs)
[1.994s] Level 1:colcon.colcon_core.environment:checking '/home/shivam/slam_bot/install/bumperbot_msgs' for CMake module files
[1.995s] DEBUG:colcon.colcon_core.event_handler.log_command:Invoked command in '/home/shivam/slam_bot/build/bumperbot_msgs' returned '0': CMAKE_PREFIX_PATH=/opt/ros/humble /usr/bin/cmake --install /home/shivam/slam_bot/build/bumperbot_msgs
[1.995s] Level 1:colcon.colcon_core.environment:checking '/home/shivam/slam_bot/install/bumperbot_msgs' for CMake config files
[1.996s] Level 1:colcon.colcon_core.shell:create_environment_hook('bumperbot_msgs', 'cmake_prefix_path')
[1.996s] INFO:colcon.colcon_core.shell:Creating environment hook '/home/shivam/slam_bot/install/bumperbot_msgs/share/bumperbot_msgs/hook/cmake_prefix_path.ps1'
[1.997s] INFO:colcon.colcon_core.shell:Creating environment descriptor '/home/shivam/slam_bot/install/bumperbot_msgs/share/bumperbot_msgs/hook/cmake_prefix_path.dsv'
[1.997s] INFO:colcon.colcon_core.shell:Creating environment hook '/home/shivam/slam_bot/install/bumperbot_msgs/share/bumperbot_msgs/hook/cmake_prefix_path.sh'
[1.998s] Level 1:colcon.colcon_core.environment:checking '/home/shivam/slam_bot/install/bumperbot_msgs/lib'
[1.998s] Level 1:colcon.colcon_core.shell:create_environment_hook('bumperbot_msgs', 'ld_library_path_lib')
[1.998s] INFO:colcon.colcon_core.shell:Creating environment hook '/home/shivam/slam_bot/install/bumperbot_msgs/share/bumperbot_msgs/hook/ld_library_path_lib.ps1'
[1.999s] INFO:colcon.colcon_core.shell:Creating environment descriptor '/home/shivam/slam_bot/install/bumperbot_msgs/share/bumperbot_msgs/hook/ld_library_path_lib.dsv'
[1.999s] INFO:colcon.colcon_core.shell:Creating environment hook '/home/shivam/slam_bot/install/bumperbot_msgs/share/bumperbot_msgs/hook/ld_library_path_lib.sh'
[2.000s] Level 1:colcon.colcon_core.environment:checking '/home/shivam/slam_bot/install/bumperbot_msgs/bin'
[2.000s] Level 1:colcon.colcon_core.environment:checking '/home/shivam/slam_bot/install/bumperbot_msgs/lib/pkgconfig/bumperbot_msgs.pc'
[2.000s] Level 1:colcon.colcon_core.environment:checking '/home/shivam/slam_bot/install/bumperbot_msgs/lib/python3.10/site-packages'
[2.001s] Level 1:colcon.colcon_core.environment:checking '/home/shivam/slam_bot/install/bumperbot_msgs/bin'
[2.001s] INFO:colcon.colcon_core.shell:Creating package script '/home/shivam/slam_bot/install/bumperbot_msgs/share/bumperbot_msgs/package.ps1'
[2.002s] INFO:colcon.colcon_core.shell:Creating package descriptor '/home/shivam/slam_bot/install/bumperbot_msgs/share/bumperbot_msgs/package.dsv'
[2.002s] INFO:colcon.colcon_core.shell:Creating package script '/home/shivam/slam_bot/install/bumperbot_msgs/share/bumperbot_msgs/package.sh'
[2.003s] INFO:colcon.colcon_core.shell:Creating package script '/home/shivam/slam_bot/install/bumperbot_msgs/share/bumperbot_msgs/package.bash'
[2.003s] INFO:colcon.colcon_core.shell:Creating package script '/home/shivam/slam_bot/install/bumperbot_msgs/share/bumperbot_msgs/package.zsh'
[2.004s] Level 1:colcon.colcon_core.environment:create_file_with_runtime_dependencies(/home/shivam/slam_bot/install/bumperbot_msgs/share/colcon-core/packages/bumperbot_msgs)
[2.006s] Level 1:colcon.colcon_core.environment:create_environment_scripts_only(bumperbot_controller)
[2.007s] Level 1:colcon.colcon_core.environment:checking '/home/shivam/slam_bot/install/bumperbot_controller' for CMake module files
[2.007s] Level 1:colcon.colcon_core.environment:checking '/home/shivam/slam_bot/install/bumperbot_controller' for CMake config files
[2.007s] Level 1:colcon.colcon_core.shell:create_environment_hook('bumperbot_controller', 'cmake_prefix_path')
[2.008s] INFO:colcon.colcon_core.shell:Creating environment hook '/home/shivam/slam_bot/install/bumperbot_controller/share/bumperbot_controller/hook/cmake_prefix_path.ps1'
[2.009s] INFO:colcon.colcon_core.shell:Creating environment descriptor '/home/shivam/slam_bot/install/bumperbot_controller/share/bumperbot_controller/hook/cmake_prefix_path.dsv'
[2.009s] INFO:colcon.colcon_core.shell:Creating environment hook '/home/shivam/slam_bot/install/bumperbot_controller/share/bumperbot_controller/hook/cmake_prefix_path.sh'
[2.010s] Level 1:colcon.colcon_core.environment:checking '/home/shivam/slam_bot/install/bumperbot_controller/lib'
[2.010s] Level 1:colcon.colcon_core.environment:checking '/home/shivam/slam_bot/install/bumperbot_controller/bin'
[2.010s] Level 1:colcon.colcon_core.environment:checking '/home/shivam/slam_bot/install/bumperbot_controller/lib/pkgconfig/bumperbot_controller.pc'
[2.011s] Level 1:colcon.colcon_core.environment:checking '/home/shivam/slam_bot/install/bumperbot_controller/lib/python3.10/site-packages'
[2.011s] Level 1:colcon.colcon_core.environment:checking '/home/shivam/slam_bot/install/bumperbot_controller/bin'
[2.011s] INFO:colcon.colcon_core.shell:Creating package script '/home/shivam/slam_bot/install/bumperbot_controller/share/bumperbot_controller/package.ps1'
[2.012s] INFO:colcon.colcon_core.shell:Creating package descriptor '/home/shivam/slam_bot/install/bumperbot_controller/share/bumperbot_controller/package.dsv'
[2.013s] INFO:colcon.colcon_core.shell:Creating package script '/home/shivam/slam_bot/install/bumperbot_controller/share/bumperbot_controller/package.sh'
[2.013s] INFO:colcon.colcon_core.shell:Creating package script '/home/shivam/slam_bot/install/bumperbot_controller/share/bumperbot_controller/package.bash'
[2.014s] INFO:colcon.colcon_core.shell:Creating package script '/home/shivam/slam_bot/install/bumperbot_controller/share/bumperbot_controller/package.zsh'
[2.014s] Level 1:colcon.colcon_core.environment:create_file_with_runtime_dependencies(/home/shivam/slam_bot/install/bumperbot_controller/share/colcon-core/packages/bumperbot_controller)
[2.018s] Level 1:colcon.colcon_core.environment:create_environment_scripts_only(bumperbot_firmware)
[2.018s] Level 1:colcon.colcon_core.environment:checking '/home/shivam/slam_bot/install/bumperbot_firmware' for CMake module files
[2.018s] Level 1:colcon.colcon_core.environment:checking '/home/shivam/slam_bot/install/bumperbot_firmware' for CMake config files
[2.019s] Level 1:colcon.colcon_core.shell:create_environment_hook('bumperbot_firmware', 'cmake_prefix_path')
[2.019s] INFO:colcon.colcon_core.shell:Creating environment hook '/home/shivam/slam_bot/install/bumperbot_firmware/share/bumperbot_firmware/hook/cmake_prefix_path.ps1'
[2.020s] INFO:colcon.colcon_core.shell:Creating environment descriptor '/home/shivam/slam_bot/install/bumperbot_firmware/share/bumperbot_firmware/hook/cmake_prefix_path.dsv'
[2.020s] INFO:colcon.colcon_core.shell:Creating environment hook '/home/shivam/slam_bot/install/bumperbot_firmware/share/bumperbot_firmware/hook/cmake_prefix_path.sh'
[2.021s] Level 1:colcon.colcon_core.environment:checking '/home/shivam/slam_bot/install/bumperbot_firmware/lib'
[2.021s] Level 1:colcon.colcon_core.shell:create_environment_hook('bumperbot_firmware', 'ld_library_path_lib')
[2.021s] INFO:colcon.colcon_core.shell:Creating environment hook '/home/shivam/slam_bot/install/bumperbot_firmware/share/bumperbot_firmware/hook/ld_library_path_lib.ps1'
[2.022s] INFO:colcon.colcon_core.shell:Creating environment descriptor '/home/shivam/slam_bot/install/bumperbot_firmware/share/bumperbot_firmware/hook/ld_library_path_lib.dsv'
[2.022s] INFO:colcon.colcon_core.shell:Creating environment hook '/home/shivam/slam_bot/install/bumperbot_firmware/share/bumperbot_firmware/hook/ld_library_path_lib.sh'
[2.022s] Level 1:colcon.colcon_core.environment:checking '/home/shivam/slam_bot/install/bumperbot_firmware/bin'
[2.022s] Level 1:colcon.colcon_core.environment:checking '/home/shivam/slam_bot/install/bumperbot_firmware/lib/pkgconfig/bumperbot_firmware.pc'
[2.023s] Level 1:colcon.colcon_core.environment:checking '/home/shivam/slam_bot/install/bumperbot_firmware/lib/python3.10/site-packages'
[2.023s] Level 1:colcon.colcon_core.environment:checking '/home/shivam/slam_bot/install/bumperbot_firmware/bin'
[2.024s] INFO:colcon.colcon_core.shell:Creating package script '/home/shivam/slam_bot/install/bumperbot_firmware/share/bumperbot_firmware/package.ps1'
[2.024s] INFO:colcon.colcon_core.shell:Creating package descriptor '/home/shivam/slam_bot/install/bumperbot_firmware/share/bumperbot_firmware/package.dsv'
[2.025s] INFO:colcon.colcon_core.shell:Creating package script '/home/shivam/slam_bot/install/bumperbot_firmware/share/bumperbot_firmware/package.sh'
[2.025s] INFO:colcon.colcon_core.shell:Creating package script '/home/shivam/slam_bot/install/bumperbot_firmware/share/bumperbot_firmware/package.bash'
[2.025s] INFO:colcon.colcon_core.shell:Creating package script '/home/shivam/slam_bot/install/bumperbot_firmware/share/bumperbot_firmware/package.zsh'
[2.026s] Level 1:colcon.colcon_core.environment:create_file_with_runtime_dependencies(/home/shivam/slam_bot/install/bumperbot_firmware/share/colcon-core/packages/bumperbot_firmware)
[2.027s] Level 1:colcon.colcon_core.environment:create_environment_scripts_only(bumperbot_localization)
[2.028s] Level 1:colcon.colcon_core.environment:checking '/home/shivam/slam_bot/install/bumperbot_localization' for CMake module files
[2.029s] Level 1:colcon.colcon_core.environment:checking '/home/shivam/slam_bot/install/bumperbot_localization' for CMake config files
[2.029s] Level 1:colcon.colcon_core.shell:create_environment_hook('bumperbot_localization', 'cmake_prefix_path')
[2.030s] INFO:colcon.colcon_core.shell:Creating environment hook '/home/shivam/slam_bot/install/bumperbot_localization/share/bumperbot_localization/hook/cmake_prefix_path.ps1'
[2.030s] INFO:colcon.colcon_core.shell:Creating environment descriptor '/home/shivam/slam_bot/install/bumperbot_localization/share/bumperbot_localization/hook/cmake_prefix_path.dsv'
[2.031s] INFO:colcon.colcon_core.shell:Creating environment hook '/home/shivam/slam_bot/install/bumperbot_localization/share/bumperbot_localization/hook/cmake_prefix_path.sh'
[2.031s] Level 1:colcon.colcon_core.environment:checking '/home/shivam/slam_bot/install/bumperbot_localization/lib'
[2.031s] Level 1:colcon.colcon_core.environment:checking '/home/shivam/slam_bot/install/bumperbot_localization/bin'
[2.032s] Level 1:colcon.colcon_core.environment:checking '/home/shivam/slam_bot/install/bumperbot_localization/lib/pkgconfig/bumperbot_localization.pc'
[2.032s] Level 1:colcon.colcon_core.environment:checking '/home/shivam/slam_bot/install/bumperbot_localization/lib/python3.10/site-packages'
[2.032s] Level 1:colcon.colcon_core.environment:checking '/home/shivam/slam_bot/install/bumperbot_localization/bin'
[2.033s] INFO:colcon.colcon_core.shell:Creating package script '/home/shivam/slam_bot/install/bumperbot_localization/share/bumperbot_localization/package.ps1'
[2.033s] INFO:colcon.colcon_core.shell:Creating package descriptor '/home/shivam/slam_bot/install/bumperbot_localization/share/bumperbot_localization/package.dsv'
[2.034s] INFO:colcon.colcon_core.shell:Creating package script '/home/shivam/slam_bot/install/bumperbot_localization/share/bumperbot_localization/package.sh'
[2.034s] INFO:colcon.colcon_core.shell:Creating package script '/home/shivam/slam_bot/install/bumperbot_localization/share/bumperbot_localization/package.bash'
[2.035s] INFO:colcon.colcon_core.shell:Creating package script '/home/shivam/slam_bot/install/bumperbot_localization/share/bumperbot_localization/package.zsh'
[2.035s] Level 1:colcon.colcon_core.environment:create_file_with_runtime_dependencies(/home/shivam/slam_bot/install/bumperbot_localization/share/colcon-core/packages/bumperbot_localization)
[2.078s] Level 1:colcon.colcon_core.environment:create_environment_scripts_only(bumperbot_msgs)
[2.079s] Level 1:colcon.colcon_core.environment:checking '/home/shivam/slam_bot/install/bumperbot_msgs' for CMake module files
[2.079s] Level 1:colcon.colcon_core.environment:checking '/home/shivam/slam_bot/install/bumperbot_msgs' for CMake config files
[2.080s] Level 1:colcon.colcon_core.shell:create_environment_hook('bumperbot_msgs', 'cmake_prefix_path')
[2.080s] INFO:colcon.colcon_core.shell:Creating environment hook '/home/shivam/slam_bot/install/bumperbot_msgs/share/bumperbot_msgs/hook/cmake_prefix_path.ps1'
[2.081s] INFO:colcon.colcon_core.shell:Creating environment descriptor '/home/shivam/slam_bot/install/bumperbot_msgs/share/bumperbot_msgs/hook/cmake_prefix_path.dsv'
[2.081s] INFO:colcon.colcon_core.shell:Creating environment hook '/home/shivam/slam_bot/install/bumperbot_msgs/share/bumperbot_msgs/hook/cmake_prefix_path.sh'
[2.082s] Level 1:colcon.colcon_core.environment:checking '/home/shivam/slam_bot/install/bumperbot_msgs/lib'
[2.082s] Level 1:colcon.colcon_core.shell:create_environment_hook('bumperbot_msgs', 'ld_library_path_lib')
[2.082s] INFO:colcon.colcon_core.shell:Creating environment hook '/home/shivam/slam_bot/install/bumperbot_msgs/share/bumperbot_msgs/hook/ld_library_path_lib.ps1'
[2.083s] INFO:colcon.colcon_core.shell:Creating environment descriptor '/home/shivam/slam_bot/install/bumperbot_msgs/share/bumperbot_msgs/hook/ld_library_path_lib.dsv'
[2.083s] INFO:colcon.colcon_core.shell:Creating environment hook '/home/shivam/slam_bot/install/bumperbot_msgs/share/bumperbot_msgs/hook/ld_library_path_lib.sh'
[2.083s] Level 1:colcon.colcon_core.environment:checking '/home/shivam/slam_bot/install/bumperbot_msgs/bin'
[2.083s] Level 1:colcon.colcon_core.environment:checking '/home/shivam/slam_bot/install/bumperbot_msgs/lib/pkgconfig/bumperbot_msgs.pc'
[2.084s] Level 1:colcon.colcon_core.environment:checking '/home/shivam/slam_bot/install/bumperbot_msgs/lib/python3.10/site-packages'
[2.084s] Level 1:colcon.colcon_core.environment:checking '/home/shivam/slam_bot/install/bumperbot_msgs/bin'
[2.084s] INFO:colcon.colcon_core.shell:Creating package script '/home/shivam/slam_bot/install/bumperbot_msgs/share/bumperbot_msgs/package.ps1'
[2.085s] INFO:colcon.colcon_core.shell:Creating package descriptor '/home/shivam/slam_bot/install/bumperbot_msgs/share/bumperbot_msgs/package.dsv'
[2.085s] INFO:colcon.colcon_core.shell:Creating package script '/home/shivam/slam_bot/install/bumperbot_msgs/share/bumperbot_msgs/package.sh'
[2.086s] INFO:colcon.colcon_core.shell:Creating package script '/home/shivam/slam_bot/install/bumperbot_msgs/share/bumperbot_msgs/package.bash'
[2.086s] INFO:colcon.colcon_core.shell:Creating package script '/home/shivam/slam_bot/install/bumperbot_msgs/share/bumperbot_msgs/package.zsh'
[2.086s] Level 1:colcon.colcon_core.environment:create_file_with_runtime_dependencies(/home/shivam/slam_bot/install/bumperbot_msgs/share/colcon-core/packages/bumperbot_msgs)
[2.087s] INFO:colcon.colcon_ros.task.ament_python.build:Building ROS package in '/home/shivam/slam_bot/src/bumperbot_py_examples' with build type 'ament_python'
[2.087s] Level 1:colcon.colcon_core.shell:create_environment_hook('bumperbot_py_examples', 'ament_prefix_path')
[2.088s] INFO:colcon.colcon_core.shell:Creating environment hook '/home/shivam/slam_bot/install/bumperbot_py_examples/share/bumperbot_py_examples/hook/ament_prefix_path.ps1'
[2.089s] INFO:colcon.colcon_core.shell:Creating environment descriptor '/home/shivam/slam_bot/install/bumperbot_py_examples/share/bumperbot_py_examples/hook/ament_prefix_path.dsv'
[2.090s] INFO:colcon.colcon_core.shell:Creating environment hook '/home/shivam/slam_bot/install/bumperbot_py_examples/share/bumperbot_py_examples/hook/ament_prefix_path.sh'
[2.091s] INFO:colcon.colcon_core.shell:Skip shell extension 'powershell' for command environment: Not usable outside of PowerShell
[2.091s] DEBUG:colcon.colcon_core.shell:Skip shell extension 'dsv' for command environment
[2.580s] INFO:colcon.colcon_core.task.python.build:Building Python package in '/home/shivam/slam_bot/src/bumperbot_py_examples'
[2.580s] INFO:colcon.colcon_core.shell:Skip shell extension 'powershell' for command environment: Not usable outside of PowerShell
[2.580s] DEBUG:colcon.colcon_core.shell:Skip shell extension 'dsv' for command environment
[3.161s] DEBUG:colcon.colcon_core.event_handler.log_command:Invoking command in '/home/shivam/slam_bot/src/bumperbot_py_examples': AMENT_PREFIX_PATH=/home/shivam/slam_bot/install/bumperbot_msgs:${AMENT_PREFIX_PATH} CMAKE_PREFIX_PATH=/home/shivam/slam_bot/install/bumperbot_msgs LD_LIBRARY_PATH=/home/shivam/slam_bot/install/bumperbot_msgs/lib:${LD_LIBRARY_PATH} PYTHONPATH=/home/shivam/slam_bot/build/bumperbot_py_examples/prefix_override:/home/shivam/slam_bot/install/bumperbot_py_examples/lib/python3.10/site-packages:/home/shivam/slam_bot/install/bumperbot_msgs/local/lib/python3.10/dist-packages:${PYTHONPATH} /usr/bin/python3 -W ignore:setup.py install is deprecated setup.py egg_info --egg-base ../../build/bumperbot_py_examples build --build-base /home/shivam/slam_bot/build/bumperbot_py_examples/build install --record /home/shivam/slam_bot/build/bumperbot_py_examples/install.log --single-version-externally-managed install_data
[3.560s] Level 1:colcon.colcon_core.environment:checking '/home/shivam/slam_bot/install/bumperbot_py_examples' for CMake module files
[3.561s] DEBUG:colcon.colcon_core.event_handler.log_command:Invoked command in '/home/shivam/slam_bot/src/bumperbot_py_examples' returned '0': AMENT_PREFIX_PATH=/home/shivam/slam_bot/install/bumperbot_msgs:${AMENT_PREFIX_PATH} CMAKE_PREFIX_PATH=/home/shivam/slam_bot/install/bumperbot_msgs LD_LIBRARY_PATH=/home/shivam/slam_bot/install/bumperbot_msgs/lib:${LD_LIBRARY_PATH} PYTHONPATH=/home/shivam/slam_bot/build/bumperbot_py_examples/prefix_override:/home/shivam/slam_bot/install/bumperbot_py_examples/lib/python3.10/site-packages:/home/shivam/slam_bot/install/bumperbot_msgs/local/lib/python3.10/dist-packages:${PYTHONPATH} /usr/bin/python3 -W ignore:setup.py install is deprecated setup.py egg_info --egg-base ../../build/bumperbot_py_examples build --build-base /home/shivam/slam_bot/build/bumperbot_py_examples/build install --record /home/shivam/slam_bot/build/bumperbot_py_examples/install.log --single-version-externally-managed install_data
[3.562s] Level 1:colcon.colcon_core.environment:checking '/home/shivam/slam_bot/install/bumperbot_py_examples' for CMake config files
[3.562s] Level 1:colcon.colcon_core.environment:checking '/home/shivam/slam_bot/install/bumperbot_py_examples/lib'
[3.563s] Level 1:colcon.colcon_core.environment:checking '/home/shivam/slam_bot/install/bumperbot_py_examples/bin'
[3.563s] Level 1:colcon.colcon_core.environment:checking '/home/shivam/slam_bot/install/bumperbot_py_examples/lib/pkgconfig/bumperbot_py_examples.pc'
[3.563s] Level 1:colcon.colcon_core.environment:checking '/home/shivam/slam_bot/install/bumperbot_py_examples/lib/python3.10/site-packages'
[3.563s] Level 1:colcon.colcon_core.shell:create_environment_hook('bumperbot_py_examples', 'pythonpath')
[3.563s] INFO:colcon.colcon_core.shell:Creating environment hook '/home/shivam/slam_bot/install/bumperbot_py_examples/share/bumperbot_py_examples/hook/pythonpath.ps1'
[3.565s] INFO:colcon.colcon_core.shell:Creating environment descriptor '/home/shivam/slam_bot/install/bumperbot_py_examples/share/bumperbot_py_examples/hook/pythonpath.dsv'
[3.565s] INFO:colcon.colcon_core.shell:Creating environment hook '/home/shivam/slam_bot/install/bumperbot_py_examples/share/bumperbot_py_examples/hook/pythonpath.sh'
[3.566s] Level 1:colcon.colcon_core.environment:checking '/home/shivam/slam_bot/install/bumperbot_py_examples/bin'
[3.566s] Level 1:colcon.colcon_core.environment:create_environment_scripts_only(bumperbot_py_examples)
[3.566s] INFO:colcon.colcon_core.shell:Creating package script '/home/shivam/slam_bot/install/bumperbot_py_examples/share/bumperbot_py_examples/package.ps1'
[3.567s] INFO:colcon.colcon_core.shell:Creating package descriptor '/home/shivam/slam_bot/install/bumperbot_py_examples/share/bumperbot_py_examples/package.dsv'
[3.567s] INFO:colcon.colcon_core.shell:Creating package script '/home/shivam/slam_bot/install/bumperbot_py_examples/share/bumperbot_py_examples/package.sh'
[3.568s] INFO:colcon.colcon_core.shell:Creating package script '/home/shivam/slam_bot/install/bumperbot_py_examples/share/bumperbot_py_examples/package.bash'
[3.568s] INFO:colcon.colcon_core.shell:Creating package script '/home/shivam/slam_bot/install/bumperbot_py_examples/share/bumperbot_py_examples/package.zsh'
[3.569s] Level 1:colcon.colcon_core.environment:create_file_with_runtime_dependencies(/home/shivam/slam_bot/install/bumperbot_py_examples/share/colcon-core/packages/bumperbot_py_examples)
[3.570s] DEBUG:colcon.colcon_parallel_executor.executor.parallel:closing loop
[3.571s] DEBUG:colcon.colcon_parallel_executor.executor.parallel:loop closed
[3.571s] DEBUG:colcon.colcon_parallel_executor.executor.parallel:run_until_complete finished with '0'
[3.571s] DEBUG:colcon.colcon_core.event_reactor:joining thread
[3.692s] INFO:colcon.colcon_core.plugin_system:Skipping extension 'colcon_notification.desktop_notification.notify_send': Could not find 'notify-send'
[3.692s] INFO:colcon.colcon_core.plugin_system:Skipping extension 'colcon_notification.desktop_notification.terminal_notifier': Not used on non-Darwin systems
[3.692s] INFO:colcon.colcon_core.plugin_system:Skipping extension 'colcon_notification.desktop_notification.win32': Not used on non-Windows systems
[3.692s] INFO:colcon.colcon_notification.desktop_notification:Sending desktop notification using 'notify2'
[3.695s] DEBUG:colcon.colcon_notification.desktop_notification.notify2:Failed to initialize notify2: org.freedesktop.DBus.Error.ServiceUnknown: The name org.freedesktop.Notifications was not provided by any .service files
[3.695s] DEBUG:colcon.colcon_core.event_reactor:joined thread
[3.696s] INFO:colcon.colcon_core.shell:Creating prefix script '/home/shivam/slam_bot/install/local_setup.ps1'
[3.697s] INFO:colcon.colcon_core.shell:Creating prefix util module '/home/shivam/slam_bot/install/_local_setup_util_ps1.py'
[3.699s] INFO:colcon.colcon_core.shell:Creating prefix chain script '/home/shivam/slam_bot/install/setup.ps1'
[3.700s] INFO:colcon.colcon_core.shell:Creating prefix script '/home/shivam/slam_bot/install/local_setup.sh'
[3.701s] INFO:colcon.colcon_core.shell:Creating prefix util module '/home/shivam/slam_bot/install/_local_setup_util_sh.py'
[3.702s] INFO:colcon.colcon_core.shell:Creating prefix chain script '/home/shivam/slam_bot/install/setup.sh'
[3.703s] INFO:colcon.colcon_core.shell:Creating prefix script '/home/shivam/slam_bot/install/local_setup.bash'
[3.704s] INFO:colcon.colcon_core.shell:Creating prefix chain script '/home/shivam/slam_bot/install/setup.bash'
[3.705s] INFO:colcon.colcon_core.shell:Creating prefix script '/home/shivam/slam_bot/install/local_setup.zsh'
[3.706s] INFO:colcon.colcon_core.shell:Creating prefix chain script '/home/shivam/slam_bot/install/setup.zsh'
