[0.075s] Invoking command in '/home/shivam/slam_bot/build/bumperbot_localization': CMAKE_PREFIX_PATH=/opt/ros/humble /usr/bin/cmake --build /home/shivam/slam_bot/build/bumperbot_localization -- -j12 -l12
[0.306s] [ 50%] Built target kalman_filter
[0.308s] [ 50%] Built target ament_cmake_python_copy_bumperbot_localization
[0.340s] [100%] Built target imu_republisher
[1.016s] running egg_info
[1.017s] writing bumperbot_localization.egg-info/PKG-INFO
[1.018s] writing dependency_links to bumperbot_localization.egg-info/dependency_links.txt
[1.018s] writing top-level names to bumperbot_localization.egg-info/top_level.txt
[1.021s] reading manifest file 'bumperbot_localization.egg-info/SOURCES.txt'
[1.024s] writing manifest file 'bumperbot_localization.egg-info/SOURCES.txt'
[1.062s] [100%] Built target ament_cmake_python_build_bumperbot_localization_egg
[1.075s] Invoked command in '/home/shivam/slam_bot/build/bumperbot_localization' returned '0': CMAKE_PREFIX_PATH=/opt/ros/humble /usr/bin/cmake --build /home/shivam/slam_bot/build/bumperbot_localization -- -j12 -l12
[1.113s] Invoking command in '/home/shivam/slam_bot/build/bumperbot_localization': CMAKE_PREFIX_PATH=/opt/ros/humble /usr/bin/cmake --install /home/shivam/slam_bot/build/bumperbot_localization
[1.121s] -- Install configuration: ""
[1.121s] -- Up-to-date: /home/shivam/slam_bot/install/bumperbot_localization/share/bumperbot_localization/environment/pythonpath.sh
[1.121s] -- Up-to-date: /home/shivam/slam_bot/install/bumperbot_localization/share/bumperbot_localization/environment/pythonpath.dsv
[1.122s] -- Up-to-date: /home/shivam/slam_bot/install/bumperbot_localization/local/lib/python3.10/dist-packages/bumperbot_localization-0.0.0-py3.10.egg-info
[1.122s] -- Installing: /home/shivam/slam_bot/install/bumperbot_localization/local/lib/python3.10/dist-packages/bumperbot_localization-0.0.0-py3.10.egg-info/SOURCES.txt
[1.122s] -- Installing: /home/shivam/slam_bot/install/bumperbot_localization/local/lib/python3.10/dist-packages/bumperbot_localization-0.0.0-py3.10.egg-info/dependency_links.txt
[1.122s] -- Installing: /home/shivam/slam_bot/install/bumperbot_localization/local/lib/python3.10/dist-packages/bumperbot_localization-0.0.0-py3.10.egg-info/top_level.txt
[1.122s] -- Installing: /home/shivam/slam_bot/install/bumperbot_localization/local/lib/python3.10/dist-packages/bumperbot_localization-0.0.0-py3.10.egg-info/PKG-INFO
[1.122s] -- Up-to-date: /home/shivam/slam_bot/install/bumperbot_localization/local/lib/python3.10/dist-packages/bumperbot_localization
[1.122s] -- Up-to-date: /home/shivam/slam_bot/install/bumperbot_localization/local/lib/python3.10/dist-packages/bumperbot_localization/kalman_filter.py
[1.122s] -- Up-to-date: /home/shivam/slam_bot/install/bumperbot_localization/local/lib/python3.10/dist-packages/bumperbot_localization/__init__.py
[1.122s] -- Up-to-date: /home/shivam/slam_bot/install/bumperbot_localization/local/lib/python3.10/dist-packages/bumperbot_localization/imu_republisher.py
[1.167s] Listing '/home/shivam/slam_bot/install/bumperbot_localization/local/lib/python3.10/dist-packages/bumperbot_localization'...
[1.182s] -- Up-to-date: /home/shivam/slam_bot/install/bumperbot_localization/include/include
[1.192s] -- Up-to-date: /home/shivam/slam_bot/install/bumperbot_localization/include/include/bumperbot_localization
[1.192s] -- Up-to-date: /home/shivam/slam_bot/install/bumperbot_localization/include/include/bumperbot_localization/kalman_filter.hpp
[1.193s] -- Up-to-date: /home/shivam/slam_bot/install/bumperbot_localization/lib/bumperbot_localization/kalman_filter
[1.193s] -- Up-to-date: /home/shivam/slam_bot/install/bumperbot_localization/lib/bumperbot_localization/imu_republisher
[1.193s] -- Up-to-date: /home/shivam/slam_bot/install/bumperbot_localization/share/bumperbot_localization/launch
[1.193s] -- Up-to-date: /home/shivam/slam_bot/install/bumperbot_localization/share/bumperbot_localization/launch/local_localization.launch.py
[1.193s] -- Up-to-date: /home/shivam/slam_bot/install/bumperbot_localization/share/bumperbot_localization/config
[1.194s] -- Up-to-date: /home/shivam/slam_bot/install/bumperbot_localization/share/bumperbot_localization/config/ekf.yaml
[1.194s] -- Up-to-date: /home/shivam/slam_bot/install/bumperbot_localization/lib/bumperbot_localization/kalman_filter.py
[1.194s] -- Up-to-date: /home/shivam/slam_bot/install/bumperbot_localization/lib/bumperbot_localization/imu_republisher.py
[1.194s] -- Up-to-date: /home/shivam/slam_bot/install/bumperbot_localization/share/ament_index/resource_index/package_run_dependencies/bumperbot_localization
[1.195s] -- Up-to-date: /home/shivam/slam_bot/install/bumperbot_localization/share/ament_index/resource_index/parent_prefix_path/bumperbot_localization
[1.195s] -- Up-to-date: /home/shivam/slam_bot/install/bumperbot_localization/share/bumperbot_localization/environment/ament_prefix_path.sh
[1.195s] -- Up-to-date: /home/shivam/slam_bot/install/bumperbot_localization/share/bumperbot_localization/environment/ament_prefix_path.dsv
[1.195s] -- Up-to-date: /home/shivam/slam_bot/install/bumperbot_localization/share/bumperbot_localization/environment/path.sh
[1.196s] -- Up-to-date: /home/shivam/slam_bot/install/bumperbot_localization/share/bumperbot_localization/environment/path.dsv
[1.196s] -- Up-to-date: /home/shivam/slam_bot/install/bumperbot_localization/share/bumperbot_localization/local_setup.bash
[1.196s] -- Up-to-date: /home/shivam/slam_bot/install/bumperbot_localization/share/bumperbot_localization/local_setup.sh
[1.196s] -- Up-to-date: /home/shivam/slam_bot/install/bumperbot_localization/share/bumperbot_localization/local_setup.zsh
[1.196s] -- Up-to-date: /home/shivam/slam_bot/install/bumperbot_localization/share/bumperbot_localization/local_setup.dsv
[1.197s] -- Installing: /home/shivam/slam_bot/install/bumperbot_localization/share/bumperbot_localization/package.dsv
[1.197s] -- Up-to-date: /home/shivam/slam_bot/install/bumperbot_localization/share/ament_index/resource_index/packages/bumperbot_localization
[1.197s] -- Up-to-date: /home/shivam/slam_bot/install/bumperbot_localization/share/bumperbot_localization/cmake/bumperbot_localizationConfig.cmake
[1.197s] -- Up-to-date: /home/shivam/slam_bot/install/bumperbot_localization/share/bumperbot_localization/cmake/bumperbot_localizationConfig-version.cmake
[1.197s] -- Up-to-date: /home/shivam/slam_bot/install/bumperbot_localization/share/bumperbot_localization/package.xml
[1.232s] Invoked command in '/home/shivam/slam_bot/build/bumperbot_localization' returned '0': CMAKE_PREFIX_PATH=/opt/ros/humble /usr/bin/cmake --install /home/shivam/slam_bot/build/bumperbot_localization
