[0.067s] Invoking command in '/home/shivam/slam_bot/build/bumperbot_cpp_examples': AMENT_PREFIX_PATH=/home/shivam/slam_bot/install/bumperbot_msgs:${AMENT_PREFIX_PATH} CMAKE_PREFIX_PATH=/home/shivam/slam_bot/install/bumperbot_msgs:/opt/ros/humble LD_LIBRARY_PATH=/home/shivam/slam_bot/install/bumperbot_msgs/lib:${LD_LIBRARY_PATH} PYTHONPATH=/home/shivam/slam_bot/install/bumperbot_msgs/local/lib/python3.10/dist-packages:${PYTHONPATH} /usr/bin/cmake /home/shivam/slam_bot/src/bumperbot_cpp_examples -DCMAKE_INSTALL_PREFIX=/home/shivam/slam_bot/install/bumperbot_cpp_examples
[0.261s] -- The C compiler identification is GNU 11.4.0
[0.478s] -- The CXX compiler identification is GNU 11.4.0
[0.732s] -- Detecting C compiler ABI info
[0.836s] -- Detecting C compiler ABI info - done
[0.841s] -- Check for working C compiler: /usr/bin/cc - skipped
[0.841s] -- Detecting C compile features
[0.842s] -- Detecting C compile features - done
[0.844s] -- Detecting CXX compiler ABI info
[0.960s] -- Detecting CXX compiler ABI info - done
[0.965s] -- Check for working CXX compiler: /usr/bin/c++ - skipped
[0.965s] -- Detecting CXX compile features
[0.965s] -- Detecting CXX compile features - done
[0.968s] -- Found ament_cmake: 1.3.8 (/opt/ros/humble/share/ament_cmake/cmake)
[1.089s] -- Found Python3: /usr/bin/python3 (found version "3.10.12") found components: Interpreter 
[1.166s] -- Found rclcpp: 16.0.8 (/opt/ros/humble/share/rclcpp/cmake)
[1.338s] -- Found rosidl_generator_c: 3.1.5 (/opt/ros/humble/share/rosidl_generator_c/cmake)
[1.342s] -- Found rosidl_adapter: 3.1.5 (/opt/ros/humble/share/rosidl_adapter/cmake)
[1.349s] -- Found rosidl_generator_cpp: 3.1.5 (/opt/ros/humble/share/rosidl_generator_cpp/cmake)
[1.359s] -- Using all available rosidl_typesupport_c: rosidl_typesupport_fastrtps_c;rosidl_typesupport_introspection_c
[1.373s] -- Using all available rosidl_typesupport_cpp: rosidl_typesupport_fastrtps_cpp;rosidl_typesupport_introspection_cpp
[1.428s] -- Found rmw_implementation_cmake: 6.1.1 (/opt/ros/humble/share/rmw_implementation_cmake/cmake)
[1.431s] -- Found rmw_fastrtps_cpp: 6.2.6 (/opt/ros/humble/share/rmw_fastrtps_cpp/cmake)
[2.786s] -- Found OpenSSL: /usr/lib/x86_64-linux-gnu/libcrypto.so (found version "3.0.2")  
[4.293s] -- Found FastRTPS: /opt/ros/humble/include  
[7.123s] -- Using RMW implementation 'rmw_fastrtps_cpp' as default
[7.130s] -- Looking for pthread.h
[7.273s] -- Looking for pthread.h - found
[7.273s] -- Performing Test CMAKE_HAVE_LIBC_PTHREAD
[7.392s] -- Performing Test CMAKE_HAVE_LIBC_PTHREAD - Success
[7.393s] -- Found Threads: TRUE  
[7.552s] -- Found turtlesim: 1.4.2 (/opt/ros/humble/share/turtlesim/cmake)
[7.670s] -- Found bumperbot_msgs: 0.0.0 (/home/shivam/slam_bot/install/bumperbot_msgs/share/bumperbot_msgs/cmake)
[7.766s] -- Found tf2: 0.25.6 (/opt/ros/humble/share/tf2/cmake)
[7.775s] -- Found tf2_ros: 0.25.6 (/opt/ros/humble/share/tf2_ros/cmake)
[7.991s] -- Found rclcpp_lifecycle: 16.0.8 (/opt/ros/humble/share/rclcpp_lifecycle/cmake)
[8.092s] -- Configuring done
[8.125s] -- Generating done
[8.127s] -- Build files have been written to: /home/shivam/slam_bot/build/bumperbot_cpp_examples
[8.140s] Invoked command in '/home/shivam/slam_bot/build/bumperbot_cpp_examples' returned '0': AMENT_PREFIX_PATH=/home/shivam/slam_bot/install/bumperbot_msgs:${AMENT_PREFIX_PATH} CMAKE_PREFIX_PATH=/home/shivam/slam_bot/install/bumperbot_msgs:/opt/ros/humble LD_LIBRARY_PATH=/home/shivam/slam_bot/install/bumperbot_msgs/lib:${LD_LIBRARY_PATH} PYTHONPATH=/home/shivam/slam_bot/install/bumperbot_msgs/local/lib/python3.10/dist-packages:${PYTHONPATH} /usr/bin/cmake /home/shivam/slam_bot/src/bumperbot_cpp_examples -DCMAKE_INSTALL_PREFIX=/home/shivam/slam_bot/install/bumperbot_cpp_examples
[8.142s] Invoking command in '/home/shivam/slam_bot/build/bumperbot_cpp_examples': AMENT_PREFIX_PATH=/home/shivam/slam_bot/install/bumperbot_msgs:${AMENT_PREFIX_PATH} CMAKE_PREFIX_PATH=/home/shivam/slam_bot/install/bumperbot_msgs:/opt/ros/humble LD_LIBRARY_PATH=/home/shivam/slam_bot/install/bumperbot_msgs/lib:${LD_LIBRARY_PATH} PYTHONPATH=/home/shivam/slam_bot/install/bumperbot_msgs/local/lib/python3.10/dist-packages:${PYTHONPATH} /usr/bin/cmake --build /home/shivam/slam_bot/build/bumperbot_cpp_examples -- -j12 -l12
[8.180s] [  6%] [32mBuilding CXX object CMakeFiles/simple_parameter.dir/src/simple_parameter.cpp.o[0m
[8.181s] [ 12%] [32mBuilding CXX object CMakeFiles/simple_subscriber.dir/src/simple_subscriber.cpp.o[0m
[8.182s] [ 18%] [32mBuilding CXX object CMakeFiles/simple_turtlesim_kinematics.dir/src/simple_turtlesim_kinematics.cpp.o[0m
[8.182s] [ 25%] [32mBuilding CXX object CMakeFiles/simple_publisher.dir/src/simple_publisher.cpp.o[0m
[8.183s] [ 31%] [32mBuilding CXX object CMakeFiles/simple_service_server.dir/src/simple_service_server.cpp.o[0m
[8.188s] [ 37%] [32mBuilding CXX object CMakeFiles/simple_lifecycle_node.dir/src/simple_lifecycle_node.cpp.o[0m
[8.188s] [ 43%] [32mBuilding CXX object CMakeFiles/simple_tf_kinematics.dir/src/simple_tf_kinematics.cpp.o[0m
[8.189s] [ 50%] [32mBuilding CXX object CMakeFiles/simple_service_client.dir/src/simple_service_client.cpp.o[0m
[12.461s] [ 56%] [32m[1mLinking CXX executable simple_parameter[0m
[12.716s] [ 56%] Built target simple_parameter
[13.226s] [ 62%] [32m[1mLinking CXX executable simple_service_server[0m
[13.226s] [ 68%] [32m[1mLinking CXX executable simple_service_client[0m
[13.431s] [ 68%] Built target simple_service_server
[13.434s] [ 68%] Built target simple_service_client
[13.998s] [ 75%] [32m[1mLinking CXX executable simple_publisher[0m
[14.225s] [ 75%] Built target simple_publisher
[14.955s] [ 81%] [32m[1mLinking CXX executable simple_tf_kinematics[0m
[15.270s] [ 81%] Built target simple_tf_kinematics
[16.719s] [ 87%] [32m[1mLinking CXX executable simple_lifecycle_node[0m
[16.798s] [ 93%] [32m[1mLinking CXX executable simple_subscriber[0m
[17.056s] [ 93%] Built target simple_lifecycle_node
[17.120s] [ 93%] Built target simple_subscriber
[17.134s] [100%] [32m[1mLinking CXX executable simple_turtlesim_kinematics[0m
[17.445s] [100%] Built target simple_turtlesim_kinematics
[17.452s] Invoked command in '/home/shivam/slam_bot/build/bumperbot_cpp_examples' returned '0': AMENT_PREFIX_PATH=/home/shivam/slam_bot/install/bumperbot_msgs:${AMENT_PREFIX_PATH} CMAKE_PREFIX_PATH=/home/shivam/slam_bot/install/bumperbot_msgs:/opt/ros/humble LD_LIBRARY_PATH=/home/shivam/slam_bot/install/bumperbot_msgs/lib:${LD_LIBRARY_PATH} PYTHONPATH=/home/shivam/slam_bot/install/bumperbot_msgs/local/lib/python3.10/dist-packages:${PYTHONPATH} /usr/bin/cmake --build /home/shivam/slam_bot/build/bumperbot_cpp_examples -- -j12 -l12
[17.473s] Invoking command in '/home/shivam/slam_bot/build/bumperbot_cpp_examples': AMENT_PREFIX_PATH=/home/shivam/slam_bot/install/bumperbot_msgs:${AMENT_PREFIX_PATH} CMAKE_PREFIX_PATH=/home/shivam/slam_bot/install/bumperbot_msgs:/opt/ros/humble LD_LIBRARY_PATH=/home/shivam/slam_bot/install/bumperbot_msgs/lib:${LD_LIBRARY_PATH} PYTHONPATH=/home/shivam/slam_bot/install/bumperbot_msgs/local/lib/python3.10/dist-packages:${PYTHONPATH} /usr/bin/cmake --install /home/shivam/slam_bot/build/bumperbot_cpp_examples
[17.477s] -- Install configuration: ""
[17.477s] -- Installing: /home/shivam/slam_bot/install/bumperbot_cpp_examples/include/include
[17.477s] -- Installing: /home/shivam/slam_bot/install/bumperbot_cpp_examples/include/include/bumperbot_cpp_examples
[17.477s] -- Installing: /home/shivam/slam_bot/install/bumperbot_cpp_examples/include/include/bumperbot_cpp_examples/simple_turtlesim_kinematics.hpp
[17.477s] -- Installing: /home/shivam/slam_bot/install/bumperbot_cpp_examples/include/include/bumperbot_cpp_examples/simple_tf_kinematics.hpp
[17.477s] -- Installing: /home/shivam/slam_bot/install/bumperbot_cpp_examples/lib/bumperbot_cpp_examples/simple_publisher
[17.478s] -- Set runtime path of "/home/shivam/slam_bot/install/bumperbot_cpp_examples/lib/bumperbot_cpp_examples/simple_publisher" to ""
[17.478s] -- Installing: /home/shivam/slam_bot/install/bumperbot_cpp_examples/lib/bumperbot_cpp_examples/simple_subscriber
[17.480s] -- Set runtime path of "/home/shivam/slam_bot/install/bumperbot_cpp_examples/lib/bumperbot_cpp_examples/simple_subscriber" to ""
[17.480s] -- Installing: /home/shivam/slam_bot/install/bumperbot_cpp_examples/lib/bumperbot_cpp_examples/simple_parameter
[17.480s] -- Set runtime path of "/home/shivam/slam_bot/install/bumperbot_cpp_examples/lib/bumperbot_cpp_examples/simple_parameter" to ""
[17.480s] -- Installing: /home/shivam/slam_bot/install/bumperbot_cpp_examples/lib/bumperbot_cpp_examples/simple_turtlesim_kinematics
[17.483s] -- Set runtime path of "/home/shivam/slam_bot/install/bumperbot_cpp_examples/lib/bumperbot_cpp_examples/simple_turtlesim_kinematics" to ""
[17.483s] -- Installing: /home/shivam/slam_bot/install/bumperbot_cpp_examples/lib/bumperbot_cpp_examples/simple_service_server
[17.484s] -- Set runtime path of "/home/shivam/slam_bot/install/bumperbot_cpp_examples/lib/bumperbot_cpp_examples/simple_service_server" to ""
[17.484s] -- Installing: /home/shivam/slam_bot/install/bumperbot_cpp_examples/lib/bumperbot_cpp_examples/simple_service_client
[17.486s] -- Set runtime path of "/home/shivam/slam_bot/install/bumperbot_cpp_examples/lib/bumperbot_cpp_examples/simple_service_client" to ""
[17.486s] -- Installing: /home/shivam/slam_bot/install/bumperbot_cpp_examples/lib/bumperbot_cpp_examples/simple_tf_kinematics
[17.486s] -- Set runtime path of "/home/shivam/slam_bot/install/bumperbot_cpp_examples/lib/bumperbot_cpp_examples/simple_tf_kinematics" to ""
[17.486s] -- Installing: /home/shivam/slam_bot/install/bumperbot_cpp_examples/lib/bumperbot_cpp_examples/simple_lifecycle_node
[17.488s] -- Set runtime path of "/home/shivam/slam_bot/install/bumperbot_cpp_examples/lib/bumperbot_cpp_examples/simple_lifecycle_node" to ""
[17.488s] -- Installing: /home/shivam/slam_bot/install/bumperbot_cpp_examples/share/ament_index/resource_index/package_run_dependencies/bumperbot_cpp_examples
[17.488s] -- Installing: /home/shivam/slam_bot/install/bumperbot_cpp_examples/share/ament_index/resource_index/parent_prefix_path/bumperbot_cpp_examples
[17.489s] -- Installing: /home/shivam/slam_bot/install/bumperbot_cpp_examples/share/bumperbot_cpp_examples/environment/ament_prefix_path.sh
[17.489s] -- Installing: /home/shivam/slam_bot/install/bumperbot_cpp_examples/share/bumperbot_cpp_examples/environment/ament_prefix_path.dsv
[17.489s] -- Installing: /home/shivam/slam_bot/install/bumperbot_cpp_examples/share/bumperbot_cpp_examples/environment/path.sh
[17.489s] -- Installing: /home/shivam/slam_bot/install/bumperbot_cpp_examples/share/bumperbot_cpp_examples/environment/path.dsv
[17.489s] -- Installing: /home/shivam/slam_bot/install/bumperbot_cpp_examples/share/bumperbot_cpp_examples/local_setup.bash
[17.489s] -- Installing: /home/shivam/slam_bot/install/bumperbot_cpp_examples/share/bumperbot_cpp_examples/local_setup.sh
[17.489s] -- Installing: /home/shivam/slam_bot/install/bumperbot_cpp_examples/share/bumperbot_cpp_examples/local_setup.zsh
[17.489s] -- Installing: /home/shivam/slam_bot/install/bumperbot_cpp_examples/share/bumperbot_cpp_examples/local_setup.dsv
[17.489s] -- Installing: /home/shivam/slam_bot/install/bumperbot_cpp_examples/share/bumperbot_cpp_examples/package.dsv
[17.490s] -- Installing: /home/shivam/slam_bot/install/bumperbot_cpp_examples/share/ament_index/resource_index/packages/bumperbot_cpp_examples
[17.490s] -- Installing: /home/shivam/slam_bot/install/bumperbot_cpp_examples/share/bumperbot_cpp_examples/cmake/bumperbot_cpp_examplesConfig.cmake
[17.490s] -- Installing: /home/shivam/slam_bot/install/bumperbot_cpp_examples/share/bumperbot_cpp_examples/cmake/bumperbot_cpp_examplesConfig-version.cmake
[17.490s] -- Installing: /home/shivam/slam_bot/install/bumperbot_cpp_examples/share/bumperbot_cpp_examples/package.xml
[17.492s] Invoked command in '/home/shivam/slam_bot/build/bumperbot_cpp_examples' returned '0': AMENT_PREFIX_PATH=/home/shivam/slam_bot/install/bumperbot_msgs:${AMENT_PREFIX_PATH} CMAKE_PREFIX_PATH=/home/shivam/slam_bot/install/bumperbot_msgs:/opt/ros/humble LD_LIBRARY_PATH=/home/shivam/slam_bot/install/bumperbot_msgs/lib:${LD_LIBRARY_PATH} PYTHONPATH=/home/shivam/slam_bot/install/bumperbot_msgs/local/lib/python3.10/dist-packages:${PYTHONPATH} /usr/bin/cmake --install /home/shivam/slam_bot/build/bumperbot_cpp_examples
