[35m[1mConsolidate compiler generated dependencies of target kalman_filter[0m
[ 50%] Built target kalman_filter
[35m[1mConsolidate compiler generated dependencies of target imu_republisher[0m
[ 50%] Built target ament_cmake_python_copy_bumperbot_localization
[100%] Built target imu_republisher
running egg_info
writing bumperbot_localization.egg-info/PKG-INFO
writing dependency_links to bumperbot_localization.egg-info/dependency_links.txt
writing top-level names to bumperbot_localization.egg-info/top_level.txt
reading manifest file 'bumperbot_localization.egg-info/SOURCES.txt'
writing manifest file 'bumperbot_localization.egg-info/SOURCES.txt'
[100%] Built target ament_cmake_python_build_bumperbot_localization_egg
-- Install configuration: ""
-- Up-to-date: /home/shivam/slam_bot/install/bumperbot_localization/share/bumperbot_localization/environment/pythonpath.sh
-- Up-to-date: /home/shivam/slam_bot/install/bumperbot_localization/share/bumperbot_localization/environment/pythonpath.dsv
-- Up-to-date: /home/shivam/slam_bot/install/bumperbot_localization/local/lib/python3.10/dist-packages/bumperbot_localization-0.0.0-py3.10.egg-info
-- Installing: /home/shivam/slam_bot/install/bumperbot_localization/local/lib/python3.10/dist-packages/bumperbot_localization-0.0.0-py3.10.egg-info/SOURCES.txt
-- Installing: /home/shivam/slam_bot/install/bumperbot_localization/local/lib/python3.10/dist-packages/bumperbot_localization-0.0.0-py3.10.egg-info/dependency_links.txt
-- Installing: /home/shivam/slam_bot/install/bumperbot_localization/local/lib/python3.10/dist-packages/bumperbot_localization-0.0.0-py3.10.egg-info/top_level.txt
-- Installing: /home/shivam/slam_bot/install/bumperbot_localization/local/lib/python3.10/dist-packages/bumperbot_localization-0.0.0-py3.10.egg-info/PKG-INFO
-- Up-to-date: /home/shivam/slam_bot/install/bumperbot_localization/local/lib/python3.10/dist-packages/bumperbot_localization
-- Up-to-date: /home/shivam/slam_bot/install/bumperbot_localization/local/lib/python3.10/dist-packages/bumperbot_localization/kalman_filter.py
-- Up-to-date: /home/shivam/slam_bot/install/bumperbot_localization/local/lib/python3.10/dist-packages/bumperbot_localization/__init__.py
-- Up-to-date: /home/shivam/slam_bot/install/bumperbot_localization/local/lib/python3.10/dist-packages/bumperbot_localization/imu_republisher.py
Listing '/home/shivam/slam_bot/install/bumperbot_localization/local/lib/python3.10/dist-packages/bumperbot_localization'...
-- Up-to-date: /home/shivam/slam_bot/install/bumperbot_localization/include/include
-- Up-to-date: /home/shivam/slam_bot/install/bumperbot_localization/include/include/bumperbot_localization
-- Up-to-date: /home/shivam/slam_bot/install/bumperbot_localization/include/include/bumperbot_localization/kalman_filter.hpp
-- Up-to-date: /home/shivam/slam_bot/install/bumperbot_localization/lib/bumperbot_localization/kalman_filter
-- Up-to-date: /home/shivam/slam_bot/install/bumperbot_localization/lib/bumperbot_localization/imu_republisher
-- Up-to-date: /home/shivam/slam_bot/install/bumperbot_localization/share/bumperbot_localization/launch
-- Up-to-date: /home/shivam/slam_bot/install/bumperbot_localization/share/bumperbot_localization/launch/local_localization.launch.py
-- Up-to-date: /home/shivam/slam_bot/install/bumperbot_localization/share/bumperbot_localization/config
-- Up-to-date: /home/shivam/slam_bot/install/bumperbot_localization/share/bumperbot_localization/config/ekf.yaml
-- Up-to-date: /home/shivam/slam_bot/install/bumperbot_localization/lib/bumperbot_localization/kalman_filter.py
-- Up-to-date: /home/shivam/slam_bot/install/bumperbot_localization/lib/bumperbot_localization/imu_republisher.py
-- Up-to-date: /home/shivam/slam_bot/install/bumperbot_localization/share/ament_index/resource_index/package_run_dependencies/bumperbot_localization
-- Up-to-date: /home/shivam/slam_bot/install/bumperbot_localization/share/ament_index/resource_index/parent_prefix_path/bumperbot_localization
-- Up-to-date: /home/shivam/slam_bot/install/bumperbot_localization/share/bumperbot_localization/environment/ament_prefix_path.sh
-- Up-to-date: /home/shivam/slam_bot/install/bumperbot_localization/share/bumperbot_localization/environment/ament_prefix_path.dsv
-- Up-to-date: /home/shivam/slam_bot/install/bumperbot_localization/share/bumperbot_localization/environment/path.sh
-- Up-to-date: /home/shivam/slam_bot/install/bumperbot_localization/share/bumperbot_localization/environment/path.dsv
-- Up-to-date: /home/shivam/slam_bot/install/bumperbot_localization/share/bumperbot_localization/local_setup.bash
-- Up-to-date: /home/shivam/slam_bot/install/bumperbot_localization/share/bumperbot_localization/local_setup.sh
-- Up-to-date: /home/shivam/slam_bot/install/bumperbot_localization/share/bumperbot_localization/local_setup.zsh
-- Up-to-date: /home/shivam/slam_bot/install/bumperbot_localization/share/bumperbot_localization/local_setup.dsv
-- Installing: /home/shivam/slam_bot/install/bumperbot_localization/share/bumperbot_localization/package.dsv
-- Up-to-date: /home/shivam/slam_bot/install/bumperbot_localization/share/ament_index/resource_index/packages/bumperbot_localization
-- Up-to-date: /home/shivam/slam_bot/install/bumperbot_localization/share/bumperbot_localization/cmake/bumperbot_localizationConfig.cmake
-- Up-to-date: /home/shivam/slam_bot/install/bumperbot_localization/share/bumperbot_localization/cmake/bumperbot_localizationConfig-version.cmake
-- Up-to-date: /home/shivam/slam_bot/install/bumperbot_localization/share/bumperbot_localization/package.xml
