[0.052s] Invoking command in '/home/shivam/slam_bot/build/bumperbot_localization': CMAKE_PREFIX_PATH=/opt/ros/humble /usr/bin/cmake --build /home/shivam/slam_bot/build/bumperbot_localization -- -j12 -l12
[0.118s] [35m[1mConsolidate compiler generated dependencies of target kalman_filter[0m
[0.154s] [ 50%] Built target kalman_filter
[0.159s] [35m[1mConsolidate compiler generated dependencies of target imu_republisher[0m
[0.186s] [ 50%] Built target ament_cmake_python_copy_bumperbot_localization
[0.201s] [100%] Built target imu_republisher
[0.583s] running egg_info
[0.587s] writing bumperbot_localization.egg-info/PKG-INFO
[0.587s] writing dependency_links to bumperbot_localization.egg-info/dependency_links.txt
[0.590s] writing top-level names to bumperbot_localization.egg-info/top_level.txt
[0.590s] reading manifest file 'bumperbot_localization.egg-info/SOURCES.txt'
[0.590s] writing manifest file 'bumperbot_localization.egg-info/SOURCES.txt'
[0.616s] [100%] Built target ament_cmake_python_build_bumperbot_localization_egg
[0.625s] Invoked command in '/home/shivam/slam_bot/build/bumperbot_localization' returned '0': CMAKE_PREFIX_PATH=/opt/ros/humble /usr/bin/cmake --build /home/shivam/slam_bot/build/bumperbot_localization -- -j12 -l12
[0.649s] Invoking command in '/home/shivam/slam_bot/build/bumperbot_localization': CMAKE_PREFIX_PATH=/opt/ros/humble /usr/bin/cmake --install /home/shivam/slam_bot/build/bumperbot_localization
[0.660s] -- Install configuration: ""
[0.660s] -- Up-to-date: /home/shivam/slam_bot/install/bumperbot_localization/share/bumperbot_localization/environment/pythonpath.sh
[0.660s] -- Up-to-date: /home/shivam/slam_bot/install/bumperbot_localization/share/bumperbot_localization/environment/pythonpath.dsv
[0.660s] -- Up-to-date: /home/shivam/slam_bot/install/bumperbot_localization/local/lib/python3.10/dist-packages/bumperbot_localization-0.0.0-py3.10.egg-info
[0.660s] -- Installing: /home/shivam/slam_bot/install/bumperbot_localization/local/lib/python3.10/dist-packages/bumperbot_localization-0.0.0-py3.10.egg-info/SOURCES.txt
[0.660s] -- Installing: /home/shivam/slam_bot/install/bumperbot_localization/local/lib/python3.10/dist-packages/bumperbot_localization-0.0.0-py3.10.egg-info/dependency_links.txt
[0.660s] -- Installing: /home/shivam/slam_bot/install/bumperbot_localization/local/lib/python3.10/dist-packages/bumperbot_localization-0.0.0-py3.10.egg-info/top_level.txt
[0.661s] -- Installing: /home/shivam/slam_bot/install/bumperbot_localization/local/lib/python3.10/dist-packages/bumperbot_localization-0.0.0-py3.10.egg-info/PKG-INFO
[0.661s] -- Up-to-date: /home/shivam/slam_bot/install/bumperbot_localization/local/lib/python3.10/dist-packages/bumperbot_localization
[0.661s] -- Up-to-date: /home/shivam/slam_bot/install/bumperbot_localization/local/lib/python3.10/dist-packages/bumperbot_localization/kalman_filter.py
[0.661s] -- Up-to-date: /home/shivam/slam_bot/install/bumperbot_localization/local/lib/python3.10/dist-packages/bumperbot_localization/__init__.py
[0.661s] -- Up-to-date: /home/shivam/slam_bot/install/bumperbot_localization/local/lib/python3.10/dist-packages/bumperbot_localization/imu_republisher.py
[0.698s] Listing '/home/shivam/slam_bot/install/bumperbot_localization/local/lib/python3.10/dist-packages/bumperbot_localization'...
[0.702s] -- Up-to-date: /home/shivam/slam_bot/install/bumperbot_localization/include/include
[0.702s] -- Up-to-date: /home/shivam/slam_bot/install/bumperbot_localization/include/include/bumperbot_localization
[0.703s] -- Up-to-date: /home/shivam/slam_bot/install/bumperbot_localization/include/include/bumperbot_localization/kalman_filter.hpp
[0.703s] -- Up-to-date: /home/shivam/slam_bot/install/bumperbot_localization/lib/bumperbot_localization/kalman_filter
[0.703s] -- Up-to-date: /home/shivam/slam_bot/install/bumperbot_localization/lib/bumperbot_localization/imu_republisher
[0.703s] -- Up-to-date: /home/shivam/slam_bot/install/bumperbot_localization/share/bumperbot_localization/launch
[0.703s] -- Up-to-date: /home/shivam/slam_bot/install/bumperbot_localization/share/bumperbot_localization/launch/local_localization.launch.py
[0.703s] -- Up-to-date: /home/shivam/slam_bot/install/bumperbot_localization/share/bumperbot_localization/config
[0.703s] -- Up-to-date: /home/shivam/slam_bot/install/bumperbot_localization/share/bumperbot_localization/config/ekf.yaml
[0.703s] -- Up-to-date: /home/shivam/slam_bot/install/bumperbot_localization/lib/bumperbot_localization/kalman_filter.py
[0.703s] -- Up-to-date: /home/shivam/slam_bot/install/bumperbot_localization/lib/bumperbot_localization/imu_republisher.py
[0.703s] -- Up-to-date: /home/shivam/slam_bot/install/bumperbot_localization/share/ament_index/resource_index/package_run_dependencies/bumperbot_localization
[0.703s] -- Up-to-date: /home/shivam/slam_bot/install/bumperbot_localization/share/ament_index/resource_index/parent_prefix_path/bumperbot_localization
[0.703s] -- Up-to-date: /home/shivam/slam_bot/install/bumperbot_localization/share/bumperbot_localization/environment/ament_prefix_path.sh
[0.703s] -- Up-to-date: /home/shivam/slam_bot/install/bumperbot_localization/share/bumperbot_localization/environment/ament_prefix_path.dsv
[0.703s] -- Up-to-date: /home/shivam/slam_bot/install/bumperbot_localization/share/bumperbot_localization/environment/path.sh
[0.703s] -- Up-to-date: /home/shivam/slam_bot/install/bumperbot_localization/share/bumperbot_localization/environment/path.dsv
[0.703s] -- Up-to-date: /home/shivam/slam_bot/install/bumperbot_localization/share/bumperbot_localization/local_setup.bash
[0.705s] -- Up-to-date: /home/shivam/slam_bot/install/bumperbot_localization/share/bumperbot_localization/local_setup.sh
[0.705s] -- Up-to-date: /home/shivam/slam_bot/install/bumperbot_localization/share/bumperbot_localization/local_setup.zsh
[0.705s] -- Up-to-date: /home/shivam/slam_bot/install/bumperbot_localization/share/bumperbot_localization/local_setup.dsv
[0.705s] -- Installing: /home/shivam/slam_bot/install/bumperbot_localization/share/bumperbot_localization/package.dsv
[0.705s] -- Up-to-date: /home/shivam/slam_bot/install/bumperbot_localization/share/ament_index/resource_index/packages/bumperbot_localization
[0.705s] -- Up-to-date: /home/shivam/slam_bot/install/bumperbot_localization/share/bumperbot_localization/cmake/bumperbot_localizationConfig.cmake
[0.705s] -- Up-to-date: /home/shivam/slam_bot/install/bumperbot_localization/share/bumperbot_localization/cmake/bumperbot_localizationConfig-version.cmake
[0.705s] -- Up-to-date: /home/shivam/slam_bot/install/bumperbot_localization/share/bumperbot_localization/package.xml
[0.726s] Invoked command in '/home/shivam/slam_bot/build/bumperbot_localization' returned '0': CMAKE_PREFIX_PATH=/opt/ros/humble /usr/bin/cmake --install /home/shivam/slam_bot/build/bumperbot_localization
