[0.046s] Invoking command in '/home/shivam/slam_bot/build/bumperbot_msgs': CMAKE_PREFIX_PATH=/opt/ros/humble /usr/bin/cmake --build /home/shivam/slam_bot/build/bumperbot_msgs -- -j12 -l12
[0.192s] [ 10%] Built target bumperbot_msgs__rosidl_generator_c
[0.227s] [ 12%] Built target bumperbot_msgs__cpp
[0.228s] [ 12%] Built target ament_cmake_python_copy_bumperbot_msgs
[0.259s] [ 23%] Built target bumperbot_msgs__rosidl_typesupport_c
[0.297s] [ 33%] Built target bumperbot_msgs__rosidl_typesupport_fastrtps_c
[0.311s] [ 43%] Built target bumperbot_msgs__rosidl_typesupport_introspection_c
[0.415s] [ 53%] Built target bumperbot_msgs__rosidl_typesupport_cpp
[0.436s] [ 64%] Built target bumperbot_msgs__rosidl_typesupport_fastrtps_cpp
[0.436s] [ 74%] Built target bumperbot_msgs__rosidl_typesupport_introspection_cpp
[0.515s] [ 74%] Built target bumperbot_msgs
[0.568s] [ 76%] Built target bumperbot_msgs__py
[0.617s] [ 84%] Built target bumperbot_msgs__rosidl_generator_py
[0.688s] [ 89%] Built target bumperbot_msgs__rosidl_typesupport_c__pyext
[0.694s] [ 94%] Built target bumperbot_msgs__rosidl_typesupport_introspection_c__pyext
[0.694s] [100%] Built target bumperbot_msgs__rosidl_typesupport_fastrtps_c__pyext
[1.025s] running egg_info
[1.026s] writing bumperbot_msgs.egg-info/PKG-INFO
[1.027s] writing dependency_links to bumperbot_msgs.egg-info/dependency_links.txt
[1.027s] writing top-level names to bumperbot_msgs.egg-info/top_level.txt
[1.030s] reading manifest file 'bumperbot_msgs.egg-info/SOURCES.txt'
[1.031s] writing manifest file 'bumperbot_msgs.egg-info/SOURCES.txt'
[1.073s] [100%] Built target ament_cmake_python_build_bumperbot_msgs_egg
[1.086s] Invoked command in '/home/shivam/slam_bot/build/bumperbot_msgs' returned '0': CMAKE_PREFIX_PATH=/opt/ros/humble /usr/bin/cmake --build /home/shivam/slam_bot/build/bumperbot_msgs -- -j12 -l12
[1.181s] Invoking command in '/home/shivam/slam_bot/build/bumperbot_msgs': CMAKE_PREFIX_PATH=/opt/ros/humble /usr/bin/cmake --install /home/shivam/slam_bot/build/bumperbot_msgs
[1.198s] -- Install configuration: ""
[1.198s] -- Up-to-date: /home/shivam/slam_bot/install/bumperbot_msgs/share/ament_index/resource_index/rosidl_interfaces/bumperbot_msgs
[1.198s] -- Up-to-date: /home/shivam/slam_bot/install/bumperbot_msgs/include/bumperbot_msgs/bumperbot_msgs
[1.199s] -- Up-to-date: /home/shivam/slam_bot/install/bumperbot_msgs/include/bumperbot_msgs/bumperbot_msgs/srv
[1.199s] -- Up-to-date: /home/shivam/slam_bot/install/bumperbot_msgs/include/bumperbot_msgs/bumperbot_msgs/srv/detail
[1.199s] -- Up-to-date: /home/shivam/slam_bot/install/bumperbot_msgs/include/bumperbot_msgs/bumperbot_msgs/srv/detail/get_transform__struct.h
[1.199s] -- Up-to-date: /home/shivam/slam_bot/install/bumperbot_msgs/include/bumperbot_msgs/bumperbot_msgs/srv/detail/add_two_ints__struct.h
[1.200s] -- Up-to-date: /home/shivam/slam_bot/install/bumperbot_msgs/include/bumperbot_msgs/bumperbot_msgs/srv/detail/get_transform__functions.c
[1.200s] -- Up-to-date: /home/shivam/slam_bot/install/bumperbot_msgs/include/bumperbot_msgs/bumperbot_msgs/srv/detail/get_transform__functions.h
[1.200s] -- Up-to-date: /home/shivam/slam_bot/install/bumperbot_msgs/include/bumperbot_msgs/bumperbot_msgs/srv/detail/add_two_ints__functions.c
[1.200s] -- Up-to-date: /home/shivam/slam_bot/install/bumperbot_msgs/include/bumperbot_msgs/bumperbot_msgs/srv/detail/add_two_ints__functions.h
[1.201s] -- Up-to-date: /home/shivam/slam_bot/install/bumperbot_msgs/include/bumperbot_msgs/bumperbot_msgs/srv/detail/add_two_ints__type_support.h
[1.201s] -- Up-to-date: /home/shivam/slam_bot/install/bumperbot_msgs/include/bumperbot_msgs/bumperbot_msgs/srv/detail/get_transform__type_support.h
[1.201s] -- Up-to-date: /home/shivam/slam_bot/install/bumperbot_msgs/include/bumperbot_msgs/bumperbot_msgs/srv/get_transform.h
[1.201s] -- Up-to-date: /home/shivam/slam_bot/install/bumperbot_msgs/include/bumperbot_msgs/bumperbot_msgs/srv/add_two_ints.h
[1.202s] -- Up-to-date: /home/shivam/slam_bot/install/bumperbot_msgs/include/bumperbot_msgs/bumperbot_msgs/msg
[1.202s] -- Up-to-date: /home/shivam/slam_bot/install/bumperbot_msgs/include/bumperbot_msgs/bumperbot_msgs/msg/rosidl_generator_c__visibility_control.h
[1.202s] -- Up-to-date: /home/shivam/slam_bot/install/bumperbot_msgs/share/bumperbot_msgs/environment/library_path.sh
[1.202s] -- Up-to-date: /home/shivam/slam_bot/install/bumperbot_msgs/share/bumperbot_msgs/environment/library_path.dsv
[1.202s] -- Up-to-date: /home/shivam/slam_bot/install/bumperbot_msgs/lib/libbumperbot_msgs__rosidl_generator_c.so
[1.203s] -- Up-to-date: /home/shivam/slam_bot/install/bumperbot_msgs/include/bumperbot_msgs/bumperbot_msgs
[1.203s] -- Up-to-date: /home/shivam/slam_bot/install/bumperbot_msgs/include/bumperbot_msgs/bumperbot_msgs/srv
[1.203s] -- Up-to-date: /home/shivam/slam_bot/install/bumperbot_msgs/include/bumperbot_msgs/bumperbot_msgs/srv/detail
[1.203s] -- Up-to-date: /home/shivam/slam_bot/install/bumperbot_msgs/include/bumperbot_msgs/bumperbot_msgs/srv/detail/get_transform__rosidl_typesupport_fastrtps_c.h
[1.204s] -- Up-to-date: /home/shivam/slam_bot/install/bumperbot_msgs/include/bumperbot_msgs/bumperbot_msgs/srv/detail/add_two_ints__rosidl_typesupport_fastrtps_c.h
[1.204s] -- Up-to-date: /home/shivam/slam_bot/install/bumperbot_msgs/include/bumperbot_msgs/bumperbot_msgs/msg
[1.204s] -- Up-to-date: /home/shivam/slam_bot/install/bumperbot_msgs/include/bumperbot_msgs/bumperbot_msgs/msg/rosidl_typesupport_fastrtps_c__visibility_control.h
[1.204s] -- Up-to-date: /home/shivam/slam_bot/install/bumperbot_msgs/lib/libbumperbot_msgs__rosidl_typesupport_fastrtps_c.so
[1.204s] -- Up-to-date: /home/shivam/slam_bot/install/bumperbot_msgs/include/bumperbot_msgs/bumperbot_msgs
[1.205s] -- Up-to-date: /home/shivam/slam_bot/install/bumperbot_msgs/include/bumperbot_msgs/bumperbot_msgs/srv
[1.205s] -- Up-to-date: /home/shivam/slam_bot/install/bumperbot_msgs/include/bumperbot_msgs/bumperbot_msgs/srv/get_transform.hpp
[1.205s] -- Up-to-date: /home/shivam/slam_bot/install/bumperbot_msgs/include/bumperbot_msgs/bumperbot_msgs/srv/detail
[1.205s] -- Up-to-date: /home/shivam/slam_bot/install/bumperbot_msgs/include/bumperbot_msgs/bumperbot_msgs/srv/detail/get_transform__struct.hpp
[1.205s] -- Up-to-date: /home/shivam/slam_bot/install/bumperbot_msgs/include/bumperbot_msgs/bumperbot_msgs/srv/detail/add_two_ints__builder.hpp
[1.206s] -- Up-to-date: /home/shivam/slam_bot/install/bumperbot_msgs/include/bumperbot_msgs/bumperbot_msgs/srv/detail/add_two_ints__traits.hpp
[1.206s] -- Up-to-date: /home/shivam/slam_bot/install/bumperbot_msgs/include/bumperbot_msgs/bumperbot_msgs/srv/detail/get_transform__traits.hpp
[1.206s] -- Up-to-date: /home/shivam/slam_bot/install/bumperbot_msgs/include/bumperbot_msgs/bumperbot_msgs/srv/detail/get_transform__builder.hpp
[1.206s] -- Up-to-date: /home/shivam/slam_bot/install/bumperbot_msgs/include/bumperbot_msgs/bumperbot_msgs/srv/detail/add_two_ints__struct.hpp
[1.206s] -- Up-to-date: /home/shivam/slam_bot/install/bumperbot_msgs/include/bumperbot_msgs/bumperbot_msgs/srv/add_two_ints.hpp
[1.207s] -- Up-to-date: /home/shivam/slam_bot/install/bumperbot_msgs/include/bumperbot_msgs/bumperbot_msgs
[1.207s] -- Up-to-date: /home/shivam/slam_bot/install/bumperbot_msgs/include/bumperbot_msgs/bumperbot_msgs/srv
[1.207s] -- Up-to-date: /home/shivam/slam_bot/install/bumperbot_msgs/include/bumperbot_msgs/bumperbot_msgs/srv/detail
[1.207s] -- Up-to-date: /home/shivam/slam_bot/install/bumperbot_msgs/include/bumperbot_msgs/bumperbot_msgs/srv/detail/dds_fastrtps
[1.208s] -- Up-to-date: /home/shivam/slam_bot/install/bumperbot_msgs/include/bumperbot_msgs/bumperbot_msgs/srv/detail/get_transform__rosidl_typesupport_fastrtps_cpp.hpp
[1.208s] -- Up-to-date: /home/shivam/slam_bot/install/bumperbot_msgs/include/bumperbot_msgs/bumperbot_msgs/srv/detail/add_two_ints__rosidl_typesupport_fastrtps_cpp.hpp
[1.208s] -- Up-to-date: /home/shivam/slam_bot/install/bumperbot_msgs/include/bumperbot_msgs/bumperbot_msgs/msg
[1.208s] -- Up-to-date: /home/shivam/slam_bot/install/bumperbot_msgs/include/bumperbot_msgs/bumperbot_msgs/msg/rosidl_typesupport_fastrtps_cpp__visibility_control.h
[1.208s] -- Up-to-date: /home/shivam/slam_bot/install/bumperbot_msgs/lib/libbumperbot_msgs__rosidl_typesupport_fastrtps_cpp.so
[1.211s] -- Up-to-date: /home/shivam/slam_bot/install/bumperbot_msgs/include/bumperbot_msgs/bumperbot_msgs
[1.211s] -- Up-to-date: /home/shivam/slam_bot/install/bumperbot_msgs/include/bumperbot_msgs/bumperbot_msgs/srv
[1.212s] -- Up-to-date: /home/shivam/slam_bot/install/bumperbot_msgs/include/bumperbot_msgs/bumperbot_msgs/srv/detail
[1.212s] -- Up-to-date: /home/shivam/slam_bot/install/bumperbot_msgs/include/bumperbot_msgs/bumperbot_msgs/srv/detail/get_transform__type_support.c
[1.217s] -- Up-to-date: /home/shivam/slam_bot/install/bumperbot_msgs/include/bumperbot_msgs/bumperbot_msgs/srv/detail/add_two_ints__type_support.c
[1.217s] -- Up-to-date: /home/shivam/slam_bot/install/bumperbot_msgs/include/bumperbot_msgs/bumperbot_msgs/srv/detail/add_two_ints__rosidl_typesupport_introspection_c.h
[1.218s] -- Up-to-date: /home/shivam/slam_bot/install/bumperbot_msgs/include/bumperbot_msgs/bumperbot_msgs/srv/detail/get_transform__rosidl_typesupport_introspection_c.h
[1.218s] -- Up-to-date: /home/shivam/slam_bot/install/bumperbot_msgs/include/bumperbot_msgs/bumperbot_msgs/msg
[1.218s] -- Up-to-date: /home/shivam/slam_bot/install/bumperbot_msgs/include/bumperbot_msgs/bumperbot_msgs/msg/rosidl_typesupport_introspection_c__visibility_control.h
[1.218s] -- Up-to-date: /home/shivam/slam_bot/install/bumperbot_msgs/lib/libbumperbot_msgs__rosidl_typesupport_introspection_c.so
[1.219s] -- Up-to-date: /home/shivam/slam_bot/install/bumperbot_msgs/lib/libbumperbot_msgs__rosidl_typesupport_c.so
[1.219s] -- Up-to-date: /home/shivam/slam_bot/install/bumperbot_msgs/include/bumperbot_msgs/bumperbot_msgs
[1.219s] -- Up-to-date: /home/shivam/slam_bot/install/bumperbot_msgs/include/bumperbot_msgs/bumperbot_msgs/srv
[1.219s] -- Up-to-date: /home/shivam/slam_bot/install/bumperbot_msgs/include/bumperbot_msgs/bumperbot_msgs/srv/detail
[1.219s] -- Up-to-date: /home/shivam/slam_bot/install/bumperbot_msgs/include/bumperbot_msgs/bumperbot_msgs/srv/detail/get_transform__type_support.cpp
[1.220s] -- Up-to-date: /home/shivam/slam_bot/install/bumperbot_msgs/include/bumperbot_msgs/bumperbot_msgs/srv/detail/get_transform__rosidl_typesupport_introspection_cpp.hpp
[1.220s] -- Up-to-date: /home/shivam/slam_bot/install/bumperbot_msgs/include/bumperbot_msgs/bumperbot_msgs/srv/detail/add_two_ints__type_support.cpp
[1.220s] -- Up-to-date: /home/shivam/slam_bot/install/bumperbot_msgs/include/bumperbot_msgs/bumperbot_msgs/srv/detail/add_two_ints__rosidl_typesupport_introspection_cpp.hpp
[1.220s] -- Up-to-date: /home/shivam/slam_bot/install/bumperbot_msgs/lib/libbumperbot_msgs__rosidl_typesupport_introspection_cpp.so
[1.221s] -- Up-to-date: /home/shivam/slam_bot/install/bumperbot_msgs/lib/libbumperbot_msgs__rosidl_typesupport_cpp.so
[1.221s] -- Up-to-date: /home/shivam/slam_bot/install/bumperbot_msgs/share/bumperbot_msgs/environment/pythonpath.sh
[1.221s] -- Up-to-date: /home/shivam/slam_bot/install/bumperbot_msgs/share/bumperbot_msgs/environment/pythonpath.dsv
[1.221s] -- Up-to-date: /home/shivam/slam_bot/install/bumperbot_msgs/local/lib/python3.10/dist-packages/bumperbot_msgs-0.0.0-py3.10.egg-info
[1.221s] -- Installing: /home/shivam/slam_bot/install/bumperbot_msgs/local/lib/python3.10/dist-packages/bumperbot_msgs-0.0.0-py3.10.egg-info/SOURCES.txt
[1.222s] -- Installing: /home/shivam/slam_bot/install/bumperbot_msgs/local/lib/python3.10/dist-packages/bumperbot_msgs-0.0.0-py3.10.egg-info/dependency_links.txt
[1.222s] -- Installing: /home/shivam/slam_bot/install/bumperbot_msgs/local/lib/python3.10/dist-packages/bumperbot_msgs-0.0.0-py3.10.egg-info/top_level.txt
[1.222s] -- Installing: /home/shivam/slam_bot/install/bumperbot_msgs/local/lib/python3.10/dist-packages/bumperbot_msgs-0.0.0-py3.10.egg-info/PKG-INFO
[1.228s] -- Up-to-date: /home/shivam/slam_bot/install/bumperbot_msgs/local/lib/python3.10/dist-packages/bumperbot_msgs
[1.228s] -- Up-to-date: /home/shivam/slam_bot/install/bumperbot_msgs/local/lib/python3.10/dist-packages/bumperbot_msgs/__init__.py
[1.228s] -- Up-to-date: /home/shivam/slam_bot/install/bumperbot_msgs/local/lib/python3.10/dist-packages/bumperbot_msgs/_bumperbot_msgs_s.ep.rosidl_typesupport_introspection_c.c
[1.228s] -- Up-to-date: /home/shivam/slam_bot/install/bumperbot_msgs/local/lib/python3.10/dist-packages/bumperbot_msgs/_bumperbot_msgs_s.ep.rosidl_typesupport_c.c
[1.228s] -- Up-to-date: /home/shivam/slam_bot/install/bumperbot_msgs/local/lib/python3.10/dist-packages/bumperbot_msgs/srv
[1.228s] -- Up-to-date: /home/shivam/slam_bot/install/bumperbot_msgs/local/lib/python3.10/dist-packages/bumperbot_msgs/srv/_get_transform_s.c
[1.228s] -- Up-to-date: /home/shivam/slam_bot/install/bumperbot_msgs/local/lib/python3.10/dist-packages/bumperbot_msgs/srv/_add_two_ints_s.c
[1.228s] -- Up-to-date: /home/shivam/slam_bot/install/bumperbot_msgs/local/lib/python3.10/dist-packages/bumperbot_msgs/srv/__init__.py
[1.229s] -- Up-to-date: /home/shivam/slam_bot/install/bumperbot_msgs/local/lib/python3.10/dist-packages/bumperbot_msgs/srv/_get_transform.py
[1.229s] -- Up-to-date: /home/shivam/slam_bot/install/bumperbot_msgs/local/lib/python3.10/dist-packages/bumperbot_msgs/srv/_add_two_ints.py
[1.229s] -- Up-to-date: /home/shivam/slam_bot/install/bumperbot_msgs/local/lib/python3.10/dist-packages/bumperbot_msgs/bumperbot_msgs_s__rosidl_typesupport_introspection_c.cpython-310-x86_64-linux-gnu.so
[1.229s] -- Up-to-date: /home/shivam/slam_bot/install/bumperbot_msgs/local/lib/python3.10/dist-packages/bumperbot_msgs/bumperbot_msgs_s__rosidl_typesupport_c.cpython-310-x86_64-linux-gnu.so
[1.229s] -- Up-to-date: /home/shivam/slam_bot/install/bumperbot_msgs/local/lib/python3.10/dist-packages/bumperbot_msgs/libbumperbot_msgs__rosidl_generator_py.so
[1.229s] -- Up-to-date: /home/shivam/slam_bot/install/bumperbot_msgs/local/lib/python3.10/dist-packages/bumperbot_msgs/_bumperbot_msgs_s.ep.rosidl_typesupport_fastrtps_c.c
[1.229s] -- Up-to-date: /home/shivam/slam_bot/install/bumperbot_msgs/local/lib/python3.10/dist-packages/bumperbot_msgs/bumperbot_msgs_s__rosidl_typesupport_fastrtps_c.cpython-310-x86_64-linux-gnu.so
[1.229s] Listing '/home/shivam/slam_bot/install/bumperbot_msgs/local/lib/python3.10/dist-packages/bumperbot_msgs'...
[1.230s] Listing '/home/shivam/slam_bot/install/bumperbot_msgs/local/lib/python3.10/dist-packages/bumperbot_msgs/srv'...
[1.232s] -- Up-to-date: /home/shivam/slam_bot/install/bumperbot_msgs/local/lib/python3.10/dist-packages/bumperbot_msgs/bumperbot_msgs_s__rosidl_typesupport_fastrtps_c.cpython-310-x86_64-linux-gnu.so
[1.232s] -- Up-to-date: /home/shivam/slam_bot/install/bumperbot_msgs/local/lib/python3.10/dist-packages/bumperbot_msgs/bumperbot_msgs_s__rosidl_typesupport_introspection_c.cpython-310-x86_64-linux-gnu.so
[1.232s] -- Up-to-date: /home/shivam/slam_bot/install/bumperbot_msgs/local/lib/python3.10/dist-packages/bumperbot_msgs/bumperbot_msgs_s__rosidl_typesupport_c.cpython-310-x86_64-linux-gnu.so
[1.233s] -- Up-to-date: /home/shivam/slam_bot/install/bumperbot_msgs/lib/libbumperbot_msgs__rosidl_generator_py.so
[1.233s] -- Up-to-date: /home/shivam/slam_bot/install/bumperbot_msgs/share/bumperbot_msgs/srv/AddTwoInts.idl
[1.234s] -- Up-to-date: /home/shivam/slam_bot/install/bumperbot_msgs/share/bumperbot_msgs/srv/GetTransform.idl
[1.236s] -- Up-to-date: /home/shivam/slam_bot/install/bumperbot_msgs/share/bumperbot_msgs/srv/AddTwoInts.srv
[1.236s] -- Up-to-date: /home/shivam/slam_bot/install/bumperbot_msgs/share/bumperbot_msgs/srv/AddTwoInts_Request.msg
[1.236s] -- Up-to-date: /home/shivam/slam_bot/install/bumperbot_msgs/share/bumperbot_msgs/srv/AddTwoInts_Response.msg
[1.236s] -- Up-to-date: /home/shivam/slam_bot/install/bumperbot_msgs/share/bumperbot_msgs/srv/GetTransform.srv
[1.236s] -- Up-to-date: /home/shivam/slam_bot/install/bumperbot_msgs/share/bumperbot_msgs/srv/GetTransform_Request.msg
[1.237s] -- Up-to-date: /home/shivam/slam_bot/install/bumperbot_msgs/share/bumperbot_msgs/srv/GetTransform_Response.msg
[1.237s] -- Up-to-date: /home/shivam/slam_bot/install/bumperbot_msgs/share/ament_index/resource_index/package_run_dependencies/bumperbot_msgs
[1.237s] -- Up-to-date: /home/shivam/slam_bot/install/bumperbot_msgs/share/ament_index/resource_index/parent_prefix_path/bumperbot_msgs
[1.237s] -- Up-to-date: /home/shivam/slam_bot/install/bumperbot_msgs/share/bumperbot_msgs/environment/ament_prefix_path.sh
[1.238s] -- Up-to-date: /home/shivam/slam_bot/install/bumperbot_msgs/share/bumperbot_msgs/environment/ament_prefix_path.dsv
[1.238s] -- Up-to-date: /home/shivam/slam_bot/install/bumperbot_msgs/share/bumperbot_msgs/environment/path.sh
[1.238s] -- Up-to-date: /home/shivam/slam_bot/install/bumperbot_msgs/share/bumperbot_msgs/environment/path.dsv
[1.238s] -- Up-to-date: /home/shivam/slam_bot/install/bumperbot_msgs/share/bumperbot_msgs/local_setup.bash
[1.238s] -- Up-to-date: /home/shivam/slam_bot/install/bumperbot_msgs/share/bumperbot_msgs/local_setup.sh
[1.238s] -- Up-to-date: /home/shivam/slam_bot/install/bumperbot_msgs/share/bumperbot_msgs/local_setup.zsh
[1.239s] -- Up-to-date: /home/shivam/slam_bot/install/bumperbot_msgs/share/bumperbot_msgs/local_setup.dsv
[1.239s] -- Installing: /home/shivam/slam_bot/install/bumperbot_msgs/share/bumperbot_msgs/package.dsv
[1.239s] -- Up-to-date: /home/shivam/slam_bot/install/bumperbot_msgs/share/ament_index/resource_index/packages/bumperbot_msgs
[1.239s] -- Up-to-date: /home/shivam/slam_bot/install/bumperbot_msgs/share/bumperbot_msgs/cmake/export_bumperbot_msgs__rosidl_generator_cExport.cmake
[1.239s] -- Up-to-date: /home/shivam/slam_bot/install/bumperbot_msgs/share/bumperbot_msgs/cmake/export_bumperbot_msgs__rosidl_generator_cExport-noconfig.cmake
[1.239s] -- Up-to-date: /home/shivam/slam_bot/install/bumperbot_msgs/share/bumperbot_msgs/cmake/export_bumperbot_msgs__rosidl_typesupport_fastrtps_cExport.cmake
[1.240s] -- Up-to-date: /home/shivam/slam_bot/install/bumperbot_msgs/share/bumperbot_msgs/cmake/export_bumperbot_msgs__rosidl_typesupport_fastrtps_cExport-noconfig.cmake
[1.240s] -- Up-to-date: /home/shivam/slam_bot/install/bumperbot_msgs/share/bumperbot_msgs/cmake/export_bumperbot_msgs__rosidl_generator_cppExport.cmake
[1.240s] -- Up-to-date: /home/shivam/slam_bot/install/bumperbot_msgs/share/bumperbot_msgs/cmake/export_bumperbot_msgs__rosidl_typesupport_fastrtps_cppExport.cmake
[1.241s] -- Up-to-date: /home/shivam/slam_bot/install/bumperbot_msgs/share/bumperbot_msgs/cmake/export_bumperbot_msgs__rosidl_typesupport_fastrtps_cppExport-noconfig.cmake
[1.241s] -- Up-to-date: /home/shivam/slam_bot/install/bumperbot_msgs/share/bumperbot_msgs/cmake/bumperbot_msgs__rosidl_typesupport_introspection_cExport.cmake
[1.241s] -- Up-to-date: /home/shivam/slam_bot/install/bumperbot_msgs/share/bumperbot_msgs/cmake/bumperbot_msgs__rosidl_typesupport_introspection_cExport-noconfig.cmake
[1.241s] -- Up-to-date: /home/shivam/slam_bot/install/bumperbot_msgs/share/bumperbot_msgs/cmake/bumperbot_msgs__rosidl_typesupport_cExport.cmake
[1.241s] -- Up-to-date: /home/shivam/slam_bot/install/bumperbot_msgs/share/bumperbot_msgs/cmake/bumperbot_msgs__rosidl_typesupport_cExport-noconfig.cmake
[1.242s] -- Up-to-date: /home/shivam/slam_bot/install/bumperbot_msgs/share/bumperbot_msgs/cmake/bumperbot_msgs__rosidl_typesupport_introspection_cppExport.cmake
[1.242s] -- Up-to-date: /home/shivam/slam_bot/install/bumperbot_msgs/share/bumperbot_msgs/cmake/bumperbot_msgs__rosidl_typesupport_introspection_cppExport-noconfig.cmake
[1.242s] -- Up-to-date: /home/shivam/slam_bot/install/bumperbot_msgs/share/bumperbot_msgs/cmake/bumperbot_msgs__rosidl_typesupport_cppExport.cmake
[1.242s] -- Up-to-date: /home/shivam/slam_bot/install/bumperbot_msgs/share/bumperbot_msgs/cmake/bumperbot_msgs__rosidl_typesupport_cppExport-noconfig.cmake
[1.242s] -- Up-to-date: /home/shivam/slam_bot/install/bumperbot_msgs/share/bumperbot_msgs/cmake/export_bumperbot_msgs__rosidl_generator_pyExport.cmake
[1.243s] -- Up-to-date: /home/shivam/slam_bot/install/bumperbot_msgs/share/bumperbot_msgs/cmake/export_bumperbot_msgs__rosidl_generator_pyExport-noconfig.cmake
[1.243s] -- Up-to-date: /home/shivam/slam_bot/install/bumperbot_msgs/share/bumperbot_msgs/cmake/rosidl_cmake-extras.cmake
[1.243s] -- Up-to-date: /home/shivam/slam_bot/install/bumperbot_msgs/share/bumperbot_msgs/cmake/ament_cmake_export_dependencies-extras.cmake
[1.243s] -- Up-to-date: /home/shivam/slam_bot/install/bumperbot_msgs/share/bumperbot_msgs/cmake/ament_cmake_export_include_directories-extras.cmake
[1.243s] -- Up-to-date: /home/shivam/slam_bot/install/bumperbot_msgs/share/bumperbot_msgs/cmake/ament_cmake_export_libraries-extras.cmake
[1.244s] -- Up-to-date: /home/shivam/slam_bot/install/bumperbot_msgs/share/bumperbot_msgs/cmake/ament_cmake_export_targets-extras.cmake
[1.244s] -- Up-to-date: /home/shivam/slam_bot/install/bumperbot_msgs/share/bumperbot_msgs/cmake/rosidl_cmake_export_typesupport_targets-extras.cmake
[1.244s] -- Up-to-date: /home/shivam/slam_bot/install/bumperbot_msgs/share/bumperbot_msgs/cmake/rosidl_cmake_export_typesupport_libraries-extras.cmake
[1.244s] -- Up-to-date: /home/shivam/slam_bot/install/bumperbot_msgs/share/bumperbot_msgs/cmake/bumperbot_msgsConfig.cmake
[1.244s] -- Up-to-date: /home/shivam/slam_bot/install/bumperbot_msgs/share/bumperbot_msgs/cmake/bumperbot_msgsConfig-version.cmake
[1.244s] -- Up-to-date: /home/shivam/slam_bot/install/bumperbot_msgs/share/bumperbot_msgs/package.xml
[1.271s] Invoked command in '/home/shivam/slam_bot/build/bumperbot_msgs' returned '0': CMAKE_PREFIX_PATH=/opt/ros/humble /usr/bin/cmake --install /home/shivam/slam_bot/build/bumperbot_msgs
