[0.018s] Invoking command in '/home/shivam/slam_bot/build/bumperbot_bringup': CMAKE_PREFIX_PATH=/opt/ros/humble /usr/bin/cmake --build /home/shivam/slam_bot/build/bumperbot_bringup -- -j12 -l12
[0.077s] Invoked command in '/home/shivam/slam_bot/build/bumperbot_bringup' returned '0': CMAKE_PREFIX_PATH=/opt/ros/humble /usr/bin/cmake --build /home/shivam/slam_bot/build/bumperbot_bringup -- -j12 -l12
[0.178s] Invoking command in '/home/shivam/slam_bot/build/bumperbot_bringup': CMAKE_PREFIX_PATH=/opt/ros/humble /usr/bin/cmake --install /home/shivam/slam_bot/build/bumperbot_bringup
[0.182s] -- Install configuration: ""
[0.182s] -- Up-to-date: /home/shivam/slam_bot/install/bumperbot_bringup/share/bumperbot_bringup/launch
[0.182s] -- Up-to-date: /home/shivam/slam_bot/install/bumperbot_bringup/share/bumperbot_bringup/launch/simulated_robot.launch.py
[0.182s] -- Up-to-date: /home/shivam/slam_bot/install/bumperbot_bringup/share/bumperbot_bringup/launch/real_robot.launch.py
[0.182s] -- Up-to-date: /home/shivam/slam_bot/install/bumperbot_bringup/share/ament_index/resource_index/package_run_dependencies/bumperbot_bringup
[0.193s] -- Up-to-date: /home/shivam/slam_bot/install/bumperbot_bringup/share/ament_index/resource_index/parent_prefix_path/bumperbot_bringup
[0.193s] -- Up-to-date: /home/shivam/slam_bot/install/bumperbot_bringup/share/bumperbot_bringup/environment/ament_prefix_path.sh
[0.193s] -- Up-to-date: /home/shivam/slam_bot/install/bumperbot_bringup/share/bumperbot_bringup/environment/ament_prefix_path.dsv
[0.193s] -- Up-to-date: /home/shivam/slam_bot/install/bumperbot_bringup/share/bumperbot_bringup/environment/path.sh
[0.193s] -- Up-to-date: /home/shivam/slam_bot/install/bumperbot_bringup/share/bumperbot_bringup/environment/path.dsv
[0.193s] -- Up-to-date: /home/shivam/slam_bot/install/bumperbot_bringup/share/bumperbot_bringup/local_setup.bash
[0.193s] -- Up-to-date: /home/shivam/slam_bot/install/bumperbot_bringup/share/bumperbot_bringup/local_setup.sh
[0.194s] -- Up-to-date: /home/shivam/slam_bot/install/bumperbot_bringup/share/bumperbot_bringup/local_setup.zsh
[0.194s] -- Up-to-date: /home/shivam/slam_bot/install/bumperbot_bringup/share/bumperbot_bringup/local_setup.dsv
[0.194s] -- Up-to-date: /home/shivam/slam_bot/install/bumperbot_bringup/share/bumperbot_bringup/package.dsv
[0.194s] -- Up-to-date: /home/shivam/slam_bot/install/bumperbot_bringup/share/ament_index/resource_index/packages/bumperbot_bringup
[0.194s] -- Up-to-date: /home/shivam/slam_bot/install/bumperbot_bringup/share/bumperbot_bringup/cmake/bumperbot_bringupConfig.cmake
[0.194s] -- Up-to-date: /home/shivam/slam_bot/install/bumperbot_bringup/share/bumperbot_bringup/cmake/bumperbot_bringupConfig-version.cmake
[0.194s] -- Up-to-date: /home/shivam/slam_bot/install/bumperbot_bringup/share/bumperbot_bringup/package.xml
[0.250s] Invoked command in '/home/shivam/slam_bot/build/bumperbot_bringup' returned '0': CMAKE_PREFIX_PATH=/opt/ros/humble /usr/bin/cmake --install /home/shivam/slam_bot/build/bumperbot_bringup
