[0.060s] Invoking command in '/home/shivam/slam_bot/build/bumperbot_controller': CMAKE_PREFIX_PATH=/opt/ros/humble WSLENV=ELECTRON_RUN_AS_NODE/w: /usr/bin/cmake --build /home/shivam/slam_bot/build/bumperbot_controller -- -j12 -l12
[0.341s] [  0%] Built target ament_cmake_python_copy_bumperbot_controller
[0.734s] [ 50%] Built target noisy_controller
[0.755s] [100%] Built target simple_controller
[0.947s] running egg_info
[0.948s] writing bumperbot_controller.egg-info/PKG-INFO
[0.949s] writing dependency_links to bumperbot_controller.egg-info/dependency_links.txt
[0.949s] writing top-level names to bumperbot_controller.egg-info/top_level.txt
[0.955s] reading manifest file 'bumperbot_controller.egg-info/SOURCES.txt'
[0.956s] writing manifest file 'bumperbot_controller.egg-info/SOURCES.txt'
[1.002s] [100%] Built target ament_cmake_python_build_bumperbot_controller_egg
[1.019s] Invoked command in '/home/shivam/slam_bot/build/bumperbot_controller' returned '0': CMAKE_PREFIX_PATH=/opt/ros/humble WSLENV=ELECTRON_RUN_AS_NODE/w: /usr/bin/cmake --build /home/shivam/slam_bot/build/bumperbot_controller -- -j12 -l12
[1.055s] Invoking command in '/home/shivam/slam_bot/build/bumperbot_controller': CMAKE_PREFIX_PATH=/opt/ros/humble WSLENV=ELECTRON_RUN_AS_NODE/w: /usr/bin/cmake --install /home/shivam/slam_bot/build/bumperbot_controller
[1.063s] -- Install configuration: ""
[1.064s] -- Up-to-date: /home/shivam/slam_bot/install/bumperbot_controller/share/bumperbot_controller/environment/pythonpath.sh
[1.065s] -- Up-to-date: /home/shivam/slam_bot/install/bumperbot_controller/share/bumperbot_controller/environment/pythonpath.dsv
[1.065s] -- Up-to-date: /home/shivam/slam_bot/install/bumperbot_controller/local/lib/python3.10/dist-packages/bumperbot_controller-0.0.0-py3.10.egg-info
[1.065s] -- Installing: /home/shivam/slam_bot/install/bumperbot_controller/local/lib/python3.10/dist-packages/bumperbot_controller-0.0.0-py3.10.egg-info/SOURCES.txt
[1.065s] -- Installing: /home/shivam/slam_bot/install/bumperbot_controller/local/lib/python3.10/dist-packages/bumperbot_controller-0.0.0-py3.10.egg-info/dependency_links.txt
[1.066s] -- Installing: /home/shivam/slam_bot/install/bumperbot_controller/local/lib/python3.10/dist-packages/bumperbot_controller-0.0.0-py3.10.egg-info/top_level.txt
[1.066s] -- Installing: /home/shivam/slam_bot/install/bumperbot_controller/local/lib/python3.10/dist-packages/bumperbot_controller-0.0.0-py3.10.egg-info/PKG-INFO
[1.067s] -- Up-to-date: /home/shivam/slam_bot/install/bumperbot_controller/local/lib/python3.10/dist-packages/bumperbot_controller
[1.067s] -- Up-to-date: /home/shivam/slam_bot/install/bumperbot_controller/local/lib/python3.10/dist-packages/bumperbot_controller/__init__.py
[1.067s] -- Installing: /home/shivam/slam_bot/install/bumperbot_controller/local/lib/python3.10/dist-packages/bumperbot_controller/simple_controller.py
[1.067s] -- Installing: /home/shivam/slam_bot/install/bumperbot_controller/local/lib/python3.10/dist-packages/bumperbot_controller/noisy_controller.py
[1.122s] Listing '/home/shivam/slam_bot/install/bumperbot_controller/local/lib/python3.10/dist-packages/bumperbot_controller'...
[1.123s] Compiling '/home/shivam/slam_bot/install/bumperbot_controller/local/lib/python3.10/dist-packages/bumperbot_controller/noisy_controller.py'...
[1.123s] Compiling '/home/shivam/slam_bot/install/bumperbot_controller/local/lib/python3.10/dist-packages/bumperbot_controller/simple_controller.py'...
[1.131s] -- Up-to-date: /home/shivam/slam_bot/install/bumperbot_controller/include/include
[1.132s] -- Up-to-date: /home/shivam/slam_bot/install/bumperbot_controller/include/include/bumperbot_controller
[1.132s] -- Up-to-date: /home/shivam/slam_bot/install/bumperbot_controller/include/include/bumperbot_controller/simple_controller.hpp
[1.133s] -- Up-to-date: /home/shivam/slam_bot/install/bumperbot_controller/include/include/bumperbot_controller/noisy_controller.hpp
[1.134s] -- Up-to-date: /home/shivam/slam_bot/install/bumperbot_controller/lib/bumperbot_controller/simple_controller
[1.138s] -- Up-to-date: /home/shivam/slam_bot/install/bumperbot_controller/lib/bumperbot_controller/noisy_controller
[1.140s] -- Up-to-date: /home/shivam/slam_bot/install/bumperbot_controller/share/bumperbot_controller/launch
[1.140s] -- Up-to-date: /home/shivam/slam_bot/install/bumperbot_controller/share/bumperbot_controller/launch/controller.launch.py
[1.140s] -- Up-to-date: /home/shivam/slam_bot/install/bumperbot_controller/share/bumperbot_controller/launch/joystick_teleop.launch.py
[1.141s] -- Up-to-date: /home/shivam/slam_bot/install/bumperbot_controller/share/bumperbot_controller/config
[1.141s] -- Up-to-date: /home/shivam/slam_bot/install/bumperbot_controller/share/bumperbot_controller/config/joy_teleop.yaml
[1.142s] -- Up-to-date: /home/shivam/slam_bot/install/bumperbot_controller/share/bumperbot_controller/config/joy_config.yaml
[1.142s] -- Up-to-date: /home/shivam/slam_bot/install/bumperbot_controller/share/bumperbot_controller/config/bumperbot_controllers.yaml
[1.143s] -- Installing: /home/shivam/slam_bot/install/bumperbot_controller/lib/bumperbot_controller/simple_controller.py
[1.143s] -- Installing: /home/shivam/slam_bot/install/bumperbot_controller/lib/bumperbot_controller/noisy_controller.py
[1.143s] -- Up-to-date: /home/shivam/slam_bot/install/bumperbot_controller/share/ament_index/resource_index/package_run_dependencies/bumperbot_controller
[1.145s] -- Up-to-date: /home/shivam/slam_bot/install/bumperbot_controller/share/ament_index/resource_index/parent_prefix_path/bumperbot_controller
[1.145s] -- Up-to-date: /home/shivam/slam_bot/install/bumperbot_controller/share/bumperbot_controller/environment/ament_prefix_path.sh
[1.145s] -- Up-to-date: /home/shivam/slam_bot/install/bumperbot_controller/share/bumperbot_controller/environment/ament_prefix_path.dsv
[1.148s] -- Up-to-date: /home/shivam/slam_bot/install/bumperbot_controller/share/bumperbot_controller/environment/path.sh
[1.150s] -- Up-to-date: /home/shivam/slam_bot/install/bumperbot_controller/share/bumperbot_controller/environment/path.dsv
[1.150s] -- Up-to-date: /home/shivam/slam_bot/install/bumperbot_controller/share/bumperbot_controller/local_setup.bash
[1.150s] -- Up-to-date: /home/shivam/slam_bot/install/bumperbot_controller/share/bumperbot_controller/local_setup.sh
[1.152s] -- Up-to-date: /home/shivam/slam_bot/install/bumperbot_controller/share/bumperbot_controller/local_setup.zsh
[1.153s] -- Up-to-date: /home/shivam/slam_bot/install/bumperbot_controller/share/bumperbot_controller/local_setup.dsv
[1.153s] -- Installing: /home/shivam/slam_bot/install/bumperbot_controller/share/bumperbot_controller/package.dsv
[1.153s] -- Up-to-date: /home/shivam/slam_bot/install/bumperbot_controller/share/ament_index/resource_index/packages/bumperbot_controller
[1.154s] -- Up-to-date: /home/shivam/slam_bot/install/bumperbot_controller/share/bumperbot_controller/cmake/bumperbot_controllerConfig.cmake
[1.154s] -- Up-to-date: /home/shivam/slam_bot/install/bumperbot_controller/share/bumperbot_controller/cmake/bumperbot_controllerConfig-version.cmake
[1.154s] -- Up-to-date: /home/shivam/slam_bot/install/bumperbot_controller/share/bumperbot_controller/package.xml
[1.162s] Invoked command in '/home/shivam/slam_bot/build/bumperbot_controller' returned '0': CMAKE_PREFIX_PATH=/opt/ros/humble WSLENV=ELECTRON_RUN_AS_NODE/w: /usr/bin/cmake --install /home/shivam/slam_bot/build/bumperbot_controller
