[0.063s] Invoking command in '/home/shivam/slam_bot/build/bumperbot_msgs': CMAKE_PREFIX_PATH=/opt/ros/humble WSLENV=ELECTRON_RUN_AS_NODE/w: /usr/bin/cmake --build /home/shivam/slam_bot/build/bumperbot_msgs -- -j12 -l12
[0.401s] [  2%] Built target bumperbot_msgs__cpp
[0.444s] [  2%] Built target ament_cmake_python_copy_bumperbot_msgs
[0.490s] [ 12%] Built target bumperbot_msgs__rosidl_generator_c
[0.554s] [ 23%] Built target bumperbot_msgs__rosidl_typesupport_fastrtps_cpp
[0.572s] [ 33%] Built target bumperbot_msgs__rosidl_typesupport_introspection_cpp
[0.572s] [ 43%] Built target bumperbot_msgs__rosidl_typesupport_cpp
[0.610s] [ 53%] Built target bumperbot_msgs__rosidl_typesupport_c
[0.638s] [ 64%] Built target bumperbot_msgs__rosidl_typesupport_fastrtps_c
[0.662s] [ 74%] Built target bumperbot_msgs__rosidl_typesupport_introspection_c
[0.752s] [ 74%] Built target bumperbot_msgs
[0.786s] [ 76%] Built target bumperbot_msgs__py
[0.823s] [ 84%] Built target bumperbot_msgs__rosidl_generator_py
[0.853s] [ 89%] Built target bumperbot_msgs__rosidl_typesupport_fastrtps_c__pyext
[0.853s] [ 94%] Built target bumperbot_msgs__rosidl_typesupport_introspection_c__pyext
[0.857s] [100%] Built target bumperbot_msgs__rosidl_typesupport_c__pyext
[1.011s] running egg_info
[1.012s] writing bumperbot_msgs.egg-info/PKG-INFO
[1.012s] writing dependency_links to bumperbot_msgs.egg-info/dependency_links.txt
[1.014s] writing top-level names to bumperbot_msgs.egg-info/top_level.txt
[1.018s] reading manifest file 'bumperbot_msgs.egg-info/SOURCES.txt'
[1.019s] writing manifest file 'bumperbot_msgs.egg-info/SOURCES.txt'
[1.059s] [100%] Built target ament_cmake_python_build_bumperbot_msgs_egg
[1.072s] Invoked command in '/home/shivam/slam_bot/build/bumperbot_msgs' returned '0': CMAKE_PREFIX_PATH=/opt/ros/humble WSLENV=ELECTRON_RUN_AS_NODE/w: /usr/bin/cmake --build /home/shivam/slam_bot/build/bumperbot_msgs -- -j12 -l12
[1.218s] Invoking command in '/home/shivam/slam_bot/build/bumperbot_msgs': CMAKE_PREFIX_PATH=/opt/ros/humble WSLENV=ELECTRON_RUN_AS_NODE/w: /usr/bin/cmake --install /home/shivam/slam_bot/build/bumperbot_msgs
[1.230s] -- Install configuration: ""
[1.230s] -- Up-to-date: /home/shivam/slam_bot/install/bumperbot_msgs/share/ament_index/resource_index/rosidl_interfaces/bumperbot_msgs
[1.230s] -- Up-to-date: /home/shivam/slam_bot/install/bumperbot_msgs/include/bumperbot_msgs/bumperbot_msgs
[1.230s] -- Up-to-date: /home/shivam/slam_bot/install/bumperbot_msgs/include/bumperbot_msgs/bumperbot_msgs/srv
[1.230s] -- Up-to-date: /home/shivam/slam_bot/install/bumperbot_msgs/include/bumperbot_msgs/bumperbot_msgs/srv/detail
[1.231s] -- Up-to-date: /home/shivam/slam_bot/install/bumperbot_msgs/include/bumperbot_msgs/bumperbot_msgs/srv/detail/get_transform__struct.h
[1.231s] -- Up-to-date: /home/shivam/slam_bot/install/bumperbot_msgs/include/bumperbot_msgs/bumperbot_msgs/srv/detail/add_two_ints__struct.h
[1.231s] -- Up-to-date: /home/shivam/slam_bot/install/bumperbot_msgs/include/bumperbot_msgs/bumperbot_msgs/srv/detail/get_transform__functions.c
[1.234s] -- Up-to-date: /home/shivam/slam_bot/install/bumperbot_msgs/include/bumperbot_msgs/bumperbot_msgs/srv/detail/get_transform__functions.h
[1.234s] -- Up-to-date: /home/shivam/slam_bot/install/bumperbot_msgs/include/bumperbot_msgs/bumperbot_msgs/srv/detail/add_two_ints__functions.c
[1.234s] -- Up-to-date: /home/shivam/slam_bot/install/bumperbot_msgs/include/bumperbot_msgs/bumperbot_msgs/srv/detail/add_two_ints__functions.h
[1.235s] -- Up-to-date: /home/shivam/slam_bot/install/bumperbot_msgs/include/bumperbot_msgs/bumperbot_msgs/srv/detail/add_two_ints__type_support.h
[1.235s] -- Up-to-date: /home/shivam/slam_bot/install/bumperbot_msgs/include/bumperbot_msgs/bumperbot_msgs/srv/detail/get_transform__type_support.h
[1.236s] -- Up-to-date: /home/shivam/slam_bot/install/bumperbot_msgs/include/bumperbot_msgs/bumperbot_msgs/srv/get_transform.h
[1.237s] -- Up-to-date: /home/shivam/slam_bot/install/bumperbot_msgs/include/bumperbot_msgs/bumperbot_msgs/srv/add_two_ints.h
[1.239s] -- Up-to-date: /home/shivam/slam_bot/install/bumperbot_msgs/include/bumperbot_msgs/bumperbot_msgs/msg
[1.239s] -- Up-to-date: /home/shivam/slam_bot/install/bumperbot_msgs/include/bumperbot_msgs/bumperbot_msgs/msg/rosidl_generator_c__visibility_control.h
[1.240s] -- Up-to-date: /home/shivam/slam_bot/install/bumperbot_msgs/share/bumperbot_msgs/environment/library_path.sh
[1.241s] -- Up-to-date: /home/shivam/slam_bot/install/bumperbot_msgs/share/bumperbot_msgs/environment/library_path.dsv
[1.241s] -- Up-to-date: /home/shivam/slam_bot/install/bumperbot_msgs/lib/libbumperbot_msgs__rosidl_generator_c.so
[1.242s] -- Up-to-date: /home/shivam/slam_bot/install/bumperbot_msgs/include/bumperbot_msgs/bumperbot_msgs
[1.242s] -- Up-to-date: /home/shivam/slam_bot/install/bumperbot_msgs/include/bumperbot_msgs/bumperbot_msgs/srv
[1.243s] -- Up-to-date: /home/shivam/slam_bot/install/bumperbot_msgs/include/bumperbot_msgs/bumperbot_msgs/srv/detail
[1.243s] -- Up-to-date: /home/shivam/slam_bot/install/bumperbot_msgs/include/bumperbot_msgs/bumperbot_msgs/srv/detail/get_transform__rosidl_typesupport_fastrtps_c.h
[1.243s] -- Up-to-date: /home/shivam/slam_bot/install/bumperbot_msgs/include/bumperbot_msgs/bumperbot_msgs/srv/detail/add_two_ints__rosidl_typesupport_fastrtps_c.h
[1.243s] -- Up-to-date: /home/shivam/slam_bot/install/bumperbot_msgs/include/bumperbot_msgs/bumperbot_msgs/msg
[1.244s] -- Up-to-date: /home/shivam/slam_bot/install/bumperbot_msgs/include/bumperbot_msgs/bumperbot_msgs/msg/rosidl_typesupport_fastrtps_c__visibility_control.h
[1.244s] -- Up-to-date: /home/shivam/slam_bot/install/bumperbot_msgs/lib/libbumperbot_msgs__rosidl_typesupport_fastrtps_c.so
[1.245s] -- Up-to-date: /home/shivam/slam_bot/install/bumperbot_msgs/include/bumperbot_msgs/bumperbot_msgs
[1.246s] -- Up-to-date: /home/shivam/slam_bot/install/bumperbot_msgs/include/bumperbot_msgs/bumperbot_msgs/srv
[1.246s] -- Up-to-date: /home/shivam/slam_bot/install/bumperbot_msgs/include/bumperbot_msgs/bumperbot_msgs/srv/get_transform.hpp
[1.246s] -- Up-to-date: /home/shivam/slam_bot/install/bumperbot_msgs/include/bumperbot_msgs/bumperbot_msgs/srv/detail
[1.246s] -- Up-to-date: /home/shivam/slam_bot/install/bumperbot_msgs/include/bumperbot_msgs/bumperbot_msgs/srv/detail/get_transform__struct.hpp
[1.247s] -- Up-to-date: /home/shivam/slam_bot/install/bumperbot_msgs/include/bumperbot_msgs/bumperbot_msgs/srv/detail/add_two_ints__builder.hpp
[1.248s] -- Up-to-date: /home/shivam/slam_bot/install/bumperbot_msgs/include/bumperbot_msgs/bumperbot_msgs/srv/detail/add_two_ints__traits.hpp
[1.248s] -- Up-to-date: /home/shivam/slam_bot/install/bumperbot_msgs/include/bumperbot_msgs/bumperbot_msgs/srv/detail/get_transform__traits.hpp
[1.248s] -- Up-to-date: /home/shivam/slam_bot/install/bumperbot_msgs/include/bumperbot_msgs/bumperbot_msgs/srv/detail/get_transform__builder.hpp
[1.248s] -- Up-to-date: /home/shivam/slam_bot/install/bumperbot_msgs/include/bumperbot_msgs/bumperbot_msgs/srv/detail/add_two_ints__struct.hpp
[1.249s] -- Up-to-date: /home/shivam/slam_bot/install/bumperbot_msgs/include/bumperbot_msgs/bumperbot_msgs/srv/add_two_ints.hpp
[1.249s] -- Up-to-date: /home/shivam/slam_bot/install/bumperbot_msgs/include/bumperbot_msgs/bumperbot_msgs
[1.249s] -- Up-to-date: /home/shivam/slam_bot/install/bumperbot_msgs/include/bumperbot_msgs/bumperbot_msgs/srv
[1.250s] -- Up-to-date: /home/shivam/slam_bot/install/bumperbot_msgs/include/bumperbot_msgs/bumperbot_msgs/srv/detail
[1.250s] -- Up-to-date: /home/shivam/slam_bot/install/bumperbot_msgs/include/bumperbot_msgs/bumperbot_msgs/srv/detail/dds_fastrtps
[1.250s] -- Up-to-date: /home/shivam/slam_bot/install/bumperbot_msgs/include/bumperbot_msgs/bumperbot_msgs/srv/detail/get_transform__rosidl_typesupport_fastrtps_cpp.hpp
[1.251s] -- Up-to-date: /home/shivam/slam_bot/install/bumperbot_msgs/include/bumperbot_msgs/bumperbot_msgs/srv/detail/add_two_ints__rosidl_typesupport_fastrtps_cpp.hpp
[1.252s] -- Up-to-date: /home/shivam/slam_bot/install/bumperbot_msgs/include/bumperbot_msgs/bumperbot_msgs/msg
[1.252s] -- Up-to-date: /home/shivam/slam_bot/install/bumperbot_msgs/include/bumperbot_msgs/bumperbot_msgs/msg/rosidl_typesupport_fastrtps_cpp__visibility_control.h
[1.253s] -- Up-to-date: /home/shivam/slam_bot/install/bumperbot_msgs/lib/libbumperbot_msgs__rosidl_typesupport_fastrtps_cpp.so
[1.253s] -- Up-to-date: /home/shivam/slam_bot/install/bumperbot_msgs/include/bumperbot_msgs/bumperbot_msgs
[1.253s] -- Up-to-date: /home/shivam/slam_bot/install/bumperbot_msgs/include/bumperbot_msgs/bumperbot_msgs/srv
[1.253s] -- Up-to-date: /home/shivam/slam_bot/install/bumperbot_msgs/include/bumperbot_msgs/bumperbot_msgs/srv/detail
[1.253s] -- Up-to-date: /home/shivam/slam_bot/install/bumperbot_msgs/include/bumperbot_msgs/bumperbot_msgs/srv/detail/get_transform__type_support.c
[1.253s] -- Up-to-date: /home/shivam/slam_bot/install/bumperbot_msgs/include/bumperbot_msgs/bumperbot_msgs/srv/detail/add_two_ints__type_support.c
[1.253s] -- Up-to-date: /home/shivam/slam_bot/install/bumperbot_msgs/include/bumperbot_msgs/bumperbot_msgs/srv/detail/add_two_ints__rosidl_typesupport_introspection_c.h
[1.253s] -- Up-to-date: /home/shivam/slam_bot/install/bumperbot_msgs/include/bumperbot_msgs/bumperbot_msgs/srv/detail/get_transform__rosidl_typesupport_introspection_c.h
[1.254s] -- Up-to-date: /home/shivam/slam_bot/install/bumperbot_msgs/include/bumperbot_msgs/bumperbot_msgs/msg
[1.254s] -- Up-to-date: /home/shivam/slam_bot/install/bumperbot_msgs/include/bumperbot_msgs/bumperbot_msgs/msg/rosidl_typesupport_introspection_c__visibility_control.h
[1.254s] -- Up-to-date: /home/shivam/slam_bot/install/bumperbot_msgs/lib/libbumperbot_msgs__rosidl_typesupport_introspection_c.so
[1.255s] -- Up-to-date: /home/shivam/slam_bot/install/bumperbot_msgs/lib/libbumperbot_msgs__rosidl_typesupport_c.so
[1.255s] -- Up-to-date: /home/shivam/slam_bot/install/bumperbot_msgs/include/bumperbot_msgs/bumperbot_msgs
[1.256s] -- Up-to-date: /home/shivam/slam_bot/install/bumperbot_msgs/include/bumperbot_msgs/bumperbot_msgs/srv
[1.256s] -- Up-to-date: /home/shivam/slam_bot/install/bumperbot_msgs/include/bumperbot_msgs/bumperbot_msgs/srv/detail
[1.256s] -- Up-to-date: /home/shivam/slam_bot/install/bumperbot_msgs/include/bumperbot_msgs/bumperbot_msgs/srv/detail/get_transform__type_support.cpp
[1.256s] -- Up-to-date: /home/shivam/slam_bot/install/bumperbot_msgs/include/bumperbot_msgs/bumperbot_msgs/srv/detail/get_transform__rosidl_typesupport_introspection_cpp.hpp
[1.256s] -- Up-to-date: /home/shivam/slam_bot/install/bumperbot_msgs/include/bumperbot_msgs/bumperbot_msgs/srv/detail/add_two_ints__type_support.cpp
[1.256s] -- Up-to-date: /home/shivam/slam_bot/install/bumperbot_msgs/include/bumperbot_msgs/bumperbot_msgs/srv/detail/add_two_ints__rosidl_typesupport_introspection_cpp.hpp
[1.256s] -- Up-to-date: /home/shivam/slam_bot/install/bumperbot_msgs/lib/libbumperbot_msgs__rosidl_typesupport_introspection_cpp.so
[1.257s] -- Up-to-date: /home/shivam/slam_bot/install/bumperbot_msgs/lib/libbumperbot_msgs__rosidl_typesupport_cpp.so
[1.257s] -- Up-to-date: /home/shivam/slam_bot/install/bumperbot_msgs/share/bumperbot_msgs/environment/pythonpath.sh
[1.258s] -- Up-to-date: /home/shivam/slam_bot/install/bumperbot_msgs/share/bumperbot_msgs/environment/pythonpath.dsv
[1.258s] -- Up-to-date: /home/shivam/slam_bot/install/bumperbot_msgs/local/lib/python3.10/dist-packages/bumperbot_msgs-0.0.0-py3.10.egg-info
[1.258s] -- Installing: /home/shivam/slam_bot/install/bumperbot_msgs/local/lib/python3.10/dist-packages/bumperbot_msgs-0.0.0-py3.10.egg-info/SOURCES.txt
[1.258s] -- Installing: /home/shivam/slam_bot/install/bumperbot_msgs/local/lib/python3.10/dist-packages/bumperbot_msgs-0.0.0-py3.10.egg-info/dependency_links.txt
[1.259s] -- Installing: /home/shivam/slam_bot/install/bumperbot_msgs/local/lib/python3.10/dist-packages/bumperbot_msgs-0.0.0-py3.10.egg-info/top_level.txt
[1.259s] -- Installing: /home/shivam/slam_bot/install/bumperbot_msgs/local/lib/python3.10/dist-packages/bumperbot_msgs-0.0.0-py3.10.egg-info/PKG-INFO
[1.259s] -- Up-to-date: /home/shivam/slam_bot/install/bumperbot_msgs/local/lib/python3.10/dist-packages/bumperbot_msgs
[1.259s] -- Up-to-date: /home/shivam/slam_bot/install/bumperbot_msgs/local/lib/python3.10/dist-packages/bumperbot_msgs/__init__.py
[1.259s] -- Up-to-date: /home/shivam/slam_bot/install/bumperbot_msgs/local/lib/python3.10/dist-packages/bumperbot_msgs/_bumperbot_msgs_s.ep.rosidl_typesupport_introspection_c.c
[1.259s] -- Up-to-date: /home/shivam/slam_bot/install/bumperbot_msgs/local/lib/python3.10/dist-packages/bumperbot_msgs/_bumperbot_msgs_s.ep.rosidl_typesupport_c.c
[1.260s] -- Up-to-date: /home/shivam/slam_bot/install/bumperbot_msgs/local/lib/python3.10/dist-packages/bumperbot_msgs/srv
[1.260s] -- Up-to-date: /home/shivam/slam_bot/install/bumperbot_msgs/local/lib/python3.10/dist-packages/bumperbot_msgs/srv/_get_transform_s.c
[1.260s] -- Up-to-date: /home/shivam/slam_bot/install/bumperbot_msgs/local/lib/python3.10/dist-packages/bumperbot_msgs/srv/_add_two_ints_s.c
[1.260s] -- Up-to-date: /home/shivam/slam_bot/install/bumperbot_msgs/local/lib/python3.10/dist-packages/bumperbot_msgs/srv/__init__.py
[1.262s] -- Up-to-date: /home/shivam/slam_bot/install/bumperbot_msgs/local/lib/python3.10/dist-packages/bumperbot_msgs/srv/_get_transform.py
[1.263s] -- Up-to-date: /home/shivam/slam_bot/install/bumperbot_msgs/local/lib/python3.10/dist-packages/bumperbot_msgs/srv/_add_two_ints.py
[1.263s] -- Up-to-date: /home/shivam/slam_bot/install/bumperbot_msgs/local/lib/python3.10/dist-packages/bumperbot_msgs/bumperbot_msgs_s__rosidl_typesupport_introspection_c.cpython-310-x86_64-linux-gnu.so
[1.263s] -- Up-to-date: /home/shivam/slam_bot/install/bumperbot_msgs/local/lib/python3.10/dist-packages/bumperbot_msgs/bumperbot_msgs_s__rosidl_typesupport_c.cpython-310-x86_64-linux-gnu.so
[1.263s] -- Up-to-date: /home/shivam/slam_bot/install/bumperbot_msgs/local/lib/python3.10/dist-packages/bumperbot_msgs/libbumperbot_msgs__rosidl_generator_py.so
[1.263s] -- Up-to-date: /home/shivam/slam_bot/install/bumperbot_msgs/local/lib/python3.10/dist-packages/bumperbot_msgs/_bumperbot_msgs_s.ep.rosidl_typesupport_fastrtps_c.c
[1.264s] -- Up-to-date: /home/shivam/slam_bot/install/bumperbot_msgs/local/lib/python3.10/dist-packages/bumperbot_msgs/bumperbot_msgs_s__rosidl_typesupport_fastrtps_c.cpython-310-x86_64-linux-gnu.so
[1.285s] Listing '/home/shivam/slam_bot/install/bumperbot_msgs/local/lib/python3.10/dist-packages/bumperbot_msgs'...
[1.285s] Listing '/home/shivam/slam_bot/install/bumperbot_msgs/local/lib/python3.10/dist-packages/bumperbot_msgs/srv'...
[1.293s] -- Up-to-date: /home/shivam/slam_bot/install/bumperbot_msgs/local/lib/python3.10/dist-packages/bumperbot_msgs/bumperbot_msgs_s__rosidl_typesupport_fastrtps_c.cpython-310-x86_64-linux-gnu.so
[1.295s] -- Up-to-date: /home/shivam/slam_bot/install/bumperbot_msgs/local/lib/python3.10/dist-packages/bumperbot_msgs/bumperbot_msgs_s__rosidl_typesupport_introspection_c.cpython-310-x86_64-linux-gnu.so
[1.298s] -- Up-to-date: /home/shivam/slam_bot/install/bumperbot_msgs/local/lib/python3.10/dist-packages/bumperbot_msgs/bumperbot_msgs_s__rosidl_typesupport_c.cpython-310-x86_64-linux-gnu.so
[1.299s] -- Up-to-date: /home/shivam/slam_bot/install/bumperbot_msgs/lib/libbumperbot_msgs__rosidl_generator_py.so
[1.300s] -- Up-to-date: /home/shivam/slam_bot/install/bumperbot_msgs/share/bumperbot_msgs/srv/AddTwoInts.idl
[1.300s] -- Up-to-date: /home/shivam/slam_bot/install/bumperbot_msgs/share/bumperbot_msgs/srv/GetTransform.idl
[1.300s] -- Up-to-date: /home/shivam/slam_bot/install/bumperbot_msgs/share/bumperbot_msgs/srv/AddTwoInts.srv
[1.301s] -- Up-to-date: /home/shivam/slam_bot/install/bumperbot_msgs/share/bumperbot_msgs/srv/AddTwoInts_Request.msg
[1.301s] -- Up-to-date: /home/shivam/slam_bot/install/bumperbot_msgs/share/bumperbot_msgs/srv/AddTwoInts_Response.msg
[1.302s] -- Up-to-date: /home/shivam/slam_bot/install/bumperbot_msgs/share/bumperbot_msgs/srv/GetTransform.srv
[1.303s] -- Up-to-date: /home/shivam/slam_bot/install/bumperbot_msgs/share/bumperbot_msgs/srv/GetTransform_Request.msg
[1.304s] -- Up-to-date: /home/shivam/slam_bot/install/bumperbot_msgs/share/bumperbot_msgs/srv/GetTransform_Response.msg
[1.306s] -- Up-to-date: /home/shivam/slam_bot/install/bumperbot_msgs/share/ament_index/resource_index/package_run_dependencies/bumperbot_msgs
[1.307s] -- Up-to-date: /home/shivam/slam_bot/install/bumperbot_msgs/share/ament_index/resource_index/parent_prefix_path/bumperbot_msgs
[1.307s] -- Up-to-date: /home/shivam/slam_bot/install/bumperbot_msgs/share/bumperbot_msgs/environment/ament_prefix_path.sh
[1.307s] -- Up-to-date: /home/shivam/slam_bot/install/bumperbot_msgs/share/bumperbot_msgs/environment/ament_prefix_path.dsv
[1.307s] -- Up-to-date: /home/shivam/slam_bot/install/bumperbot_msgs/share/bumperbot_msgs/environment/path.sh
[1.307s] -- Up-to-date: /home/shivam/slam_bot/install/bumperbot_msgs/share/bumperbot_msgs/environment/path.dsv
[1.308s] -- Up-to-date: /home/shivam/slam_bot/install/bumperbot_msgs/share/bumperbot_msgs/local_setup.bash
[1.309s] -- Up-to-date: /home/shivam/slam_bot/install/bumperbot_msgs/share/bumperbot_msgs/local_setup.sh
[1.309s] -- Up-to-date: /home/shivam/slam_bot/install/bumperbot_msgs/share/bumperbot_msgs/local_setup.zsh
[1.309s] -- Up-to-date: /home/shivam/slam_bot/install/bumperbot_msgs/share/bumperbot_msgs/local_setup.dsv
[1.310s] -- Installing: /home/shivam/slam_bot/install/bumperbot_msgs/share/bumperbot_msgs/package.dsv
[1.310s] -- Up-to-date: /home/shivam/slam_bot/install/bumperbot_msgs/share/ament_index/resource_index/packages/bumperbot_msgs
[1.311s] -- Up-to-date: /home/shivam/slam_bot/install/bumperbot_msgs/share/bumperbot_msgs/cmake/export_bumperbot_msgs__rosidl_generator_cExport.cmake
[1.313s] -- Up-to-date: /home/shivam/slam_bot/install/bumperbot_msgs/share/bumperbot_msgs/cmake/export_bumperbot_msgs__rosidl_generator_cExport-noconfig.cmake
[1.315s] -- Up-to-date: /home/shivam/slam_bot/install/bumperbot_msgs/share/bumperbot_msgs/cmake/export_bumperbot_msgs__rosidl_typesupport_fastrtps_cExport.cmake
[1.330s] -- Up-to-date: /home/shivam/slam_bot/install/bumperbot_msgs/share/bumperbot_msgs/cmake/export_bumperbot_msgs__rosidl_typesupport_fastrtps_cExport-noconfig.cmake
[1.330s] -- Up-to-date: /home/shivam/slam_bot/install/bumperbot_msgs/share/bumperbot_msgs/cmake/export_bumperbot_msgs__rosidl_generator_cppExport.cmake
[1.331s] -- Up-to-date: /home/shivam/slam_bot/install/bumperbot_msgs/share/bumperbot_msgs/cmake/export_bumperbot_msgs__rosidl_typesupport_fastrtps_cppExport.cmake
[1.331s] -- Up-to-date: /home/shivam/slam_bot/install/bumperbot_msgs/share/bumperbot_msgs/cmake/export_bumperbot_msgs__rosidl_typesupport_fastrtps_cppExport-noconfig.cmake
[1.331s] -- Up-to-date: /home/shivam/slam_bot/install/bumperbot_msgs/share/bumperbot_msgs/cmake/bumperbot_msgs__rosidl_typesupport_introspection_cExport.cmake
[1.331s] -- Up-to-date: /home/shivam/slam_bot/install/bumperbot_msgs/share/bumperbot_msgs/cmake/bumperbot_msgs__rosidl_typesupport_introspection_cExport-noconfig.cmake
[1.332s] -- Up-to-date: /home/shivam/slam_bot/install/bumperbot_msgs/share/bumperbot_msgs/cmake/bumperbot_msgs__rosidl_typesupport_cExport.cmake
[1.332s] -- Up-to-date: /home/shivam/slam_bot/install/bumperbot_msgs/share/bumperbot_msgs/cmake/bumperbot_msgs__rosidl_typesupport_cExport-noconfig.cmake
[1.332s] -- Up-to-date: /home/shivam/slam_bot/install/bumperbot_msgs/share/bumperbot_msgs/cmake/bumperbot_msgs__rosidl_typesupport_introspection_cppExport.cmake
[1.332s] -- Up-to-date: /home/shivam/slam_bot/install/bumperbot_msgs/share/bumperbot_msgs/cmake/bumperbot_msgs__rosidl_typesupport_introspection_cppExport-noconfig.cmake
[1.332s] -- Up-to-date: /home/shivam/slam_bot/install/bumperbot_msgs/share/bumperbot_msgs/cmake/bumperbot_msgs__rosidl_typesupport_cppExport.cmake
[1.333s] -- Up-to-date: /home/shivam/slam_bot/install/bumperbot_msgs/share/bumperbot_msgs/cmake/bumperbot_msgs__rosidl_typesupport_cppExport-noconfig.cmake
[1.333s] -- Up-to-date: /home/shivam/slam_bot/install/bumperbot_msgs/share/bumperbot_msgs/cmake/export_bumperbot_msgs__rosidl_generator_pyExport.cmake
[1.333s] -- Up-to-date: /home/shivam/slam_bot/install/bumperbot_msgs/share/bumperbot_msgs/cmake/export_bumperbot_msgs__rosidl_generator_pyExport-noconfig.cmake
[1.333s] -- Up-to-date: /home/shivam/slam_bot/install/bumperbot_msgs/share/bumperbot_msgs/cmake/rosidl_cmake-extras.cmake
[1.333s] -- Up-to-date: /home/shivam/slam_bot/install/bumperbot_msgs/share/bumperbot_msgs/cmake/ament_cmake_export_dependencies-extras.cmake
[1.334s] -- Up-to-date: /home/shivam/slam_bot/install/bumperbot_msgs/share/bumperbot_msgs/cmake/ament_cmake_export_include_directories-extras.cmake
[1.334s] -- Up-to-date: /home/shivam/slam_bot/install/bumperbot_msgs/share/bumperbot_msgs/cmake/ament_cmake_export_libraries-extras.cmake
[1.334s] -- Up-to-date: /home/shivam/slam_bot/install/bumperbot_msgs/share/bumperbot_msgs/cmake/ament_cmake_export_targets-extras.cmake
[1.334s] -- Up-to-date: /home/shivam/slam_bot/install/bumperbot_msgs/share/bumperbot_msgs/cmake/rosidl_cmake_export_typesupport_targets-extras.cmake
[1.334s] -- Up-to-date: /home/shivam/slam_bot/install/bumperbot_msgs/share/bumperbot_msgs/cmake/rosidl_cmake_export_typesupport_libraries-extras.cmake
[1.335s] -- Up-to-date: /home/shivam/slam_bot/install/bumperbot_msgs/share/bumperbot_msgs/cmake/bumperbot_msgsConfig.cmake
[1.335s] -- Up-to-date: /home/shivam/slam_bot/install/bumperbot_msgs/share/bumperbot_msgs/cmake/bumperbot_msgsConfig-version.cmake
[1.336s] -- Up-to-date: /home/shivam/slam_bot/install/bumperbot_msgs/share/bumperbot_msgs/package.xml
[1.353s] Invoked command in '/home/shivam/slam_bot/build/bumperbot_msgs' returned '0': CMAKE_PREFIX_PATH=/opt/ros/humble WSLENV=ELECTRON_RUN_AS_NODE/w: /usr/bin/cmake --install /home/shivam/slam_bot/build/bumperbot_msgs
