[0.026s] Invoking command in '/home/shivam/slam_bot/build/bumperbot_bringup': CMAKE_PREFIX_PATH=/opt/ros/humble /usr/bin/cmake /home/shivam/slam_bot/src/bumperbot_bringup -DCMAKE_INSTALL_PREFIX=/home/shivam/slam_bot/install/bumperbot_bringup
[0.188s] -- The C compiler identification is GNU 11.4.0
[0.488s] -- The CXX compiler identification is GNU 11.4.0
[0.700s] -- Detecting C compiler ABI info
[0.813s] -- Detecting C compiler ABI info - done
[0.819s] -- Check for working C compiler: /usr/bin/cc - skipped
[0.821s] -- Detecting C compile features
[0.823s] -- Detecting C compile features - done
[0.832s] -- Detecting CXX compiler ABI info
[1.005s] -- Detecting CXX compiler ABI info - done
[1.023s] -- Check for working CXX compiler: /usr/bin/c++ - skipped
[1.024s] -- Detecting CXX compile features
[1.030s] -- Detecting CXX compile features - done
[1.042s] -- Found ament_cmake: 1.3.8 (/opt/ros/humble/share/ament_cmake/cmake)
[1.202s] -- Found Python3: /usr/bin/python3 (found version "3.10.12") found components: Interpreter 
[1.338s] -- Configuring done
[1.340s] -- Generating done
[1.341s] -- Build files have been written to: /home/shivam/slam_bot/build/bumperbot_bringup
[1.345s] Invoked command in '/home/shivam/slam_bot/build/bumperbot_bringup' returned '0': CMAKE_PREFIX_PATH=/opt/ros/humble /usr/bin/cmake /home/shivam/slam_bot/src/bumperbot_bringup -DCMAKE_INSTALL_PREFIX=/home/shivam/slam_bot/install/bumperbot_bringup
[1.346s] Invoking command in '/home/shivam/slam_bot/build/bumperbot_bringup': CMAKE_PREFIX_PATH=/opt/ros/humble /usr/bin/cmake --build /home/shivam/slam_bot/build/bumperbot_bringup -- -j12 -l12
[1.367s] Invoked command in '/home/shivam/slam_bot/build/bumperbot_bringup' returned '0': CMAKE_PREFIX_PATH=/opt/ros/humble /usr/bin/cmake --build /home/shivam/slam_bot/build/bumperbot_bringup -- -j12 -l12
[1.385s] Invoking command in '/home/shivam/slam_bot/build/bumperbot_bringup': CMAKE_PREFIX_PATH=/opt/ros/humble /usr/bin/cmake --install /home/shivam/slam_bot/build/bumperbot_bringup
[1.389s] -- Install configuration: ""
[1.389s] -- Installing: /home/shivam/slam_bot/install/bumperbot_bringup/share/bumperbot_bringup/launch
[1.389s] -- Installing: /home/shivam/slam_bot/install/bumperbot_bringup/share/bumperbot_bringup/launch/simulated_robot.launch.py
[1.390s] -- Installing: /home/shivam/slam_bot/install/bumperbot_bringup/share/bumperbot_bringup/launch/real_robot.launch.py
[1.390s] -- Installing: /home/shivam/slam_bot/install/bumperbot_bringup/share/ament_index/resource_index/package_run_dependencies/bumperbot_bringup
[1.390s] -- Installing: /home/shivam/slam_bot/install/bumperbot_bringup/share/ament_index/resource_index/parent_prefix_path/bumperbot_bringup
[1.390s] -- Installing: /home/shivam/slam_bot/install/bumperbot_bringup/share/bumperbot_bringup/environment/ament_prefix_path.sh
[1.390s] -- Installing: /home/shivam/slam_bot/install/bumperbot_bringup/share/bumperbot_bringup/environment/ament_prefix_path.dsv
[1.391s] -- Installing: /home/shivam/slam_bot/install/bumperbot_bringup/share/bumperbot_bringup/environment/path.sh
[1.391s] -- Installing: /home/shivam/slam_bot/install/bumperbot_bringup/share/bumperbot_bringup/environment/path.dsv
[1.391s] -- Installing: /home/shivam/slam_bot/install/bumperbot_bringup/share/bumperbot_bringup/local_setup.bash
[1.391s] -- Installing: /home/shivam/slam_bot/install/bumperbot_bringup/share/bumperbot_bringup/local_setup.sh
[1.391s] -- Installing: /home/shivam/slam_bot/install/bumperbot_bringup/share/bumperbot_bringup/local_setup.zsh
[1.391s] -- Installing: /home/shivam/slam_bot/install/bumperbot_bringup/share/bumperbot_bringup/local_setup.dsv
[1.391s] -- Installing: /home/shivam/slam_bot/install/bumperbot_bringup/share/bumperbot_bringup/package.dsv
[1.391s] -- Installing: /home/shivam/slam_bot/install/bumperbot_bringup/share/ament_index/resource_index/packages/bumperbot_bringup
[1.391s] -- Installing: /home/shivam/slam_bot/install/bumperbot_bringup/share/bumperbot_bringup/cmake/bumperbot_bringupConfig.cmake
[1.391s] -- Installing: /home/shivam/slam_bot/install/bumperbot_bringup/share/bumperbot_bringup/cmake/bumperbot_bringupConfig-version.cmake
[1.391s] -- Installing: /home/shivam/slam_bot/install/bumperbot_bringup/share/bumperbot_bringup/package.xml
[1.394s] Invoked command in '/home/shivam/slam_bot/build/bumperbot_bringup' returned '0': CMAKE_PREFIX_PATH=/opt/ros/humble /usr/bin/cmake --install /home/shivam/slam_bot/build/bumperbot_bringup
