[0.057s] Invoking command in '/home/shivam/slam_bot/build/bumperbot_firmware': CMAKE_PREFIX_PATH=/opt/ros/humble /usr/bin/cmake --build /home/shivam/slam_bot/build/bumperbot_firmware -- -j12 -l12
[0.327s] [  0%] Built target ament_cmake_python_copy_bumperbot_firmware
[0.436s] [ 33%] Built target simple_serial_transmitter
[0.436s] [ 66%] Built target simple_serial_receiver
[0.437s] [100%] Built target bumperbot_firmware
[1.021s] running egg_info
[1.024s] writing bumperbot_firmware.egg-info/PKG-INFO
[1.025s] writing dependency_links to bumperbot_firmware.egg-info/dependency_links.txt
[1.026s] writing top-level names to bumperbot_firmware.egg-info/top_level.txt
[1.030s] reading manifest file 'bumperbot_firmware.egg-info/SOURCES.txt'
[1.031s] writing manifest file 'bumperbot_firmware.egg-info/SOURCES.txt'
[1.066s] [100%] Built target ament_cmake_python_build_bumperbot_firmware_egg
[1.076s] Invoked command in '/home/shivam/slam_bot/build/bumperbot_firmware' returned '0': CMAKE_PREFIX_PATH=/opt/ros/humble /usr/bin/cmake --build /home/shivam/slam_bot/build/bumperbot_firmware -- -j12 -l12
[1.114s] Invoking command in '/home/shivam/slam_bot/build/bumperbot_firmware': CMAKE_PREFIX_PATH=/opt/ros/humble /usr/bin/cmake --install /home/shivam/slam_bot/build/bumperbot_firmware
[1.122s] -- Install configuration: ""
[1.122s] -- Up-to-date: /home/shivam/slam_bot/install/bumperbot_firmware/share/bumperbot_firmware/environment/pythonpath.sh
[1.123s] -- Up-to-date: /home/shivam/slam_bot/install/bumperbot_firmware/share/bumperbot_firmware/environment/pythonpath.dsv
[1.123s] -- Up-to-date: /home/shivam/slam_bot/install/bumperbot_firmware/local/lib/python3.10/dist-packages/bumperbot_firmware-0.0.0-py3.10.egg-info
[1.124s] -- Installing: /home/shivam/slam_bot/install/bumperbot_firmware/local/lib/python3.10/dist-packages/bumperbot_firmware-0.0.0-py3.10.egg-info/SOURCES.txt
[1.124s] -- Installing: /home/shivam/slam_bot/install/bumperbot_firmware/local/lib/python3.10/dist-packages/bumperbot_firmware-0.0.0-py3.10.egg-info/dependency_links.txt
[1.124s] -- Installing: /home/shivam/slam_bot/install/bumperbot_firmware/local/lib/python3.10/dist-packages/bumperbot_firmware-0.0.0-py3.10.egg-info/top_level.txt
[1.125s] -- Installing: /home/shivam/slam_bot/install/bumperbot_firmware/local/lib/python3.10/dist-packages/bumperbot_firmware-0.0.0-py3.10.egg-info/PKG-INFO
[1.125s] -- Up-to-date: /home/shivam/slam_bot/install/bumperbot_firmware/local/lib/python3.10/dist-packages/bumperbot_firmware
[1.125s] -- Up-to-date: /home/shivam/slam_bot/install/bumperbot_firmware/local/lib/python3.10/dist-packages/bumperbot_firmware/simple_serial_receiver.py
[1.125s] -- Up-to-date: /home/shivam/slam_bot/install/bumperbot_firmware/local/lib/python3.10/dist-packages/bumperbot_firmware/simple_serial_transmitter.py
[1.125s] -- Up-to-date: /home/shivam/slam_bot/install/bumperbot_firmware/local/lib/python3.10/dist-packages/bumperbot_firmware/__init__.py
[1.159s] Listing '/home/shivam/slam_bot/install/bumperbot_firmware/local/lib/python3.10/dist-packages/bumperbot_firmware'...
[1.173s] -- Up-to-date: /home/shivam/slam_bot/install/bumperbot_firmware/share/bumperbot_firmware/bumperbot_interface.xml
[1.184s] -- Up-to-date: /home/shivam/slam_bot/install/bumperbot_firmware/lib/libbumperbot_firmware.so
[1.185s] -- Up-to-date: /home/shivam/slam_bot/install/bumperbot_firmware/include/include
[1.185s] -- Up-to-date: /home/shivam/slam_bot/install/bumperbot_firmware/include/include/bumperbot_firmware
[1.185s] -- Up-to-date: /home/shivam/slam_bot/install/bumperbot_firmware/include/include/bumperbot_firmware/bumperbot_interface.hpp
[1.185s] -- Up-to-date: /home/shivam/slam_bot/install/bumperbot_firmware/share/bumperbot_firmware/launch
[1.185s] -- Up-to-date: /home/shivam/slam_bot/install/bumperbot_firmware/share/bumperbot_firmware/launch/hardware_interface.launch.py
[1.186s] -- Up-to-date: /home/shivam/slam_bot/install/bumperbot_firmware/lib/bumperbot_firmware/simple_serial_transmitter.py
[1.186s] -- Up-to-date: /home/shivam/slam_bot/install/bumperbot_firmware/lib/bumperbot_firmware/simple_serial_receiver.py
[1.186s] -- Up-to-date: /home/shivam/slam_bot/install/bumperbot_firmware/lib/bumperbot_firmware/simple_serial_receiver
[1.188s] -- Up-to-date: /home/shivam/slam_bot/install/bumperbot_firmware/lib/bumperbot_firmware/simple_serial_transmitter
[1.188s] -- Up-to-date: /home/shivam/slam_bot/install/bumperbot_firmware/share/bumperbot_firmware/environment/library_path.sh
[1.189s] -- Up-to-date: /home/shivam/slam_bot/install/bumperbot_firmware/share/bumperbot_firmware/environment/library_path.dsv
[1.189s] -- Up-to-date: /home/shivam/slam_bot/install/bumperbot_firmware/share/ament_index/resource_index/package_run_dependencies/bumperbot_firmware
[1.189s] -- Up-to-date: /home/shivam/slam_bot/install/bumperbot_firmware/share/ament_index/resource_index/parent_prefix_path/bumperbot_firmware
[1.189s] -- Up-to-date: /home/shivam/slam_bot/install/bumperbot_firmware/share/bumperbot_firmware/environment/ament_prefix_path.sh
[1.190s] -- Up-to-date: /home/shivam/slam_bot/install/bumperbot_firmware/share/bumperbot_firmware/environment/ament_prefix_path.dsv
[1.190s] -- Up-to-date: /home/shivam/slam_bot/install/bumperbot_firmware/share/bumperbot_firmware/environment/path.sh
[1.190s] -- Up-to-date: /home/shivam/slam_bot/install/bumperbot_firmware/share/bumperbot_firmware/environment/path.dsv
[1.190s] -- Up-to-date: /home/shivam/slam_bot/install/bumperbot_firmware/share/bumperbot_firmware/local_setup.bash
[1.190s] -- Up-to-date: /home/shivam/slam_bot/install/bumperbot_firmware/share/bumperbot_firmware/local_setup.sh
[1.191s] -- Up-to-date: /home/shivam/slam_bot/install/bumperbot_firmware/share/bumperbot_firmware/local_setup.zsh
[1.191s] -- Up-to-date: /home/shivam/slam_bot/install/bumperbot_firmware/share/bumperbot_firmware/local_setup.dsv
[1.191s] -- Installing: /home/shivam/slam_bot/install/bumperbot_firmware/share/bumperbot_firmware/package.dsv
[1.191s] -- Up-to-date: /home/shivam/slam_bot/install/bumperbot_firmware/share/ament_index/resource_index/packages/bumperbot_firmware
[1.191s] -- Up-to-date: /home/shivam/slam_bot/install/bumperbot_firmware/share/ament_index/resource_index/hardware_interface__pluginlib__plugin/bumperbot_firmware
[1.192s] -- Up-to-date: /home/shivam/slam_bot/install/bumperbot_firmware/share/bumperbot_firmware/cmake/ament_cmake_export_include_directories-extras.cmake
[1.192s] -- Up-to-date: /home/shivam/slam_bot/install/bumperbot_firmware/share/bumperbot_firmware/cmake/ament_cmake_export_libraries-extras.cmake
[1.192s] -- Up-to-date: /home/shivam/slam_bot/install/bumperbot_firmware/share/bumperbot_firmware/cmake/ament_cmake_export_dependencies-extras.cmake
[1.192s] -- Up-to-date: /home/shivam/slam_bot/install/bumperbot_firmware/share/bumperbot_firmware/cmake/bumperbot_firmwareConfig.cmake
[1.192s] -- Up-to-date: /home/shivam/slam_bot/install/bumperbot_firmware/share/bumperbot_firmware/cmake/bumperbot_firmwareConfig-version.cmake
[1.193s] -- Up-to-date: /home/shivam/slam_bot/install/bumperbot_firmware/share/bumperbot_firmware/package.xml
[1.227s] Invoked command in '/home/shivam/slam_bot/build/bumperbot_firmware' returned '0': CMAKE_PREFIX_PATH=/opt/ros/humble /usr/bin/cmake --install /home/shivam/slam_bot/build/bumperbot_firmware
