[0.327s] DEBUG:colcon:Command line arguments: ['/usr/bin/colcon', 'build']
[0.327s] DEBUG:colcon:Parsed command line arguments: Namespace(log_base=None, log_level=None, verb_name='build', build_base='build', install_base='install', merge_install=False, symlink_install=False, test_result_base=None, continue_on_error=False, executor='parallel', parallel_workers=12, event_handlers=None, ignore_user_meta=False, metas=['./colcon.meta'], base_paths=['.'], packages_ignore=None, packages_ignore_regex=None, paths=None, packages_up_to=None, packages_up_to_regex=None, packages_above=None, packages_above_and_dependencies=None, packages_above_depth=None, packages_select_by_dep=None, packages_skip_by_dep=None, packages_skip_up_to=None, packages_select_build_failed=False, packages_skip_build_finished=False, packages_select_test_failures=False, packages_skip_test_passed=False, packages_select=None, packages_skip=None, packages_select_regex=None, packages_skip_regex=None, packages_start=None, packages_end=None, allow_overriding=[], cmake_args=None, cmake_target=None, cmake_target_skip_unavailable=False, cmake_clean_cache=False, cmake_clean_first=False, cmake_force_configure=False, ament_cmake_args=None, catkin_cmake_args=None, catkin_skip_building_tests=False, verb_parser=<colcon_defaults.argument_parser.defaults.DefaultArgumentsDecorator object at 0x7f0da3c98af0>, verb_extension=<colcon_core.verb.build.BuildVerb object at 0x7f0da3c984f0>, main=<bound method BuildVerb.main of <colcon_core.verb.build.BuildVerb object at 0x7f0da3c984f0>>)
[0.845s] Level 1:colcon.colcon_core.package_discovery:discover_packages(colcon_meta) check parameters
[0.845s] Level 1:colcon.colcon_core.package_discovery:discover_packages(recursive) check parameters
[0.846s] Level 1:colcon.colcon_core.package_discovery:discover_packages(ignore) check parameters
[0.846s] Level 1:colcon.colcon_core.package_discovery:discover_packages(path) check parameters
[0.846s] Level 1:colcon.colcon_core.package_discovery:discover_packages(colcon_meta) discover
[0.846s] Level 1:colcon.colcon_core.package_discovery:discover_packages(recursive) discover
[0.846s] INFO:colcon.colcon_core.package_discovery:Crawling recursively for packages in '/home/shivam/slam_bot'
[0.846s] Level 1:colcon.colcon_core.package_identification:_identify(.) by extensions ['ignore', 'ignore_ament_install']
[0.846s] Level 1:colcon.colcon_core.package_identification:_identify(.) by extension 'ignore'
[0.846s] Level 1:colcon.colcon_core.package_identification:_identify(.) by extension 'ignore_ament_install'
[0.846s] Level 1:colcon.colcon_core.package_identification:_identify(.) by extensions ['colcon_pkg']
[0.846s] Level 1:colcon.colcon_core.package_identification:_identify(.) by extension 'colcon_pkg'
[0.846s] Level 1:colcon.colcon_core.package_identification:_identify(.) by extensions ['colcon_meta']
[0.846s] Level 1:colcon.colcon_core.package_identification:_identify(.) by extension 'colcon_meta'
[0.846s] Level 1:colcon.colcon_core.package_identification:_identify(.) by extensions ['ros']
[0.846s] Level 1:colcon.colcon_core.package_identification:_identify(.) by extension 'ros'
[0.861s] Level 1:colcon.colcon_core.package_identification:_identify(.) by extensions ['cmake', 'python']
[0.861s] Level 1:colcon.colcon_core.package_identification:_identify(.) by extension 'cmake'
[0.861s] Level 1:colcon.colcon_core.package_identification:_identify(.) by extension 'python'
[0.861s] Level 1:colcon.colcon_core.package_identification:_identify(.) by extensions ['python_setup_py']
[0.861s] Level 1:colcon.colcon_core.package_identification:_identify(.) by extension 'python_setup_py'
[0.861s] Level 1:colcon.colcon_core.package_identification:_identify(build) by extensions ['ignore', 'ignore_ament_install']
[0.862s] Level 1:colcon.colcon_core.package_identification:_identify(build) by extension 'ignore'
[0.862s] Level 1:colcon.colcon_core.package_identification:_identify(build) ignored
[0.862s] Level 1:colcon.colcon_core.package_identification:_identify(install) by extensions ['ignore', 'ignore_ament_install']
[0.862s] Level 1:colcon.colcon_core.package_identification:_identify(install) by extension 'ignore'
[0.862s] Level 1:colcon.colcon_core.package_identification:_identify(install) ignored
[0.862s] Level 1:colcon.colcon_core.package_identification:_identify(log) by extensions ['ignore', 'ignore_ament_install']
[0.862s] Level 1:colcon.colcon_core.package_identification:_identify(log) by extension 'ignore'
[0.862s] Level 1:colcon.colcon_core.package_identification:_identify(log) ignored
[0.862s] Level 1:colcon.colcon_core.package_identification:_identify(src) by extensions ['ignore', 'ignore_ament_install']
[0.863s] Level 1:colcon.colcon_core.package_identification:_identify(src) by extension 'ignore'
[0.863s] Level 1:colcon.colcon_core.package_identification:_identify(src) by extension 'ignore_ament_install'
[0.863s] Level 1:colcon.colcon_core.package_identification:_identify(src) by extensions ['colcon_pkg']
[0.863s] Level 1:colcon.colcon_core.package_identification:_identify(src) by extension 'colcon_pkg'
[0.863s] Level 1:colcon.colcon_core.package_identification:_identify(src) by extensions ['colcon_meta']
[0.863s] Level 1:colcon.colcon_core.package_identification:_identify(src) by extension 'colcon_meta'
[0.863s] Level 1:colcon.colcon_core.package_identification:_identify(src) by extensions ['ros']
[0.863s] Level 1:colcon.colcon_core.package_identification:_identify(src) by extension 'ros'
[0.863s] Level 1:colcon.colcon_core.package_identification:_identify(src) by extensions ['cmake', 'python']
[0.863s] Level 1:colcon.colcon_core.package_identification:_identify(src) by extension 'cmake'
[0.863s] Level 1:colcon.colcon_core.package_identification:_identify(src) by extension 'python'
[0.863s] Level 1:colcon.colcon_core.package_identification:_identify(src) by extensions ['python_setup_py']
[0.863s] Level 1:colcon.colcon_core.package_identification:_identify(src) by extension 'python_setup_py'
[0.863s] Level 1:colcon.colcon_core.package_identification:_identify(src/bumperbot_bringup) by extensions ['ignore', 'ignore_ament_install']
[0.863s] Level 1:colcon.colcon_core.package_identification:_identify(src/bumperbot_bringup) by extension 'ignore'
[0.863s] Level 1:colcon.colcon_core.package_identification:_identify(src/bumperbot_bringup) by extension 'ignore_ament_install'
[0.864s] Level 1:colcon.colcon_core.package_identification:_identify(src/bumperbot_bringup) by extensions ['colcon_pkg']
[0.864s] Level 1:colcon.colcon_core.package_identification:_identify(src/bumperbot_bringup) by extension 'colcon_pkg'
[0.864s] Level 1:colcon.colcon_core.package_identification:_identify(src/bumperbot_bringup) by extensions ['colcon_meta']
[0.864s] Level 1:colcon.colcon_core.package_identification:_identify(src/bumperbot_bringup) by extension 'colcon_meta'
[0.864s] Level 1:colcon.colcon_core.package_identification:_identify(src/bumperbot_bringup) by extensions ['ros']
[0.864s] Level 1:colcon.colcon_core.package_identification:_identify(src/bumperbot_bringup) by extension 'ros'
[0.868s] DEBUG:colcon.colcon_core.package_identification:Package 'src/bumperbot_bringup' with type 'ros.ament_cmake' and name 'bumperbot_bringup'
[0.868s] Level 1:colcon.colcon_core.package_identification:_identify(src/bumperbot_controller) by extensions ['ignore', 'ignore_ament_install']
[0.868s] Level 1:colcon.colcon_core.package_identification:_identify(src/bumperbot_controller) by extension 'ignore'
[0.868s] Level 1:colcon.colcon_core.package_identification:_identify(src/bumperbot_controller) by extension 'ignore_ament_install'
[0.868s] Level 1:colcon.colcon_core.package_identification:_identify(src/bumperbot_controller) by extensions ['colcon_pkg']
[0.868s] Level 1:colcon.colcon_core.package_identification:_identify(src/bumperbot_controller) by extension 'colcon_pkg'
[0.868s] Level 1:colcon.colcon_core.package_identification:_identify(src/bumperbot_controller) by extensions ['colcon_meta']
[0.868s] Level 1:colcon.colcon_core.package_identification:_identify(src/bumperbot_controller) by extension 'colcon_meta'
[0.869s] Level 1:colcon.colcon_core.package_identification:_identify(src/bumperbot_controller) by extensions ['ros']
[0.869s] Level 1:colcon.colcon_core.package_identification:_identify(src/bumperbot_controller) by extension 'ros'
[0.870s] DEBUG:colcon.colcon_core.package_identification:Package 'src/bumperbot_controller' with type 'ros.ament_cmake' and name 'bumperbot_controller'
[0.870s] Level 1:colcon.colcon_core.package_identification:_identify(src/bumperbot_description) by extensions ['ignore', 'ignore_ament_install']
[0.870s] Level 1:colcon.colcon_core.package_identification:_identify(src/bumperbot_description) by extension 'ignore'
[0.871s] Level 1:colcon.colcon_core.package_identification:_identify(src/bumperbot_description) by extension 'ignore_ament_install'
[0.871s] Level 1:colcon.colcon_core.package_identification:_identify(src/bumperbot_description) by extensions ['colcon_pkg']
[0.871s] Level 1:colcon.colcon_core.package_identification:_identify(src/bumperbot_description) by extension 'colcon_pkg'
[0.871s] Level 1:colcon.colcon_core.package_identification:_identify(src/bumperbot_description) by extensions ['colcon_meta']
[0.871s] Level 1:colcon.colcon_core.package_identification:_identify(src/bumperbot_description) by extension 'colcon_meta'
[0.871s] Level 1:colcon.colcon_core.package_identification:_identify(src/bumperbot_description) by extensions ['ros']
[0.871s] Level 1:colcon.colcon_core.package_identification:_identify(src/bumperbot_description) by extension 'ros'
[0.872s] DEBUG:colcon.colcon_core.package_identification:Package 'src/bumperbot_description' with type 'ros.ament_cmake' and name 'bumperbot_description'
[0.872s] Level 1:colcon.colcon_core.package_identification:_identify(src/bumperbot_firmware) by extensions ['ignore', 'ignore_ament_install']
[0.872s] Level 1:colcon.colcon_core.package_identification:_identify(src/bumperbot_firmware) by extension 'ignore'
[0.873s] Level 1:colcon.colcon_core.package_identification:_identify(src/bumperbot_firmware) by extension 'ignore_ament_install'
[0.873s] Level 1:colcon.colcon_core.package_identification:_identify(src/bumperbot_firmware) by extensions ['colcon_pkg']
[0.873s] Level 1:colcon.colcon_core.package_identification:_identify(src/bumperbot_firmware) by extension 'colcon_pkg'
[0.873s] Level 1:colcon.colcon_core.package_identification:_identify(src/bumperbot_firmware) by extensions ['colcon_meta']
[0.873s] Level 1:colcon.colcon_core.package_identification:_identify(src/bumperbot_firmware) by extension 'colcon_meta'
[0.873s] Level 1:colcon.colcon_core.package_identification:_identify(src/bumperbot_firmware) by extensions ['ros']
[0.873s] Level 1:colcon.colcon_core.package_identification:_identify(src/bumperbot_firmware) by extension 'ros'
[0.874s] DEBUG:colcon.colcon_core.package_identification:Package 'src/bumperbot_firmware' with type 'ros.ament_cmake' and name 'bumperbot_firmware'
[0.874s] Level 1:colcon.colcon_core.package_identification:_identify(src/bumperbot_localization) by extensions ['ignore', 'ignore_ament_install']
[0.874s] Level 1:colcon.colcon_core.package_identification:_identify(src/bumperbot_localization) by extension 'ignore'
[0.874s] Level 1:colcon.colcon_core.package_identification:_identify(src/bumperbot_localization) by extension 'ignore_ament_install'
[0.874s] Level 1:colcon.colcon_core.package_identification:_identify(src/bumperbot_localization) by extensions ['colcon_pkg']
[0.874s] Level 1:colcon.colcon_core.package_identification:_identify(src/bumperbot_localization) by extension 'colcon_pkg'
[0.875s] Level 1:colcon.colcon_core.package_identification:_identify(src/bumperbot_localization) by extensions ['colcon_meta']
[0.875s] Level 1:colcon.colcon_core.package_identification:_identify(src/bumperbot_localization) by extension 'colcon_meta'
[0.875s] Level 1:colcon.colcon_core.package_identification:_identify(src/bumperbot_localization) by extensions ['ros']
[0.875s] Level 1:colcon.colcon_core.package_identification:_identify(src/bumperbot_localization) by extension 'ros'
[0.876s] DEBUG:colcon.colcon_core.package_identification:Package 'src/bumperbot_localization' with type 'ros.ament_cmake' and name 'bumperbot_localization'
[0.876s] Level 1:colcon.colcon_core.package_identification:_identify(src/bumperbot_msgs) by extensions ['ignore', 'ignore_ament_install']
[0.876s] Level 1:colcon.colcon_core.package_identification:_identify(src/bumperbot_msgs) by extension 'ignore'
[0.876s] Level 1:colcon.colcon_core.package_identification:_identify(src/bumperbot_msgs) by extension 'ignore_ament_install'
[0.876s] Level 1:colcon.colcon_core.package_identification:_identify(src/bumperbot_msgs) by extensions ['colcon_pkg']
[0.876s] Level 1:colcon.colcon_core.package_identification:_identify(src/bumperbot_msgs) by extension 'colcon_pkg'
[0.876s] Level 1:colcon.colcon_core.package_identification:_identify(src/bumperbot_msgs) by extensions ['colcon_meta']
[0.876s] Level 1:colcon.colcon_core.package_identification:_identify(src/bumperbot_msgs) by extension 'colcon_meta'
[0.876s] Level 1:colcon.colcon_core.package_identification:_identify(src/bumperbot_msgs) by extensions ['ros']
[0.876s] Level 1:colcon.colcon_core.package_identification:_identify(src/bumperbot_msgs) by extension 'ros'
[0.877s] DEBUG:colcon.colcon_core.package_identification:Package 'src/bumperbot_msgs' with type 'ros.ament_cmake' and name 'bumperbot_msgs'
[0.877s] Level 1:colcon.colcon_core.package_identification:_identify(src/bumperbot_py_examples) by extensions ['ignore', 'ignore_ament_install']
[0.877s] Level 1:colcon.colcon_core.package_identification:_identify(src/bumperbot_py_examples) by extension 'ignore'
[0.877s] Level 1:colcon.colcon_core.package_identification:_identify(src/bumperbot_py_examples) by extension 'ignore_ament_install'
[0.877s] Level 1:colcon.colcon_core.package_identification:_identify(src/bumperbot_py_examples) by extensions ['colcon_pkg']
[0.878s] Level 1:colcon.colcon_core.package_identification:_identify(src/bumperbot_py_examples) by extension 'colcon_pkg'
[0.878s] Level 1:colcon.colcon_core.package_identification:_identify(src/bumperbot_py_examples) by extensions ['colcon_meta']
[0.878s] Level 1:colcon.colcon_core.package_identification:_identify(src/bumperbot_py_examples) by extension 'colcon_meta'
[0.878s] Level 1:colcon.colcon_core.package_identification:_identify(src/bumperbot_py_examples) by extensions ['ros']
[0.878s] Level 1:colcon.colcon_core.package_identification:_identify(src/bumperbot_py_examples) by extension 'ros'
[0.880s] DEBUG:colcon.colcon_core.package_identification:Package 'src/bumperbot_py_examples' with type 'ros.ament_python' and name 'bumperbot_py_examples'
[0.881s] Level 1:colcon.colcon_core.package_discovery:discover_packages(recursive) using defaults
[0.881s] Level 1:colcon.colcon_core.package_discovery:discover_packages(ignore) discover
[0.881s] Level 1:colcon.colcon_core.package_discovery:discover_packages(ignore) using defaults
[0.881s] Level 1:colcon.colcon_core.package_discovery:discover_packages(path) discover
[0.881s] Level 1:colcon.colcon_core.package_discovery:discover_packages(path) using defaults
[0.933s] Level 1:colcon.colcon_core.package_discovery:discover_packages(prefix_path) check parameters
[0.933s] Level 1:colcon.colcon_core.package_discovery:discover_packages(prefix_path) discover
[0.939s] DEBUG:colcon.colcon_installed_package_information.package_discovery:Found 382 installed packages in /opt/ros/humble
[0.940s] Level 1:colcon.colcon_core.package_discovery:discover_packages(prefix_path) using defaults
[0.995s] Level 5:colcon.colcon_core.verb:set package 'bumperbot_bringup' build argument 'cmake_args' from command line to 'None'
[0.995s] Level 5:colcon.colcon_core.verb:set package 'bumperbot_bringup' build argument 'cmake_target' from command line to 'None'
[0.995s] Level 5:colcon.colcon_core.verb:set package 'bumperbot_bringup' build argument 'cmake_target_skip_unavailable' from command line to 'False'
[0.995s] Level 5:colcon.colcon_core.verb:set package 'bumperbot_bringup' build argument 'cmake_clean_cache' from command line to 'False'
[0.995s] Level 5:colcon.colcon_core.verb:set package 'bumperbot_bringup' build argument 'cmake_clean_first' from command line to 'False'
[0.995s] Level 5:colcon.colcon_core.verb:set package 'bumperbot_bringup' build argument 'cmake_force_configure' from command line to 'False'
[0.995s] Level 5:colcon.colcon_core.verb:set package 'bumperbot_bringup' build argument 'ament_cmake_args' from command line to 'None'
[0.995s] Level 5:colcon.colcon_core.verb:set package 'bumperbot_bringup' build argument 'catkin_cmake_args' from command line to 'None'
[0.995s] Level 5:colcon.colcon_core.verb:set package 'bumperbot_bringup' build argument 'catkin_skip_building_tests' from command line to 'False'
[0.995s] DEBUG:colcon.colcon_core.verb:Building package 'bumperbot_bringup' with the following arguments: {'ament_cmake_args': None, 'build_base': '/home/shivam/slam_bot/build/bumperbot_bringup', 'catkin_cmake_args': None, 'catkin_skip_building_tests': False, 'cmake_args': None, 'cmake_clean_cache': False, 'cmake_clean_first': False, 'cmake_force_configure': False, 'cmake_target': None, 'cmake_target_skip_unavailable': False, 'install_base': '/home/shivam/slam_bot/install/bumperbot_bringup', 'merge_install': False, 'path': '/home/shivam/slam_bot/src/bumperbot_bringup', 'symlink_install': False, 'test_result_base': None}
[0.995s] Level 5:colcon.colcon_core.verb:set package 'bumperbot_controller' build argument 'cmake_args' from command line to 'None'
[0.995s] Level 5:colcon.colcon_core.verb:set package 'bumperbot_controller' build argument 'cmake_target' from command line to 'None'
[0.995s] Level 5:colcon.colcon_core.verb:set package 'bumperbot_controller' build argument 'cmake_target_skip_unavailable' from command line to 'False'
[0.995s] Level 5:colcon.colcon_core.verb:set package 'bumperbot_controller' build argument 'cmake_clean_cache' from command line to 'False'
[0.995s] Level 5:colcon.colcon_core.verb:set package 'bumperbot_controller' build argument 'cmake_clean_first' from command line to 'False'
[0.995s] Level 5:colcon.colcon_core.verb:set package 'bumperbot_controller' build argument 'cmake_force_configure' from command line to 'False'
[0.995s] Level 5:colcon.colcon_core.verb:set package 'bumperbot_controller' build argument 'ament_cmake_args' from command line to 'None'
[0.995s] Level 5:colcon.colcon_core.verb:set package 'bumperbot_controller' build argument 'catkin_cmake_args' from command line to 'None'
[0.995s] Level 5:colcon.colcon_core.verb:set package 'bumperbot_controller' build argument 'catkin_skip_building_tests' from command line to 'False'
[0.996s] DEBUG:colcon.colcon_core.verb:Building package 'bumperbot_controller' with the following arguments: {'ament_cmake_args': None, 'build_base': '/home/shivam/slam_bot/build/bumperbot_controller', 'catkin_cmake_args': None, 'catkin_skip_building_tests': False, 'cmake_args': None, 'cmake_clean_cache': False, 'cmake_clean_first': False, 'cmake_force_configure': False, 'cmake_target': None, 'cmake_target_skip_unavailable': False, 'install_base': '/home/shivam/slam_bot/install/bumperbot_controller', 'merge_install': False, 'path': '/home/shivam/slam_bot/src/bumperbot_controller', 'symlink_install': False, 'test_result_base': None}
[0.996s] Level 5:colcon.colcon_core.verb:set package 'bumperbot_description' build argument 'cmake_args' from command line to 'None'
[0.996s] Level 5:colcon.colcon_core.verb:set package 'bumperbot_description' build argument 'cmake_target' from command line to 'None'
[0.996s] Level 5:colcon.colcon_core.verb:set package 'bumperbot_description' build argument 'cmake_target_skip_unavailable' from command line to 'False'
[0.996s] Level 5:colcon.colcon_core.verb:set package 'bumperbot_description' build argument 'cmake_clean_cache' from command line to 'False'
[0.996s] Level 5:colcon.colcon_core.verb:set package 'bumperbot_description' build argument 'cmake_clean_first' from command line to 'False'
[0.996s] Level 5:colcon.colcon_core.verb:set package 'bumperbot_description' build argument 'cmake_force_configure' from command line to 'False'
[0.996s] Level 5:colcon.colcon_core.verb:set package 'bumperbot_description' build argument 'ament_cmake_args' from command line to 'None'
[0.996s] Level 5:colcon.colcon_core.verb:set package 'bumperbot_description' build argument 'catkin_cmake_args' from command line to 'None'
[0.996s] Level 5:colcon.colcon_core.verb:set package 'bumperbot_description' build argument 'catkin_skip_building_tests' from command line to 'False'
[0.996s] DEBUG:colcon.colcon_core.verb:Building package 'bumperbot_description' with the following arguments: {'ament_cmake_args': None, 'build_base': '/home/shivam/slam_bot/build/bumperbot_description', 'catkin_cmake_args': None, 'catkin_skip_building_tests': False, 'cmake_args': None, 'cmake_clean_cache': False, 'cmake_clean_first': False, 'cmake_force_configure': False, 'cmake_target': None, 'cmake_target_skip_unavailable': False, 'install_base': '/home/shivam/slam_bot/install/bumperbot_description', 'merge_install': False, 'path': '/home/shivam/slam_bot/src/bumperbot_description', 'symlink_install': False, 'test_result_base': None}
[0.996s] Level 5:colcon.colcon_core.verb:set package 'bumperbot_firmware' build argument 'cmake_args' from command line to 'None'
[0.997s] Level 5:colcon.colcon_core.verb:set package 'bumperbot_firmware' build argument 'cmake_target' from command line to 'None'
[0.997s] Level 5:colcon.colcon_core.verb:set package 'bumperbot_firmware' build argument 'cmake_target_skip_unavailable' from command line to 'False'
[0.997s] Level 5:colcon.colcon_core.verb:set package 'bumperbot_firmware' build argument 'cmake_clean_cache' from command line to 'False'
[0.997s] Level 5:colcon.colcon_core.verb:set package 'bumperbot_firmware' build argument 'cmake_clean_first' from command line to 'False'
[0.997s] Level 5:colcon.colcon_core.verb:set package 'bumperbot_firmware' build argument 'cmake_force_configure' from command line to 'False'
[0.997s] Level 5:colcon.colcon_core.verb:set package 'bumperbot_firmware' build argument 'ament_cmake_args' from command line to 'None'
[0.997s] Level 5:colcon.colcon_core.verb:set package 'bumperbot_firmware' build argument 'catkin_cmake_args' from command line to 'None'
[0.997s] Level 5:colcon.colcon_core.verb:set package 'bumperbot_firmware' build argument 'catkin_skip_building_tests' from command line to 'False'
[0.997s] DEBUG:colcon.colcon_core.verb:Building package 'bumperbot_firmware' with the following arguments: {'ament_cmake_args': None, 'build_base': '/home/shivam/slam_bot/build/bumperbot_firmware', 'catkin_cmake_args': None, 'catkin_skip_building_tests': False, 'cmake_args': None, 'cmake_clean_cache': False, 'cmake_clean_first': False, 'cmake_force_configure': False, 'cmake_target': None, 'cmake_target_skip_unavailable': False, 'install_base': '/home/shivam/slam_bot/install/bumperbot_firmware', 'merge_install': False, 'path': '/home/shivam/slam_bot/src/bumperbot_firmware', 'symlink_install': False, 'test_result_base': None}
[0.997s] Level 5:colcon.colcon_core.verb:set package 'bumperbot_localization' build argument 'cmake_args' from command line to 'None'
[0.997s] Level 5:colcon.colcon_core.verb:set package 'bumperbot_localization' build argument 'cmake_target' from command line to 'None'
[0.997s] Level 5:colcon.colcon_core.verb:set package 'bumperbot_localization' build argument 'cmake_target_skip_unavailable' from command line to 'False'
[0.997s] Level 5:colcon.colcon_core.verb:set package 'bumperbot_localization' build argument 'cmake_clean_cache' from command line to 'False'
[0.997s] Level 5:colcon.colcon_core.verb:set package 'bumperbot_localization' build argument 'cmake_clean_first' from command line to 'False'
[0.997s] Level 5:colcon.colcon_core.verb:set package 'bumperbot_localization' build argument 'cmake_force_configure' from command line to 'False'
[0.997s] Level 5:colcon.colcon_core.verb:set package 'bumperbot_localization' build argument 'ament_cmake_args' from command line to 'None'
[0.997s] Level 5:colcon.colcon_core.verb:set package 'bumperbot_localization' build argument 'catkin_cmake_args' from command line to 'None'
[0.997s] Level 5:colcon.colcon_core.verb:set package 'bumperbot_localization' build argument 'catkin_skip_building_tests' from command line to 'False'
[0.997s] DEBUG:colcon.colcon_core.verb:Building package 'bumperbot_localization' with the following arguments: {'ament_cmake_args': None, 'build_base': '/home/shivam/slam_bot/build/bumperbot_localization', 'catkin_cmake_args': None, 'catkin_skip_building_tests': False, 'cmake_args': None, 'cmake_clean_cache': False, 'cmake_clean_first': False, 'cmake_force_configure': False, 'cmake_target': None, 'cmake_target_skip_unavailable': False, 'install_base': '/home/shivam/slam_bot/install/bumperbot_localization', 'merge_install': False, 'path': '/home/shivam/slam_bot/src/bumperbot_localization', 'symlink_install': False, 'test_result_base': None}
[0.998s] Level 5:colcon.colcon_core.verb:set package 'bumperbot_msgs' build argument 'cmake_args' from command line to 'None'
[0.998s] Level 5:colcon.colcon_core.verb:set package 'bumperbot_msgs' build argument 'cmake_target' from command line to 'None'
[0.998s] Level 5:colcon.colcon_core.verb:set package 'bumperbot_msgs' build argument 'cmake_target_skip_unavailable' from command line to 'False'
[0.998s] Level 5:colcon.colcon_core.verb:set package 'bumperbot_msgs' build argument 'cmake_clean_cache' from command line to 'False'
[0.998s] Level 5:colcon.colcon_core.verb:set package 'bumperbot_msgs' build argument 'cmake_clean_first' from command line to 'False'
[0.998s] Level 5:colcon.colcon_core.verb:set package 'bumperbot_msgs' build argument 'cmake_force_configure' from command line to 'False'
[0.998s] Level 5:colcon.colcon_core.verb:set package 'bumperbot_msgs' build argument 'ament_cmake_args' from command line to 'None'
[0.998s] Level 5:colcon.colcon_core.verb:set package 'bumperbot_msgs' build argument 'catkin_cmake_args' from command line to 'None'
[0.998s] Level 5:colcon.colcon_core.verb:set package 'bumperbot_msgs' build argument 'catkin_skip_building_tests' from command line to 'False'
[0.998s] DEBUG:colcon.colcon_core.verb:Building package 'bumperbot_msgs' with the following arguments: {'ament_cmake_args': None, 'build_base': '/home/shivam/slam_bot/build/bumperbot_msgs', 'catkin_cmake_args': None, 'catkin_skip_building_tests': False, 'cmake_args': None, 'cmake_clean_cache': False, 'cmake_clean_first': False, 'cmake_force_configure': False, 'cmake_target': None, 'cmake_target_skip_unavailable': False, 'install_base': '/home/shivam/slam_bot/install/bumperbot_msgs', 'merge_install': False, 'path': '/home/shivam/slam_bot/src/bumperbot_msgs', 'symlink_install': False, 'test_result_base': None}
[0.998s] Level 5:colcon.colcon_core.verb:set package 'bumperbot_py_examples' build argument 'cmake_args' from command line to 'None'
[0.998s] Level 5:colcon.colcon_core.verb:set package 'bumperbot_py_examples' build argument 'cmake_target' from command line to 'None'
[0.998s] Level 5:colcon.colcon_core.verb:set package 'bumperbot_py_examples' build argument 'cmake_target_skip_unavailable' from command line to 'False'
[0.998s] Level 5:colcon.colcon_core.verb:set package 'bumperbot_py_examples' build argument 'cmake_clean_cache' from command line to 'False'
[0.998s] Level 5:colcon.colcon_core.verb:set package 'bumperbot_py_examples' build argument 'cmake_clean_first' from command line to 'False'
[0.998s] Level 5:colcon.colcon_core.verb:set package 'bumperbot_py_examples' build argument 'cmake_force_configure' from command line to 'False'
[0.998s] Level 5:colcon.colcon_core.verb:set package 'bumperbot_py_examples' build argument 'ament_cmake_args' from command line to 'None'
[0.998s] Level 5:colcon.colcon_core.verb:set package 'bumperbot_py_examples' build argument 'catkin_cmake_args' from command line to 'None'
[0.998s] Level 5:colcon.colcon_core.verb:set package 'bumperbot_py_examples' build argument 'catkin_skip_building_tests' from command line to 'False'
[0.998s] DEBUG:colcon.colcon_core.verb:Building package 'bumperbot_py_examples' with the following arguments: {'ament_cmake_args': None, 'build_base': '/home/shivam/slam_bot/build/bumperbot_py_examples', 'catkin_cmake_args': None, 'catkin_skip_building_tests': False, 'cmake_args': None, 'cmake_clean_cache': False, 'cmake_clean_first': False, 'cmake_force_configure': False, 'cmake_target': None, 'cmake_target_skip_unavailable': False, 'install_base': '/home/shivam/slam_bot/install/bumperbot_py_examples', 'merge_install': False, 'path': '/home/shivam/slam_bot/src/bumperbot_py_examples', 'symlink_install': False, 'test_result_base': None}
[0.999s] INFO:colcon.colcon_core.executor:Executing jobs using 'parallel' executor
[1.000s] DEBUG:colcon.colcon_parallel_executor.executor.parallel:run_until_complete
[1.001s] INFO:colcon.colcon_ros.task.ament_cmake.build:Building ROS package in '/home/shivam/slam_bot/src/bumperbot_msgs' with build type 'ament_cmake'
[1.002s] INFO:colcon.colcon_cmake.task.cmake.build:Building CMake package in '/home/shivam/slam_bot/src/bumperbot_msgs'
[1.009s] INFO:colcon.colcon_core.plugin_system:Skipping extension 'colcon_core.shell.bat': Not used on non-Windows systems
[1.009s] INFO:colcon.colcon_core.shell:Skip shell extension 'powershell' for command environment: Not usable outside of PowerShell
[1.009s] DEBUG:colcon.colcon_core.shell:Skip shell extension 'dsv' for command environment
[1.014s] INFO:colcon.colcon_ros.task.ament_cmake.build:Building ROS package in '/home/shivam/slam_bot/src/bumperbot_bringup' with build type 'ament_cmake'
[1.014s] INFO:colcon.colcon_cmake.task.cmake.build:Building CMake package in '/home/shivam/slam_bot/src/bumperbot_bringup'
[1.015s] INFO:colcon.colcon_core.shell:Skip shell extension 'powershell' for command environment: Not usable outside of PowerShell
[1.015s] DEBUG:colcon.colcon_core.shell:Skip shell extension 'dsv' for command environment
[1.022s] INFO:colcon.colcon_ros.task.ament_cmake.build:Building ROS package in '/home/shivam/slam_bot/src/bumperbot_controller' with build type 'ament_cmake'
[1.024s] INFO:colcon.colcon_cmake.task.cmake.build:Building CMake package in '/home/shivam/slam_bot/src/bumperbot_controller'
[1.026s] INFO:colcon.colcon_core.shell:Skip shell extension 'powershell' for command environment: Not usable outside of PowerShell
[1.026s] DEBUG:colcon.colcon_core.shell:Skip shell extension 'dsv' for command environment
[1.030s] INFO:colcon.colcon_ros.task.ament_cmake.build:Building ROS package in '/home/shivam/slam_bot/src/bumperbot_description' with build type 'ament_cmake'
[1.030s] INFO:colcon.colcon_cmake.task.cmake.build:Building CMake package in '/home/shivam/slam_bot/src/bumperbot_description'
[1.031s] INFO:colcon.colcon_core.shell:Skip shell extension 'powershell' for command environment: Not usable outside of PowerShell
[1.031s] DEBUG:colcon.colcon_core.shell:Skip shell extension 'dsv' for command environment
[1.036s] INFO:colcon.colcon_ros.task.ament_cmake.build:Building ROS package in '/home/shivam/slam_bot/src/bumperbot_firmware' with build type 'ament_cmake'
[1.037s] INFO:colcon.colcon_cmake.task.cmake.build:Building CMake package in '/home/shivam/slam_bot/src/bumperbot_firmware'
[1.037s] INFO:colcon.colcon_core.shell:Skip shell extension 'powershell' for command environment: Not usable outside of PowerShell
[1.037s] DEBUG:colcon.colcon_core.shell:Skip shell extension 'dsv' for command environment
[1.041s] INFO:colcon.colcon_ros.task.ament_cmake.build:Building ROS package in '/home/shivam/slam_bot/src/bumperbot_localization' with build type 'ament_cmake'
[1.045s] INFO:colcon.colcon_cmake.task.cmake.build:Building CMake package in '/home/shivam/slam_bot/src/bumperbot_localization'
[1.048s] INFO:colcon.colcon_core.shell:Skip shell extension 'powershell' for command environment: Not usable outside of PowerShell
[1.049s] DEBUG:colcon.colcon_core.shell:Skip shell extension 'dsv' for command environment
[1.065s] DEBUG:colcon.colcon_core.event_handler.log_command:Invoking command in '/home/shivam/slam_bot/build/bumperbot_msgs': CMAKE_PREFIX_PATH=/opt/ros/humble WSLENV=ELECTRON_RUN_AS_NODE/w: /usr/bin/cmake --build /home/shivam/slam_bot/build/bumperbot_msgs -- -j12 -l12
[1.078s] DEBUG:colcon.colcon_core.event_handler.log_command:Invoking command in '/home/shivam/slam_bot/build/bumperbot_bringup': CMAKE_PREFIX_PATH=/opt/ros/humble WSLENV=ELECTRON_RUN_AS_NODE/w: /usr/bin/cmake --build /home/shivam/slam_bot/build/bumperbot_bringup -- -j12 -l12
[1.084s] DEBUG:colcon.colcon_core.event_handler.log_command:Invoking command in '/home/shivam/slam_bot/build/bumperbot_controller': CMAKE_PREFIX_PATH=/opt/ros/humble WSLENV=ELECTRON_RUN_AS_NODE/w: /usr/bin/cmake --build /home/shivam/slam_bot/build/bumperbot_controller -- -j12 -l12
[1.095s] DEBUG:colcon.colcon_core.event_handler.log_command:Invoking command in '/home/shivam/slam_bot/build/bumperbot_description': CMAKE_PREFIX_PATH=/opt/ros/humble WSLENV=ELECTRON_RUN_AS_NODE/w: /usr/bin/cmake --build /home/shivam/slam_bot/build/bumperbot_description -- -j12 -l12
[1.101s] DEBUG:colcon.colcon_core.event_handler.log_command:Invoking command in '/home/shivam/slam_bot/build/bumperbot_firmware': CMAKE_PREFIX_PATH=/opt/ros/humble WSLENV=ELECTRON_RUN_AS_NODE/w: /usr/bin/cmake --build /home/shivam/slam_bot/build/bumperbot_firmware -- -j12 -l12
[1.120s] DEBUG:colcon.colcon_core.event_handler.log_command:Invoking command in '/home/shivam/slam_bot/build/bumperbot_localization': CMAKE_PREFIX_PATH=/opt/ros/humble WSLENV=ELECTRON_RUN_AS_NODE/w: /usr/bin/cmake --build /home/shivam/slam_bot/build/bumperbot_localization -- -j12 -l12
[1.239s] DEBUG:colcon.colcon_core.event_handler.log_command:Invoked command in '/home/shivam/slam_bot/build/bumperbot_description' returned '0': CMAKE_PREFIX_PATH=/opt/ros/humble WSLENV=ELECTRON_RUN_AS_NODE/w: /usr/bin/cmake --build /home/shivam/slam_bot/build/bumperbot_description -- -j12 -l12
[1.243s] DEBUG:colcon.colcon_core.event_handler.log_command:Invoked command in '/home/shivam/slam_bot/build/bumperbot_bringup' returned '0': CMAKE_PREFIX_PATH=/opt/ros/humble WSLENV=ELECTRON_RUN_AS_NODE/w: /usr/bin/cmake --build /home/shivam/slam_bot/build/bumperbot_bringup -- -j12 -l12
[1.421s] DEBUG:colcon.colcon_core.event_handler.log_command:Invoking command in '/home/shivam/slam_bot/build/bumperbot_bringup': CMAKE_PREFIX_PATH=/opt/ros/humble WSLENV=ELECTRON_RUN_AS_NODE/w: /usr/bin/cmake --install /home/shivam/slam_bot/build/bumperbot_bringup
[1.439s] DEBUG:colcon.colcon_core.event_handler.log_command:Invoking command in '/home/shivam/slam_bot/build/bumperbot_description': CMAKE_PREFIX_PATH=/opt/ros/humble WSLENV=ELECTRON_RUN_AS_NODE/w: /usr/bin/cmake --install /home/shivam/slam_bot/build/bumperbot_description
[1.480s] Level 1:colcon.colcon_core.environment:create_environment_scripts_only(bumperbot_description)
[1.486s] DEBUG:colcon.colcon_core.event_handler.log_command:Invoked command in '/home/shivam/slam_bot/build/bumperbot_description' returned '0': CMAKE_PREFIX_PATH=/opt/ros/humble WSLENV=ELECTRON_RUN_AS_NODE/w: /usr/bin/cmake --install /home/shivam/slam_bot/build/bumperbot_description
[1.521s] Level 1:colcon.colcon_core.environment:checking '/home/shivam/slam_bot/install/bumperbot_description' for CMake module files
[1.522s] Level 1:colcon.colcon_core.environment:checking '/home/shivam/slam_bot/install/bumperbot_description' for CMake config files
[1.522s] Level 1:colcon.colcon_core.shell:create_environment_hook('bumperbot_description', 'cmake_prefix_path')
[1.523s] INFO:colcon.colcon_core.shell:Creating environment hook '/home/shivam/slam_bot/install/bumperbot_description/share/bumperbot_description/hook/cmake_prefix_path.ps1'
[1.527s] INFO:colcon.colcon_core.shell:Creating environment descriptor '/home/shivam/slam_bot/install/bumperbot_description/share/bumperbot_description/hook/cmake_prefix_path.dsv'
[1.529s] INFO:colcon.colcon_core.shell:Creating environment hook '/home/shivam/slam_bot/install/bumperbot_description/share/bumperbot_description/hook/cmake_prefix_path.sh'
[1.531s] Level 1:colcon.colcon_core.environment:checking '/home/shivam/slam_bot/install/bumperbot_description/bin'
[1.531s] Level 1:colcon.colcon_core.environment:checking '/home/shivam/slam_bot/install/bumperbot_description/lib/pkgconfig/bumperbot_description.pc'
[1.555s] Level 1:colcon.colcon_core.environment:checking '/home/shivam/slam_bot/install/bumperbot_description/lib/python3.10/site-packages'
[1.557s] Level 1:colcon.colcon_core.environment:checking '/home/shivam/slam_bot/install/bumperbot_description/bin'
[1.560s] INFO:colcon.colcon_core.shell:Creating package script '/home/shivam/slam_bot/install/bumperbot_description/share/bumperbot_description/package.ps1'
[1.564s] INFO:colcon.colcon_core.shell:Creating package descriptor '/home/shivam/slam_bot/install/bumperbot_description/share/bumperbot_description/package.dsv'
[1.571s] INFO:colcon.colcon_core.shell:Creating package script '/home/shivam/slam_bot/install/bumperbot_description/share/bumperbot_description/package.sh'
[1.576s] INFO:colcon.colcon_core.shell:Creating package script '/home/shivam/slam_bot/install/bumperbot_description/share/bumperbot_description/package.bash'
[1.583s] INFO:colcon.colcon_core.shell:Creating package script '/home/shivam/slam_bot/install/bumperbot_description/share/bumperbot_description/package.zsh'
[1.597s] Level 1:colcon.colcon_core.environment:create_file_with_runtime_dependencies(/home/shivam/slam_bot/install/bumperbot_description/share/colcon-core/packages/bumperbot_description)
[1.600s] Level 1:colcon.colcon_core.environment:create_environment_scripts_only(bumperbot_bringup)
[1.611s] Level 1:colcon.colcon_core.environment:checking '/home/shivam/slam_bot/install/bumperbot_bringup' for CMake module files
[1.611s] DEBUG:colcon.colcon_core.event_handler.log_command:Invoked command in '/home/shivam/slam_bot/build/bumperbot_bringup' returned '0': CMAKE_PREFIX_PATH=/opt/ros/humble WSLENV=ELECTRON_RUN_AS_NODE/w: /usr/bin/cmake --install /home/shivam/slam_bot/build/bumperbot_bringup
[1.612s] Level 1:colcon.colcon_core.environment:checking '/home/shivam/slam_bot/install/bumperbot_bringup' for CMake config files
[1.613s] Level 1:colcon.colcon_core.shell:create_environment_hook('bumperbot_bringup', 'cmake_prefix_path')
[1.613s] INFO:colcon.colcon_core.shell:Creating environment hook '/home/shivam/slam_bot/install/bumperbot_bringup/share/bumperbot_bringup/hook/cmake_prefix_path.ps1'
[1.614s] INFO:colcon.colcon_core.shell:Creating environment descriptor '/home/shivam/slam_bot/install/bumperbot_bringup/share/bumperbot_bringup/hook/cmake_prefix_path.dsv'
[1.614s] INFO:colcon.colcon_core.shell:Creating environment hook '/home/shivam/slam_bot/install/bumperbot_bringup/share/bumperbot_bringup/hook/cmake_prefix_path.sh'
[1.615s] Level 1:colcon.colcon_core.environment:checking '/home/shivam/slam_bot/install/bumperbot_bringup/bin'
[1.615s] Level 1:colcon.colcon_core.environment:checking '/home/shivam/slam_bot/install/bumperbot_bringup/lib/pkgconfig/bumperbot_bringup.pc'
[1.615s] Level 1:colcon.colcon_core.environment:checking '/home/shivam/slam_bot/install/bumperbot_bringup/lib/python3.10/site-packages'
[1.616s] Level 1:colcon.colcon_core.environment:checking '/home/shivam/slam_bot/install/bumperbot_bringup/bin'
[1.616s] INFO:colcon.colcon_core.shell:Creating package script '/home/shivam/slam_bot/install/bumperbot_bringup/share/bumperbot_bringup/package.ps1'
[1.644s] INFO:colcon.colcon_core.shell:Creating package descriptor '/home/shivam/slam_bot/install/bumperbot_bringup/share/bumperbot_bringup/package.dsv'
[1.644s] INFO:colcon.colcon_core.shell:Creating package script '/home/shivam/slam_bot/install/bumperbot_bringup/share/bumperbot_bringup/package.sh'
[1.646s] INFO:colcon.colcon_core.shell:Creating package script '/home/shivam/slam_bot/install/bumperbot_bringup/share/bumperbot_bringup/package.bash'
[1.647s] INFO:colcon.colcon_core.shell:Creating package script '/home/shivam/slam_bot/install/bumperbot_bringup/share/bumperbot_bringup/package.zsh'
[1.647s] Level 1:colcon.colcon_core.environment:create_file_with_runtime_dependencies(/home/shivam/slam_bot/install/bumperbot_bringup/share/colcon-core/packages/bumperbot_bringup)
[1.680s] Level 1:colcon.colcon_core.environment:create_environment_scripts_only(bumperbot_description)
[1.681s] Level 1:colcon.colcon_core.environment:checking '/home/shivam/slam_bot/install/bumperbot_description' for CMake module files
[1.681s] Level 1:colcon.colcon_core.environment:checking '/home/shivam/slam_bot/install/bumperbot_description' for CMake config files
[1.682s] Level 1:colcon.colcon_core.shell:create_environment_hook('bumperbot_description', 'cmake_prefix_path')
[1.682s] INFO:colcon.colcon_core.shell:Creating environment hook '/home/shivam/slam_bot/install/bumperbot_description/share/bumperbot_description/hook/cmake_prefix_path.ps1'
[1.683s] INFO:colcon.colcon_core.shell:Creating environment descriptor '/home/shivam/slam_bot/install/bumperbot_description/share/bumperbot_description/hook/cmake_prefix_path.dsv'
[1.683s] INFO:colcon.colcon_core.shell:Creating environment hook '/home/shivam/slam_bot/install/bumperbot_description/share/bumperbot_description/hook/cmake_prefix_path.sh'
[1.684s] Level 1:colcon.colcon_core.environment:checking '/home/shivam/slam_bot/install/bumperbot_description/bin'
[1.684s] Level 1:colcon.colcon_core.environment:checking '/home/shivam/slam_bot/install/bumperbot_description/lib/pkgconfig/bumperbot_description.pc'
[1.685s] Level 1:colcon.colcon_core.environment:checking '/home/shivam/slam_bot/install/bumperbot_description/lib/python3.10/site-packages'
[1.685s] Level 1:colcon.colcon_core.environment:checking '/home/shivam/slam_bot/install/bumperbot_description/bin'
[1.688s] INFO:colcon.colcon_core.shell:Creating package script '/home/shivam/slam_bot/install/bumperbot_description/share/bumperbot_description/package.ps1'
[1.689s] INFO:colcon.colcon_core.shell:Creating package descriptor '/home/shivam/slam_bot/install/bumperbot_description/share/bumperbot_description/package.dsv'
[1.690s] INFO:colcon.colcon_core.shell:Creating package script '/home/shivam/slam_bot/install/bumperbot_description/share/bumperbot_description/package.sh'
[1.700s] INFO:colcon.colcon_core.shell:Creating package script '/home/shivam/slam_bot/install/bumperbot_description/share/bumperbot_description/package.bash'
[1.701s] INFO:colcon.colcon_core.shell:Creating package script '/home/shivam/slam_bot/install/bumperbot_description/share/bumperbot_description/package.zsh'
[1.701s] Level 1:colcon.colcon_core.environment:create_file_with_runtime_dependencies(/home/shivam/slam_bot/install/bumperbot_description/share/colcon-core/packages/bumperbot_description)
[1.736s] Level 1:colcon.colcon_core.environment:create_environment_scripts_only(bumperbot_bringup)
[1.736s] Level 1:colcon.colcon_core.environment:checking '/home/shivam/slam_bot/install/bumperbot_bringup' for CMake module files
[1.736s] Level 1:colcon.colcon_core.environment:checking '/home/shivam/slam_bot/install/bumperbot_bringup' for CMake config files
[1.737s] Level 1:colcon.colcon_core.shell:create_environment_hook('bumperbot_bringup', 'cmake_prefix_path')
[1.737s] INFO:colcon.colcon_core.shell:Creating environment hook '/home/shivam/slam_bot/install/bumperbot_bringup/share/bumperbot_bringup/hook/cmake_prefix_path.ps1'
[1.737s] INFO:colcon.colcon_core.shell:Creating environment descriptor '/home/shivam/slam_bot/install/bumperbot_bringup/share/bumperbot_bringup/hook/cmake_prefix_path.dsv'
[1.738s] INFO:colcon.colcon_core.shell:Creating environment hook '/home/shivam/slam_bot/install/bumperbot_bringup/share/bumperbot_bringup/hook/cmake_prefix_path.sh'
[1.738s] Level 1:colcon.colcon_core.environment:checking '/home/shivam/slam_bot/install/bumperbot_bringup/bin'
[1.738s] Level 1:colcon.colcon_core.environment:checking '/home/shivam/slam_bot/install/bumperbot_bringup/lib/pkgconfig/bumperbot_bringup.pc'
[1.738s] Level 1:colcon.colcon_core.environment:checking '/home/shivam/slam_bot/install/bumperbot_bringup/lib/python3.10/site-packages'
[1.739s] Level 1:colcon.colcon_core.environment:checking '/home/shivam/slam_bot/install/bumperbot_bringup/bin'
[1.740s] INFO:colcon.colcon_core.shell:Creating package script '/home/shivam/slam_bot/install/bumperbot_bringup/share/bumperbot_bringup/package.ps1'
[1.740s] INFO:colcon.colcon_core.shell:Creating package descriptor '/home/shivam/slam_bot/install/bumperbot_bringup/share/bumperbot_bringup/package.dsv'
[1.741s] INFO:colcon.colcon_core.shell:Creating package script '/home/shivam/slam_bot/install/bumperbot_bringup/share/bumperbot_bringup/package.sh'
[1.741s] INFO:colcon.colcon_core.shell:Creating package script '/home/shivam/slam_bot/install/bumperbot_bringup/share/bumperbot_bringup/package.bash'
[1.741s] INFO:colcon.colcon_core.shell:Creating package script '/home/shivam/slam_bot/install/bumperbot_bringup/share/bumperbot_bringup/package.zsh'
[1.741s] Level 1:colcon.colcon_core.environment:create_file_with_runtime_dependencies(/home/shivam/slam_bot/install/bumperbot_bringup/share/colcon-core/packages/bumperbot_bringup)
[2.045s] DEBUG:colcon.colcon_core.event_handler.log_command:Invoked command in '/home/shivam/slam_bot/build/bumperbot_controller' returned '0': CMAKE_PREFIX_PATH=/opt/ros/humble WSLENV=ELECTRON_RUN_AS_NODE/w: /usr/bin/cmake --build /home/shivam/slam_bot/build/bumperbot_controller -- -j12 -l12
[2.050s] DEBUG:colcon.colcon_core.event_handler.log_command:Invoked command in '/home/shivam/slam_bot/build/bumperbot_localization' returned '0': CMAKE_PREFIX_PATH=/opt/ros/humble WSLENV=ELECTRON_RUN_AS_NODE/w: /usr/bin/cmake --build /home/shivam/slam_bot/build/bumperbot_localization -- -j12 -l12
[2.067s] DEBUG:colcon.colcon_core.event_handler.log_command:Invoked command in '/home/shivam/slam_bot/build/bumperbot_firmware' returned '0': CMAKE_PREFIX_PATH=/opt/ros/humble WSLENV=ELECTRON_RUN_AS_NODE/w: /usr/bin/cmake --build /home/shivam/slam_bot/build/bumperbot_firmware -- -j12 -l12
[2.074s] DEBUG:colcon.colcon_core.event_handler.log_command:Invoked command in '/home/shivam/slam_bot/build/bumperbot_msgs' returned '0': CMAKE_PREFIX_PATH=/opt/ros/humble WSLENV=ELECTRON_RUN_AS_NODE/w: /usr/bin/cmake --build /home/shivam/slam_bot/build/bumperbot_msgs -- -j12 -l12
[2.080s] DEBUG:colcon.colcon_core.event_handler.log_command:Invoking command in '/home/shivam/slam_bot/build/bumperbot_controller': CMAKE_PREFIX_PATH=/opt/ros/humble WSLENV=ELECTRON_RUN_AS_NODE/w: /usr/bin/cmake --install /home/shivam/slam_bot/build/bumperbot_controller
[2.085s] DEBUG:colcon.colcon_core.event_handler.log_command:Invoking command in '/home/shivam/slam_bot/build/bumperbot_localization': CMAKE_PREFIX_PATH=/opt/ros/humble WSLENV=ELECTRON_RUN_AS_NODE/w: /usr/bin/cmake --install /home/shivam/slam_bot/build/bumperbot_localization
[2.104s] DEBUG:colcon.colcon_core.event_handler.log_command:Invoking command in '/home/shivam/slam_bot/build/bumperbot_firmware': CMAKE_PREFIX_PATH=/opt/ros/humble WSLENV=ELECTRON_RUN_AS_NODE/w: /usr/bin/cmake --install /home/shivam/slam_bot/build/bumperbot_firmware
[2.173s] Level 1:colcon.colcon_core.environment:create_environment_scripts_only(bumperbot_controller)
[2.173s] Level 1:colcon.colcon_core.environment:checking '/home/shivam/slam_bot/install/bumperbot_controller' for CMake module files
[2.182s] Level 1:colcon.colcon_core.environment:checking '/home/shivam/slam_bot/install/bumperbot_controller' for CMake config files
[2.186s] DEBUG:colcon.colcon_core.event_handler.log_command:Invoked command in '/home/shivam/slam_bot/build/bumperbot_controller' returned '0': CMAKE_PREFIX_PATH=/opt/ros/humble WSLENV=ELECTRON_RUN_AS_NODE/w: /usr/bin/cmake --install /home/shivam/slam_bot/build/bumperbot_controller
[2.195s] Level 1:colcon.colcon_core.shell:create_environment_hook('bumperbot_controller', 'cmake_prefix_path')
[2.196s] INFO:colcon.colcon_core.shell:Creating environment hook '/home/shivam/slam_bot/install/bumperbot_controller/share/bumperbot_controller/hook/cmake_prefix_path.ps1'
[2.197s] INFO:colcon.colcon_core.shell:Creating environment descriptor '/home/shivam/slam_bot/install/bumperbot_controller/share/bumperbot_controller/hook/cmake_prefix_path.dsv'
[2.198s] INFO:colcon.colcon_core.shell:Creating environment hook '/home/shivam/slam_bot/install/bumperbot_controller/share/bumperbot_controller/hook/cmake_prefix_path.sh'
[2.198s] Level 1:colcon.colcon_core.environment:checking '/home/shivam/slam_bot/install/bumperbot_controller/lib'
[2.199s] Level 1:colcon.colcon_core.environment:checking '/home/shivam/slam_bot/install/bumperbot_controller/bin'
[2.199s] Level 1:colcon.colcon_core.environment:checking '/home/shivam/slam_bot/install/bumperbot_controller/lib/pkgconfig/bumperbot_controller.pc'
[2.199s] Level 1:colcon.colcon_core.environment:checking '/home/shivam/slam_bot/install/bumperbot_controller/lib/python3.10/site-packages'
[2.199s] Level 1:colcon.colcon_core.environment:checking '/home/shivam/slam_bot/install/bumperbot_controller/bin'
[2.200s] INFO:colcon.colcon_core.shell:Creating package script '/home/shivam/slam_bot/install/bumperbot_controller/share/bumperbot_controller/package.ps1'
[2.200s] INFO:colcon.colcon_core.shell:Creating package descriptor '/home/shivam/slam_bot/install/bumperbot_controller/share/bumperbot_controller/package.dsv'
[2.200s] INFO:colcon.colcon_core.shell:Creating package script '/home/shivam/slam_bot/install/bumperbot_controller/share/bumperbot_controller/package.sh'
[2.201s] INFO:colcon.colcon_core.shell:Creating package script '/home/shivam/slam_bot/install/bumperbot_controller/share/bumperbot_controller/package.bash'
[2.201s] INFO:colcon.colcon_core.shell:Creating package script '/home/shivam/slam_bot/install/bumperbot_controller/share/bumperbot_controller/package.zsh'
[2.201s] Level 1:colcon.colcon_core.environment:create_file_with_runtime_dependencies(/home/shivam/slam_bot/install/bumperbot_controller/share/colcon-core/packages/bumperbot_controller)
[2.204s] Level 1:colcon.colcon_core.environment:create_environment_scripts_only(bumperbot_firmware)
[2.205s] Level 1:colcon.colcon_core.environment:checking '/home/shivam/slam_bot/install/bumperbot_firmware' for CMake module files
[2.206s] DEBUG:colcon.colcon_core.event_handler.log_command:Invoked command in '/home/shivam/slam_bot/build/bumperbot_firmware' returned '0': CMAKE_PREFIX_PATH=/opt/ros/humble WSLENV=ELECTRON_RUN_AS_NODE/w: /usr/bin/cmake --install /home/shivam/slam_bot/build/bumperbot_firmware
[2.207s] Level 1:colcon.colcon_core.environment:checking '/home/shivam/slam_bot/install/bumperbot_firmware' for CMake config files
[2.208s] Level 1:colcon.colcon_core.shell:create_environment_hook('bumperbot_firmware', 'cmake_prefix_path')
[2.208s] INFO:colcon.colcon_core.shell:Creating environment hook '/home/shivam/slam_bot/install/bumperbot_firmware/share/bumperbot_firmware/hook/cmake_prefix_path.ps1'
[2.209s] INFO:colcon.colcon_core.shell:Creating environment descriptor '/home/shivam/slam_bot/install/bumperbot_firmware/share/bumperbot_firmware/hook/cmake_prefix_path.dsv'
[2.209s] INFO:colcon.colcon_core.shell:Creating environment hook '/home/shivam/slam_bot/install/bumperbot_firmware/share/bumperbot_firmware/hook/cmake_prefix_path.sh'
[2.210s] Level 1:colcon.colcon_core.environment:checking '/home/shivam/slam_bot/install/bumperbot_firmware/lib'
[2.210s] Level 1:colcon.colcon_core.shell:create_environment_hook('bumperbot_firmware', 'ld_library_path_lib')
[2.210s] INFO:colcon.colcon_core.shell:Creating environment hook '/home/shivam/slam_bot/install/bumperbot_firmware/share/bumperbot_firmware/hook/ld_library_path_lib.ps1'
[2.210s] INFO:colcon.colcon_core.shell:Creating environment descriptor '/home/shivam/slam_bot/install/bumperbot_firmware/share/bumperbot_firmware/hook/ld_library_path_lib.dsv'
[2.211s] INFO:colcon.colcon_core.shell:Creating environment hook '/home/shivam/slam_bot/install/bumperbot_firmware/share/bumperbot_firmware/hook/ld_library_path_lib.sh'
[2.211s] Level 1:colcon.colcon_core.environment:checking '/home/shivam/slam_bot/install/bumperbot_firmware/bin'
[2.211s] Level 1:colcon.colcon_core.environment:checking '/home/shivam/slam_bot/install/bumperbot_firmware/lib/pkgconfig/bumperbot_firmware.pc'
[2.211s] Level 1:colcon.colcon_core.environment:checking '/home/shivam/slam_bot/install/bumperbot_firmware/lib/python3.10/site-packages'
[2.212s] Level 1:colcon.colcon_core.environment:checking '/home/shivam/slam_bot/install/bumperbot_firmware/bin'
[2.212s] INFO:colcon.colcon_core.shell:Creating package script '/home/shivam/slam_bot/install/bumperbot_firmware/share/bumperbot_firmware/package.ps1'
[2.213s] INFO:colcon.colcon_core.shell:Creating package descriptor '/home/shivam/slam_bot/install/bumperbot_firmware/share/bumperbot_firmware/package.dsv'
[2.213s] INFO:colcon.colcon_core.shell:Creating package script '/home/shivam/slam_bot/install/bumperbot_firmware/share/bumperbot_firmware/package.sh'
[2.213s] INFO:colcon.colcon_core.shell:Creating package script '/home/shivam/slam_bot/install/bumperbot_firmware/share/bumperbot_firmware/package.bash'
[2.214s] INFO:colcon.colcon_core.shell:Creating package script '/home/shivam/slam_bot/install/bumperbot_firmware/share/bumperbot_firmware/package.zsh'
[2.214s] Level 1:colcon.colcon_core.environment:create_file_with_runtime_dependencies(/home/shivam/slam_bot/install/bumperbot_firmware/share/colcon-core/packages/bumperbot_firmware)
[2.220s] Level 1:colcon.colcon_core.environment:create_environment_scripts_only(bumperbot_localization)
[2.221s] Level 1:colcon.colcon_core.environment:checking '/home/shivam/slam_bot/install/bumperbot_localization' for CMake module files
[2.221s] DEBUG:colcon.colcon_core.event_handler.log_command:Invoking command in '/home/shivam/slam_bot/build/bumperbot_msgs': CMAKE_PREFIX_PATH=/opt/ros/humble WSLENV=ELECTRON_RUN_AS_NODE/w: /usr/bin/cmake --install /home/shivam/slam_bot/build/bumperbot_msgs
[2.223s] DEBUG:colcon.colcon_core.event_handler.log_command:Invoked command in '/home/shivam/slam_bot/build/bumperbot_localization' returned '0': CMAKE_PREFIX_PATH=/opt/ros/humble WSLENV=ELECTRON_RUN_AS_NODE/w: /usr/bin/cmake --install /home/shivam/slam_bot/build/bumperbot_localization
[2.223s] Level 1:colcon.colcon_core.environment:checking '/home/shivam/slam_bot/install/bumperbot_localization' for CMake config files
[2.224s] Level 1:colcon.colcon_core.shell:create_environment_hook('bumperbot_localization', 'cmake_prefix_path')
[2.224s] INFO:colcon.colcon_core.shell:Creating environment hook '/home/shivam/slam_bot/install/bumperbot_localization/share/bumperbot_localization/hook/cmake_prefix_path.ps1'
[2.227s] INFO:colcon.colcon_core.shell:Creating environment descriptor '/home/shivam/slam_bot/install/bumperbot_localization/share/bumperbot_localization/hook/cmake_prefix_path.dsv'
[2.228s] INFO:colcon.colcon_core.shell:Creating environment hook '/home/shivam/slam_bot/install/bumperbot_localization/share/bumperbot_localization/hook/cmake_prefix_path.sh'
[2.230s] Level 1:colcon.colcon_core.environment:checking '/home/shivam/slam_bot/install/bumperbot_localization/lib'
[2.231s] Level 1:colcon.colcon_core.environment:checking '/home/shivam/slam_bot/install/bumperbot_localization/bin'
[2.232s] Level 1:colcon.colcon_core.environment:checking '/home/shivam/slam_bot/install/bumperbot_localization/lib/pkgconfig/bumperbot_localization.pc'
[2.233s] Level 1:colcon.colcon_core.environment:checking '/home/shivam/slam_bot/install/bumperbot_localization/lib/python3.10/site-packages'
[2.234s] Level 1:colcon.colcon_core.environment:checking '/home/shivam/slam_bot/install/bumperbot_localization/bin'
[2.235s] INFO:colcon.colcon_core.shell:Creating package script '/home/shivam/slam_bot/install/bumperbot_localization/share/bumperbot_localization/package.ps1'
[2.241s] INFO:colcon.colcon_core.shell:Creating package descriptor '/home/shivam/slam_bot/install/bumperbot_localization/share/bumperbot_localization/package.dsv'
[2.246s] INFO:colcon.colcon_core.shell:Creating package script '/home/shivam/slam_bot/install/bumperbot_localization/share/bumperbot_localization/package.sh'
[2.250s] INFO:colcon.colcon_core.shell:Creating package script '/home/shivam/slam_bot/install/bumperbot_localization/share/bumperbot_localization/package.bash'
[2.253s] INFO:colcon.colcon_core.shell:Creating package script '/home/shivam/slam_bot/install/bumperbot_localization/share/bumperbot_localization/package.zsh'
[2.257s] Level 1:colcon.colcon_core.environment:create_file_with_runtime_dependencies(/home/shivam/slam_bot/install/bumperbot_localization/share/colcon-core/packages/bumperbot_localization)
[2.267s] Level 1:colcon.colcon_core.environment:create_environment_scripts_only(bumperbot_controller)
[2.268s] Level 1:colcon.colcon_core.environment:checking '/home/shivam/slam_bot/install/bumperbot_controller' for CMake module files
[2.268s] Level 1:colcon.colcon_core.environment:checking '/home/shivam/slam_bot/install/bumperbot_controller' for CMake config files
[2.269s] Level 1:colcon.colcon_core.shell:create_environment_hook('bumperbot_controller', 'cmake_prefix_path')
[2.269s] INFO:colcon.colcon_core.shell:Creating environment hook '/home/shivam/slam_bot/install/bumperbot_controller/share/bumperbot_controller/hook/cmake_prefix_path.ps1'
[2.270s] INFO:colcon.colcon_core.shell:Creating environment descriptor '/home/shivam/slam_bot/install/bumperbot_controller/share/bumperbot_controller/hook/cmake_prefix_path.dsv'
[2.270s] INFO:colcon.colcon_core.shell:Creating environment hook '/home/shivam/slam_bot/install/bumperbot_controller/share/bumperbot_controller/hook/cmake_prefix_path.sh'
[2.271s] Level 1:colcon.colcon_core.environment:checking '/home/shivam/slam_bot/install/bumperbot_controller/lib'
[2.272s] Level 1:colcon.colcon_core.environment:checking '/home/shivam/slam_bot/install/bumperbot_controller/bin'
[2.272s] Level 1:colcon.colcon_core.environment:checking '/home/shivam/slam_bot/install/bumperbot_controller/lib/pkgconfig/bumperbot_controller.pc'
[2.272s] Level 1:colcon.colcon_core.environment:checking '/home/shivam/slam_bot/install/bumperbot_controller/lib/python3.10/site-packages'
[2.272s] Level 1:colcon.colcon_core.environment:checking '/home/shivam/slam_bot/install/bumperbot_controller/bin'
[2.273s] INFO:colcon.colcon_core.shell:Creating package script '/home/shivam/slam_bot/install/bumperbot_controller/share/bumperbot_controller/package.ps1'
[2.276s] INFO:colcon.colcon_core.shell:Creating package descriptor '/home/shivam/slam_bot/install/bumperbot_controller/share/bumperbot_controller/package.dsv'
[2.278s] INFO:colcon.colcon_core.shell:Creating package script '/home/shivam/slam_bot/install/bumperbot_controller/share/bumperbot_controller/package.sh'
[2.279s] INFO:colcon.colcon_core.shell:Creating package script '/home/shivam/slam_bot/install/bumperbot_controller/share/bumperbot_controller/package.bash'
[2.280s] INFO:colcon.colcon_core.shell:Creating package script '/home/shivam/slam_bot/install/bumperbot_controller/share/bumperbot_controller/package.zsh'
[2.281s] Level 1:colcon.colcon_core.environment:create_file_with_runtime_dependencies(/home/shivam/slam_bot/install/bumperbot_controller/share/colcon-core/packages/bumperbot_controller)
[2.282s] Level 1:colcon.colcon_core.environment:create_environment_scripts_only(bumperbot_firmware)
[2.283s] Level 1:colcon.colcon_core.environment:checking '/home/shivam/slam_bot/install/bumperbot_firmware' for CMake module files
[2.285s] Level 1:colcon.colcon_core.environment:checking '/home/shivam/slam_bot/install/bumperbot_firmware' for CMake config files
[2.287s] Level 1:colcon.colcon_core.shell:create_environment_hook('bumperbot_firmware', 'cmake_prefix_path')
[2.288s] INFO:colcon.colcon_core.shell:Creating environment hook '/home/shivam/slam_bot/install/bumperbot_firmware/share/bumperbot_firmware/hook/cmake_prefix_path.ps1'
[2.288s] INFO:colcon.colcon_core.shell:Creating environment descriptor '/home/shivam/slam_bot/install/bumperbot_firmware/share/bumperbot_firmware/hook/cmake_prefix_path.dsv'
[2.289s] INFO:colcon.colcon_core.shell:Creating environment hook '/home/shivam/slam_bot/install/bumperbot_firmware/share/bumperbot_firmware/hook/cmake_prefix_path.sh'
[2.289s] Level 1:colcon.colcon_core.environment:checking '/home/shivam/slam_bot/install/bumperbot_firmware/lib'
[2.289s] Level 1:colcon.colcon_core.shell:create_environment_hook('bumperbot_firmware', 'ld_library_path_lib')
[2.290s] INFO:colcon.colcon_core.shell:Creating environment hook '/home/shivam/slam_bot/install/bumperbot_firmware/share/bumperbot_firmware/hook/ld_library_path_lib.ps1'
[2.290s] INFO:colcon.colcon_core.shell:Creating environment descriptor '/home/shivam/slam_bot/install/bumperbot_firmware/share/bumperbot_firmware/hook/ld_library_path_lib.dsv'
[2.291s] INFO:colcon.colcon_core.shell:Creating environment hook '/home/shivam/slam_bot/install/bumperbot_firmware/share/bumperbot_firmware/hook/ld_library_path_lib.sh'
[2.291s] Level 1:colcon.colcon_core.environment:checking '/home/shivam/slam_bot/install/bumperbot_firmware/bin'
[2.291s] Level 1:colcon.colcon_core.environment:checking '/home/shivam/slam_bot/install/bumperbot_firmware/lib/pkgconfig/bumperbot_firmware.pc'
[2.291s] Level 1:colcon.colcon_core.environment:checking '/home/shivam/slam_bot/install/bumperbot_firmware/lib/python3.10/site-packages'
[2.291s] Level 1:colcon.colcon_core.environment:checking '/home/shivam/slam_bot/install/bumperbot_firmware/bin'
[2.292s] INFO:colcon.colcon_core.shell:Creating package script '/home/shivam/slam_bot/install/bumperbot_firmware/share/bumperbot_firmware/package.ps1'
[2.292s] INFO:colcon.colcon_core.shell:Creating package descriptor '/home/shivam/slam_bot/install/bumperbot_firmware/share/bumperbot_firmware/package.dsv'
[2.293s] INFO:colcon.colcon_core.shell:Creating package script '/home/shivam/slam_bot/install/bumperbot_firmware/share/bumperbot_firmware/package.sh'
[2.293s] INFO:colcon.colcon_core.shell:Creating package script '/home/shivam/slam_bot/install/bumperbot_firmware/share/bumperbot_firmware/package.bash'
[2.294s] INFO:colcon.colcon_core.shell:Creating package script '/home/shivam/slam_bot/install/bumperbot_firmware/share/bumperbot_firmware/package.zsh'
[2.294s] Level 1:colcon.colcon_core.environment:create_file_with_runtime_dependencies(/home/shivam/slam_bot/install/bumperbot_firmware/share/colcon-core/packages/bumperbot_firmware)
[2.312s] Level 1:colcon.colcon_core.environment:create_environment_scripts_only(bumperbot_localization)
[2.313s] Level 1:colcon.colcon_core.environment:checking '/home/shivam/slam_bot/install/bumperbot_localization' for CMake module files
[2.315s] Level 1:colcon.colcon_core.environment:checking '/home/shivam/slam_bot/install/bumperbot_localization' for CMake config files
[2.321s] Level 1:colcon.colcon_core.shell:create_environment_hook('bumperbot_localization', 'cmake_prefix_path')
[2.321s] INFO:colcon.colcon_core.shell:Creating environment hook '/home/shivam/slam_bot/install/bumperbot_localization/share/bumperbot_localization/hook/cmake_prefix_path.ps1'
[2.322s] INFO:colcon.colcon_core.shell:Creating environment descriptor '/home/shivam/slam_bot/install/bumperbot_localization/share/bumperbot_localization/hook/cmake_prefix_path.dsv'
[2.323s] INFO:colcon.colcon_core.shell:Creating environment hook '/home/shivam/slam_bot/install/bumperbot_localization/share/bumperbot_localization/hook/cmake_prefix_path.sh'
[2.337s] Level 1:colcon.colcon_core.environment:checking '/home/shivam/slam_bot/install/bumperbot_localization/lib'
[2.338s] Level 1:colcon.colcon_core.environment:checking '/home/shivam/slam_bot/install/bumperbot_localization/bin'
[2.338s] Level 1:colcon.colcon_core.environment:checking '/home/shivam/slam_bot/install/bumperbot_localization/lib/pkgconfig/bumperbot_localization.pc'
[2.338s] Level 1:colcon.colcon_core.environment:checking '/home/shivam/slam_bot/install/bumperbot_localization/lib/python3.10/site-packages'
[2.338s] Level 1:colcon.colcon_core.environment:checking '/home/shivam/slam_bot/install/bumperbot_localization/bin'
[2.339s] INFO:colcon.colcon_core.shell:Creating package script '/home/shivam/slam_bot/install/bumperbot_localization/share/bumperbot_localization/package.ps1'
[2.343s] INFO:colcon.colcon_core.shell:Creating package descriptor '/home/shivam/slam_bot/install/bumperbot_localization/share/bumperbot_localization/package.dsv'
[2.345s] INFO:colcon.colcon_core.shell:Creating package script '/home/shivam/slam_bot/install/bumperbot_localization/share/bumperbot_localization/package.sh'
[2.347s] INFO:colcon.colcon_core.shell:Creating package script '/home/shivam/slam_bot/install/bumperbot_localization/share/bumperbot_localization/package.bash'
[2.348s] INFO:colcon.colcon_core.shell:Creating package script '/home/shivam/slam_bot/install/bumperbot_localization/share/bumperbot_localization/package.zsh'
[2.348s] Level 1:colcon.colcon_core.environment:create_file_with_runtime_dependencies(/home/shivam/slam_bot/install/bumperbot_localization/share/colcon-core/packages/bumperbot_localization)
[2.353s] Level 1:colcon.colcon_core.environment:create_environment_scripts_only(bumperbot_msgs)
[2.353s] Level 1:colcon.colcon_core.environment:checking '/home/shivam/slam_bot/install/bumperbot_msgs' for CMake module files
[2.354s] DEBUG:colcon.colcon_core.event_handler.log_command:Invoked command in '/home/shivam/slam_bot/build/bumperbot_msgs' returned '0': CMAKE_PREFIX_PATH=/opt/ros/humble WSLENV=ELECTRON_RUN_AS_NODE/w: /usr/bin/cmake --install /home/shivam/slam_bot/build/bumperbot_msgs
[2.355s] Level 1:colcon.colcon_core.environment:checking '/home/shivam/slam_bot/install/bumperbot_msgs' for CMake config files
[2.356s] Level 1:colcon.colcon_core.shell:create_environment_hook('bumperbot_msgs', 'cmake_prefix_path')
[2.357s] INFO:colcon.colcon_core.shell:Creating environment hook '/home/shivam/slam_bot/install/bumperbot_msgs/share/bumperbot_msgs/hook/cmake_prefix_path.ps1'
[2.357s] INFO:colcon.colcon_core.shell:Creating environment descriptor '/home/shivam/slam_bot/install/bumperbot_msgs/share/bumperbot_msgs/hook/cmake_prefix_path.dsv'
[2.358s] INFO:colcon.colcon_core.shell:Creating environment hook '/home/shivam/slam_bot/install/bumperbot_msgs/share/bumperbot_msgs/hook/cmake_prefix_path.sh'
[2.358s] Level 1:colcon.colcon_core.environment:checking '/home/shivam/slam_bot/install/bumperbot_msgs/lib'
[2.358s] Level 1:colcon.colcon_core.shell:create_environment_hook('bumperbot_msgs', 'ld_library_path_lib')
[2.359s] INFO:colcon.colcon_core.shell:Creating environment hook '/home/shivam/slam_bot/install/bumperbot_msgs/share/bumperbot_msgs/hook/ld_library_path_lib.ps1'
[2.359s] INFO:colcon.colcon_core.shell:Creating environment descriptor '/home/shivam/slam_bot/install/bumperbot_msgs/share/bumperbot_msgs/hook/ld_library_path_lib.dsv'
[2.359s] INFO:colcon.colcon_core.shell:Creating environment hook '/home/shivam/slam_bot/install/bumperbot_msgs/share/bumperbot_msgs/hook/ld_library_path_lib.sh'
[2.360s] Level 1:colcon.colcon_core.environment:checking '/home/shivam/slam_bot/install/bumperbot_msgs/bin'
[2.360s] Level 1:colcon.colcon_core.environment:checking '/home/shivam/slam_bot/install/bumperbot_msgs/lib/pkgconfig/bumperbot_msgs.pc'
[2.360s] Level 1:colcon.colcon_core.environment:checking '/home/shivam/slam_bot/install/bumperbot_msgs/lib/python3.10/site-packages'
[2.360s] Level 1:colcon.colcon_core.environment:checking '/home/shivam/slam_bot/install/bumperbot_msgs/bin'
[2.361s] INFO:colcon.colcon_core.shell:Creating package script '/home/shivam/slam_bot/install/bumperbot_msgs/share/bumperbot_msgs/package.ps1'
[2.362s] INFO:colcon.colcon_core.shell:Creating package descriptor '/home/shivam/slam_bot/install/bumperbot_msgs/share/bumperbot_msgs/package.dsv'
[2.363s] INFO:colcon.colcon_core.shell:Creating package script '/home/shivam/slam_bot/install/bumperbot_msgs/share/bumperbot_msgs/package.sh'
[2.363s] INFO:colcon.colcon_core.shell:Creating package script '/home/shivam/slam_bot/install/bumperbot_msgs/share/bumperbot_msgs/package.bash'
[2.364s] INFO:colcon.colcon_core.shell:Creating package script '/home/shivam/slam_bot/install/bumperbot_msgs/share/bumperbot_msgs/package.zsh'
[2.364s] Level 1:colcon.colcon_core.environment:create_file_with_runtime_dependencies(/home/shivam/slam_bot/install/bumperbot_msgs/share/colcon-core/packages/bumperbot_msgs)
[2.461s] Level 1:colcon.colcon_core.environment:create_environment_scripts_only(bumperbot_msgs)
[2.461s] Level 1:colcon.colcon_core.environment:checking '/home/shivam/slam_bot/install/bumperbot_msgs' for CMake module files
[2.462s] Level 1:colcon.colcon_core.environment:checking '/home/shivam/slam_bot/install/bumperbot_msgs' for CMake config files
[2.462s] Level 1:colcon.colcon_core.shell:create_environment_hook('bumperbot_msgs', 'cmake_prefix_path')
[2.462s] INFO:colcon.colcon_core.shell:Creating environment hook '/home/shivam/slam_bot/install/bumperbot_msgs/share/bumperbot_msgs/hook/cmake_prefix_path.ps1'
[2.463s] INFO:colcon.colcon_core.shell:Creating environment descriptor '/home/shivam/slam_bot/install/bumperbot_msgs/share/bumperbot_msgs/hook/cmake_prefix_path.dsv'
[2.463s] INFO:colcon.colcon_core.shell:Creating environment hook '/home/shivam/slam_bot/install/bumperbot_msgs/share/bumperbot_msgs/hook/cmake_prefix_path.sh'
[2.464s] Level 1:colcon.colcon_core.environment:checking '/home/shivam/slam_bot/install/bumperbot_msgs/lib'
[2.464s] Level 1:colcon.colcon_core.shell:create_environment_hook('bumperbot_msgs', 'ld_library_path_lib')
[2.464s] INFO:colcon.colcon_core.shell:Creating environment hook '/home/shivam/slam_bot/install/bumperbot_msgs/share/bumperbot_msgs/hook/ld_library_path_lib.ps1'
[2.465s] INFO:colcon.colcon_core.shell:Creating environment descriptor '/home/shivam/slam_bot/install/bumperbot_msgs/share/bumperbot_msgs/hook/ld_library_path_lib.dsv'
[2.465s] INFO:colcon.colcon_core.shell:Creating environment hook '/home/shivam/slam_bot/install/bumperbot_msgs/share/bumperbot_msgs/hook/ld_library_path_lib.sh'
[2.465s] Level 1:colcon.colcon_core.environment:checking '/home/shivam/slam_bot/install/bumperbot_msgs/bin'
[2.465s] Level 1:colcon.colcon_core.environment:checking '/home/shivam/slam_bot/install/bumperbot_msgs/lib/pkgconfig/bumperbot_msgs.pc'
[2.466s] Level 1:colcon.colcon_core.environment:checking '/home/shivam/slam_bot/install/bumperbot_msgs/lib/python3.10/site-packages'
[2.466s] Level 1:colcon.colcon_core.environment:checking '/home/shivam/slam_bot/install/bumperbot_msgs/bin'
[2.466s] INFO:colcon.colcon_core.shell:Creating package script '/home/shivam/slam_bot/install/bumperbot_msgs/share/bumperbot_msgs/package.ps1'
[2.467s] INFO:colcon.colcon_core.shell:Creating package descriptor '/home/shivam/slam_bot/install/bumperbot_msgs/share/bumperbot_msgs/package.dsv'
[2.468s] INFO:colcon.colcon_core.shell:Creating package script '/home/shivam/slam_bot/install/bumperbot_msgs/share/bumperbot_msgs/package.sh'
[2.469s] INFO:colcon.colcon_core.shell:Creating package script '/home/shivam/slam_bot/install/bumperbot_msgs/share/bumperbot_msgs/package.bash'
[2.469s] INFO:colcon.colcon_core.shell:Creating package script '/home/shivam/slam_bot/install/bumperbot_msgs/share/bumperbot_msgs/package.zsh'
[2.470s] Level 1:colcon.colcon_core.environment:create_file_with_runtime_dependencies(/home/shivam/slam_bot/install/bumperbot_msgs/share/colcon-core/packages/bumperbot_msgs)
[2.470s] INFO:colcon.colcon_ros.task.ament_python.build:Building ROS package in '/home/shivam/slam_bot/src/bumperbot_py_examples' with build type 'ament_python'
[2.471s] Level 1:colcon.colcon_core.shell:create_environment_hook('bumperbot_py_examples', 'ament_prefix_path')
[2.472s] INFO:colcon.colcon_core.shell:Creating environment hook '/home/shivam/slam_bot/install/bumperbot_py_examples/share/bumperbot_py_examples/hook/ament_prefix_path.ps1'
[2.474s] INFO:colcon.colcon_core.shell:Creating environment descriptor '/home/shivam/slam_bot/install/bumperbot_py_examples/share/bumperbot_py_examples/hook/ament_prefix_path.dsv'
[2.475s] INFO:colcon.colcon_core.shell:Creating environment hook '/home/shivam/slam_bot/install/bumperbot_py_examples/share/bumperbot_py_examples/hook/ament_prefix_path.sh'
[2.476s] INFO:colcon.colcon_core.shell:Skip shell extension 'powershell' for command environment: Not usable outside of PowerShell
[2.476s] DEBUG:colcon.colcon_core.shell:Skip shell extension 'dsv' for command environment
[2.903s] INFO:colcon.colcon_core.task.python.build:Building Python package in '/home/shivam/slam_bot/src/bumperbot_py_examples'
[2.904s] INFO:colcon.colcon_core.shell:Skip shell extension 'powershell' for command environment: Not usable outside of PowerShell
[2.904s] DEBUG:colcon.colcon_core.shell:Skip shell extension 'dsv' for command environment
[4.014s] DEBUG:colcon.colcon_core.event_handler.log_command:Invoking command in '/home/shivam/slam_bot/src/bumperbot_py_examples': AMENT_PREFIX_PATH=/home/shivam/slam_bot/install/bumperbot_msgs:${AMENT_PREFIX_PATH} CMAKE_PREFIX_PATH=/home/shivam/slam_bot/install/bumperbot_msgs LD_LIBRARY_PATH=/home/shivam/slam_bot/install/bumperbot_msgs/lib:${LD_LIBRARY_PATH} PYTHONPATH=/home/shivam/slam_bot/build/bumperbot_py_examples/prefix_override:/home/shivam/slam_bot/install/bumperbot_py_examples/lib/python3.10/site-packages:/home/shivam/slam_bot/install/bumperbot_msgs/local/lib/python3.10/dist-packages:${PYTHONPATH} WSLENV=ELECTRON_RUN_AS_NODE/w: /usr/bin/python3 -W ignore:setup.py install is deprecated setup.py egg_info --egg-base ../../build/bumperbot_py_examples build --build-base /home/shivam/slam_bot/build/bumperbot_py_examples/build install --record /home/shivam/slam_bot/build/bumperbot_py_examples/install.log --single-version-externally-managed install_data
[4.501s] Level 1:colcon.colcon_core.environment:checking '/home/shivam/slam_bot/install/bumperbot_py_examples' for CMake module files
[4.502s] DEBUG:colcon.colcon_core.event_handler.log_command:Invoked command in '/home/shivam/slam_bot/src/bumperbot_py_examples' returned '0': AMENT_PREFIX_PATH=/home/shivam/slam_bot/install/bumperbot_msgs:${AMENT_PREFIX_PATH} CMAKE_PREFIX_PATH=/home/shivam/slam_bot/install/bumperbot_msgs LD_LIBRARY_PATH=/home/shivam/slam_bot/install/bumperbot_msgs/lib:${LD_LIBRARY_PATH} PYTHONPATH=/home/shivam/slam_bot/build/bumperbot_py_examples/prefix_override:/home/shivam/slam_bot/install/bumperbot_py_examples/lib/python3.10/site-packages:/home/shivam/slam_bot/install/bumperbot_msgs/local/lib/python3.10/dist-packages:${PYTHONPATH} WSLENV=ELECTRON_RUN_AS_NODE/w: /usr/bin/python3 -W ignore:setup.py install is deprecated setup.py egg_info --egg-base ../../build/bumperbot_py_examples build --build-base /home/shivam/slam_bot/build/bumperbot_py_examples/build install --record /home/shivam/slam_bot/build/bumperbot_py_examples/install.log --single-version-externally-managed install_data
[4.503s] Level 1:colcon.colcon_core.environment:checking '/home/shivam/slam_bot/install/bumperbot_py_examples' for CMake config files
[4.503s] Level 1:colcon.colcon_core.environment:checking '/home/shivam/slam_bot/install/bumperbot_py_examples/lib'
[4.503s] Level 1:colcon.colcon_core.environment:checking '/home/shivam/slam_bot/install/bumperbot_py_examples/bin'
[4.503s] Level 1:colcon.colcon_core.environment:checking '/home/shivam/slam_bot/install/bumperbot_py_examples/lib/pkgconfig/bumperbot_py_examples.pc'
[4.504s] Level 1:colcon.colcon_core.environment:checking '/home/shivam/slam_bot/install/bumperbot_py_examples/lib/python3.10/site-packages'
[4.504s] Level 1:colcon.colcon_core.shell:create_environment_hook('bumperbot_py_examples', 'pythonpath')
[4.504s] INFO:colcon.colcon_core.shell:Creating environment hook '/home/shivam/slam_bot/install/bumperbot_py_examples/share/bumperbot_py_examples/hook/pythonpath.ps1'
[4.505s] INFO:colcon.colcon_core.shell:Creating environment descriptor '/home/shivam/slam_bot/install/bumperbot_py_examples/share/bumperbot_py_examples/hook/pythonpath.dsv'
[4.505s] INFO:colcon.colcon_core.shell:Creating environment hook '/home/shivam/slam_bot/install/bumperbot_py_examples/share/bumperbot_py_examples/hook/pythonpath.sh'
[4.506s] Level 1:colcon.colcon_core.environment:checking '/home/shivam/slam_bot/install/bumperbot_py_examples/bin'
[4.506s] Level 1:colcon.colcon_core.environment:create_environment_scripts_only(bumperbot_py_examples)
[4.506s] INFO:colcon.colcon_core.shell:Creating package script '/home/shivam/slam_bot/install/bumperbot_py_examples/share/bumperbot_py_examples/package.ps1'
[4.507s] INFO:colcon.colcon_core.shell:Creating package descriptor '/home/shivam/slam_bot/install/bumperbot_py_examples/share/bumperbot_py_examples/package.dsv'
[4.507s] INFO:colcon.colcon_core.shell:Creating package script '/home/shivam/slam_bot/install/bumperbot_py_examples/share/bumperbot_py_examples/package.sh'
[4.508s] INFO:colcon.colcon_core.shell:Creating package script '/home/shivam/slam_bot/install/bumperbot_py_examples/share/bumperbot_py_examples/package.bash'
[4.508s] INFO:colcon.colcon_core.shell:Creating package script '/home/shivam/slam_bot/install/bumperbot_py_examples/share/bumperbot_py_examples/package.zsh'
[4.508s] Level 1:colcon.colcon_core.environment:create_file_with_runtime_dependencies(/home/shivam/slam_bot/install/bumperbot_py_examples/share/colcon-core/packages/bumperbot_py_examples)
[4.509s] DEBUG:colcon.colcon_parallel_executor.executor.parallel:closing loop
[4.509s] DEBUG:colcon.colcon_parallel_executor.executor.parallel:loop closed
[4.509s] DEBUG:colcon.colcon_parallel_executor.executor.parallel:run_until_complete finished with '0'
[4.509s] DEBUG:colcon.colcon_core.event_reactor:joining thread
[4.612s] INFO:colcon.colcon_core.plugin_system:Skipping extension 'colcon_notification.desktop_notification.notify_send': Could not find 'notify-send'
[4.612s] INFO:colcon.colcon_core.plugin_system:Skipping extension 'colcon_notification.desktop_notification.terminal_notifier': Not used on non-Darwin systems
[4.612s] INFO:colcon.colcon_core.plugin_system:Skipping extension 'colcon_notification.desktop_notification.win32': Not used on non-Windows systems
[4.612s] INFO:colcon.colcon_notification.desktop_notification:Sending desktop notification using 'notify2'
[4.615s] DEBUG:colcon.colcon_notification.desktop_notification.notify2:Failed to initialize notify2: org.freedesktop.DBus.Error.ServiceUnknown: The name org.freedesktop.Notifications was not provided by any .service files
[4.615s] DEBUG:colcon.colcon_core.event_reactor:joined thread
[4.616s] INFO:colcon.colcon_core.shell:Creating prefix script '/home/shivam/slam_bot/install/local_setup.ps1'
[4.619s] INFO:colcon.colcon_core.shell:Creating prefix util module '/home/shivam/slam_bot/install/_local_setup_util_ps1.py'
[4.621s] INFO:colcon.colcon_core.shell:Creating prefix chain script '/home/shivam/slam_bot/install/setup.ps1'
[4.623s] INFO:colcon.colcon_core.shell:Creating prefix script '/home/shivam/slam_bot/install/local_setup.sh'
[4.625s] INFO:colcon.colcon_core.shell:Creating prefix util module '/home/shivam/slam_bot/install/_local_setup_util_sh.py'
[4.626s] INFO:colcon.colcon_core.shell:Creating prefix chain script '/home/shivam/slam_bot/install/setup.sh'
[4.629s] INFO:colcon.colcon_core.shell:Creating prefix script '/home/shivam/slam_bot/install/local_setup.bash'
[4.630s] INFO:colcon.colcon_core.shell:Creating prefix chain script '/home/shivam/slam_bot/install/setup.bash'
[4.634s] INFO:colcon.colcon_core.shell:Creating prefix script '/home/shivam/slam_bot/install/local_setup.zsh'
[4.635s] INFO:colcon.colcon_core.shell:Creating prefix chain script '/home/shivam/slam_bot/install/setup.zsh'
