[0.065s] Invoking command in '/home/shivam/slam_bot/build/bumperbot_firmware': CMAKE_PREFIX_PATH=/opt/ros/humble WSLENV=ELECTRON_RUN_AS_NODE/w: /usr/bin/cmake --build /home/shivam/slam_bot/build/bumperbot_firmware -- -j12 -l12
[0.450s] [  0%] Built target ament_cmake_python_copy_bumperbot_firmware
[0.696s] [ 66%] Built target simple_serial_receiver
[0.696s] [ 66%] Built target simple_serial_transmitter
[0.735s] [100%] Built target bumperbot_firmware
[0.956s] running egg_info
[0.958s] writing bumperbot_firmware.egg-info/PKG-INFO
[0.959s] writing dependency_links to bumperbot_firmware.egg-info/dependency_links.txt
[0.960s] writing top-level names to bumperbot_firmware.egg-info/top_level.txt
[0.967s] reading manifest file 'bumperbot_firmware.egg-info/SOURCES.txt'
[0.972s] writing manifest file 'bumperbot_firmware.egg-info/SOURCES.txt'
[1.015s] [100%] Built target ament_cmake_python_build_bumperbot_firmware_egg
[1.030s] Invoked command in '/home/shivam/slam_bot/build/bumperbot_firmware' returned '0': CMAKE_PREFIX_PATH=/opt/ros/humble WSLENV=ELECTRON_RUN_AS_NODE/w: /usr/bin/cmake --build /home/shivam/slam_bot/build/bumperbot_firmware -- -j12 -l12
[1.068s] Invoking command in '/home/shivam/slam_bot/build/bumperbot_firmware': CMAKE_PREFIX_PATH=/opt/ros/humble WSLENV=ELECTRON_RUN_AS_NODE/w: /usr/bin/cmake --install /home/shivam/slam_bot/build/bumperbot_firmware
[1.078s] -- Install configuration: ""
[1.078s] -- Up-to-date: /home/shivam/slam_bot/install/bumperbot_firmware/share/bumperbot_firmware/environment/pythonpath.sh
[1.079s] -- Up-to-date: /home/shivam/slam_bot/install/bumperbot_firmware/share/bumperbot_firmware/environment/pythonpath.dsv
[1.079s] -- Up-to-date: /home/shivam/slam_bot/install/bumperbot_firmware/local/lib/python3.10/dist-packages/bumperbot_firmware-0.0.0-py3.10.egg-info
[1.080s] -- Installing: /home/shivam/slam_bot/install/bumperbot_firmware/local/lib/python3.10/dist-packages/bumperbot_firmware-0.0.0-py3.10.egg-info/SOURCES.txt
[1.080s] -- Installing: /home/shivam/slam_bot/install/bumperbot_firmware/local/lib/python3.10/dist-packages/bumperbot_firmware-0.0.0-py3.10.egg-info/dependency_links.txt
[1.080s] -- Installing: /home/shivam/slam_bot/install/bumperbot_firmware/local/lib/python3.10/dist-packages/bumperbot_firmware-0.0.0-py3.10.egg-info/top_level.txt
[1.080s] -- Installing: /home/shivam/slam_bot/install/bumperbot_firmware/local/lib/python3.10/dist-packages/bumperbot_firmware-0.0.0-py3.10.egg-info/PKG-INFO
[1.080s] -- Up-to-date: /home/shivam/slam_bot/install/bumperbot_firmware/local/lib/python3.10/dist-packages/bumperbot_firmware
[1.080s] -- Installing: /home/shivam/slam_bot/install/bumperbot_firmware/local/lib/python3.10/dist-packages/bumperbot_firmware/simple_serial_receiver.py
[1.080s] -- Installing: /home/shivam/slam_bot/install/bumperbot_firmware/local/lib/python3.10/dist-packages/bumperbot_firmware/simple_serial_transmitter.py
[1.080s] -- Up-to-date: /home/shivam/slam_bot/install/bumperbot_firmware/local/lib/python3.10/dist-packages/bumperbot_firmware/__init__.py
[1.148s] Listing '/home/shivam/slam_bot/install/bumperbot_firmware/local/lib/python3.10/dist-packages/bumperbot_firmware'...
[1.148s] Compiling '/home/shivam/slam_bot/install/bumperbot_firmware/local/lib/python3.10/dist-packages/bumperbot_firmware/simple_serial_receiver.py'...
[1.149s] Compiling '/home/shivam/slam_bot/install/bumperbot_firmware/local/lib/python3.10/dist-packages/bumperbot_firmware/simple_serial_transmitter.py'...
[1.150s] -- Up-to-date: /home/shivam/slam_bot/install/bumperbot_firmware/share/bumperbot_firmware/bumperbot_interface.xml
[1.151s] -- Up-to-date: /home/shivam/slam_bot/install/bumperbot_firmware/lib/libbumperbot_firmware.so
[1.151s] -- Up-to-date: /home/shivam/slam_bot/install/bumperbot_firmware/include/include
[1.151s] -- Up-to-date: /home/shivam/slam_bot/install/bumperbot_firmware/include/include/bumperbot_firmware
[1.151s] -- Up-to-date: /home/shivam/slam_bot/install/bumperbot_firmware/include/include/bumperbot_firmware/bumperbot_interface.hpp
[1.152s] -- Up-to-date: /home/shivam/slam_bot/install/bumperbot_firmware/share/bumperbot_firmware/launch
[1.152s] -- Up-to-date: /home/shivam/slam_bot/install/bumperbot_firmware/share/bumperbot_firmware/launch/hardware_interface.launch.py
[1.153s] -- Installing: /home/shivam/slam_bot/install/bumperbot_firmware/lib/bumperbot_firmware/simple_serial_transmitter.py
[1.153s] -- Installing: /home/shivam/slam_bot/install/bumperbot_firmware/lib/bumperbot_firmware/simple_serial_receiver.py
[1.153s] -- Up-to-date: /home/shivam/slam_bot/install/bumperbot_firmware/lib/bumperbot_firmware/simple_serial_receiver
[1.153s] -- Up-to-date: /home/shivam/slam_bot/install/bumperbot_firmware/lib/bumperbot_firmware/simple_serial_transmitter
[1.154s] -- Up-to-date: /home/shivam/slam_bot/install/bumperbot_firmware/share/bumperbot_firmware/environment/library_path.sh
[1.154s] -- Up-to-date: /home/shivam/slam_bot/install/bumperbot_firmware/share/bumperbot_firmware/environment/library_path.dsv
[1.155s] -- Up-to-date: /home/shivam/slam_bot/install/bumperbot_firmware/share/ament_index/resource_index/package_run_dependencies/bumperbot_firmware
[1.155s] -- Up-to-date: /home/shivam/slam_bot/install/bumperbot_firmware/share/ament_index/resource_index/parent_prefix_path/bumperbot_firmware
[1.155s] -- Up-to-date: /home/shivam/slam_bot/install/bumperbot_firmware/share/bumperbot_firmware/environment/ament_prefix_path.sh
[1.155s] -- Up-to-date: /home/shivam/slam_bot/install/bumperbot_firmware/share/bumperbot_firmware/environment/ament_prefix_path.dsv
[1.155s] -- Up-to-date: /home/shivam/slam_bot/install/bumperbot_firmware/share/bumperbot_firmware/environment/path.sh
[1.156s] -- Up-to-date: /home/shivam/slam_bot/install/bumperbot_firmware/share/bumperbot_firmware/environment/path.dsv
[1.156s] -- Up-to-date: /home/shivam/slam_bot/install/bumperbot_firmware/share/bumperbot_firmware/local_setup.bash
[1.156s] -- Up-to-date: /home/shivam/slam_bot/install/bumperbot_firmware/share/bumperbot_firmware/local_setup.sh
[1.156s] -- Up-to-date: /home/shivam/slam_bot/install/bumperbot_firmware/share/bumperbot_firmware/local_setup.zsh
[1.156s] -- Up-to-date: /home/shivam/slam_bot/install/bumperbot_firmware/share/bumperbot_firmware/local_setup.dsv
[1.156s] -- Installing: /home/shivam/slam_bot/install/bumperbot_firmware/share/bumperbot_firmware/package.dsv
[1.157s] -- Up-to-date: /home/shivam/slam_bot/install/bumperbot_firmware/share/ament_index/resource_index/packages/bumperbot_firmware
[1.157s] -- Up-to-date: /home/shivam/slam_bot/install/bumperbot_firmware/share/ament_index/resource_index/hardware_interface__pluginlib__plugin/bumperbot_firmware
[1.157s] -- Up-to-date: /home/shivam/slam_bot/install/bumperbot_firmware/share/bumperbot_firmware/cmake/ament_cmake_export_include_directories-extras.cmake
[1.157s] -- Up-to-date: /home/shivam/slam_bot/install/bumperbot_firmware/share/bumperbot_firmware/cmake/ament_cmake_export_libraries-extras.cmake
[1.157s] -- Up-to-date: /home/shivam/slam_bot/install/bumperbot_firmware/share/bumperbot_firmware/cmake/ament_cmake_export_dependencies-extras.cmake
[1.158s] -- Up-to-date: /home/shivam/slam_bot/install/bumperbot_firmware/share/bumperbot_firmware/cmake/bumperbot_firmwareConfig.cmake
[1.158s] -- Up-to-date: /home/shivam/slam_bot/install/bumperbot_firmware/share/bumperbot_firmware/cmake/bumperbot_firmwareConfig-version.cmake
[1.158s] -- Up-to-date: /home/shivam/slam_bot/install/bumperbot_firmware/share/bumperbot_firmware/package.xml
[1.170s] Invoked command in '/home/shivam/slam_bot/build/bumperbot_firmware' returned '0': CMAKE_PREFIX_PATH=/opt/ros/humble WSLENV=ELECTRON_RUN_AS_NODE/w: /usr/bin/cmake --install /home/shivam/slam_bot/build/bumperbot_firmware
