[0.372s] DEBUG:colcon:Command line arguments: ['/usr/bin/colcon', 'build']
[0.372s] DEBUG:colcon:Parsed command line arguments: Namespace(log_base=None, log_level=None, verb_name='build', build_base='build', install_base='install', merge_install=False, symlink_install=False, test_result_base=None, continue_on_error=False, executor='parallel', parallel_workers=12, event_handlers=None, ignore_user_meta=False, metas=['./colcon.meta'], base_paths=['.'], packages_ignore=None, packages_ignore_regex=None, paths=None, packages_up_to=None, packages_up_to_regex=None, packages_above=None, packages_above_and_dependencies=None, packages_above_depth=None, packages_select_by_dep=None, packages_skip_by_dep=None, packages_skip_up_to=None, packages_select_build_failed=False, packages_skip_build_finished=False, packages_select_test_failures=False, packages_skip_test_passed=False, packages_select=None, packages_skip=None, packages_select_regex=None, packages_skip_regex=None, packages_start=None, packages_end=None, allow_overriding=[], cmake_args=None, cmake_target=None, cmake_target_skip_unavailable=False, cmake_clean_cache=False, cmake_clean_first=False, cmake_force_configure=False, ament_cmake_args=None, catkin_cmake_args=None, catkin_skip_building_tests=False, verb_parser=<colcon_defaults.argument_parser.defaults.DefaultArgumentsDecorator object at 0x7f90753cca30>, verb_extension=<colcon_core.verb.build.BuildVerb object at 0x7f90753cc430>, main=<bound method BuildVerb.main of <colcon_core.verb.build.BuildVerb object at 0x7f90753cc430>>)
[0.593s] Level 1:colcon.colcon_core.package_discovery:discover_packages(colcon_meta) check parameters
[0.593s] Level 1:colcon.colcon_core.package_discovery:discover_packages(recursive) check parameters
[0.593s] Level 1:colcon.colcon_core.package_discovery:discover_packages(ignore) check parameters
[0.593s] Level 1:colcon.colcon_core.package_discovery:discover_packages(path) check parameters
[0.593s] Level 1:colcon.colcon_core.package_discovery:discover_packages(colcon_meta) discover
[0.593s] Level 1:colcon.colcon_core.package_discovery:discover_packages(recursive) discover
[0.593s] INFO:colcon.colcon_core.package_discovery:Crawling recursively for packages in '/home/shivam/slam_bot'
[0.593s] Level 1:colcon.colcon_core.package_identification:_identify(.) by extensions ['ignore', 'ignore_ament_install']
[0.593s] Level 1:colcon.colcon_core.package_identification:_identify(.) by extension 'ignore'
[0.593s] Level 1:colcon.colcon_core.package_identification:_identify(.) by extension 'ignore_ament_install'
[0.593s] Level 1:colcon.colcon_core.package_identification:_identify(.) by extensions ['colcon_pkg']
[0.593s] Level 1:colcon.colcon_core.package_identification:_identify(.) by extension 'colcon_pkg'
[0.593s] Level 1:colcon.colcon_core.package_identification:_identify(.) by extensions ['colcon_meta']
[0.593s] Level 1:colcon.colcon_core.package_identification:_identify(.) by extension 'colcon_meta'
[0.593s] Level 1:colcon.colcon_core.package_identification:_identify(.) by extensions ['ros']
[0.594s] Level 1:colcon.colcon_core.package_identification:_identify(.) by extension 'ros'
[0.607s] Level 1:colcon.colcon_core.package_identification:_identify(.) by extensions ['cmake', 'python']
[0.607s] Level 1:colcon.colcon_core.package_identification:_identify(.) by extension 'cmake'
[0.607s] Level 1:colcon.colcon_core.package_identification:_identify(.) by extension 'python'
[0.607s] Level 1:colcon.colcon_core.package_identification:_identify(.) by extensions ['python_setup_py']
[0.607s] Level 1:colcon.colcon_core.package_identification:_identify(.) by extension 'python_setup_py'
[0.607s] Level 1:colcon.colcon_core.package_identification:_identify(build) by extensions ['ignore', 'ignore_ament_install']
[0.607s] Level 1:colcon.colcon_core.package_identification:_identify(build) by extension 'ignore'
[0.607s] Level 1:colcon.colcon_core.package_identification:_identify(build) ignored
[0.608s] Level 1:colcon.colcon_core.package_identification:_identify(install) by extensions ['ignore', 'ignore_ament_install']
[0.608s] Level 1:colcon.colcon_core.package_identification:_identify(install) by extension 'ignore'
[0.608s] Level 1:colcon.colcon_core.package_identification:_identify(install) ignored
[0.608s] Level 1:colcon.colcon_core.package_identification:_identify(log) by extensions ['ignore', 'ignore_ament_install']
[0.608s] Level 1:colcon.colcon_core.package_identification:_identify(log) by extension 'ignore'
[0.608s] Level 1:colcon.colcon_core.package_identification:_identify(log) ignored
[0.608s] Level 1:colcon.colcon_core.package_identification:_identify(src) by extensions ['ignore', 'ignore_ament_install']
[0.608s] Level 1:colcon.colcon_core.package_identification:_identify(src) by extension 'ignore'
[0.608s] Level 1:colcon.colcon_core.package_identification:_identify(src) by extension 'ignore_ament_install'
[0.608s] Level 1:colcon.colcon_core.package_identification:_identify(src) by extensions ['colcon_pkg']
[0.608s] Level 1:colcon.colcon_core.package_identification:_identify(src) by extension 'colcon_pkg'
[0.608s] Level 1:colcon.colcon_core.package_identification:_identify(src) by extensions ['colcon_meta']
[0.608s] Level 1:colcon.colcon_core.package_identification:_identify(src) by extension 'colcon_meta'
[0.608s] Level 1:colcon.colcon_core.package_identification:_identify(src) by extensions ['ros']
[0.608s] Level 1:colcon.colcon_core.package_identification:_identify(src) by extension 'ros'
[0.608s] Level 1:colcon.colcon_core.package_identification:_identify(src) by extensions ['cmake', 'python']
[0.608s] Level 1:colcon.colcon_core.package_identification:_identify(src) by extension 'cmake'
[0.609s] Level 1:colcon.colcon_core.package_identification:_identify(src) by extension 'python'
[0.609s] Level 1:colcon.colcon_core.package_identification:_identify(src) by extensions ['python_setup_py']
[0.609s] Level 1:colcon.colcon_core.package_identification:_identify(src) by extension 'python_setup_py'
[0.609s] Level 1:colcon.colcon_core.package_identification:_identify(src/bumperbot_bringup) by extensions ['ignore', 'ignore_ament_install']
[0.609s] Level 1:colcon.colcon_core.package_identification:_identify(src/bumperbot_bringup) by extension 'ignore'
[0.609s] Level 1:colcon.colcon_core.package_identification:_identify(src/bumperbot_bringup) by extension 'ignore_ament_install'
[0.609s] Level 1:colcon.colcon_core.package_identification:_identify(src/bumperbot_bringup) by extensions ['colcon_pkg']
[0.609s] Level 1:colcon.colcon_core.package_identification:_identify(src/bumperbot_bringup) by extension 'colcon_pkg'
[0.609s] Level 1:colcon.colcon_core.package_identification:_identify(src/bumperbot_bringup) by extensions ['colcon_meta']
[0.609s] Level 1:colcon.colcon_core.package_identification:_identify(src/bumperbot_bringup) by extension 'colcon_meta'
[0.609s] Level 1:colcon.colcon_core.package_identification:_identify(src/bumperbot_bringup) by extensions ['ros']
[0.609s] Level 1:colcon.colcon_core.package_identification:_identify(src/bumperbot_bringup) by extension 'ros'
[0.612s] DEBUG:colcon.colcon_core.package_identification:Package 'src/bumperbot_bringup' with type 'ros.ament_cmake' and name 'bumperbot_bringup'
[0.612s] Level 1:colcon.colcon_core.package_identification:_identify(src/bumperbot_controller) by extensions ['ignore', 'ignore_ament_install']
[0.613s] Level 1:colcon.colcon_core.package_identification:_identify(src/bumperbot_controller) by extension 'ignore'
[0.613s] Level 1:colcon.colcon_core.package_identification:_identify(src/bumperbot_controller) by extension 'ignore_ament_install'
[0.613s] Level 1:colcon.colcon_core.package_identification:_identify(src/bumperbot_controller) by extensions ['colcon_pkg']
[0.613s] Level 1:colcon.colcon_core.package_identification:_identify(src/bumperbot_controller) by extension 'colcon_pkg'
[0.613s] Level 1:colcon.colcon_core.package_identification:_identify(src/bumperbot_controller) by extensions ['colcon_meta']
[0.613s] Level 1:colcon.colcon_core.package_identification:_identify(src/bumperbot_controller) by extension 'colcon_meta'
[0.613s] Level 1:colcon.colcon_core.package_identification:_identify(src/bumperbot_controller) by extensions ['ros']
[0.613s] Level 1:colcon.colcon_core.package_identification:_identify(src/bumperbot_controller) by extension 'ros'
[0.614s] DEBUG:colcon.colcon_core.package_identification:Package 'src/bumperbot_controller' with type 'ros.ament_cmake' and name 'bumperbot_controller'
[0.614s] Level 1:colcon.colcon_core.package_identification:_identify(src/bumperbot_cpp_examples) by extensions ['ignore', 'ignore_ament_install']
[0.614s] Level 1:colcon.colcon_core.package_identification:_identify(src/bumperbot_cpp_examples) by extension 'ignore'
[0.614s] Level 1:colcon.colcon_core.package_identification:_identify(src/bumperbot_cpp_examples) by extension 'ignore_ament_install'
[0.615s] Level 1:colcon.colcon_core.package_identification:_identify(src/bumperbot_cpp_examples) by extensions ['colcon_pkg']
[0.615s] Level 1:colcon.colcon_core.package_identification:_identify(src/bumperbot_cpp_examples) by extension 'colcon_pkg'
[0.615s] Level 1:colcon.colcon_core.package_identification:_identify(src/bumperbot_cpp_examples) by extensions ['colcon_meta']
[0.615s] Level 1:colcon.colcon_core.package_identification:_identify(src/bumperbot_cpp_examples) by extension 'colcon_meta'
[0.615s] Level 1:colcon.colcon_core.package_identification:_identify(src/bumperbot_cpp_examples) by extensions ['ros']
[0.615s] Level 1:colcon.colcon_core.package_identification:_identify(src/bumperbot_cpp_examples) by extension 'ros'
[0.616s] DEBUG:colcon.colcon_core.package_identification:Package 'src/bumperbot_cpp_examples' with type 'ros.ament_cmake' and name 'bumperbot_cpp_examples'
[0.616s] Level 1:colcon.colcon_core.package_identification:_identify(src/bumperbot_description) by extensions ['ignore', 'ignore_ament_install']
[0.616s] Level 1:colcon.colcon_core.package_identification:_identify(src/bumperbot_description) by extension 'ignore'
[0.616s] Level 1:colcon.colcon_core.package_identification:_identify(src/bumperbot_description) by extension 'ignore_ament_install'
[0.616s] Level 1:colcon.colcon_core.package_identification:_identify(src/bumperbot_description) by extensions ['colcon_pkg']
[0.616s] Level 1:colcon.colcon_core.package_identification:_identify(src/bumperbot_description) by extension 'colcon_pkg'
[0.616s] Level 1:colcon.colcon_core.package_identification:_identify(src/bumperbot_description) by extensions ['colcon_meta']
[0.616s] Level 1:colcon.colcon_core.package_identification:_identify(src/bumperbot_description) by extension 'colcon_meta'
[0.616s] Level 1:colcon.colcon_core.package_identification:_identify(src/bumperbot_description) by extensions ['ros']
[0.616s] Level 1:colcon.colcon_core.package_identification:_identify(src/bumperbot_description) by extension 'ros'
[0.616s] DEBUG:colcon.colcon_core.package_identification:Package 'src/bumperbot_description' with type 'ros.ament_cmake' and name 'bumperbot_description'
[0.617s] Level 1:colcon.colcon_core.package_identification:_identify(src/bumperbot_firmware) by extensions ['ignore', 'ignore_ament_install']
[0.617s] Level 1:colcon.colcon_core.package_identification:_identify(src/bumperbot_firmware) by extension 'ignore'
[0.617s] Level 1:colcon.colcon_core.package_identification:_identify(src/bumperbot_firmware) by extension 'ignore_ament_install'
[0.617s] Level 1:colcon.colcon_core.package_identification:_identify(src/bumperbot_firmware) by extensions ['colcon_pkg']
[0.617s] Level 1:colcon.colcon_core.package_identification:_identify(src/bumperbot_firmware) by extension 'colcon_pkg'
[0.617s] Level 1:colcon.colcon_core.package_identification:_identify(src/bumperbot_firmware) by extensions ['colcon_meta']
[0.617s] Level 1:colcon.colcon_core.package_identification:_identify(src/bumperbot_firmware) by extension 'colcon_meta'
[0.617s] Level 1:colcon.colcon_core.package_identification:_identify(src/bumperbot_firmware) by extensions ['ros']
[0.617s] Level 1:colcon.colcon_core.package_identification:_identify(src/bumperbot_firmware) by extension 'ros'
[0.618s] DEBUG:colcon.colcon_core.package_identification:Package 'src/bumperbot_firmware' with type 'ros.ament_cmake' and name 'bumperbot_firmware'
[0.618s] Level 1:colcon.colcon_core.package_identification:_identify(src/bumperbot_localization) by extensions ['ignore', 'ignore_ament_install']
[0.618s] Level 1:colcon.colcon_core.package_identification:_identify(src/bumperbot_localization) by extension 'ignore'
[0.618s] Level 1:colcon.colcon_core.package_identification:_identify(src/bumperbot_localization) by extension 'ignore_ament_install'
[0.618s] Level 1:colcon.colcon_core.package_identification:_identify(src/bumperbot_localization) by extensions ['colcon_pkg']
[0.618s] Level 1:colcon.colcon_core.package_identification:_identify(src/bumperbot_localization) by extension 'colcon_pkg'
[0.618s] Level 1:colcon.colcon_core.package_identification:_identify(src/bumperbot_localization) by extensions ['colcon_meta']
[0.618s] Level 1:colcon.colcon_core.package_identification:_identify(src/bumperbot_localization) by extension 'colcon_meta'
[0.618s] Level 1:colcon.colcon_core.package_identification:_identify(src/bumperbot_localization) by extensions ['ros']
[0.618s] Level 1:colcon.colcon_core.package_identification:_identify(src/bumperbot_localization) by extension 'ros'
[0.619s] DEBUG:colcon.colcon_core.package_identification:Package 'src/bumperbot_localization' with type 'ros.ament_cmake' and name 'bumperbot_localization'
[0.619s] Level 1:colcon.colcon_core.package_identification:_identify(src/bumperbot_msgs) by extensions ['ignore', 'ignore_ament_install']
[0.619s] Level 1:colcon.colcon_core.package_identification:_identify(src/bumperbot_msgs) by extension 'ignore'
[0.619s] Level 1:colcon.colcon_core.package_identification:_identify(src/bumperbot_msgs) by extension 'ignore_ament_install'
[0.619s] Level 1:colcon.colcon_core.package_identification:_identify(src/bumperbot_msgs) by extensions ['colcon_pkg']
[0.619s] Level 1:colcon.colcon_core.package_identification:_identify(src/bumperbot_msgs) by extension 'colcon_pkg'
[0.619s] Level 1:colcon.colcon_core.package_identification:_identify(src/bumperbot_msgs) by extensions ['colcon_meta']
[0.619s] Level 1:colcon.colcon_core.package_identification:_identify(src/bumperbot_msgs) by extension 'colcon_meta'
[0.619s] Level 1:colcon.colcon_core.package_identification:_identify(src/bumperbot_msgs) by extensions ['ros']
[0.619s] Level 1:colcon.colcon_core.package_identification:_identify(src/bumperbot_msgs) by extension 'ros'
[0.620s] DEBUG:colcon.colcon_core.package_identification:Package 'src/bumperbot_msgs' with type 'ros.ament_cmake' and name 'bumperbot_msgs'
[0.620s] Level 1:colcon.colcon_core.package_identification:_identify(src/bumperbot_py_examples) by extensions ['ignore', 'ignore_ament_install']
[0.620s] Level 1:colcon.colcon_core.package_identification:_identify(src/bumperbot_py_examples) by extension 'ignore'
[0.620s] Level 1:colcon.colcon_core.package_identification:_identify(src/bumperbot_py_examples) by extension 'ignore_ament_install'
[0.620s] Level 1:colcon.colcon_core.package_identification:_identify(src/bumperbot_py_examples) by extensions ['colcon_pkg']
[0.620s] Level 1:colcon.colcon_core.package_identification:_identify(src/bumperbot_py_examples) by extension 'colcon_pkg'
[0.620s] Level 1:colcon.colcon_core.package_identification:_identify(src/bumperbot_py_examples) by extensions ['colcon_meta']
[0.620s] Level 1:colcon.colcon_core.package_identification:_identify(src/bumperbot_py_examples) by extension 'colcon_meta'
[0.620s] Level 1:colcon.colcon_core.package_identification:_identify(src/bumperbot_py_examples) by extensions ['ros']
[0.620s] Level 1:colcon.colcon_core.package_identification:_identify(src/bumperbot_py_examples) by extension 'ros'
[0.621s] DEBUG:colcon.colcon_core.package_identification:Package 'src/bumperbot_py_examples' with type 'ros.ament_python' and name 'bumperbot_py_examples'
[0.621s] Level 1:colcon.colcon_core.package_discovery:discover_packages(recursive) using defaults
[0.621s] Level 1:colcon.colcon_core.package_discovery:discover_packages(ignore) discover
[0.621s] Level 1:colcon.colcon_core.package_discovery:discover_packages(ignore) using defaults
[0.621s] Level 1:colcon.colcon_core.package_discovery:discover_packages(path) discover
[0.621s] Level 1:colcon.colcon_core.package_discovery:discover_packages(path) using defaults
[0.653s] Level 1:colcon.colcon_core.package_discovery:discover_packages(prefix_path) check parameters
[0.653s] Level 1:colcon.colcon_core.package_discovery:discover_packages(prefix_path) discover
[0.657s] DEBUG:colcon.colcon_installed_package_information.package_discovery:Found 382 installed packages in /opt/ros/humble
[0.658s] Level 1:colcon.colcon_core.package_discovery:discover_packages(prefix_path) using defaults
[0.684s] Level 5:colcon.colcon_core.verb:set package 'bumperbot_bringup' build argument 'cmake_args' from command line to 'None'
[0.684s] Level 5:colcon.colcon_core.verb:set package 'bumperbot_bringup' build argument 'cmake_target' from command line to 'None'
[0.684s] Level 5:colcon.colcon_core.verb:set package 'bumperbot_bringup' build argument 'cmake_target_skip_unavailable' from command line to 'False'
[0.684s] Level 5:colcon.colcon_core.verb:set package 'bumperbot_bringup' build argument 'cmake_clean_cache' from command line to 'False'
[0.684s] Level 5:colcon.colcon_core.verb:set package 'bumperbot_bringup' build argument 'cmake_clean_first' from command line to 'False'
[0.684s] Level 5:colcon.colcon_core.verb:set package 'bumperbot_bringup' build argument 'cmake_force_configure' from command line to 'False'
[0.684s] Level 5:colcon.colcon_core.verb:set package 'bumperbot_bringup' build argument 'ament_cmake_args' from command line to 'None'
[0.684s] Level 5:colcon.colcon_core.verb:set package 'bumperbot_bringup' build argument 'catkin_cmake_args' from command line to 'None'
[0.684s] Level 5:colcon.colcon_core.verb:set package 'bumperbot_bringup' build argument 'catkin_skip_building_tests' from command line to 'False'
[0.684s] DEBUG:colcon.colcon_core.verb:Building package 'bumperbot_bringup' with the following arguments: {'ament_cmake_args': None, 'build_base': '/home/shivam/slam_bot/build/bumperbot_bringup', 'catkin_cmake_args': None, 'catkin_skip_building_tests': False, 'cmake_args': None, 'cmake_clean_cache': False, 'cmake_clean_first': False, 'cmake_force_configure': False, 'cmake_target': None, 'cmake_target_skip_unavailable': False, 'install_base': '/home/shivam/slam_bot/install/bumperbot_bringup', 'merge_install': False, 'path': '/home/shivam/slam_bot/src/bumperbot_bringup', 'symlink_install': False, 'test_result_base': None}
[0.684s] Level 5:colcon.colcon_core.verb:set package 'bumperbot_controller' build argument 'cmake_args' from command line to 'None'
[0.684s] Level 5:colcon.colcon_core.verb:set package 'bumperbot_controller' build argument 'cmake_target' from command line to 'None'
[0.684s] Level 5:colcon.colcon_core.verb:set package 'bumperbot_controller' build argument 'cmake_target_skip_unavailable' from command line to 'False'
[0.684s] Level 5:colcon.colcon_core.verb:set package 'bumperbot_controller' build argument 'cmake_clean_cache' from command line to 'False'
[0.684s] Level 5:colcon.colcon_core.verb:set package 'bumperbot_controller' build argument 'cmake_clean_first' from command line to 'False'
[0.684s] Level 5:colcon.colcon_core.verb:set package 'bumperbot_controller' build argument 'cmake_force_configure' from command line to 'False'
[0.684s] Level 5:colcon.colcon_core.verb:set package 'bumperbot_controller' build argument 'ament_cmake_args' from command line to 'None'
[0.684s] Level 5:colcon.colcon_core.verb:set package 'bumperbot_controller' build argument 'catkin_cmake_args' from command line to 'None'
[0.684s] Level 5:colcon.colcon_core.verb:set package 'bumperbot_controller' build argument 'catkin_skip_building_tests' from command line to 'False'
[0.684s] DEBUG:colcon.colcon_core.verb:Building package 'bumperbot_controller' with the following arguments: {'ament_cmake_args': None, 'build_base': '/home/shivam/slam_bot/build/bumperbot_controller', 'catkin_cmake_args': None, 'catkin_skip_building_tests': False, 'cmake_args': None, 'cmake_clean_cache': False, 'cmake_clean_first': False, 'cmake_force_configure': False, 'cmake_target': None, 'cmake_target_skip_unavailable': False, 'install_base': '/home/shivam/slam_bot/install/bumperbot_controller', 'merge_install': False, 'path': '/home/shivam/slam_bot/src/bumperbot_controller', 'symlink_install': False, 'test_result_base': None}
[0.685s] Level 5:colcon.colcon_core.verb:set package 'bumperbot_description' build argument 'cmake_args' from command line to 'None'
[0.685s] Level 5:colcon.colcon_core.verb:set package 'bumperbot_description' build argument 'cmake_target' from command line to 'None'
[0.685s] Level 5:colcon.colcon_core.verb:set package 'bumperbot_description' build argument 'cmake_target_skip_unavailable' from command line to 'False'
[0.685s] Level 5:colcon.colcon_core.verb:set package 'bumperbot_description' build argument 'cmake_clean_cache' from command line to 'False'
[0.685s] Level 5:colcon.colcon_core.verb:set package 'bumperbot_description' build argument 'cmake_clean_first' from command line to 'False'
[0.685s] Level 5:colcon.colcon_core.verb:set package 'bumperbot_description' build argument 'cmake_force_configure' from command line to 'False'
[0.685s] Level 5:colcon.colcon_core.verb:set package 'bumperbot_description' build argument 'ament_cmake_args' from command line to 'None'
[0.685s] Level 5:colcon.colcon_core.verb:set package 'bumperbot_description' build argument 'catkin_cmake_args' from command line to 'None'
[0.685s] Level 5:colcon.colcon_core.verb:set package 'bumperbot_description' build argument 'catkin_skip_building_tests' from command line to 'False'
[0.685s] DEBUG:colcon.colcon_core.verb:Building package 'bumperbot_description' with the following arguments: {'ament_cmake_args': None, 'build_base': '/home/shivam/slam_bot/build/bumperbot_description', 'catkin_cmake_args': None, 'catkin_skip_building_tests': False, 'cmake_args': None, 'cmake_clean_cache': False, 'cmake_clean_first': False, 'cmake_force_configure': False, 'cmake_target': None, 'cmake_target_skip_unavailable': False, 'install_base': '/home/shivam/slam_bot/install/bumperbot_description', 'merge_install': False, 'path': '/home/shivam/slam_bot/src/bumperbot_description', 'symlink_install': False, 'test_result_base': None}
[0.685s] Level 5:colcon.colcon_core.verb:set package 'bumperbot_firmware' build argument 'cmake_args' from command line to 'None'
[0.685s] Level 5:colcon.colcon_core.verb:set package 'bumperbot_firmware' build argument 'cmake_target' from command line to 'None'
[0.685s] Level 5:colcon.colcon_core.verb:set package 'bumperbot_firmware' build argument 'cmake_target_skip_unavailable' from command line to 'False'
[0.685s] Level 5:colcon.colcon_core.verb:set package 'bumperbot_firmware' build argument 'cmake_clean_cache' from command line to 'False'
[0.685s] Level 5:colcon.colcon_core.verb:set package 'bumperbot_firmware' build argument 'cmake_clean_first' from command line to 'False'
[0.685s] Level 5:colcon.colcon_core.verb:set package 'bumperbot_firmware' build argument 'cmake_force_configure' from command line to 'False'
[0.685s] Level 5:colcon.colcon_core.verb:set package 'bumperbot_firmware' build argument 'ament_cmake_args' from command line to 'None'
[0.685s] Level 5:colcon.colcon_core.verb:set package 'bumperbot_firmware' build argument 'catkin_cmake_args' from command line to 'None'
[0.685s] Level 5:colcon.colcon_core.verb:set package 'bumperbot_firmware' build argument 'catkin_skip_building_tests' from command line to 'False'
[0.685s] DEBUG:colcon.colcon_core.verb:Building package 'bumperbot_firmware' with the following arguments: {'ament_cmake_args': None, 'build_base': '/home/shivam/slam_bot/build/bumperbot_firmware', 'catkin_cmake_args': None, 'catkin_skip_building_tests': False, 'cmake_args': None, 'cmake_clean_cache': False, 'cmake_clean_first': False, 'cmake_force_configure': False, 'cmake_target': None, 'cmake_target_skip_unavailable': False, 'install_base': '/home/shivam/slam_bot/install/bumperbot_firmware', 'merge_install': False, 'path': '/home/shivam/slam_bot/src/bumperbot_firmware', 'symlink_install': False, 'test_result_base': None}
[0.685s] Level 5:colcon.colcon_core.verb:set package 'bumperbot_localization' build argument 'cmake_args' from command line to 'None'
[0.686s] Level 5:colcon.colcon_core.verb:set package 'bumperbot_localization' build argument 'cmake_target' from command line to 'None'
[0.686s] Level 5:colcon.colcon_core.verb:set package 'bumperbot_localization' build argument 'cmake_target_skip_unavailable' from command line to 'False'
[0.686s] Level 5:colcon.colcon_core.verb:set package 'bumperbot_localization' build argument 'cmake_clean_cache' from command line to 'False'
[0.686s] Level 5:colcon.colcon_core.verb:set package 'bumperbot_localization' build argument 'cmake_clean_first' from command line to 'False'
[0.686s] Level 5:colcon.colcon_core.verb:set package 'bumperbot_localization' build argument 'cmake_force_configure' from command line to 'False'
[0.686s] Level 5:colcon.colcon_core.verb:set package 'bumperbot_localization' build argument 'ament_cmake_args' from command line to 'None'
[0.686s] Level 5:colcon.colcon_core.verb:set package 'bumperbot_localization' build argument 'catkin_cmake_args' from command line to 'None'
[0.686s] Level 5:colcon.colcon_core.verb:set package 'bumperbot_localization' build argument 'catkin_skip_building_tests' from command line to 'False'
[0.686s] DEBUG:colcon.colcon_core.verb:Building package 'bumperbot_localization' with the following arguments: {'ament_cmake_args': None, 'build_base': '/home/shivam/slam_bot/build/bumperbot_localization', 'catkin_cmake_args': None, 'catkin_skip_building_tests': False, 'cmake_args': None, 'cmake_clean_cache': False, 'cmake_clean_first': False, 'cmake_force_configure': False, 'cmake_target': None, 'cmake_target_skip_unavailable': False, 'install_base': '/home/shivam/slam_bot/install/bumperbot_localization', 'merge_install': False, 'path': '/home/shivam/slam_bot/src/bumperbot_localization', 'symlink_install': False, 'test_result_base': None}
[0.686s] Level 5:colcon.colcon_core.verb:set package 'bumperbot_msgs' build argument 'cmake_args' from command line to 'None'
[0.686s] Level 5:colcon.colcon_core.verb:set package 'bumperbot_msgs' build argument 'cmake_target' from command line to 'None'
[0.686s] Level 5:colcon.colcon_core.verb:set package 'bumperbot_msgs' build argument 'cmake_target_skip_unavailable' from command line to 'False'
[0.686s] Level 5:colcon.colcon_core.verb:set package 'bumperbot_msgs' build argument 'cmake_clean_cache' from command line to 'False'
[0.686s] Level 5:colcon.colcon_core.verb:set package 'bumperbot_msgs' build argument 'cmake_clean_first' from command line to 'False'
[0.686s] Level 5:colcon.colcon_core.verb:set package 'bumperbot_msgs' build argument 'cmake_force_configure' from command line to 'False'
[0.686s] Level 5:colcon.colcon_core.verb:set package 'bumperbot_msgs' build argument 'ament_cmake_args' from command line to 'None'
[0.686s] Level 5:colcon.colcon_core.verb:set package 'bumperbot_msgs' build argument 'catkin_cmake_args' from command line to 'None'
[0.686s] Level 5:colcon.colcon_core.verb:set package 'bumperbot_msgs' build argument 'catkin_skip_building_tests' from command line to 'False'
[0.686s] DEBUG:colcon.colcon_core.verb:Building package 'bumperbot_msgs' with the following arguments: {'ament_cmake_args': None, 'build_base': '/home/shivam/slam_bot/build/bumperbot_msgs', 'catkin_cmake_args': None, 'catkin_skip_building_tests': False, 'cmake_args': None, 'cmake_clean_cache': False, 'cmake_clean_first': False, 'cmake_force_configure': False, 'cmake_target': None, 'cmake_target_skip_unavailable': False, 'install_base': '/home/shivam/slam_bot/install/bumperbot_msgs', 'merge_install': False, 'path': '/home/shivam/slam_bot/src/bumperbot_msgs', 'symlink_install': False, 'test_result_base': None}
[0.686s] Level 5:colcon.colcon_core.verb:set package 'bumperbot_cpp_examples' build argument 'cmake_args' from command line to 'None'
[0.686s] Level 5:colcon.colcon_core.verb:set package 'bumperbot_cpp_examples' build argument 'cmake_target' from command line to 'None'
[0.686s] Level 5:colcon.colcon_core.verb:set package 'bumperbot_cpp_examples' build argument 'cmake_target_skip_unavailable' from command line to 'False'
[0.686s] Level 5:colcon.colcon_core.verb:set package 'bumperbot_cpp_examples' build argument 'cmake_clean_cache' from command line to 'False'
[0.686s] Level 5:colcon.colcon_core.verb:set package 'bumperbot_cpp_examples' build argument 'cmake_clean_first' from command line to 'False'
[0.686s] Level 5:colcon.colcon_core.verb:set package 'bumperbot_cpp_examples' build argument 'cmake_force_configure' from command line to 'False'
[0.686s] Level 5:colcon.colcon_core.verb:set package 'bumperbot_cpp_examples' build argument 'ament_cmake_args' from command line to 'None'
[0.686s] Level 5:colcon.colcon_core.verb:set package 'bumperbot_cpp_examples' build argument 'catkin_cmake_args' from command line to 'None'
[0.686s] Level 5:colcon.colcon_core.verb:set package 'bumperbot_cpp_examples' build argument 'catkin_skip_building_tests' from command line to 'False'
[0.686s] DEBUG:colcon.colcon_core.verb:Building package 'bumperbot_cpp_examples' with the following arguments: {'ament_cmake_args': None, 'build_base': '/home/shivam/slam_bot/build/bumperbot_cpp_examples', 'catkin_cmake_args': None, 'catkin_skip_building_tests': False, 'cmake_args': None, 'cmake_clean_cache': False, 'cmake_clean_first': False, 'cmake_force_configure': False, 'cmake_target': None, 'cmake_target_skip_unavailable': False, 'install_base': '/home/shivam/slam_bot/install/bumperbot_cpp_examples', 'merge_install': False, 'path': '/home/shivam/slam_bot/src/bumperbot_cpp_examples', 'symlink_install': False, 'test_result_base': None}
[0.686s] Level 5:colcon.colcon_core.verb:set package 'bumperbot_py_examples' build argument 'cmake_args' from command line to 'None'
[0.686s] Level 5:colcon.colcon_core.verb:set package 'bumperbot_py_examples' build argument 'cmake_target' from command line to 'None'
[0.686s] Level 5:colcon.colcon_core.verb:set package 'bumperbot_py_examples' build argument 'cmake_target_skip_unavailable' from command line to 'False'
[0.686s] Level 5:colcon.colcon_core.verb:set package 'bumperbot_py_examples' build argument 'cmake_clean_cache' from command line to 'False'
[0.687s] Level 5:colcon.colcon_core.verb:set package 'bumperbot_py_examples' build argument 'cmake_clean_first' from command line to 'False'
[0.687s] Level 5:colcon.colcon_core.verb:set package 'bumperbot_py_examples' build argument 'cmake_force_configure' from command line to 'False'
[0.687s] Level 5:colcon.colcon_core.verb:set package 'bumperbot_py_examples' build argument 'ament_cmake_args' from command line to 'None'
[0.687s] Level 5:colcon.colcon_core.verb:set package 'bumperbot_py_examples' build argument 'catkin_cmake_args' from command line to 'None'
[0.687s] Level 5:colcon.colcon_core.verb:set package 'bumperbot_py_examples' build argument 'catkin_skip_building_tests' from command line to 'False'
[0.687s] DEBUG:colcon.colcon_core.verb:Building package 'bumperbot_py_examples' with the following arguments: {'ament_cmake_args': None, 'build_base': '/home/shivam/slam_bot/build/bumperbot_py_examples', 'catkin_cmake_args': None, 'catkin_skip_building_tests': False, 'cmake_args': None, 'cmake_clean_cache': False, 'cmake_clean_first': False, 'cmake_force_configure': False, 'cmake_target': None, 'cmake_target_skip_unavailable': False, 'install_base': '/home/shivam/slam_bot/install/bumperbot_py_examples', 'merge_install': False, 'path': '/home/shivam/slam_bot/src/bumperbot_py_examples', 'symlink_install': False, 'test_result_base': None}
[0.687s] INFO:colcon.colcon_core.executor:Executing jobs using 'parallel' executor
[0.687s] DEBUG:colcon.colcon_parallel_executor.executor.parallel:run_until_complete
[0.688s] INFO:colcon.colcon_ros.task.ament_cmake.build:Building ROS package in '/home/shivam/slam_bot/src/bumperbot_msgs' with build type 'ament_cmake'
[0.688s] INFO:colcon.colcon_cmake.task.cmake.build:Building CMake package in '/home/shivam/slam_bot/src/bumperbot_msgs'
[0.697s] INFO:colcon.colcon_core.plugin_system:Skipping extension 'colcon_core.shell.bat': Not used on non-Windows systems
[0.697s] INFO:colcon.colcon_core.shell:Skip shell extension 'powershell' for command environment: Not usable outside of PowerShell
[0.697s] DEBUG:colcon.colcon_core.shell:Skip shell extension 'dsv' for command environment
[0.700s] INFO:colcon.colcon_ros.task.ament_cmake.build:Building ROS package in '/home/shivam/slam_bot/src/bumperbot_bringup' with build type 'ament_cmake'
[0.700s] INFO:colcon.colcon_cmake.task.cmake.build:Building CMake package in '/home/shivam/slam_bot/src/bumperbot_bringup'
[0.701s] INFO:colcon.colcon_core.shell:Skip shell extension 'powershell' for command environment: Not usable outside of PowerShell
[0.701s] DEBUG:colcon.colcon_core.shell:Skip shell extension 'dsv' for command environment
[0.703s] INFO:colcon.colcon_ros.task.ament_cmake.build:Building ROS package in '/home/shivam/slam_bot/src/bumperbot_controller' with build type 'ament_cmake'
[0.704s] INFO:colcon.colcon_cmake.task.cmake.build:Building CMake package in '/home/shivam/slam_bot/src/bumperbot_controller'
[0.704s] INFO:colcon.colcon_core.shell:Skip shell extension 'powershell' for command environment: Not usable outside of PowerShell
[0.704s] DEBUG:colcon.colcon_core.shell:Skip shell extension 'dsv' for command environment
[0.707s] INFO:colcon.colcon_ros.task.ament_cmake.build:Building ROS package in '/home/shivam/slam_bot/src/bumperbot_description' with build type 'ament_cmake'
[0.707s] INFO:colcon.colcon_cmake.task.cmake.build:Building CMake package in '/home/shivam/slam_bot/src/bumperbot_description'
[0.707s] INFO:colcon.colcon_core.shell:Skip shell extension 'powershell' for command environment: Not usable outside of PowerShell
[0.707s] DEBUG:colcon.colcon_core.shell:Skip shell extension 'dsv' for command environment
[0.712s] INFO:colcon.colcon_ros.task.ament_cmake.build:Building ROS package in '/home/shivam/slam_bot/src/bumperbot_firmware' with build type 'ament_cmake'
[0.712s] INFO:colcon.colcon_cmake.task.cmake.build:Building CMake package in '/home/shivam/slam_bot/src/bumperbot_firmware'
[0.712s] INFO:colcon.colcon_core.shell:Skip shell extension 'powershell' for command environment: Not usable outside of PowerShell
[0.713s] DEBUG:colcon.colcon_core.shell:Skip shell extension 'dsv' for command environment
[0.715s] INFO:colcon.colcon_ros.task.ament_cmake.build:Building ROS package in '/home/shivam/slam_bot/src/bumperbot_localization' with build type 'ament_cmake'
[0.715s] INFO:colcon.colcon_cmake.task.cmake.build:Building CMake package in '/home/shivam/slam_bot/src/bumperbot_localization'
[0.715s] INFO:colcon.colcon_core.shell:Skip shell extension 'powershell' for command environment: Not usable outside of PowerShell
[0.715s] DEBUG:colcon.colcon_core.shell:Skip shell extension 'dsv' for command environment
[0.721s] DEBUG:colcon.colcon_core.event_handler.log_command:Invoking command in '/home/shivam/slam_bot/build/bumperbot_msgs': CMAKE_PREFIX_PATH=/opt/ros/humble /usr/bin/cmake /home/shivam/slam_bot/src/bumperbot_msgs -DCMAKE_INSTALL_PREFIX=/home/shivam/slam_bot/install/bumperbot_msgs
[0.726s] DEBUG:colcon.colcon_core.event_handler.log_command:Invoking command in '/home/shivam/slam_bot/build/bumperbot_bringup': CMAKE_PREFIX_PATH=/opt/ros/humble /usr/bin/cmake /home/shivam/slam_bot/src/bumperbot_bringup -DCMAKE_INSTALL_PREFIX=/home/shivam/slam_bot/install/bumperbot_bringup
[0.728s] DEBUG:colcon.colcon_core.event_handler.log_command:Invoking command in '/home/shivam/slam_bot/build/bumperbot_controller': CMAKE_PREFIX_PATH=/opt/ros/humble /usr/bin/cmake /home/shivam/slam_bot/src/bumperbot_controller -DCMAKE_INSTALL_PREFIX=/home/shivam/slam_bot/install/bumperbot_controller
[0.732s] DEBUG:colcon.colcon_core.event_handler.log_command:Invoking command in '/home/shivam/slam_bot/build/bumperbot_description': CMAKE_PREFIX_PATH=/opt/ros/humble /usr/bin/cmake /home/shivam/slam_bot/src/bumperbot_description -DCMAKE_INSTALL_PREFIX=/home/shivam/slam_bot/install/bumperbot_description
[0.744s] DEBUG:colcon.colcon_core.event_handler.log_command:Invoking command in '/home/shivam/slam_bot/build/bumperbot_firmware': CMAKE_PREFIX_PATH=/opt/ros/humble /usr/bin/cmake /home/shivam/slam_bot/src/bumperbot_firmware -DCMAKE_INSTALL_PREFIX=/home/shivam/slam_bot/install/bumperbot_firmware
[0.745s] DEBUG:colcon.colcon_core.event_handler.log_command:Invoking command in '/home/shivam/slam_bot/build/bumperbot_localization': CMAKE_PREFIX_PATH=/opt/ros/humble /usr/bin/cmake /home/shivam/slam_bot/src/bumperbot_localization -DCMAKE_INSTALL_PREFIX=/home/shivam/slam_bot/install/bumperbot_localization
[2.046s] DEBUG:colcon.colcon_core.event_handler.log_command:Invoked command in '/home/shivam/slam_bot/build/bumperbot_bringup' returned '0': CMAKE_PREFIX_PATH=/opt/ros/humble /usr/bin/cmake /home/shivam/slam_bot/src/bumperbot_bringup -DCMAKE_INSTALL_PREFIX=/home/shivam/slam_bot/install/bumperbot_bringup
[2.046s] DEBUG:colcon.colcon_core.event_handler.log_command:Invoking command in '/home/shivam/slam_bot/build/bumperbot_bringup': CMAKE_PREFIX_PATH=/opt/ros/humble /usr/bin/cmake --build /home/shivam/slam_bot/build/bumperbot_bringup -- -j12 -l12
[2.067s] DEBUG:colcon.colcon_core.event_handler.log_command:Invoked command in '/home/shivam/slam_bot/build/bumperbot_bringup' returned '0': CMAKE_PREFIX_PATH=/opt/ros/humble /usr/bin/cmake --build /home/shivam/slam_bot/build/bumperbot_bringup -- -j12 -l12
[2.085s] DEBUG:colcon.colcon_core.event_handler.log_command:Invoking command in '/home/shivam/slam_bot/build/bumperbot_bringup': CMAKE_PREFIX_PATH=/opt/ros/humble /usr/bin/cmake --install /home/shivam/slam_bot/build/bumperbot_bringup
[2.093s] Level 1:colcon.colcon_core.environment:create_environment_scripts_only(bumperbot_bringup)
[2.094s] DEBUG:colcon.colcon_core.event_handler.log_command:Invoked command in '/home/shivam/slam_bot/build/bumperbot_bringup' returned '0': CMAKE_PREFIX_PATH=/opt/ros/humble /usr/bin/cmake --install /home/shivam/slam_bot/build/bumperbot_bringup
[2.100s] Level 1:colcon.colcon_core.environment:checking '/home/shivam/slam_bot/install/bumperbot_bringup' for CMake module files
[2.101s] Level 1:colcon.colcon_core.environment:checking '/home/shivam/slam_bot/install/bumperbot_bringup' for CMake config files
[2.101s] Level 1:colcon.colcon_core.shell:create_environment_hook('bumperbot_bringup', 'cmake_prefix_path')
[2.101s] INFO:colcon.colcon_core.shell:Creating environment hook '/home/shivam/slam_bot/install/bumperbot_bringup/share/bumperbot_bringup/hook/cmake_prefix_path.ps1'
[2.102s] INFO:colcon.colcon_core.shell:Creating environment descriptor '/home/shivam/slam_bot/install/bumperbot_bringup/share/bumperbot_bringup/hook/cmake_prefix_path.dsv'
[2.103s] INFO:colcon.colcon_core.shell:Creating environment hook '/home/shivam/slam_bot/install/bumperbot_bringup/share/bumperbot_bringup/hook/cmake_prefix_path.sh'
[2.103s] Level 1:colcon.colcon_core.environment:checking '/home/shivam/slam_bot/install/bumperbot_bringup/bin'
[2.103s] Level 1:colcon.colcon_core.environment:checking '/home/shivam/slam_bot/install/bumperbot_bringup/lib/pkgconfig/bumperbot_bringup.pc'
[2.104s] Level 1:colcon.colcon_core.environment:checking '/home/shivam/slam_bot/install/bumperbot_bringup/lib/python3.10/site-packages'
[2.104s] Level 1:colcon.colcon_core.environment:checking '/home/shivam/slam_bot/install/bumperbot_bringup/bin'
[2.104s] INFO:colcon.colcon_core.shell:Creating package script '/home/shivam/slam_bot/install/bumperbot_bringup/share/bumperbot_bringup/package.ps1'
[2.105s] INFO:colcon.colcon_core.shell:Creating package descriptor '/home/shivam/slam_bot/install/bumperbot_bringup/share/bumperbot_bringup/package.dsv'
[2.105s] INFO:colcon.colcon_core.shell:Creating package script '/home/shivam/slam_bot/install/bumperbot_bringup/share/bumperbot_bringup/package.sh'
[2.106s] INFO:colcon.colcon_core.shell:Creating package script '/home/shivam/slam_bot/install/bumperbot_bringup/share/bumperbot_bringup/package.bash'
[2.107s] INFO:colcon.colcon_core.shell:Creating package script '/home/shivam/slam_bot/install/bumperbot_bringup/share/bumperbot_bringup/package.zsh'
[2.108s] Level 1:colcon.colcon_core.environment:create_file_with_runtime_dependencies(/home/shivam/slam_bot/install/bumperbot_bringup/share/colcon-core/packages/bumperbot_bringup)
[2.123s] Level 1:colcon.colcon_core.environment:create_environment_scripts_only(bumperbot_bringup)
[2.123s] Level 1:colcon.colcon_core.environment:checking '/home/shivam/slam_bot/install/bumperbot_bringup' for CMake module files
[2.123s] Level 1:colcon.colcon_core.environment:checking '/home/shivam/slam_bot/install/bumperbot_bringup' for CMake config files
[2.124s] Level 1:colcon.colcon_core.shell:create_environment_hook('bumperbot_bringup', 'cmake_prefix_path')
[2.124s] INFO:colcon.colcon_core.shell:Creating environment hook '/home/shivam/slam_bot/install/bumperbot_bringup/share/bumperbot_bringup/hook/cmake_prefix_path.ps1'
[2.124s] INFO:colcon.colcon_core.shell:Creating environment descriptor '/home/shivam/slam_bot/install/bumperbot_bringup/share/bumperbot_bringup/hook/cmake_prefix_path.dsv'
[2.124s] INFO:colcon.colcon_core.shell:Creating environment hook '/home/shivam/slam_bot/install/bumperbot_bringup/share/bumperbot_bringup/hook/cmake_prefix_path.sh'
[2.125s] Level 1:colcon.colcon_core.environment:checking '/home/shivam/slam_bot/install/bumperbot_bringup/bin'
[2.125s] Level 1:colcon.colcon_core.environment:checking '/home/shivam/slam_bot/install/bumperbot_bringup/lib/pkgconfig/bumperbot_bringup.pc'
[2.125s] Level 1:colcon.colcon_core.environment:checking '/home/shivam/slam_bot/install/bumperbot_bringup/lib/python3.10/site-packages'
[2.125s] Level 1:colcon.colcon_core.environment:checking '/home/shivam/slam_bot/install/bumperbot_bringup/bin'
[2.125s] INFO:colcon.colcon_core.shell:Creating package script '/home/shivam/slam_bot/install/bumperbot_bringup/share/bumperbot_bringup/package.ps1'
[2.126s] INFO:colcon.colcon_core.shell:Creating package descriptor '/home/shivam/slam_bot/install/bumperbot_bringup/share/bumperbot_bringup/package.dsv'
[2.126s] INFO:colcon.colcon_core.shell:Creating package script '/home/shivam/slam_bot/install/bumperbot_bringup/share/bumperbot_bringup/package.sh'
[2.126s] INFO:colcon.colcon_core.shell:Creating package script '/home/shivam/slam_bot/install/bumperbot_bringup/share/bumperbot_bringup/package.bash'
[2.126s] INFO:colcon.colcon_core.shell:Creating package script '/home/shivam/slam_bot/install/bumperbot_bringup/share/bumperbot_bringup/package.zsh'
[2.127s] Level 1:colcon.colcon_core.environment:create_file_with_runtime_dependencies(/home/shivam/slam_bot/install/bumperbot_bringup/share/colcon-core/packages/bumperbot_bringup)
[2.974s] DEBUG:colcon.colcon_core.event_handler.log_command:Invoked command in '/home/shivam/slam_bot/build/bumperbot_description' returned '0': CMAKE_PREFIX_PATH=/opt/ros/humble /usr/bin/cmake /home/shivam/slam_bot/src/bumperbot_description -DCMAKE_INSTALL_PREFIX=/home/shivam/slam_bot/install/bumperbot_description
[2.975s] DEBUG:colcon.colcon_core.event_handler.log_command:Invoking command in '/home/shivam/slam_bot/build/bumperbot_description': CMAKE_PREFIX_PATH=/opt/ros/humble /usr/bin/cmake --build /home/shivam/slam_bot/build/bumperbot_description -- -j12 -l12
[3.000s] DEBUG:colcon.colcon_core.event_handler.log_command:Invoked command in '/home/shivam/slam_bot/build/bumperbot_description' returned '0': CMAKE_PREFIX_PATH=/opt/ros/humble /usr/bin/cmake --build /home/shivam/slam_bot/build/bumperbot_description -- -j12 -l12
[3.014s] DEBUG:colcon.colcon_core.event_handler.log_command:Invoking command in '/home/shivam/slam_bot/build/bumperbot_description': CMAKE_PREFIX_PATH=/opt/ros/humble /usr/bin/cmake --install /home/shivam/slam_bot/build/bumperbot_description
[3.036s] Level 1:colcon.colcon_core.environment:create_environment_scripts_only(bumperbot_description)
[3.037s] Level 1:colcon.colcon_core.environment:checking '/home/shivam/slam_bot/install/bumperbot_description' for CMake module files
[3.037s] DEBUG:colcon.colcon_core.event_handler.log_command:Invoked command in '/home/shivam/slam_bot/build/bumperbot_description' returned '0': CMAKE_PREFIX_PATH=/opt/ros/humble /usr/bin/cmake --install /home/shivam/slam_bot/build/bumperbot_description
[3.037s] Level 1:colcon.colcon_core.environment:checking '/home/shivam/slam_bot/install/bumperbot_description' for CMake config files
[3.038s] Level 1:colcon.colcon_core.shell:create_environment_hook('bumperbot_description', 'cmake_prefix_path')
[3.038s] INFO:colcon.colcon_core.shell:Creating environment hook '/home/shivam/slam_bot/install/bumperbot_description/share/bumperbot_description/hook/cmake_prefix_path.ps1'
[3.038s] INFO:colcon.colcon_core.shell:Creating environment descriptor '/home/shivam/slam_bot/install/bumperbot_description/share/bumperbot_description/hook/cmake_prefix_path.dsv'
[3.039s] INFO:colcon.colcon_core.shell:Creating environment hook '/home/shivam/slam_bot/install/bumperbot_description/share/bumperbot_description/hook/cmake_prefix_path.sh'
[3.039s] Level 1:colcon.colcon_core.environment:checking '/home/shivam/slam_bot/install/bumperbot_description/bin'
[3.039s] Level 1:colcon.colcon_core.environment:checking '/home/shivam/slam_bot/install/bumperbot_description/lib/pkgconfig/bumperbot_description.pc'
[3.039s] Level 1:colcon.colcon_core.environment:checking '/home/shivam/slam_bot/install/bumperbot_description/lib/python3.10/site-packages'
[3.039s] Level 1:colcon.colcon_core.environment:checking '/home/shivam/slam_bot/install/bumperbot_description/bin'
[3.040s] INFO:colcon.colcon_core.shell:Creating package script '/home/shivam/slam_bot/install/bumperbot_description/share/bumperbot_description/package.ps1'
[3.040s] INFO:colcon.colcon_core.shell:Creating package descriptor '/home/shivam/slam_bot/install/bumperbot_description/share/bumperbot_description/package.dsv'
[3.040s] INFO:colcon.colcon_core.shell:Creating package script '/home/shivam/slam_bot/install/bumperbot_description/share/bumperbot_description/package.sh'
[3.040s] INFO:colcon.colcon_core.shell:Creating package script '/home/shivam/slam_bot/install/bumperbot_description/share/bumperbot_description/package.bash'
[3.040s] INFO:colcon.colcon_core.shell:Creating package script '/home/shivam/slam_bot/install/bumperbot_description/share/bumperbot_description/package.zsh'
[3.041s] Level 1:colcon.colcon_core.environment:create_file_with_runtime_dependencies(/home/shivam/slam_bot/install/bumperbot_description/share/colcon-core/packages/bumperbot_description)
[3.053s] Level 1:colcon.colcon_core.environment:create_environment_scripts_only(bumperbot_description)
[3.053s] Level 1:colcon.colcon_core.environment:checking '/home/shivam/slam_bot/install/bumperbot_description' for CMake module files
[3.053s] Level 1:colcon.colcon_core.environment:checking '/home/shivam/slam_bot/install/bumperbot_description' for CMake config files
[3.054s] Level 1:colcon.colcon_core.shell:create_environment_hook('bumperbot_description', 'cmake_prefix_path')
[3.054s] INFO:colcon.colcon_core.shell:Creating environment hook '/home/shivam/slam_bot/install/bumperbot_description/share/bumperbot_description/hook/cmake_prefix_path.ps1'
[3.054s] INFO:colcon.colcon_core.shell:Creating environment descriptor '/home/shivam/slam_bot/install/bumperbot_description/share/bumperbot_description/hook/cmake_prefix_path.dsv'
[3.054s] INFO:colcon.colcon_core.shell:Creating environment hook '/home/shivam/slam_bot/install/bumperbot_description/share/bumperbot_description/hook/cmake_prefix_path.sh'
[3.055s] Level 1:colcon.colcon_core.environment:checking '/home/shivam/slam_bot/install/bumperbot_description/bin'
[3.055s] Level 1:colcon.colcon_core.environment:checking '/home/shivam/slam_bot/install/bumperbot_description/lib/pkgconfig/bumperbot_description.pc'
[3.055s] Level 1:colcon.colcon_core.environment:checking '/home/shivam/slam_bot/install/bumperbot_description/lib/python3.10/site-packages'
[3.055s] Level 1:colcon.colcon_core.environment:checking '/home/shivam/slam_bot/install/bumperbot_description/bin'
[3.055s] INFO:colcon.colcon_core.shell:Creating package script '/home/shivam/slam_bot/install/bumperbot_description/share/bumperbot_description/package.ps1'
[3.055s] INFO:colcon.colcon_core.shell:Creating package descriptor '/home/shivam/slam_bot/install/bumperbot_description/share/bumperbot_description/package.dsv'
[3.056s] INFO:colcon.colcon_core.shell:Creating package script '/home/shivam/slam_bot/install/bumperbot_description/share/bumperbot_description/package.sh'
[3.056s] INFO:colcon.colcon_core.shell:Creating package script '/home/shivam/slam_bot/install/bumperbot_description/share/bumperbot_description/package.bash'
[3.056s] INFO:colcon.colcon_core.shell:Creating package script '/home/shivam/slam_bot/install/bumperbot_description/share/bumperbot_description/package.zsh'
[3.056s] Level 1:colcon.colcon_core.environment:create_file_with_runtime_dependencies(/home/shivam/slam_bot/install/bumperbot_description/share/colcon-core/packages/bumperbot_description)
[3.511s] DEBUG:colcon.colcon_core.event_handler.log_command:Invoked command in '/home/shivam/slam_bot/build/bumperbot_msgs' returned '0': CMAKE_PREFIX_PATH=/opt/ros/humble /usr/bin/cmake /home/shivam/slam_bot/src/bumperbot_msgs -DCMAKE_INSTALL_PREFIX=/home/shivam/slam_bot/install/bumperbot_msgs
[3.512s] DEBUG:colcon.colcon_core.event_handler.log_command:Invoking command in '/home/shivam/slam_bot/build/bumperbot_msgs': CMAKE_PREFIX_PATH=/opt/ros/humble /usr/bin/cmake --build /home/shivam/slam_bot/build/bumperbot_msgs -- -j12 -l12
[5.660s] DEBUG:colcon.colcon_core.event_handler.log_command:Invoked command in '/home/shivam/slam_bot/build/bumperbot_msgs' returned '0': CMAKE_PREFIX_PATH=/opt/ros/humble /usr/bin/cmake --build /home/shivam/slam_bot/build/bumperbot_msgs -- -j12 -l12
[5.701s] DEBUG:colcon.colcon_core.event_handler.log_command:Invoking command in '/home/shivam/slam_bot/build/bumperbot_msgs': CMAKE_PREFIX_PATH=/opt/ros/humble /usr/bin/cmake --install /home/shivam/slam_bot/build/bumperbot_msgs
[5.754s] Level 1:colcon.colcon_core.environment:create_environment_scripts_only(bumperbot_msgs)
[5.755s] Level 1:colcon.colcon_core.environment:checking '/home/shivam/slam_bot/install/bumperbot_msgs' for CMake module files
[5.756s] DEBUG:colcon.colcon_core.event_handler.log_command:Invoked command in '/home/shivam/slam_bot/build/bumperbot_msgs' returned '0': CMAKE_PREFIX_PATH=/opt/ros/humble /usr/bin/cmake --install /home/shivam/slam_bot/build/bumperbot_msgs
[5.756s] Level 1:colcon.colcon_core.environment:checking '/home/shivam/slam_bot/install/bumperbot_msgs' for CMake config files
[5.756s] Level 1:colcon.colcon_core.shell:create_environment_hook('bumperbot_msgs', 'cmake_prefix_path')
[5.757s] INFO:colcon.colcon_core.shell:Creating environment hook '/home/shivam/slam_bot/install/bumperbot_msgs/share/bumperbot_msgs/hook/cmake_prefix_path.ps1'
[5.757s] INFO:colcon.colcon_core.shell:Creating environment descriptor '/home/shivam/slam_bot/install/bumperbot_msgs/share/bumperbot_msgs/hook/cmake_prefix_path.dsv'
[5.757s] INFO:colcon.colcon_core.shell:Creating environment hook '/home/shivam/slam_bot/install/bumperbot_msgs/share/bumperbot_msgs/hook/cmake_prefix_path.sh'
[5.758s] Level 1:colcon.colcon_core.environment:checking '/home/shivam/slam_bot/install/bumperbot_msgs/lib'
[5.758s] Level 1:colcon.colcon_core.shell:create_environment_hook('bumperbot_msgs', 'ld_library_path_lib')
[5.758s] INFO:colcon.colcon_core.shell:Creating environment hook '/home/shivam/slam_bot/install/bumperbot_msgs/share/bumperbot_msgs/hook/ld_library_path_lib.ps1'
[5.758s] INFO:colcon.colcon_core.shell:Creating environment descriptor '/home/shivam/slam_bot/install/bumperbot_msgs/share/bumperbot_msgs/hook/ld_library_path_lib.dsv'
[5.758s] INFO:colcon.colcon_core.shell:Creating environment hook '/home/shivam/slam_bot/install/bumperbot_msgs/share/bumperbot_msgs/hook/ld_library_path_lib.sh'
[5.759s] Level 1:colcon.colcon_core.environment:checking '/home/shivam/slam_bot/install/bumperbot_msgs/bin'
[5.759s] Level 1:colcon.colcon_core.environment:checking '/home/shivam/slam_bot/install/bumperbot_msgs/lib/pkgconfig/bumperbot_msgs.pc'
[5.759s] Level 1:colcon.colcon_core.environment:checking '/home/shivam/slam_bot/install/bumperbot_msgs/lib/python3.10/site-packages'
[5.759s] Level 1:colcon.colcon_core.environment:checking '/home/shivam/slam_bot/install/bumperbot_msgs/bin'
[5.759s] INFO:colcon.colcon_core.shell:Creating package script '/home/shivam/slam_bot/install/bumperbot_msgs/share/bumperbot_msgs/package.ps1'
[5.760s] INFO:colcon.colcon_core.shell:Creating package descriptor '/home/shivam/slam_bot/install/bumperbot_msgs/share/bumperbot_msgs/package.dsv'
[5.760s] INFO:colcon.colcon_core.shell:Creating package script '/home/shivam/slam_bot/install/bumperbot_msgs/share/bumperbot_msgs/package.sh'
[5.760s] INFO:colcon.colcon_core.shell:Creating package script '/home/shivam/slam_bot/install/bumperbot_msgs/share/bumperbot_msgs/package.bash'
[5.761s] INFO:colcon.colcon_core.shell:Creating package script '/home/shivam/slam_bot/install/bumperbot_msgs/share/bumperbot_msgs/package.zsh'
[5.761s] Level 1:colcon.colcon_core.environment:create_file_with_runtime_dependencies(/home/shivam/slam_bot/install/bumperbot_msgs/share/colcon-core/packages/bumperbot_msgs)
[5.804s] Level 1:colcon.colcon_core.environment:create_environment_scripts_only(bumperbot_msgs)
[5.804s] Level 1:colcon.colcon_core.environment:checking '/home/shivam/slam_bot/install/bumperbot_msgs' for CMake module files
[5.805s] Level 1:colcon.colcon_core.environment:checking '/home/shivam/slam_bot/install/bumperbot_msgs' for CMake config files
[5.805s] Level 1:colcon.colcon_core.shell:create_environment_hook('bumperbot_msgs', 'cmake_prefix_path')
[5.805s] INFO:colcon.colcon_core.shell:Creating environment hook '/home/shivam/slam_bot/install/bumperbot_msgs/share/bumperbot_msgs/hook/cmake_prefix_path.ps1'
[5.805s] INFO:colcon.colcon_core.shell:Creating environment descriptor '/home/shivam/slam_bot/install/bumperbot_msgs/share/bumperbot_msgs/hook/cmake_prefix_path.dsv'
[5.806s] INFO:colcon.colcon_core.shell:Creating environment hook '/home/shivam/slam_bot/install/bumperbot_msgs/share/bumperbot_msgs/hook/cmake_prefix_path.sh'
[5.806s] Level 1:colcon.colcon_core.environment:checking '/home/shivam/slam_bot/install/bumperbot_msgs/lib'
[5.806s] Level 1:colcon.colcon_core.shell:create_environment_hook('bumperbot_msgs', 'ld_library_path_lib')
[5.807s] INFO:colcon.colcon_core.shell:Creating environment hook '/home/shivam/slam_bot/install/bumperbot_msgs/share/bumperbot_msgs/hook/ld_library_path_lib.ps1'
[5.807s] INFO:colcon.colcon_core.shell:Creating environment descriptor '/home/shivam/slam_bot/install/bumperbot_msgs/share/bumperbot_msgs/hook/ld_library_path_lib.dsv'
[5.807s] INFO:colcon.colcon_core.shell:Creating environment hook '/home/shivam/slam_bot/install/bumperbot_msgs/share/bumperbot_msgs/hook/ld_library_path_lib.sh'
[5.808s] Level 1:colcon.colcon_core.environment:checking '/home/shivam/slam_bot/install/bumperbot_msgs/bin'
[5.808s] Level 1:colcon.colcon_core.environment:checking '/home/shivam/slam_bot/install/bumperbot_msgs/lib/pkgconfig/bumperbot_msgs.pc'
[5.808s] Level 1:colcon.colcon_core.environment:checking '/home/shivam/slam_bot/install/bumperbot_msgs/lib/python3.10/site-packages'
[5.808s] Level 1:colcon.colcon_core.environment:checking '/home/shivam/slam_bot/install/bumperbot_msgs/bin'
[5.808s] INFO:colcon.colcon_core.shell:Creating package script '/home/shivam/slam_bot/install/bumperbot_msgs/share/bumperbot_msgs/package.ps1'
[5.809s] INFO:colcon.colcon_core.shell:Creating package descriptor '/home/shivam/slam_bot/install/bumperbot_msgs/share/bumperbot_msgs/package.dsv'
[5.809s] INFO:colcon.colcon_core.shell:Creating package script '/home/shivam/slam_bot/install/bumperbot_msgs/share/bumperbot_msgs/package.sh'
[5.810s] INFO:colcon.colcon_core.shell:Creating package script '/home/shivam/slam_bot/install/bumperbot_msgs/share/bumperbot_msgs/package.bash'
[5.810s] INFO:colcon.colcon_core.shell:Creating package script '/home/shivam/slam_bot/install/bumperbot_msgs/share/bumperbot_msgs/package.zsh'
[5.810s] Level 1:colcon.colcon_core.environment:create_file_with_runtime_dependencies(/home/shivam/slam_bot/install/bumperbot_msgs/share/colcon-core/packages/bumperbot_msgs)
[5.811s] INFO:colcon.colcon_ros.task.ament_cmake.build:Building ROS package in '/home/shivam/slam_bot/src/bumperbot_cpp_examples' with build type 'ament_cmake'
[5.811s] INFO:colcon.colcon_cmake.task.cmake.build:Building CMake package in '/home/shivam/slam_bot/src/bumperbot_cpp_examples'
[5.811s] INFO:colcon.colcon_core.shell:Skip shell extension 'powershell' for command environment: Not usable outside of PowerShell
[5.811s] DEBUG:colcon.colcon_core.shell:Skip shell extension 'dsv' for command environment
[5.815s] INFO:colcon.colcon_ros.task.ament_python.build:Building ROS package in '/home/shivam/slam_bot/src/bumperbot_py_examples' with build type 'ament_python'
[5.815s] Level 1:colcon.colcon_core.shell:create_environment_hook('bumperbot_py_examples', 'ament_prefix_path')
[5.816s] INFO:colcon.colcon_core.shell:Creating environment hook '/home/shivam/slam_bot/install/bumperbot_py_examples/share/bumperbot_py_examples/hook/ament_prefix_path.ps1'
[5.816s] INFO:colcon.colcon_core.shell:Creating environment descriptor '/home/shivam/slam_bot/install/bumperbot_py_examples/share/bumperbot_py_examples/hook/ament_prefix_path.dsv'
[5.817s] INFO:colcon.colcon_core.shell:Creating environment hook '/home/shivam/slam_bot/install/bumperbot_py_examples/share/bumperbot_py_examples/hook/ament_prefix_path.sh'
[5.817s] INFO:colcon.colcon_core.shell:Skip shell extension 'powershell' for command environment: Not usable outside of PowerShell
[5.817s] DEBUG:colcon.colcon_core.shell:Skip shell extension 'dsv' for command environment
[5.879s] DEBUG:colcon.colcon_core.event_handler.log_command:Invoking command in '/home/shivam/slam_bot/build/bumperbot_cpp_examples': AMENT_PREFIX_PATH=/home/shivam/slam_bot/install/bumperbot_msgs:${AMENT_PREFIX_PATH} CMAKE_PREFIX_PATH=/home/shivam/slam_bot/install/bumperbot_msgs:/opt/ros/humble LD_LIBRARY_PATH=/home/shivam/slam_bot/install/bumperbot_msgs/lib:${LD_LIBRARY_PATH} PYTHONPATH=/home/shivam/slam_bot/install/bumperbot_msgs/local/lib/python3.10/dist-packages:${PYTHONPATH} /usr/bin/cmake /home/shivam/slam_bot/src/bumperbot_cpp_examples -DCMAKE_INSTALL_PREFIX=/home/shivam/slam_bot/install/bumperbot_cpp_examples
[6.070s] INFO:colcon.colcon_core.task.python.build:Building Python package in '/home/shivam/slam_bot/src/bumperbot_py_examples'
[6.070s] INFO:colcon.colcon_core.shell:Skip shell extension 'powershell' for command environment: Not usable outside of PowerShell
[6.070s] DEBUG:colcon.colcon_core.shell:Skip shell extension 'dsv' for command environment
[6.544s] DEBUG:colcon.colcon_core.event_handler.log_command:Invoking command in '/home/shivam/slam_bot/src/bumperbot_py_examples': AMENT_PREFIX_PATH=/home/shivam/slam_bot/install/bumperbot_msgs:${AMENT_PREFIX_PATH} CMAKE_PREFIX_PATH=/home/shivam/slam_bot/install/bumperbot_msgs LD_LIBRARY_PATH=/home/shivam/slam_bot/install/bumperbot_msgs/lib:${LD_LIBRARY_PATH} PYTHONPATH=/home/shivam/slam_bot/build/bumperbot_py_examples/prefix_override:/home/shivam/slam_bot/install/bumperbot_py_examples/lib/python3.10/site-packages:/home/shivam/slam_bot/install/bumperbot_msgs/local/lib/python3.10/dist-packages:${PYTHONPATH} /usr/bin/python3 -W ignore:setup.py install is deprecated setup.py egg_info --egg-base ../../build/bumperbot_py_examples build --build-base /home/shivam/slam_bot/build/bumperbot_py_examples/build install --record /home/shivam/slam_bot/build/bumperbot_py_examples/install.log --single-version-externally-managed install_data
[6.613s] DEBUG:colcon.colcon_core.event_handler.log_command:Invoked command in '/home/shivam/slam_bot/build/bumperbot_localization' returned '0': CMAKE_PREFIX_PATH=/opt/ros/humble /usr/bin/cmake /home/shivam/slam_bot/src/bumperbot_localization -DCMAKE_INSTALL_PREFIX=/home/shivam/slam_bot/install/bumperbot_localization
[6.614s] DEBUG:colcon.colcon_core.event_handler.log_command:Invoking command in '/home/shivam/slam_bot/build/bumperbot_localization': CMAKE_PREFIX_PATH=/opt/ros/humble /usr/bin/cmake --build /home/shivam/slam_bot/build/bumperbot_localization -- -j12 -l12
[6.779s] Level 1:colcon.colcon_core.environment:checking '/home/shivam/slam_bot/install/bumperbot_py_examples' for CMake module files
[6.780s] DEBUG:colcon.colcon_core.event_handler.log_command:Invoked command in '/home/shivam/slam_bot/src/bumperbot_py_examples' returned '0': AMENT_PREFIX_PATH=/home/shivam/slam_bot/install/bumperbot_msgs:${AMENT_PREFIX_PATH} CMAKE_PREFIX_PATH=/home/shivam/slam_bot/install/bumperbot_msgs LD_LIBRARY_PATH=/home/shivam/slam_bot/install/bumperbot_msgs/lib:${LD_LIBRARY_PATH} PYTHONPATH=/home/shivam/slam_bot/build/bumperbot_py_examples/prefix_override:/home/shivam/slam_bot/install/bumperbot_py_examples/lib/python3.10/site-packages:/home/shivam/slam_bot/install/bumperbot_msgs/local/lib/python3.10/dist-packages:${PYTHONPATH} /usr/bin/python3 -W ignore:setup.py install is deprecated setup.py egg_info --egg-base ../../build/bumperbot_py_examples build --build-base /home/shivam/slam_bot/build/bumperbot_py_examples/build install --record /home/shivam/slam_bot/build/bumperbot_py_examples/install.log --single-version-externally-managed install_data
[6.780s] Level 1:colcon.colcon_core.environment:checking '/home/shivam/slam_bot/install/bumperbot_py_examples' for CMake config files
[6.780s] Level 1:colcon.colcon_core.environment:checking '/home/shivam/slam_bot/install/bumperbot_py_examples/lib'
[6.781s] Level 1:colcon.colcon_core.environment:checking '/home/shivam/slam_bot/install/bumperbot_py_examples/bin'
[6.781s] Level 1:colcon.colcon_core.environment:checking '/home/shivam/slam_bot/install/bumperbot_py_examples/lib/pkgconfig/bumperbot_py_examples.pc'
[6.781s] Level 1:colcon.colcon_core.environment:checking '/home/shivam/slam_bot/install/bumperbot_py_examples/lib/python3.10/site-packages'
[6.781s] Level 1:colcon.colcon_core.shell:create_environment_hook('bumperbot_py_examples', 'pythonpath')
[6.781s] INFO:colcon.colcon_core.shell:Creating environment hook '/home/shivam/slam_bot/install/bumperbot_py_examples/share/bumperbot_py_examples/hook/pythonpath.ps1'
[6.781s] INFO:colcon.colcon_core.shell:Creating environment descriptor '/home/shivam/slam_bot/install/bumperbot_py_examples/share/bumperbot_py_examples/hook/pythonpath.dsv'
[6.781s] INFO:colcon.colcon_core.shell:Creating environment hook '/home/shivam/slam_bot/install/bumperbot_py_examples/share/bumperbot_py_examples/hook/pythonpath.sh'
[6.782s] Level 1:colcon.colcon_core.environment:checking '/home/shivam/slam_bot/install/bumperbot_py_examples/bin'
[6.782s] Level 1:colcon.colcon_core.environment:create_environment_scripts_only(bumperbot_py_examples)
[6.782s] INFO:colcon.colcon_core.shell:Creating package script '/home/shivam/slam_bot/install/bumperbot_py_examples/share/bumperbot_py_examples/package.ps1'
[6.782s] INFO:colcon.colcon_core.shell:Creating package descriptor '/home/shivam/slam_bot/install/bumperbot_py_examples/share/bumperbot_py_examples/package.dsv'
[6.782s] INFO:colcon.colcon_core.shell:Creating package script '/home/shivam/slam_bot/install/bumperbot_py_examples/share/bumperbot_py_examples/package.sh'
[6.783s] INFO:colcon.colcon_core.shell:Creating package script '/home/shivam/slam_bot/install/bumperbot_py_examples/share/bumperbot_py_examples/package.bash'
[6.783s] INFO:colcon.colcon_core.shell:Creating package script '/home/shivam/slam_bot/install/bumperbot_py_examples/share/bumperbot_py_examples/package.zsh'
[6.783s] Level 1:colcon.colcon_core.environment:create_file_with_runtime_dependencies(/home/shivam/slam_bot/install/bumperbot_py_examples/share/colcon-core/packages/bumperbot_py_examples)
[7.708s] DEBUG:colcon.colcon_core.event_handler.log_command:Invoked command in '/home/shivam/slam_bot/build/bumperbot_controller' returned '0': CMAKE_PREFIX_PATH=/opt/ros/humble /usr/bin/cmake /home/shivam/slam_bot/src/bumperbot_controller -DCMAKE_INSTALL_PREFIX=/home/shivam/slam_bot/install/bumperbot_controller
[7.711s] DEBUG:colcon.colcon_core.event_handler.log_command:Invoking command in '/home/shivam/slam_bot/build/bumperbot_controller': CMAKE_PREFIX_PATH=/opt/ros/humble /usr/bin/cmake --build /home/shivam/slam_bot/build/bumperbot_controller -- -j12 -l12
[7.766s] DEBUG:colcon.colcon_core.event_handler.log_command:Invoked command in '/home/shivam/slam_bot/build/bumperbot_firmware' returned '0': CMAKE_PREFIX_PATH=/opt/ros/humble /usr/bin/cmake /home/shivam/slam_bot/src/bumperbot_firmware -DCMAKE_INSTALL_PREFIX=/home/shivam/slam_bot/install/bumperbot_firmware
[7.767s] DEBUG:colcon.colcon_core.event_handler.log_command:Invoking command in '/home/shivam/slam_bot/build/bumperbot_firmware': CMAKE_PREFIX_PATH=/opt/ros/humble /usr/bin/cmake --build /home/shivam/slam_bot/build/bumperbot_firmware -- -j12 -l12
[13.952s] DEBUG:colcon.colcon_core.event_handler.log_command:Invoked command in '/home/shivam/slam_bot/build/bumperbot_cpp_examples' returned '0': AMENT_PREFIX_PATH=/home/shivam/slam_bot/install/bumperbot_msgs:${AMENT_PREFIX_PATH} CMAKE_PREFIX_PATH=/home/shivam/slam_bot/install/bumperbot_msgs:/opt/ros/humble LD_LIBRARY_PATH=/home/shivam/slam_bot/install/bumperbot_msgs/lib:${LD_LIBRARY_PATH} PYTHONPATH=/home/shivam/slam_bot/install/bumperbot_msgs/local/lib/python3.10/dist-packages:${PYTHONPATH} /usr/bin/cmake /home/shivam/slam_bot/src/bumperbot_cpp_examples -DCMAKE_INSTALL_PREFIX=/home/shivam/slam_bot/install/bumperbot_cpp_examples
[13.955s] DEBUG:colcon.colcon_core.event_handler.log_command:Invoking command in '/home/shivam/slam_bot/build/bumperbot_cpp_examples': AMENT_PREFIX_PATH=/home/shivam/slam_bot/install/bumperbot_msgs:${AMENT_PREFIX_PATH} CMAKE_PREFIX_PATH=/home/shivam/slam_bot/install/bumperbot_msgs:/opt/ros/humble LD_LIBRARY_PATH=/home/shivam/slam_bot/install/bumperbot_msgs/lib:${LD_LIBRARY_PATH} PYTHONPATH=/home/shivam/slam_bot/install/bumperbot_msgs/local/lib/python3.10/dist-packages:${PYTHONPATH} /usr/bin/cmake --build /home/shivam/slam_bot/build/bumperbot_cpp_examples -- -j12 -l12
[17.588s] DEBUG:colcon.colcon_core.event_handler.log_command:Invoked command in '/home/shivam/slam_bot/build/bumperbot_firmware' returned '0': CMAKE_PREFIX_PATH=/opt/ros/humble /usr/bin/cmake --build /home/shivam/slam_bot/build/bumperbot_firmware -- -j12 -l12
[17.619s] DEBUG:colcon.colcon_core.event_handler.log_command:Invoking command in '/home/shivam/slam_bot/build/bumperbot_firmware': CMAKE_PREFIX_PATH=/opt/ros/humble /usr/bin/cmake --install /home/shivam/slam_bot/build/bumperbot_firmware
[17.684s] Level 1:colcon.colcon_core.environment:create_environment_scripts_only(bumperbot_firmware)
[17.685s] Level 1:colcon.colcon_core.environment:checking '/home/shivam/slam_bot/install/bumperbot_firmware' for CMake module files
[17.685s] Level 1:colcon.colcon_core.environment:checking '/home/shivam/slam_bot/install/bumperbot_firmware' for CMake config files
[17.685s] Level 1:colcon.colcon_core.shell:create_environment_hook('bumperbot_firmware', 'cmake_prefix_path')
[17.686s] INFO:colcon.colcon_core.shell:Creating environment hook '/home/shivam/slam_bot/install/bumperbot_firmware/share/bumperbot_firmware/hook/cmake_prefix_path.ps1'
[17.686s] INFO:colcon.colcon_core.shell:Creating environment descriptor '/home/shivam/slam_bot/install/bumperbot_firmware/share/bumperbot_firmware/hook/cmake_prefix_path.dsv'
[17.686s] INFO:colcon.colcon_core.shell:Creating environment hook '/home/shivam/slam_bot/install/bumperbot_firmware/share/bumperbot_firmware/hook/cmake_prefix_path.sh'
[17.687s] Level 1:colcon.colcon_core.environment:checking '/home/shivam/slam_bot/install/bumperbot_firmware/lib'
[17.687s] Level 1:colcon.colcon_core.shell:create_environment_hook('bumperbot_firmware', 'ld_library_path_lib')
[17.687s] INFO:colcon.colcon_core.shell:Creating environment hook '/home/shivam/slam_bot/install/bumperbot_firmware/share/bumperbot_firmware/hook/ld_library_path_lib.ps1'
[17.687s] INFO:colcon.colcon_core.shell:Creating environment descriptor '/home/shivam/slam_bot/install/bumperbot_firmware/share/bumperbot_firmware/hook/ld_library_path_lib.dsv'
[17.687s] INFO:colcon.colcon_core.shell:Creating environment hook '/home/shivam/slam_bot/install/bumperbot_firmware/share/bumperbot_firmware/hook/ld_library_path_lib.sh'
[17.688s] Level 1:colcon.colcon_core.environment:checking '/home/shivam/slam_bot/install/bumperbot_firmware/bin'
[17.688s] Level 1:colcon.colcon_core.environment:checking '/home/shivam/slam_bot/install/bumperbot_firmware/lib/pkgconfig/bumperbot_firmware.pc'
[17.688s] Level 1:colcon.colcon_core.environment:checking '/home/shivam/slam_bot/install/bumperbot_firmware/lib/python3.10/site-packages'
[17.688s] Level 1:colcon.colcon_core.environment:checking '/home/shivam/slam_bot/install/bumperbot_firmware/bin'
[17.689s] INFO:colcon.colcon_core.shell:Creating package script '/home/shivam/slam_bot/install/bumperbot_firmware/share/bumperbot_firmware/package.ps1'
[17.689s] INFO:colcon.colcon_core.shell:Creating package descriptor '/home/shivam/slam_bot/install/bumperbot_firmware/share/bumperbot_firmware/package.dsv'
[17.690s] INFO:colcon.colcon_core.shell:Creating package script '/home/shivam/slam_bot/install/bumperbot_firmware/share/bumperbot_firmware/package.sh'
[17.690s] INFO:colcon.colcon_core.shell:Creating package script '/home/shivam/slam_bot/install/bumperbot_firmware/share/bumperbot_firmware/package.bash'
[17.690s] INFO:colcon.colcon_core.shell:Creating package script '/home/shivam/slam_bot/install/bumperbot_firmware/share/bumperbot_firmware/package.zsh'
[17.691s] DEBUG:colcon.colcon_core.event_handler.log_command:Invoked command in '/home/shivam/slam_bot/build/bumperbot_firmware' returned '0': CMAKE_PREFIX_PATH=/opt/ros/humble /usr/bin/cmake --install /home/shivam/slam_bot/build/bumperbot_firmware
[17.691s] Level 1:colcon.colcon_core.environment:create_file_with_runtime_dependencies(/home/shivam/slam_bot/install/bumperbot_firmware/share/colcon-core/packages/bumperbot_firmware)
[17.722s] Level 1:colcon.colcon_core.environment:create_environment_scripts_only(bumperbot_firmware)
[17.723s] Level 1:colcon.colcon_core.environment:checking '/home/shivam/slam_bot/install/bumperbot_firmware' for CMake module files
[17.723s] Level 1:colcon.colcon_core.environment:checking '/home/shivam/slam_bot/install/bumperbot_firmware' for CMake config files
[17.725s] Level 1:colcon.colcon_core.shell:create_environment_hook('bumperbot_firmware', 'cmake_prefix_path')
[17.726s] INFO:colcon.colcon_core.shell:Creating environment hook '/home/shivam/slam_bot/install/bumperbot_firmware/share/bumperbot_firmware/hook/cmake_prefix_path.ps1'
[17.727s] INFO:colcon.colcon_core.shell:Creating environment descriptor '/home/shivam/slam_bot/install/bumperbot_firmware/share/bumperbot_firmware/hook/cmake_prefix_path.dsv'
[17.728s] INFO:colcon.colcon_core.shell:Creating environment hook '/home/shivam/slam_bot/install/bumperbot_firmware/share/bumperbot_firmware/hook/cmake_prefix_path.sh'
[17.728s] Level 1:colcon.colcon_core.environment:checking '/home/shivam/slam_bot/install/bumperbot_firmware/lib'
[17.729s] Level 1:colcon.colcon_core.shell:create_environment_hook('bumperbot_firmware', 'ld_library_path_lib')
[17.729s] INFO:colcon.colcon_core.shell:Creating environment hook '/home/shivam/slam_bot/install/bumperbot_firmware/share/bumperbot_firmware/hook/ld_library_path_lib.ps1'
[17.729s] INFO:colcon.colcon_core.shell:Creating environment descriptor '/home/shivam/slam_bot/install/bumperbot_firmware/share/bumperbot_firmware/hook/ld_library_path_lib.dsv'
[17.730s] INFO:colcon.colcon_core.shell:Creating environment hook '/home/shivam/slam_bot/install/bumperbot_firmware/share/bumperbot_firmware/hook/ld_library_path_lib.sh'
[17.730s] Level 1:colcon.colcon_core.environment:checking '/home/shivam/slam_bot/install/bumperbot_firmware/bin'
[17.731s] Level 1:colcon.colcon_core.environment:checking '/home/shivam/slam_bot/install/bumperbot_firmware/lib/pkgconfig/bumperbot_firmware.pc'
[17.732s] Level 1:colcon.colcon_core.environment:checking '/home/shivam/slam_bot/install/bumperbot_firmware/lib/python3.10/site-packages'
[17.732s] Level 1:colcon.colcon_core.environment:checking '/home/shivam/slam_bot/install/bumperbot_firmware/bin'
[17.733s] INFO:colcon.colcon_core.shell:Creating package script '/home/shivam/slam_bot/install/bumperbot_firmware/share/bumperbot_firmware/package.ps1'
[17.733s] INFO:colcon.colcon_core.shell:Creating package descriptor '/home/shivam/slam_bot/install/bumperbot_firmware/share/bumperbot_firmware/package.dsv'
[17.735s] INFO:colcon.colcon_core.shell:Creating package script '/home/shivam/slam_bot/install/bumperbot_firmware/share/bumperbot_firmware/package.sh'
[17.736s] INFO:colcon.colcon_core.shell:Creating package script '/home/shivam/slam_bot/install/bumperbot_firmware/share/bumperbot_firmware/package.bash'
[17.737s] INFO:colcon.colcon_core.shell:Creating package script '/home/shivam/slam_bot/install/bumperbot_firmware/share/bumperbot_firmware/package.zsh'
[17.738s] Level 1:colcon.colcon_core.environment:create_file_with_runtime_dependencies(/home/shivam/slam_bot/install/bumperbot_firmware/share/colcon-core/packages/bumperbot_firmware)
[19.351s] DEBUG:colcon.colcon_core.event_handler.log_command:Invoked command in '/home/shivam/slam_bot/build/bumperbot_localization' returned '0': CMAKE_PREFIX_PATH=/opt/ros/humble /usr/bin/cmake --build /home/shivam/slam_bot/build/bumperbot_localization -- -j12 -l12
[19.377s] DEBUG:colcon.colcon_core.event_handler.log_command:Invoking command in '/home/shivam/slam_bot/build/bumperbot_localization': CMAKE_PREFIX_PATH=/opt/ros/humble /usr/bin/cmake --install /home/shivam/slam_bot/build/bumperbot_localization
[19.435s] Level 1:colcon.colcon_core.environment:create_environment_scripts_only(bumperbot_localization)
[19.436s] DEBUG:colcon.colcon_core.event_handler.log_command:Invoked command in '/home/shivam/slam_bot/build/bumperbot_localization' returned '0': CMAKE_PREFIX_PATH=/opt/ros/humble /usr/bin/cmake --install /home/shivam/slam_bot/build/bumperbot_localization
[19.436s] Level 1:colcon.colcon_core.environment:checking '/home/shivam/slam_bot/install/bumperbot_localization' for CMake module files
[19.437s] Level 1:colcon.colcon_core.environment:checking '/home/shivam/slam_bot/install/bumperbot_localization' for CMake config files
[19.437s] Level 1:colcon.colcon_core.shell:create_environment_hook('bumperbot_localization', 'cmake_prefix_path')
[19.437s] INFO:colcon.colcon_core.shell:Creating environment hook '/home/shivam/slam_bot/install/bumperbot_localization/share/bumperbot_localization/hook/cmake_prefix_path.ps1'
[19.438s] INFO:colcon.colcon_core.shell:Creating environment descriptor '/home/shivam/slam_bot/install/bumperbot_localization/share/bumperbot_localization/hook/cmake_prefix_path.dsv'
[19.438s] INFO:colcon.colcon_core.shell:Creating environment hook '/home/shivam/slam_bot/install/bumperbot_localization/share/bumperbot_localization/hook/cmake_prefix_path.sh'
[19.438s] Level 1:colcon.colcon_core.environment:checking '/home/shivam/slam_bot/install/bumperbot_localization/lib'
[19.438s] Level 1:colcon.colcon_core.environment:checking '/home/shivam/slam_bot/install/bumperbot_localization/bin'
[19.438s] Level 1:colcon.colcon_core.environment:checking '/home/shivam/slam_bot/install/bumperbot_localization/lib/pkgconfig/bumperbot_localization.pc'
[19.439s] Level 1:colcon.colcon_core.environment:checking '/home/shivam/slam_bot/install/bumperbot_localization/lib/python3.10/site-packages'
[19.439s] Level 1:colcon.colcon_core.environment:checking '/home/shivam/slam_bot/install/bumperbot_localization/bin'
[19.439s] INFO:colcon.colcon_core.shell:Creating package script '/home/shivam/slam_bot/install/bumperbot_localization/share/bumperbot_localization/package.ps1'
[19.439s] INFO:colcon.colcon_core.shell:Creating package descriptor '/home/shivam/slam_bot/install/bumperbot_localization/share/bumperbot_localization/package.dsv'
[19.440s] INFO:colcon.colcon_core.shell:Creating package script '/home/shivam/slam_bot/install/bumperbot_localization/share/bumperbot_localization/package.sh'
[19.440s] INFO:colcon.colcon_core.shell:Creating package script '/home/shivam/slam_bot/install/bumperbot_localization/share/bumperbot_localization/package.bash'
[19.440s] INFO:colcon.colcon_core.shell:Creating package script '/home/shivam/slam_bot/install/bumperbot_localization/share/bumperbot_localization/package.zsh'
[19.440s] Level 1:colcon.colcon_core.environment:create_file_with_runtime_dependencies(/home/shivam/slam_bot/install/bumperbot_localization/share/colcon-core/packages/bumperbot_localization)
[19.464s] Level 1:colcon.colcon_core.environment:create_environment_scripts_only(bumperbot_localization)
[19.464s] Level 1:colcon.colcon_core.environment:checking '/home/shivam/slam_bot/install/bumperbot_localization' for CMake module files
[19.465s] Level 1:colcon.colcon_core.environment:checking '/home/shivam/slam_bot/install/bumperbot_localization' for CMake config files
[19.465s] Level 1:colcon.colcon_core.shell:create_environment_hook('bumperbot_localization', 'cmake_prefix_path')
[19.465s] INFO:colcon.colcon_core.shell:Creating environment hook '/home/shivam/slam_bot/install/bumperbot_localization/share/bumperbot_localization/hook/cmake_prefix_path.ps1'
[19.466s] INFO:colcon.colcon_core.shell:Creating environment descriptor '/home/shivam/slam_bot/install/bumperbot_localization/share/bumperbot_localization/hook/cmake_prefix_path.dsv'
[19.466s] INFO:colcon.colcon_core.shell:Creating environment hook '/home/shivam/slam_bot/install/bumperbot_localization/share/bumperbot_localization/hook/cmake_prefix_path.sh'
[19.466s] Level 1:colcon.colcon_core.environment:checking '/home/shivam/slam_bot/install/bumperbot_localization/lib'
[19.466s] Level 1:colcon.colcon_core.environment:checking '/home/shivam/slam_bot/install/bumperbot_localization/bin'
[19.466s] Level 1:colcon.colcon_core.environment:checking '/home/shivam/slam_bot/install/bumperbot_localization/lib/pkgconfig/bumperbot_localization.pc'
[19.466s] Level 1:colcon.colcon_core.environment:checking '/home/shivam/slam_bot/install/bumperbot_localization/lib/python3.10/site-packages'
[19.467s] Level 1:colcon.colcon_core.environment:checking '/home/shivam/slam_bot/install/bumperbot_localization/bin'
[19.467s] INFO:colcon.colcon_core.shell:Creating package script '/home/shivam/slam_bot/install/bumperbot_localization/share/bumperbot_localization/package.ps1'
[19.467s] INFO:colcon.colcon_core.shell:Creating package descriptor '/home/shivam/slam_bot/install/bumperbot_localization/share/bumperbot_localization/package.dsv'
[19.468s] INFO:colcon.colcon_core.shell:Creating package script '/home/shivam/slam_bot/install/bumperbot_localization/share/bumperbot_localization/package.sh'
[19.468s] INFO:colcon.colcon_core.shell:Creating package script '/home/shivam/slam_bot/install/bumperbot_localization/share/bumperbot_localization/package.bash'
[19.468s] INFO:colcon.colcon_core.shell:Creating package script '/home/shivam/slam_bot/install/bumperbot_localization/share/bumperbot_localization/package.zsh'
[19.469s] Level 1:colcon.colcon_core.environment:create_file_with_runtime_dependencies(/home/shivam/slam_bot/install/bumperbot_localization/share/colcon-core/packages/bumperbot_localization)
[22.216s] DEBUG:colcon.colcon_core.event_handler.log_command:Invoked command in '/home/shivam/slam_bot/build/bumperbot_controller' returned '0': CMAKE_PREFIX_PATH=/opt/ros/humble /usr/bin/cmake --build /home/shivam/slam_bot/build/bumperbot_controller -- -j12 -l12
[22.232s] DEBUG:colcon.colcon_core.event_handler.log_command:Invoking command in '/home/shivam/slam_bot/build/bumperbot_controller': CMAKE_PREFIX_PATH=/opt/ros/humble /usr/bin/cmake --install /home/shivam/slam_bot/build/bumperbot_controller
[22.276s] Level 1:colcon.colcon_core.environment:create_environment_scripts_only(bumperbot_controller)
[22.276s] Level 1:colcon.colcon_core.environment:checking '/home/shivam/slam_bot/install/bumperbot_controller' for CMake module files
[22.277s] DEBUG:colcon.colcon_core.event_handler.log_command:Invoked command in '/home/shivam/slam_bot/build/bumperbot_controller' returned '0': CMAKE_PREFIX_PATH=/opt/ros/humble /usr/bin/cmake --install /home/shivam/slam_bot/build/bumperbot_controller
[22.277s] Level 1:colcon.colcon_core.environment:checking '/home/shivam/slam_bot/install/bumperbot_controller' for CMake config files
[22.278s] Level 1:colcon.colcon_core.shell:create_environment_hook('bumperbot_controller', 'cmake_prefix_path')
[22.278s] INFO:colcon.colcon_core.shell:Creating environment hook '/home/shivam/slam_bot/install/bumperbot_controller/share/bumperbot_controller/hook/cmake_prefix_path.ps1'
[22.278s] INFO:colcon.colcon_core.shell:Creating environment descriptor '/home/shivam/slam_bot/install/bumperbot_controller/share/bumperbot_controller/hook/cmake_prefix_path.dsv'
[22.278s] INFO:colcon.colcon_core.shell:Creating environment hook '/home/shivam/slam_bot/install/bumperbot_controller/share/bumperbot_controller/hook/cmake_prefix_path.sh'
[22.279s] Level 1:colcon.colcon_core.environment:checking '/home/shivam/slam_bot/install/bumperbot_controller/lib'
[22.279s] Level 1:colcon.colcon_core.environment:checking '/home/shivam/slam_bot/install/bumperbot_controller/bin'
[22.279s] Level 1:colcon.colcon_core.environment:checking '/home/shivam/slam_bot/install/bumperbot_controller/lib/pkgconfig/bumperbot_controller.pc'
[22.279s] Level 1:colcon.colcon_core.environment:checking '/home/shivam/slam_bot/install/bumperbot_controller/lib/python3.10/site-packages'
[22.279s] Level 1:colcon.colcon_core.environment:checking '/home/shivam/slam_bot/install/bumperbot_controller/bin'
[22.279s] INFO:colcon.colcon_core.shell:Creating package script '/home/shivam/slam_bot/install/bumperbot_controller/share/bumperbot_controller/package.ps1'
[22.280s] INFO:colcon.colcon_core.shell:Creating package descriptor '/home/shivam/slam_bot/install/bumperbot_controller/share/bumperbot_controller/package.dsv'
[22.280s] INFO:colcon.colcon_core.shell:Creating package script '/home/shivam/slam_bot/install/bumperbot_controller/share/bumperbot_controller/package.sh'
[22.280s] INFO:colcon.colcon_core.shell:Creating package script '/home/shivam/slam_bot/install/bumperbot_controller/share/bumperbot_controller/package.bash'
[22.280s] INFO:colcon.colcon_core.shell:Creating package script '/home/shivam/slam_bot/install/bumperbot_controller/share/bumperbot_controller/package.zsh'
[22.280s] Level 1:colcon.colcon_core.environment:create_file_with_runtime_dependencies(/home/shivam/slam_bot/install/bumperbot_controller/share/colcon-core/packages/bumperbot_controller)
[22.298s] Level 1:colcon.colcon_core.environment:create_environment_scripts_only(bumperbot_controller)
[22.298s] Level 1:colcon.colcon_core.environment:checking '/home/shivam/slam_bot/install/bumperbot_controller' for CMake module files
[22.298s] Level 1:colcon.colcon_core.environment:checking '/home/shivam/slam_bot/install/bumperbot_controller' for CMake config files
[22.299s] Level 1:colcon.colcon_core.shell:create_environment_hook('bumperbot_controller', 'cmake_prefix_path')
[22.299s] INFO:colcon.colcon_core.shell:Creating environment hook '/home/shivam/slam_bot/install/bumperbot_controller/share/bumperbot_controller/hook/cmake_prefix_path.ps1'
[22.299s] INFO:colcon.colcon_core.shell:Creating environment descriptor '/home/shivam/slam_bot/install/bumperbot_controller/share/bumperbot_controller/hook/cmake_prefix_path.dsv'
[22.299s] INFO:colcon.colcon_core.shell:Creating environment hook '/home/shivam/slam_bot/install/bumperbot_controller/share/bumperbot_controller/hook/cmake_prefix_path.sh'
[22.300s] Level 1:colcon.colcon_core.environment:checking '/home/shivam/slam_bot/install/bumperbot_controller/lib'
[22.300s] Level 1:colcon.colcon_core.environment:checking '/home/shivam/slam_bot/install/bumperbot_controller/bin'
[22.300s] Level 1:colcon.colcon_core.environment:checking '/home/shivam/slam_bot/install/bumperbot_controller/lib/pkgconfig/bumperbot_controller.pc'
[22.300s] Level 1:colcon.colcon_core.environment:checking '/home/shivam/slam_bot/install/bumperbot_controller/lib/python3.10/site-packages'
[22.300s] Level 1:colcon.colcon_core.environment:checking '/home/shivam/slam_bot/install/bumperbot_controller/bin'
[22.300s] INFO:colcon.colcon_core.shell:Creating package script '/home/shivam/slam_bot/install/bumperbot_controller/share/bumperbot_controller/package.ps1'
[22.301s] INFO:colcon.colcon_core.shell:Creating package descriptor '/home/shivam/slam_bot/install/bumperbot_controller/share/bumperbot_controller/package.dsv'
[22.301s] INFO:colcon.colcon_core.shell:Creating package script '/home/shivam/slam_bot/install/bumperbot_controller/share/bumperbot_controller/package.sh'
[22.301s] INFO:colcon.colcon_core.shell:Creating package script '/home/shivam/slam_bot/install/bumperbot_controller/share/bumperbot_controller/package.bash'
[22.301s] INFO:colcon.colcon_core.shell:Creating package script '/home/shivam/slam_bot/install/bumperbot_controller/share/bumperbot_controller/package.zsh'
[22.302s] Level 1:colcon.colcon_core.environment:create_file_with_runtime_dependencies(/home/shivam/slam_bot/install/bumperbot_controller/share/colcon-core/packages/bumperbot_controller)
[23.264s] DEBUG:colcon.colcon_core.event_handler.log_command:Invoked command in '/home/shivam/slam_bot/build/bumperbot_cpp_examples' returned '0': AMENT_PREFIX_PATH=/home/shivam/slam_bot/install/bumperbot_msgs:${AMENT_PREFIX_PATH} CMAKE_PREFIX_PATH=/home/shivam/slam_bot/install/bumperbot_msgs:/opt/ros/humble LD_LIBRARY_PATH=/home/shivam/slam_bot/install/bumperbot_msgs/lib:${LD_LIBRARY_PATH} PYTHONPATH=/home/shivam/slam_bot/install/bumperbot_msgs/local/lib/python3.10/dist-packages:${PYTHONPATH} /usr/bin/cmake --build /home/shivam/slam_bot/build/bumperbot_cpp_examples -- -j12 -l12
[23.285s] DEBUG:colcon.colcon_core.event_handler.log_command:Invoking command in '/home/shivam/slam_bot/build/bumperbot_cpp_examples': AMENT_PREFIX_PATH=/home/shivam/slam_bot/install/bumperbot_msgs:${AMENT_PREFIX_PATH} CMAKE_PREFIX_PATH=/home/shivam/slam_bot/install/bumperbot_msgs:/opt/ros/humble LD_LIBRARY_PATH=/home/shivam/slam_bot/install/bumperbot_msgs/lib:${LD_LIBRARY_PATH} PYTHONPATH=/home/shivam/slam_bot/install/bumperbot_msgs/local/lib/python3.10/dist-packages:${PYTHONPATH} /usr/bin/cmake --install /home/shivam/slam_bot/build/bumperbot_cpp_examples
[23.303s] Level 1:colcon.colcon_core.environment:create_environment_scripts_only(bumperbot_cpp_examples)
[23.304s] Level 1:colcon.colcon_core.environment:checking '/home/shivam/slam_bot/install/bumperbot_cpp_examples' for CMake module files
[23.304s] DEBUG:colcon.colcon_core.event_handler.log_command:Invoked command in '/home/shivam/slam_bot/build/bumperbot_cpp_examples' returned '0': AMENT_PREFIX_PATH=/home/shivam/slam_bot/install/bumperbot_msgs:${AMENT_PREFIX_PATH} CMAKE_PREFIX_PATH=/home/shivam/slam_bot/install/bumperbot_msgs:/opt/ros/humble LD_LIBRARY_PATH=/home/shivam/slam_bot/install/bumperbot_msgs/lib:${LD_LIBRARY_PATH} PYTHONPATH=/home/shivam/slam_bot/install/bumperbot_msgs/local/lib/python3.10/dist-packages:${PYTHONPATH} /usr/bin/cmake --install /home/shivam/slam_bot/build/bumperbot_cpp_examples
[23.304s] Level 1:colcon.colcon_core.environment:checking '/home/shivam/slam_bot/install/bumperbot_cpp_examples' for CMake config files
[23.304s] Level 1:colcon.colcon_core.shell:create_environment_hook('bumperbot_cpp_examples', 'cmake_prefix_path')
[23.304s] INFO:colcon.colcon_core.shell:Creating environment hook '/home/shivam/slam_bot/install/bumperbot_cpp_examples/share/bumperbot_cpp_examples/hook/cmake_prefix_path.ps1'
[23.305s] INFO:colcon.colcon_core.shell:Creating environment descriptor '/home/shivam/slam_bot/install/bumperbot_cpp_examples/share/bumperbot_cpp_examples/hook/cmake_prefix_path.dsv'
[23.305s] INFO:colcon.colcon_core.shell:Creating environment hook '/home/shivam/slam_bot/install/bumperbot_cpp_examples/share/bumperbot_cpp_examples/hook/cmake_prefix_path.sh'
[23.305s] Level 1:colcon.colcon_core.environment:checking '/home/shivam/slam_bot/install/bumperbot_cpp_examples/lib'
[23.305s] Level 1:colcon.colcon_core.environment:checking '/home/shivam/slam_bot/install/bumperbot_cpp_examples/bin'
[23.305s] Level 1:colcon.colcon_core.environment:checking '/home/shivam/slam_bot/install/bumperbot_cpp_examples/lib/pkgconfig/bumperbot_cpp_examples.pc'
[23.306s] Level 1:colcon.colcon_core.environment:checking '/home/shivam/slam_bot/install/bumperbot_cpp_examples/lib/python3.10/site-packages'
[23.306s] Level 1:colcon.colcon_core.environment:checking '/home/shivam/slam_bot/install/bumperbot_cpp_examples/bin'
[23.306s] INFO:colcon.colcon_core.shell:Creating package script '/home/shivam/slam_bot/install/bumperbot_cpp_examples/share/bumperbot_cpp_examples/package.ps1'
[23.306s] INFO:colcon.colcon_core.shell:Creating package descriptor '/home/shivam/slam_bot/install/bumperbot_cpp_examples/share/bumperbot_cpp_examples/package.dsv'
[23.306s] INFO:colcon.colcon_core.shell:Creating package script '/home/shivam/slam_bot/install/bumperbot_cpp_examples/share/bumperbot_cpp_examples/package.sh'
[23.306s] INFO:colcon.colcon_core.shell:Creating package script '/home/shivam/slam_bot/install/bumperbot_cpp_examples/share/bumperbot_cpp_examples/package.bash'
[23.307s] INFO:colcon.colcon_core.shell:Creating package script '/home/shivam/slam_bot/install/bumperbot_cpp_examples/share/bumperbot_cpp_examples/package.zsh'
[23.307s] Level 1:colcon.colcon_core.environment:create_file_with_runtime_dependencies(/home/shivam/slam_bot/install/bumperbot_cpp_examples/share/colcon-core/packages/bumperbot_cpp_examples)
[23.337s] Level 1:colcon.colcon_core.environment:create_environment_scripts_only(bumperbot_cpp_examples)
[23.337s] Level 1:colcon.colcon_core.environment:checking '/home/shivam/slam_bot/install/bumperbot_cpp_examples' for CMake module files
[23.337s] Level 1:colcon.colcon_core.environment:checking '/home/shivam/slam_bot/install/bumperbot_cpp_examples' for CMake config files
[23.337s] Level 1:colcon.colcon_core.shell:create_environment_hook('bumperbot_cpp_examples', 'cmake_prefix_path')
[23.337s] INFO:colcon.colcon_core.shell:Creating environment hook '/home/shivam/slam_bot/install/bumperbot_cpp_examples/share/bumperbot_cpp_examples/hook/cmake_prefix_path.ps1'
[23.338s] INFO:colcon.colcon_core.shell:Creating environment descriptor '/home/shivam/slam_bot/install/bumperbot_cpp_examples/share/bumperbot_cpp_examples/hook/cmake_prefix_path.dsv'
[23.338s] INFO:colcon.colcon_core.shell:Creating environment hook '/home/shivam/slam_bot/install/bumperbot_cpp_examples/share/bumperbot_cpp_examples/hook/cmake_prefix_path.sh'
[23.338s] Level 1:colcon.colcon_core.environment:checking '/home/shivam/slam_bot/install/bumperbot_cpp_examples/lib'
[23.338s] Level 1:colcon.colcon_core.environment:checking '/home/shivam/slam_bot/install/bumperbot_cpp_examples/bin'
[23.338s] Level 1:colcon.colcon_core.environment:checking '/home/shivam/slam_bot/install/bumperbot_cpp_examples/lib/pkgconfig/bumperbot_cpp_examples.pc'
[23.338s] Level 1:colcon.colcon_core.environment:checking '/home/shivam/slam_bot/install/bumperbot_cpp_examples/lib/python3.10/site-packages'
[23.339s] Level 1:colcon.colcon_core.environment:checking '/home/shivam/slam_bot/install/bumperbot_cpp_examples/bin'
[23.339s] INFO:colcon.colcon_core.shell:Creating package script '/home/shivam/slam_bot/install/bumperbot_cpp_examples/share/bumperbot_cpp_examples/package.ps1'
[23.339s] INFO:colcon.colcon_core.shell:Creating package descriptor '/home/shivam/slam_bot/install/bumperbot_cpp_examples/share/bumperbot_cpp_examples/package.dsv'
[23.339s] INFO:colcon.colcon_core.shell:Creating package script '/home/shivam/slam_bot/install/bumperbot_cpp_examples/share/bumperbot_cpp_examples/package.sh'
[23.339s] INFO:colcon.colcon_core.shell:Creating package script '/home/shivam/slam_bot/install/bumperbot_cpp_examples/share/bumperbot_cpp_examples/package.bash'
[23.340s] INFO:colcon.colcon_core.shell:Creating package script '/home/shivam/slam_bot/install/bumperbot_cpp_examples/share/bumperbot_cpp_examples/package.zsh'
[23.340s] Level 1:colcon.colcon_core.environment:create_file_with_runtime_dependencies(/home/shivam/slam_bot/install/bumperbot_cpp_examples/share/colcon-core/packages/bumperbot_cpp_examples)
[23.340s] DEBUG:colcon.colcon_parallel_executor.executor.parallel:closing loop
[23.341s] DEBUG:colcon.colcon_parallel_executor.executor.parallel:loop closed
[23.341s] DEBUG:colcon.colcon_parallel_executor.executor.parallel:run_until_complete finished with '0'
[23.341s] DEBUG:colcon.colcon_core.event_reactor:joining thread
[23.382s] INFO:colcon.colcon_core.plugin_system:Skipping extension 'colcon_notification.desktop_notification.notify_send': Could not find 'notify-send'
[23.382s] INFO:colcon.colcon_core.plugin_system:Skipping extension 'colcon_notification.desktop_notification.terminal_notifier': Not used on non-Darwin systems
[23.382s] INFO:colcon.colcon_core.plugin_system:Skipping extension 'colcon_notification.desktop_notification.win32': Not used on non-Windows systems
[23.382s] INFO:colcon.colcon_notification.desktop_notification:Sending desktop notification using 'notify2'
[23.383s] DEBUG:colcon.colcon_notification.desktop_notification.notify2:Failed to initialize notify2: org.freedesktop.DBus.Error.ServiceUnknown: The name org.freedesktop.Notifications was not provided by any .service files
[23.383s] DEBUG:colcon.colcon_core.event_reactor:joined thread
[23.383s] INFO:colcon.colcon_core.shell:Creating prefix script '/home/shivam/slam_bot/install/local_setup.ps1'
[23.385s] INFO:colcon.colcon_core.shell:Creating prefix util module '/home/shivam/slam_bot/install/_local_setup_util_ps1.py'
[23.386s] INFO:colcon.colcon_core.shell:Creating prefix chain script '/home/shivam/slam_bot/install/setup.ps1'
[23.386s] INFO:colcon.colcon_core.shell:Creating prefix script '/home/shivam/slam_bot/install/local_setup.sh'
[23.387s] INFO:colcon.colcon_core.shell:Creating prefix util module '/home/shivam/slam_bot/install/_local_setup_util_sh.py'
[23.387s] INFO:colcon.colcon_core.shell:Creating prefix chain script '/home/shivam/slam_bot/install/setup.sh'
[23.388s] INFO:colcon.colcon_core.shell:Creating prefix script '/home/shivam/slam_bot/install/local_setup.bash'
[23.388s] INFO:colcon.colcon_core.shell:Creating prefix chain script '/home/shivam/slam_bot/install/setup.bash'
[23.389s] INFO:colcon.colcon_core.shell:Creating prefix script '/home/shivam/slam_bot/install/local_setup.zsh'
[23.389s] INFO:colcon.colcon_core.shell:Creating prefix chain script '/home/shivam/slam_bot/install/setup.zsh'
