[0.065s] Invoking command in '/home/shivam/slam_bot/build/bumperbot_description': CMAKE_PREFIX_PATH=/opt/ros/humble WSLENV=ELECTRON_RUN_AS_NODE/w: /usr/bin/cmake --build /home/shivam/slam_bot/build/bumperbot_description -- -j12 -l12
[0.209s] Invoked command in '/home/shivam/slam_bot/build/bumperbot_description' returned '0': CMAKE_PREFIX_PATH=/opt/ros/humble WSLENV=ELECTRON_RUN_AS_NODE/w: /usr/bin/cmake --build /home/shivam/slam_bot/build/bumperbot_description -- -j12 -l12
[0.409s] Invoking command in '/home/shivam/slam_bot/build/bumperbot_description': CMAKE_PREFIX_PATH=/opt/ros/humble WSLENV=ELECTRON_RUN_AS_NODE/w: /usr/bin/cmake --install /home/shivam/slam_bot/build/bumperbot_description
[0.433s] -- Install configuration: ""
[0.434s] -- Up-to-date: /home/shivam/slam_bot/install/bumperbot_description/share/bumperbot_description/launch
[0.434s] -- Installing: /home/shivam/slam_bot/install/bumperbot_description/share/bumperbot_description/launch/gazebo.launch.py
[0.434s] -- Installing: /home/shivam/slam_bot/install/bumperbot_description/share/bumperbot_description/launch/display.launch.py
[0.434s] -- Up-to-date: /home/shivam/slam_bot/install/bumperbot_description/share/bumperbot_description/meshes
[0.434s] -- Up-to-date: /home/shivam/slam_bot/install/bumperbot_description/share/bumperbot_description/meshes/caster_front_link.STL
[0.434s] -- Up-to-date: /home/shivam/slam_bot/install/bumperbot_description/share/bumperbot_description/meshes/imu_link.STL
[0.434s] -- Up-to-date: /home/shivam/slam_bot/install/bumperbot_description/share/bumperbot_description/meshes/caster_rear_link.STL
[0.434s] -- Up-to-date: /home/shivam/slam_bot/install/bumperbot_description/share/bumperbot_description/meshes/wheel_left_link.STL
[0.434s] -- Up-to-date: /home/shivam/slam_bot/install/bumperbot_description/share/bumperbot_description/meshes/base_link.STL
[0.434s] -- Up-to-date: /home/shivam/slam_bot/install/bumperbot_description/share/bumperbot_description/meshes/wheel_right_link.STL
[0.435s] -- Up-to-date: /home/shivam/slam_bot/install/bumperbot_description/share/bumperbot_description/models
[0.435s] -- Up-to-date: /home/shivam/slam_bot/install/bumperbot_description/share/bumperbot_description/models/ground_plane
[0.435s] -- Up-to-date: /home/shivam/slam_bot/install/bumperbot_description/share/bumperbot_description/models/ground_plane/model-1_2.sdf
[0.435s] -- Up-to-date: /home/shivam/slam_bot/install/bumperbot_description/share/bumperbot_description/models/ground_plane/model-1_4.sdf
[0.436s] -- Up-to-date: /home/shivam/slam_bot/install/bumperbot_description/share/bumperbot_description/models/ground_plane/model.sdf
[0.436s] -- Up-to-date: /home/shivam/slam_bot/install/bumperbot_description/share/bumperbot_description/models/ground_plane/model.config
[0.436s] -- Up-to-date: /home/shivam/slam_bot/install/bumperbot_description/share/bumperbot_description/models/ground_plane/model-1_3.sdf
[0.436s] -- Up-to-date: /home/shivam/slam_bot/install/bumperbot_description/share/bumperbot_description/models/sun
[0.436s] -- Up-to-date: /home/shivam/slam_bot/install/bumperbot_description/share/bumperbot_description/models/sun/model-1_2.sdf
[0.436s] -- Up-to-date: /home/shivam/slam_bot/install/bumperbot_description/share/bumperbot_description/models/sun/model-1_4.sdf
[0.436s] -- Up-to-date: /home/shivam/slam_bot/install/bumperbot_description/share/bumperbot_description/models/sun/model.sdf
[0.436s] -- Up-to-date: /home/shivam/slam_bot/install/bumperbot_description/share/bumperbot_description/models/sun/model.config
[0.437s] -- Up-to-date: /home/shivam/slam_bot/install/bumperbot_description/share/bumperbot_description/models/sun/model-1_3.sdf
[0.437s] -- Up-to-date: /home/shivam/slam_bot/install/bumperbot_description/share/bumperbot_description/urdf
[0.441s] -- Installing: /home/shivam/slam_bot/install/bumperbot_description/share/bumperbot_description/urdf/bumperbot_gazebo.xacro
[0.441s] -- Installing: /home/shivam/slam_bot/install/bumperbot_description/share/bumperbot_description/urdf/bumperbot_ros2_control.xacro
[0.442s] -- Installing: /home/shivam/slam_bot/install/bumperbot_description/share/bumperbot_description/urdf/bumperbot.urdf.xacro
[0.442s] -- Up-to-date: /home/shivam/slam_bot/install/bumperbot_description/share/bumperbot_description/rviz
[0.442s] -- Installing: /home/shivam/slam_bot/install/bumperbot_description/share/bumperbot_description/rviz/display.rviz
[0.442s] -- Up-to-date: /home/shivam/slam_bot/install/bumperbot_description/share/ament_index/resource_index/package_run_dependencies/bumperbot_description
[0.442s] -- Up-to-date: /home/shivam/slam_bot/install/bumperbot_description/share/ament_index/resource_index/parent_prefix_path/bumperbot_description
[0.442s] -- Up-to-date: /home/shivam/slam_bot/install/bumperbot_description/share/bumperbot_description/environment/ament_prefix_path.sh
[0.442s] -- Up-to-date: /home/shivam/slam_bot/install/bumperbot_description/share/bumperbot_description/environment/ament_prefix_path.dsv
[0.442s] -- Up-to-date: /home/shivam/slam_bot/install/bumperbot_description/share/bumperbot_description/environment/path.sh
[0.443s] -- Up-to-date: /home/shivam/slam_bot/install/bumperbot_description/share/bumperbot_description/environment/path.dsv
[0.443s] -- Up-to-date: /home/shivam/slam_bot/install/bumperbot_description/share/bumperbot_description/local_setup.bash
[0.443s] -- Up-to-date: /home/shivam/slam_bot/install/bumperbot_description/share/bumperbot_description/local_setup.sh
[0.444s] -- Up-to-date: /home/shivam/slam_bot/install/bumperbot_description/share/bumperbot_description/local_setup.zsh
[0.444s] -- Up-to-date: /home/shivam/slam_bot/install/bumperbot_description/share/bumperbot_description/local_setup.dsv
[0.444s] -- Installing: /home/shivam/slam_bot/install/bumperbot_description/share/bumperbot_description/package.dsv
[0.444s] -- Up-to-date: /home/shivam/slam_bot/install/bumperbot_description/share/ament_index/resource_index/packages/bumperbot_description
[0.444s] -- Up-to-date: /home/shivam/slam_bot/install/bumperbot_description/share/bumperbot_description/cmake/bumperbot_descriptionConfig.cmake
[0.445s] -- Up-to-date: /home/shivam/slam_bot/install/bumperbot_description/share/bumperbot_description/cmake/bumperbot_descriptionConfig-version.cmake
[0.445s] -- Up-to-date: /home/shivam/slam_bot/install/bumperbot_description/share/bumperbot_description/package.xml
[0.456s] Invoked command in '/home/shivam/slam_bot/build/bumperbot_description' returned '0': CMAKE_PREFIX_PATH=/opt/ros/humble WSLENV=ELECTRON_RUN_AS_NODE/w: /usr/bin/cmake --install /home/shivam/slam_bot/build/bumperbot_description
