[0.064s] Invoking command in '/home/shivam/slam_bot/build/bumperbot_bringup': CMAKE_PREFIX_PATH=/opt/ros/humble WSLENV=ELECTRON_RUN_AS_NODE/w: /usr/bin/cmake --build /home/shivam/slam_bot/build/bumperbot_bringup -- -j12 -l12
[0.229s] Invoked command in '/home/shivam/slam_bot/build/bumperbot_bringup' returned '0': CMAKE_PREFIX_PATH=/opt/ros/humble WSLENV=ELECTRON_RUN_AS_NODE/w: /usr/bin/cmake --build /home/shivam/slam_bot/build/bumperbot_bringup -- -j12 -l12
[0.407s] Invoking command in '/home/shivam/slam_bot/build/bumperbot_bringup': CMAKE_PREFIX_PATH=/opt/ros/humble WSLENV=ELECTRON_RUN_AS_NODE/w: /usr/bin/cmake --install /home/shivam/slam_bot/build/bumperbot_bringup
[0.433s] -- Install configuration: ""
[0.446s] -- Up-to-date: /home/shivam/slam_bot/install/bumperbot_bringup/share/bumperbot_bringup/launch
[0.446s] -- Installing: /home/shivam/slam_bot/install/bumperbot_bringup/share/bumperbot_bringup/launch/simulated_robot.launch.py
[0.446s] -- Installing: /home/shivam/slam_bot/install/bumperbot_bringup/share/bumperbot_bringup/launch/real_robot.launch.py
[0.446s] -- Up-to-date: /home/shivam/slam_bot/install/bumperbot_bringup/share/ament_index/resource_index/package_run_dependencies/bumperbot_bringup
[0.446s] -- Up-to-date: /home/shivam/slam_bot/install/bumperbot_bringup/share/ament_index/resource_index/parent_prefix_path/bumperbot_bringup
[0.447s] -- Up-to-date: /home/shivam/slam_bot/install/bumperbot_bringup/share/bumperbot_bringup/environment/ament_prefix_path.sh
[0.447s] -- Up-to-date: /home/shivam/slam_bot/install/bumperbot_bringup/share/bumperbot_bringup/environment/ament_prefix_path.dsv
[0.447s] -- Up-to-date: /home/shivam/slam_bot/install/bumperbot_bringup/share/bumperbot_bringup/environment/path.sh
[0.447s] -- Up-to-date: /home/shivam/slam_bot/install/bumperbot_bringup/share/bumperbot_bringup/environment/path.dsv
[0.447s] -- Up-to-date: /home/shivam/slam_bot/install/bumperbot_bringup/share/bumperbot_bringup/local_setup.bash
[0.447s] -- Up-to-date: /home/shivam/slam_bot/install/bumperbot_bringup/share/bumperbot_bringup/local_setup.sh
[0.447s] -- Up-to-date: /home/shivam/slam_bot/install/bumperbot_bringup/share/bumperbot_bringup/local_setup.zsh
[0.447s] -- Up-to-date: /home/shivam/slam_bot/install/bumperbot_bringup/share/bumperbot_bringup/local_setup.dsv
[0.447s] -- Installing: /home/shivam/slam_bot/install/bumperbot_bringup/share/bumperbot_bringup/package.dsv
[0.457s] -- Up-to-date: /home/shivam/slam_bot/install/bumperbot_bringup/share/ament_index/resource_index/packages/bumperbot_bringup
[0.457s] -- Up-to-date: /home/shivam/slam_bot/install/bumperbot_bringup/share/bumperbot_bringup/cmake/bumperbot_bringupConfig.cmake
[0.457s] -- Up-to-date: /home/shivam/slam_bot/install/bumperbot_bringup/share/bumperbot_bringup/cmake/bumperbot_bringupConfig-version.cmake
[0.457s] -- Up-to-date: /home/shivam/slam_bot/install/bumperbot_bringup/share/bumperbot_bringup/package.xml
[0.596s] Invoked command in '/home/shivam/slam_bot/build/bumperbot_bringup' returned '0': CMAKE_PREFIX_PATH=/opt/ros/humble WSLENV=ELECTRON_RUN_AS_NODE/w: /usr/bin/cmake --install /home/shivam/slam_bot/build/bumperbot_bringup
